#
# MD1: a minimal molecular dynamics program
#
# Problema 2
#  Input sample: a2.cry
#                                (only positions read from file)
# Output sample: a2.md1
# Number of steps:    1000, time step: 0.0032, total time:      3.2000
# Number of atoms:    32
# Box size:    3.100000    3.100000    3.100000, Volume:         29.791
# Density:    1.074150 (unchanged)
# Free evolution run.
#
#  Step   Temperature     Kinetic      Potential   Total Energy    Pressure
# -----  ------------  ------------  ------------  ------------  ------------
      1      0.000006      0.000010     -6.573591     -6.573582      2.661673
      2      0.000057      0.000086     -6.573668     -6.573582      2.661280
      3      0.000158      0.000237     -6.573819     -6.573582      2.660502
      4      0.000307      0.000461     -6.574043     -6.573582      2.659356
      5      0.000501      0.000752     -6.574334     -6.573583      2.657865
      6      0.000737      0.001105     -6.574688     -6.573583      2.656061
      7      0.001008      0.001512     -6.575096     -6.573583      2.653984
      8      0.001311      0.001966     -6.575550     -6.573584      2.651677
      9      0.001641      0.002461     -6.576042     -6.573581      2.649188
     10      0.001993      0.002990     -6.576572     -6.573582      2.646553
     11      0.002361      0.003541     -6.577123     -6.573583      2.643837
     12      0.002736      0.004105     -6.577687     -6.573582      2.641092
     13      0.003118      0.004677     -6.578262     -6.573585      2.638362
     14      0.003504      0.005256     -6.578837     -6.573582      2.635699
     15      0.003885      0.005827     -6.579409     -6.573582      2.633145
     16      0.004255      0.006383     -6.579965     -6.573582      2.630752
     17      0.004609      0.006913     -6.580494     -6.573582      2.628570
     18      0.004940      0.007410     -6.580991     -6.573581      2.626643
     19      0.005251      0.007877     -6.581459     -6.573582      2.624987
     20      0.005538      0.008307     -6.581891     -6.573584      2.623640
     21      0.005789      0.008684     -6.582268     -6.573584      2.622648
     22      0.006007      0.009011     -6.582585     -6.573574      2.622041
     23      0.006200      0.009299     -6.582874     -6.573575      2.621774
     24      0.006364      0.009547     -6.583120     -6.573574      2.621874
     25      0.006499      0.009749     -6.583322     -6.573572      2.622340
     26      0.006602      0.009903     -6.583478     -6.573574      2.623167
     27      0.006678      0.010017     -6.583588     -6.573571      2.624358
     28      0.006730      0.010095     -6.583665     -6.573570      2.625875
     29      0.006757      0.010136     -6.583698     -6.573563      2.627724
     30      0.006760      0.010140     -6.583705     -6.573565      2.629851
     31      0.006747      0.010120     -6.583684     -6.573564      2.632242
     32      0.006724      0.010087     -6.583649     -6.573562      2.634848
     33      0.006691      0.010037     -6.583593     -6.573556      2.637657
     34      0.006647      0.009970     -6.583530     -6.573560      2.640615
     35      0.006599      0.009899     -6.583458     -6.573559      2.643707
     36      0.006549      0.009824     -6.583385     -6.573561      2.646895
     37      0.006491      0.009737     -6.583298     -6.573561      2.650174
     38      0.006431      0.009646     -6.583205     -6.573559      2.653506
     39      0.006369      0.009554     -6.583113     -6.573559      2.656857
     40      0.006306      0.009459     -6.583017     -6.573558      2.660211
     41      0.006244      0.009367     -6.582925     -6.573558      2.663538
     42      0.006188      0.009283     -6.582842     -6.573559      2.666808
     43      0.006142      0.009213     -6.582771     -6.573558      2.670002
     44      0.006105      0.009157     -6.582715     -6.573558      2.673099
     45      0.006077      0.009115     -6.582673     -6.573558      2.676088
     46      0.006060      0.009090     -6.582650     -6.573560      2.678952
     47      0.006058      0.009087     -6.582646     -6.573559      2.681686
     48      0.006066      0.009099     -6.582658     -6.573559      2.684290
     49      0.006084      0.009125     -6.582684     -6.573559      2.686764
     50      0.006109      0.009164     -6.582725     -6.573560      2.689109
     51      0.006143      0.009215     -6.582774     -6.573560      2.691337
     52      0.006182      0.009272     -6.582832     -6.573560      2.693453
     53      0.006224      0.009337     -6.582897     -6.573560      2.695468
     54      0.006272      0.009408     -6.582971     -6.573562      2.697386
     55      0.006322      0.009483     -6.583044     -6.573562      2.699230
     56      0.006370      0.009554     -6.583116     -6.573562      2.701012
     57      0.006413      0.009619     -6.583181     -6.573562      2.702750
     58      0.006452      0.009678     -6.583236     -6.573558      2.704464
     59      0.006487      0.009730     -6.583289     -6.573558      2.706147
     60      0.006514      0.009771     -6.583333     -6.573562      2.707820
     61      0.006532      0.009798     -6.583361     -6.573562      2.709510
     62      0.006537      0.009806     -6.583368     -6.573562      2.711228
     63      0.006528      0.009792     -6.583354     -6.573562      2.712982
     64      0.006508      0.009762     -6.583319     -6.573557      2.714787
     65      0.006475      0.009712     -6.583269     -6.573557      2.716628
     66      0.006422      0.009633     -6.583190     -6.573557      2.718536
     67      0.006352      0.009528     -6.583085     -6.573556      2.720508
     68      0.006268      0.009402     -6.582961     -6.573558      2.722531
     69      0.006167      0.009251     -6.582809     -6.573558      2.724619
     70      0.006057      0.009086     -6.582636     -6.573550      2.726765
     71      0.005943      0.008914     -6.582465     -6.573551      2.728919
     72      0.005817      0.008725     -6.582276     -6.573551      2.731111
     73      0.005675      0.008513     -6.582063     -6.573551      2.733338
     74      0.005520      0.008280     -6.581831     -6.573551      2.735588
     75      0.005353      0.008029     -6.581580     -6.573551      2.737853
     76      0.005177      0.007765     -6.581318     -6.573552      2.740109
     77      0.004996      0.007494     -6.581045     -6.573551      2.742346
     78      0.004813      0.007219     -6.580769     -6.573550      2.744539
     79      0.004629      0.006944     -6.580493     -6.573549      2.746668
     80      0.004445      0.006668     -6.580217     -6.573549      2.748721
     81      0.004268      0.006402     -6.579951     -6.573549      2.750670
     82      0.004101      0.006152     -6.579701     -6.573549      2.752489
     83      0.003943      0.005915     -6.579464     -6.573549      2.754173
     84      0.003796      0.005694     -6.579242     -6.573548      2.755702
     85      0.003664      0.005495     -6.579045     -6.573550      2.757051
     86      0.003552      0.005327     -6.578876     -6.573548      2.758210
     87      0.003463      0.005195     -6.578739     -6.573543      2.759159
     88      0.003397      0.005096     -6.578639     -6.573543      2.759879
     89      0.003350      0.005026     -6.578569     -6.573543      2.760379
     90      0.003324      0.004986     -6.578530     -6.573544      2.760649
     91      0.003318      0.004976     -6.578520     -6.573544      2.760691
     92      0.003332      0.004998     -6.578543     -6.573545      2.760499
     93      0.003369      0.005054     -6.578599     -6.573545      2.760074
     94      0.003429      0.005144     -6.578688     -6.573544      2.759418
     95      0.003509      0.005264     -6.578808     -6.573544      2.758534
     96      0.003609      0.005413     -6.578957     -6.573544      2.757432
     97      0.003725      0.005587     -6.579131     -6.573544      2.756123
     98      0.003858      0.005787     -6.579332     -6.573546      2.754614
     99      0.004005      0.006008     -6.579554     -6.573546      2.752926
    100      0.004164      0.006246     -6.579792     -6.573546      2.751074
    101      0.004333      0.006500     -6.580046     -6.573546      2.749070
    102      0.004516      0.006774     -6.580325     -6.573551      2.746913
    103      0.004709      0.007063     -6.580614     -6.573551      2.744638
    104      0.004904      0.007356     -6.580908     -6.573552      2.742265
    105      0.005099      0.007649     -6.581201     -6.573552      2.739813
    106      0.005295      0.007942     -6.581493     -6.573551      2.737298
    107      0.005490      0.008234     -6.581785     -6.573551      2.734731
    108      0.005679      0.008519     -6.582070     -6.573552      2.732134
    109      0.005858      0.008788     -6.582340     -6.573552      2.729534
    110      0.006026      0.009039     -6.582590     -6.573551      2.726947
    111      0.006181      0.009272     -6.582822     -6.573551      2.724383
    112      0.006323      0.009485     -6.583035     -6.573550      2.721851
    113      0.006455      0.009683     -6.583231     -6.573548      2.719359
    114      0.006574      0.009861     -6.583409     -6.573548      2.716913
    115      0.006675      0.010012     -6.583560     -6.573548      2.714534
    116      0.006758      0.010137     -6.583684     -6.573547      2.712227
    117      0.006824      0.010236     -6.583782     -6.573547      2.709990
    118      0.006872      0.010308     -6.583854     -6.573546      2.707828
    119      0.006906      0.010359     -6.583903     -6.573543      2.705738
    120      0.006927      0.010391     -6.583935     -6.573544      2.703706
    121      0.006932      0.010399     -6.583943     -6.573544      2.701746
    122      0.006926      0.010388     -6.583938     -6.573550      2.699831
    123      0.006910      0.010365     -6.583911     -6.573547      2.697979
    124      0.006883      0.010324     -6.583870     -6.573545      2.696170
    125      0.006848      0.010271     -6.583820     -6.573549      2.694387
    126      0.006805      0.010208     -6.583756     -6.573549      2.692639
    127      0.006754      0.010130     -6.583679     -6.573548      2.690914
    128      0.006694      0.010041     -6.583589     -6.573548      2.689205
    129      0.006630      0.009946     -6.583494     -6.573548      2.687498
    130      0.006570      0.009855     -6.583399     -6.573544      2.685779
    131      0.006515      0.009772     -6.583318     -6.573546      2.684018
    132      0.006462      0.009693     -6.583238     -6.573545      2.682237
    133      0.006411      0.009616     -6.583161     -6.573545      2.680427
    134      0.006362      0.009542     -6.583086     -6.573543      2.678587
    135      0.006317      0.009475     -6.583019     -6.573544      2.676703
    136      0.006280      0.009419     -6.582963     -6.573543      2.674773
    137      0.006250      0.009375     -6.582919     -6.573543      2.672796
    138      0.006235      0.009353     -6.582896     -6.573543      2.670766
    139      0.006237      0.009355     -6.582899     -6.573543      2.668684
    140      0.006245      0.009367     -6.582911     -6.573544      2.666574
    141      0.006256      0.009383     -6.582927     -6.573544      2.664454
    142      0.006271      0.009406     -6.582952     -6.573546      2.662325
    143      0.006289      0.009433     -6.582979     -6.573546      2.660209
    144      0.006311      0.009466     -6.583015     -6.573549      2.658107
    145      0.006337      0.009505     -6.583051     -6.573545      2.656050
    146      0.006359      0.009538     -6.583083     -6.573545      2.654051
    147      0.006389      0.009584     -6.583128     -6.573544      2.652109
    148      0.006427      0.009641     -6.583187     -6.573545      2.650241
    149      0.006464      0.009696     -6.583243     -6.573547      2.648477
    150      0.006504      0.009757     -6.583297     -6.573540      2.646847
    151      0.006535      0.009802     -6.583341     -6.573539      2.645364
    152      0.006552      0.009828     -6.583367     -6.573539      2.644056
    153      0.006555      0.009833     -6.583370     -6.573537      2.642942
    154      0.006544      0.009815     -6.583358     -6.573543      2.642014
    155      0.006524      0.009787     -6.583333     -6.573546      2.641288
    156      0.006491      0.009737     -6.583285     -6.573548      2.640780
    157      0.006434      0.009650     -6.583198     -6.573547      2.640524
    158      0.006365      0.009547     -6.583090     -6.573543      2.640497
    159      0.006294      0.009441     -6.582978     -6.573537      2.640680
    160      0.006217      0.009326     -6.582862     -6.573536      2.641068
    161      0.006124      0.009186     -6.582722     -6.573536      2.641679
    162      0.006008      0.009013     -6.582549     -6.573536      2.642516
    163      0.005875      0.008813     -6.582350     -6.573537      2.643562
    164      0.005730      0.008595     -6.582136     -6.573541      2.644787
    165      0.005585      0.008377     -6.581931     -6.573555      2.646146
    166      0.005447      0.008171     -6.581710     -6.573539      2.647680
    167      0.005314      0.007970     -6.581514     -6.573543      2.649291
    168      0.005174      0.007760     -6.581303     -6.573542      2.651028
    169      0.005030      0.007545     -6.581082     -6.573537      2.652862
    170      0.004885      0.007328     -6.580865     -6.573537      2.654755
    171      0.004741      0.007112     -6.580645     -6.573533      2.656695
    172      0.004602      0.006903     -6.580435     -6.573531      2.658644
    173      0.004482      0.006723     -6.580256     -6.573533      2.660552
    174      0.004387      0.006581     -6.580113     -6.573532      2.662395
    175      0.004308      0.006462     -6.579995     -6.573533      2.664157
    176      0.004246      0.006369     -6.579902     -6.573533      2.665821
    177      0.004207      0.006310     -6.579841     -6.573531      2.667366
    178      0.004189      0.006283     -6.579814     -6.573531      2.668771
    179      0.004189      0.006283     -6.579814     -6.573531      2.670036
    180      0.004209      0.006314     -6.579845     -6.573531      2.671146
    181      0.004251      0.006376     -6.579908     -6.573531      2.672099
    182      0.004311      0.006467     -6.579998     -6.573531      2.672894
    183      0.004389      0.006583     -6.580114     -6.573531      2.673538
    184      0.004487      0.006731     -6.580263     -6.573532      2.674026
    185      0.004607      0.006910     -6.580443     -6.573533      2.674373
    186      0.004742      0.007114     -6.580648     -6.573534      2.674595
    187      0.004890      0.007335     -6.580869     -6.573534      2.674715
    188      0.005045      0.007567     -6.581101     -6.573534      2.674756
    189      0.005211      0.007817     -6.581350     -6.573533      2.674724
    190      0.005384      0.008076     -6.581610     -6.573533      2.674641
    191      0.005558      0.008337     -6.581867     -6.573530      2.674548
    192      0.005730      0.008595     -6.582124     -6.573529      2.674457
    193      0.005896      0.008844     -6.582373     -6.573529      2.674402
    194      0.006055      0.009083     -6.582614     -6.573531      2.674397
    195      0.006201      0.009301     -6.582833     -6.573532      2.674485
    196      0.006331      0.009496     -6.583023     -6.573527      2.674695
    197      0.006443      0.009664     -6.583191     -6.573527      2.675025
    198      0.006536      0.009804     -6.583324     -6.573521      2.675512
    199      0.006614      0.009921     -6.583438     -6.573516      2.676140
    200      0.006670      0.010006     -6.583520     -6.573514      2.676933
    201      0.006700      0.010050     -6.583564     -6.573514      2.677905
    202      0.006705      0.010058     -6.583576     -6.573518      2.679049
    203      0.006687      0.010031     -6.583550     -6.573519      2.680377
    204      0.006644      0.009966     -6.583486     -6.573520      2.681883
    205      0.006574      0.009861     -6.583381     -6.573520      2.683567
    206      0.006479      0.009719     -6.583237     -6.573518      2.685419
    207      0.006371      0.009556     -6.583075     -6.573519      2.687394
    208      0.006250      0.009375     -6.582895     -6.573520      2.689480
    209      0.006111      0.009166     -6.582686     -6.573520      2.691674
    210      0.005969      0.008954     -6.582459     -6.573505      2.693955
    211      0.005830      0.008745     -6.582250     -6.573505      2.696239
    212      0.005683      0.008525     -6.582028     -6.573503      2.698550
    213      0.005538      0.008307     -6.581808     -6.573500      2.700852
    214      0.005397      0.008095     -6.581595     -6.573500      2.703111
    215      0.005259      0.007888     -6.581385     -6.573497      2.705318
    216      0.005134      0.007701     -6.581204     -6.573502      2.707423
    217      0.005024      0.007537     -6.581039     -6.573502      2.709421
    218      0.004925      0.007388     -6.580891     -6.573502      2.711292
    219      0.004840      0.007259     -6.580761     -6.573502      2.713021
    220      0.004772      0.007157     -6.580662     -6.573504      2.714583
    221      0.004723      0.007084     -6.580588     -6.573504      2.715975
    222      0.004691      0.007036     -6.580540     -6.573504      2.717193
    223      0.004681      0.007022     -6.580526     -6.573504      2.718221
    224      0.004696      0.007044     -6.580548     -6.573504      2.719058
    225      0.004732      0.007098     -6.580601     -6.573503      2.719718
    226      0.004786      0.007179     -6.580682     -6.573503      2.720207
    227      0.004859      0.007288     -6.580794     -6.573506      2.720528
    228      0.004958      0.007437     -6.580935     -6.573497      2.720706
    229      0.005077      0.007615     -6.581113     -6.573498      2.720728
    230      0.005201      0.007802     -6.581300     -6.573498      2.720648
    231      0.005328      0.007992     -6.581491     -6.573499      2.720486
    232      0.005456      0.008185     -6.581683     -6.573499      2.720262
    233      0.005588      0.008382     -6.581882     -6.573499      2.719982
    234      0.005720      0.008580     -6.582080     -6.573500      2.719672
    235      0.005846      0.008769     -6.582269     -6.573500      2.719358
    236      0.005964      0.008946     -6.582446     -6.573500      2.719056
    237      0.006069      0.009103     -6.582604     -6.573501      2.718787
    238      0.006161      0.009242     -6.582744     -6.573502      2.718562
    239      0.006241      0.009362     -6.582863     -6.573501      2.718393
    240      0.006307      0.009460     -6.582963     -6.573503      2.718283
    241      0.006356      0.009535     -6.583037     -6.573502      2.718248
    242      0.006391      0.009586     -6.583087     -6.573501      2.718291
    243      0.006411      0.009617     -6.583118     -6.573502      2.718407
    244      0.006419      0.009628     -6.583131     -6.573502      2.718599
    245      0.006413      0.009620     -6.583124     -6.573504      2.718862
    246      0.006400      0.009600     -6.583111     -6.573511      2.719182
    247      0.006383      0.009575     -6.583086     -6.573511      2.719560
    248      0.006356      0.009534     -6.583044     -6.573510      2.719994
    249      0.006319      0.009479     -6.582990     -6.573511      2.720471
    250      0.006274      0.009411     -6.582922     -6.573511      2.720985
    251      0.006221      0.009331     -6.582843     -6.573511      2.721529
    252      0.006161      0.009241     -6.582752     -6.573511      2.722091
    253      0.006091      0.009136     -6.582647     -6.573511      2.722666
    254      0.006013      0.009019     -6.582530     -6.573511      2.723242
    255      0.005934      0.008901     -6.582410     -6.573510      2.723796
    256      0.005859      0.008789     -6.582297     -6.573509      2.724305
    257      0.005791      0.008687     -6.582197     -6.573511      2.724750
    258      0.005730      0.008595     -6.582104     -6.573509      2.725134
    259      0.005672      0.008509     -6.582017     -6.573508      2.725446
    260      0.005618      0.008427     -6.581935     -6.573508      2.725680
    261      0.005568      0.008353     -6.581861     -6.573508      2.725829
    262      0.005524      0.008287     -6.581794     -6.573508      2.725883
    263      0.005492      0.008237     -6.581751     -6.573514      2.725814
    264      0.005475      0.008213     -6.581726     -6.573513      2.725632
    265      0.005470      0.008204     -6.581718     -6.573513      2.725328
    266      0.005471      0.008207     -6.581720     -6.573513      2.724911
    267      0.005480      0.008219     -6.581732     -6.573513      2.724377
    268      0.005499      0.008249     -6.581765     -6.573516      2.723712
    269      0.005530      0.008296     -6.581812     -6.573516      2.722928
    270      0.005569      0.008353     -6.581869     -6.573516      2.722027
    271      0.005617      0.008426     -6.581945     -6.573519      2.720999
    272      0.005677      0.008516     -6.582037     -6.573521      2.719853
    273      0.005745      0.008617     -6.582138     -6.573521      2.718604
    274      0.005816      0.008725     -6.582246     -6.573521      2.717258
    275      0.005895      0.008842     -6.582365     -6.573523      2.715814
    276      0.005979      0.008969     -6.582492     -6.573523      2.714284
    277      0.006071      0.009107     -6.582631     -6.573525      2.712668
    278      0.006167      0.009251     -6.582775     -6.573525      2.710989
    279      0.006262      0.009393     -6.582918     -6.573525      2.709260
    280      0.006356      0.009533     -6.583058     -6.573524      2.707497
    281      0.006446      0.009669     -6.583194     -6.573524      2.705708
    282      0.006533      0.009799     -6.583324     -6.573525      2.703908
    283      0.006614      0.009920     -6.583445     -6.573525      2.702112
    284      0.006697      0.010046     -6.583568     -6.573522      2.700323
    285      0.006783      0.010174     -6.583694     -6.573520      2.698554
    286      0.006858      0.010288     -6.583805     -6.573517      2.696838
    287      0.006921      0.010382     -6.583898     -6.573516      2.695190
    288      0.006971      0.010456     -6.583974     -6.573518      2.693618
    289      0.007015      0.010522     -6.584047     -6.573525      2.692118
    290      0.007054      0.010581     -6.584105     -6.573524      2.690717
    291      0.007080      0.010620     -6.584143     -6.573523      2.689424
    292      0.007090      0.010636     -6.584158     -6.573522      2.688252
    293      0.007085      0.010628     -6.584151     -6.573523      2.687205
    294      0.007071      0.010606     -6.584132     -6.573526      2.686276
    295      0.007074      0.010611     -6.584115     -6.573504      2.685474
    296      0.007090      0.010635     -6.584144     -6.573509      2.684717
    297      0.007089      0.010633     -6.584143     -6.573510      2.684114
    298      0.007067      0.010600     -6.584111     -6.573510      2.683668
    299      0.007023      0.010534     -6.584045     -6.573510      2.683385
    300      0.006962      0.010443     -6.583951     -6.573509      2.683253
    301      0.006884      0.010327     -6.583835     -6.573509      2.683261
    302      0.006787      0.010181     -6.583689     -6.573508      2.683415
    303      0.006676      0.010013     -6.583518     -6.573504      2.683699
    304      0.006554      0.009832     -6.583334     -6.573502      2.684084
    305      0.006437      0.009655     -6.583154     -6.573499      2.684538
    306      0.006335      0.009503     -6.582996     -6.573493      2.685033
    307      0.006240      0.009361     -6.582850     -6.573489      2.685568
    308      0.006145      0.009218     -6.582708     -6.573490      2.686133
    309      0.006051      0.009076     -6.582559     -6.573482      2.686736
    310      0.005960      0.008940     -6.582424     -6.573484      2.687325
    311      0.005872      0.008808     -6.582292     -6.573484      2.687907
    312      0.005785      0.008678     -6.582161     -6.573483      2.688466
    313      0.005701      0.008552     -6.582036     -6.573484      2.688985
    314      0.005626      0.008439     -6.581921     -6.573482      2.689447
    315      0.005562      0.008343     -6.581825     -6.573482      2.689829
    316      0.005505      0.008258     -6.581741     -6.573482      2.690131
    317      0.005458      0.008187     -6.581669     -6.573482      2.690343
    318      0.005437      0.008156     -6.581644     -6.573488      2.690417
    319      0.005445      0.008167     -6.581653     -6.573486      2.690379
    320      0.005466      0.008199     -6.581684     -6.573486      2.690232
    321      0.005501      0.008252     -6.581735     -6.573482      2.689989
    322      0.005552      0.008328     -6.581814     -6.573487      2.689628
    323      0.005616      0.008423     -6.581911     -6.573487      2.689177
    324      0.005695      0.008542     -6.582033     -6.573491      2.688625
    325      0.005782      0.008673     -6.582165     -6.573492      2.688011
    326      0.005873      0.008810     -6.582301     -6.573491      2.687353
    327      0.005967      0.008951     -6.582442     -6.573491      2.686654
    328      0.006057      0.009085     -6.582576     -6.573491      2.685943
    329      0.006149      0.009224     -6.582721     -6.573498      2.685209
    330      0.006242      0.009363     -6.582861     -6.573498      2.684495
    331      0.006323      0.009484     -6.582982     -6.573499      2.683829
    332      0.006393      0.009589     -6.583090     -6.573500      2.683217
    333      0.006453      0.009680     -6.583183     -6.573503      2.682675
    334      0.006504      0.009756     -6.583254     -6.573498      2.682232
    335      0.006555      0.009833     -6.583335     -6.573502      2.681847
    336      0.006604      0.009907     -6.583409     -6.573502      2.681555
    337      0.006641      0.009961     -6.583461     -6.573500      2.681380
    338      0.006664      0.009996     -6.583494     -6.573499      2.681322
    339      0.006674      0.010011     -6.583512     -6.573502      2.681376
    340      0.006668      0.010002     -6.583501     -6.573499      2.681569
    341      0.006642      0.009963     -6.583461     -6.573498      2.681894
    342      0.006599      0.009899     -6.583396     -6.573497      2.682343
    343      0.006540      0.009809     -6.583308     -6.573498      2.682906
    344      0.006461      0.009691     -6.583189     -6.573498      2.683588
    345      0.006365      0.009548     -6.583047     -6.573499      2.684368
    346      0.006273      0.009409     -6.582920     -6.573511      2.685183
    347      0.006189      0.009284     -6.582788     -6.573503      2.686065
    348      0.006104      0.009156     -6.582662     -6.573506      2.686961
    349      0.006020      0.009031     -6.582536     -6.573506      2.687871
    350      0.005941      0.008912     -6.582416     -6.573504      2.688778
    351      0.005863      0.008794     -6.582298     -6.573504      2.689669
    352      0.005781      0.008672     -6.582175     -6.573504      2.690541
    353      0.005707      0.008560     -6.582068     -6.573508      2.691353
    354      0.005645      0.008468     -6.581978     -6.573510      2.692092
    355      0.005593      0.008390     -6.581898     -6.573507      2.692764
    356      0.005549      0.008324     -6.581830     -6.573507      2.693348
    357      0.005511      0.008267     -6.581773     -6.573506      2.693844
    358      0.005480      0.008220     -6.581725     -6.573506      2.694248
    359      0.005455      0.008182     -6.581687     -6.573505      2.694559
    360      0.005437      0.008156     -6.581659     -6.573503      2.694778
    361      0.005430      0.008145     -6.581649     -6.573504      2.694893
    362      0.005434      0.008151     -6.581655     -6.573504      2.694917
    363      0.005454      0.008181     -6.581680     -6.573499      2.694855
    364      0.005489      0.008233     -6.581734     -6.573500      2.694694
    365      0.005531      0.008296     -6.581800     -6.573504      2.694465
    366      0.005578      0.008367     -6.581870     -6.573503      2.694194
    367      0.005638      0.008457     -6.581962     -6.573505      2.693870
    368      0.005708      0.008562     -6.582069     -6.573507      2.693517
    369      0.005773      0.008660     -6.582168     -6.573508      2.693176
    370      0.005837      0.008756     -6.582257     -6.573501      2.692872
    371      0.005902      0.008853     -6.582352     -6.573499      2.692584
    372      0.005959      0.008938     -6.582437     -6.573499      2.692347
    373      0.006002      0.009003     -6.582500     -6.573498      2.692198
    374      0.006031      0.009047     -6.582546     -6.573499      2.692138
    375      0.006049      0.009073     -6.582577     -6.573504      2.692172
    376      0.006051      0.009076     -6.582581     -6.573504      2.692333
    377      0.006041      0.009062     -6.582564     -6.573502      2.692616
    378      0.006032      0.009048     -6.582533     -6.573486      2.693021
    379      0.006012      0.009018     -6.582505     -6.573486      2.693516
    380      0.005972      0.008958     -6.582443     -6.573485      2.694150
    381      0.005913      0.008870     -6.582353     -6.573484      2.694911
    382      0.005838      0.008757     -6.582239     -6.573482      2.695791
    383      0.005747      0.008621     -6.582101     -6.573480      2.696776
    384      0.005648      0.008472     -6.581953     -6.573482      2.697837
    385      0.005539      0.008308     -6.581790     -6.573481      2.698973
    386      0.005424      0.008136     -6.581621     -6.573485      2.700148
    387      0.005307      0.007960     -6.581444     -6.573484      2.701358
    388      0.005185      0.007778     -6.581262     -6.573484      2.702573
    389      0.005063      0.007594     -6.581079     -6.573485      2.703774
    390      0.004942      0.007413     -6.580900     -6.573487      2.704935
    391      0.004828      0.007242     -6.580723     -6.573481      2.706046
    392      0.004722      0.007083     -6.580564     -6.573481      2.707060
    393      0.004627      0.006941     -6.580420     -6.573479      2.707966
    394      0.004549      0.006824     -6.580302     -6.573479      2.708737
    395      0.004490      0.006735     -6.580217     -6.573482      2.709352
    396      0.004448      0.006673     -6.580155     -6.573482      2.709818
    397      0.004420      0.006631     -6.580111     -6.573480      2.710132
    398      0.004406      0.006610     -6.580090     -6.573480      2.710283
    399      0.004410      0.006615     -6.580095     -6.573480      2.710263
    400      0.004443      0.006665     -6.580138     -6.573473      2.710063
    401      0.004503      0.006754     -6.580228     -6.573474      2.709668
    402      0.004577      0.006865     -6.580339     -6.573474      2.709122
    403      0.004661      0.006991     -6.580467     -6.573476      2.708437
    404      0.004753      0.007129     -6.580605     -6.573476      2.707635
    405      0.004852      0.007278     -6.580755     -6.573478      2.706724
    406      0.004957      0.007436     -6.580915     -6.573479      2.705719
    407      0.005067      0.007601     -6.581081     -6.573480      2.704643
    408      0.005176      0.007765     -6.581245     -6.573480      2.703518
    409      0.005284      0.007926     -6.581406     -6.573480      2.702360
    410      0.005393      0.008089     -6.581572     -6.573482      2.701173
    411      0.005498      0.008246     -6.581729     -6.573482      2.699988
    412      0.005595      0.008393     -6.581875     -6.573482      2.698821
    413      0.005687      0.008530     -6.582012     -6.573481      2.697681
    414      0.005769      0.008654     -6.582135     -6.573482      2.696583
    415      0.005841      0.008762     -6.582244     -6.573482      2.695537
    416      0.005908      0.008862     -6.582349     -6.573487      2.694537
    417      0.005970      0.008954     -6.582442     -6.573488      2.693600
    418      0.006020      0.009030     -6.582520     -6.573491      2.692735
    419      0.006055      0.009083     -6.582573     -6.573491      2.691962
    420      0.006074      0.009111     -6.582601     -6.573490      2.691281
    421      0.006076      0.009115     -6.582605     -6.573490      2.690687
    422      0.006066      0.009099     -6.582591     -6.573492      2.690168
    423      0.006048      0.009072     -6.582560     -6.573489      2.689725
    424      0.006022      0.009033     -6.582519     -6.573486      2.689340
    425      0.005986      0.008979     -6.582466     -6.573486      2.689010
    426      0.005943      0.008914     -6.582395     -6.573481      2.688740
    427      0.005908      0.008863     -6.582340     -6.573477      2.688484
    428      0.005881      0.008822     -6.582299     -6.573477      2.688234
    429      0.005872      0.008808     -6.582292     -6.573484      2.687958
    430      0.005886      0.008828     -6.582309     -6.573480      2.687669
    431      0.005897      0.008846     -6.582326     -6.573480      2.687381
    432      0.005907      0.008860     -6.582345     -6.573485      2.687090
    433      0.005919      0.008878     -6.582361     -6.573483      2.686808
    434      0.005936      0.008904     -6.582388     -6.573484      2.686511
    435      0.005959      0.008939     -6.582423     -6.573484      2.686201
    436      0.005983      0.008975     -6.582460     -6.573485      2.685887
    437      0.006001      0.009002     -6.582488     -6.573485      2.685587
    438      0.006014      0.009022     -6.582507     -6.573485      2.685302
    439      0.006027      0.009040     -6.582526     -6.573486      2.685019
    440      0.006036      0.009055     -6.582543     -6.573488      2.684745
    441      0.006045      0.009067     -6.582554     -6.573487      2.684489
    442      0.006051      0.009076     -6.582564     -6.573488      2.684244
    443      0.006051      0.009076     -6.582565     -6.573489      2.684023
    444      0.006046      0.009069     -6.582558     -6.573490      2.683831
    445      0.006041      0.009062     -6.582553     -6.573492      2.683648
    446      0.006036      0.009054     -6.582547     -6.573493      2.683483
    447      0.006027      0.009041     -6.582532     -6.573491      2.683348
    448      0.006012      0.009018     -6.582510     -6.573491      2.683238
    449      0.005990      0.008985     -6.582478     -6.573493      2.683160
    450      0.005960      0.008940     -6.582433     -6.573493      2.683123
    451      0.005922      0.008884     -6.582374     -6.573490      2.683128
    452      0.005885      0.008827     -6.582317     -6.573490      2.683149
    453      0.005847      0.008770     -6.582260     -6.573490      2.683187
    454      0.005803      0.008705     -6.582195     -6.573490      2.683251
    455      0.005757      0.008635     -6.582127     -6.573492      2.683333
    456      0.005711      0.008566     -6.582052     -6.573486      2.683440
    457      0.005666      0.008499     -6.581983     -6.573483      2.683543
    458      0.005619      0.008429     -6.581912     -6.573483      2.683650
    459      0.005574      0.008361     -6.581842     -6.573481      2.683753
    460      0.005535      0.008302     -6.581781     -6.573479      2.683838
    461      0.005497      0.008246     -6.581725     -6.573480      2.683906
    462      0.005460      0.008190     -6.581672     -6.573482      2.683957
    463      0.005429      0.008144     -6.581626     -6.573483      2.683986
    464      0.005415      0.008122     -6.581616     -6.573495      2.683947
    465      0.005413      0.008119     -6.581615     -6.573496      2.683895
    466      0.005410      0.008114     -6.581610     -6.573496      2.683836
    467      0.005412      0.008118     -6.581614     -6.573496      2.683758
    468      0.005421      0.008132     -6.581630     -6.573497      2.683658
    469      0.005431      0.008146     -6.581642     -6.573497      2.683556
    470      0.005446      0.008169     -6.581666     -6.573497      2.683437
    471      0.005467      0.008201     -6.581697     -6.573496      2.683310
    472      0.005487      0.008230     -6.581726     -6.573496      2.683193
    473      0.005502      0.008253     -6.581749     -6.573496      2.683099
    474      0.005517      0.008275     -6.581772     -6.573497      2.683026
    475      0.005532      0.008298     -6.581796     -6.573498      2.682979
    476      0.005555      0.008333     -6.581813     -6.573480      2.682990
    477      0.005586      0.008380     -6.581859     -6.573479      2.682996
    478      0.005609      0.008413     -6.581893     -6.573480      2.683063
    479      0.005626      0.008439     -6.581921     -6.573482      2.683190
    480      0.005640      0.008460     -6.581938     -6.573478      2.683391
    481      0.005651      0.008476     -6.581956     -6.573480      2.683647
    482      0.005656      0.008485     -6.581966     -6.573481      2.683973
    483      0.005650      0.008475     -6.581957     -6.573481      2.684387
    484      0.005630      0.008445     -6.581927     -6.573482      2.684891
    485      0.005602      0.008402     -6.581887     -6.573485      2.685468
    486      0.005570      0.008355     -6.581834     -6.573479      2.686127
    487      0.005536      0.008304     -6.581781     -6.573477      2.686833
    488      0.005501      0.008252     -6.581726     -6.573475      2.687589
    489      0.005463      0.008195     -6.581670     -6.573475      2.688386
    490      0.005420      0.008130     -6.581608     -6.573477      2.689223
    491      0.005374      0.008061     -6.581540     -6.573479      2.690094
    492      0.005339      0.008008     -6.581496     -6.573487      2.690952
    493      0.005316      0.007974     -6.581464     -6.573490      2.691810
    494      0.005297      0.007945     -6.581440     -6.573495      2.692660
    495      0.005280      0.007920     -6.581413     -6.573493      2.693519
    496      0.005271      0.007907     -6.581404     -6.573497      2.694340
    497      0.005267      0.007901     -6.581398     -6.573497      2.695144
    498      0.005261      0.007891     -6.581389     -6.573498      2.695926
    499      0.005254      0.007881     -6.581381     -6.573500      2.696671
    500      0.005250      0.007874     -6.581376     -6.573501      2.697372
    501      0.005247      0.007870     -6.581371     -6.573501      2.698025
    502      0.005248      0.007872     -6.581372     -6.573500      2.698618
    503      0.005254      0.007882     -6.581381     -6.573499      2.699141
    504      0.005267      0.007901     -6.581403     -6.573502      2.699580
    505      0.005288      0.007932     -6.581433     -6.573501      2.699945
    506      0.005314      0.007971     -6.581472     -6.573501      2.700230
    507      0.005347      0.008020     -6.581525     -6.573504      2.700425
    508      0.005384      0.008076     -6.581580     -6.573504      2.700557
    509      0.005423      0.008135     -6.581642     -6.573507      2.700616
    510      0.005465      0.008198     -6.581706     -6.573508      2.700613
    511      0.005513      0.008270     -6.581777     -6.573507      2.700549
    512      0.005564      0.008345     -6.581852     -6.573507      2.700426
    513      0.005614      0.008421     -6.581931     -6.573510      2.700254
    514      0.005666      0.008499     -6.582010     -6.573511      2.700046
    515      0.005714      0.008571     -6.582082     -6.573511      2.699823
    516      0.005754      0.008631     -6.582141     -6.573511      2.699600
    517      0.005788      0.008682     -6.582190     -6.573508      2.699382
    518      0.005833      0.008749     -6.582260     -6.573511      2.699136
    519      0.005885      0.008828     -6.582339     -6.573511      2.698883
    520      0.005928      0.008893     -6.582402     -6.573509      2.698663
    521      0.005964      0.008946     -6.582453     -6.573506      2.698479
    522      0.006005      0.009008     -6.582505     -6.573497      2.698327
    523      0.006046      0.009069     -6.582566     -6.573497      2.698194
    524      0.006072      0.009108     -6.582603     -6.573495      2.698136
    525      0.006098      0.009148     -6.582638     -6.573490      2.698132
    526      0.006127      0.009190     -6.582679     -6.573488      2.698175
    527      0.006143      0.009214     -6.582706     -6.573492      2.698286
    528      0.006145      0.009218     -6.582710     -6.573492      2.698488
    529      0.006135      0.009203     -6.582697     -6.573494      2.698766
    530      0.006125      0.009188     -6.582666     -6.573478      2.699131
    531      0.006114      0.009171     -6.582651     -6.573480      2.699516
    532      0.006096      0.009144     -6.582619     -6.573475      2.699968
    533      0.006071      0.009106     -6.582582     -6.573476      2.700461
    534      0.006032      0.009047     -6.582523     -6.573475      2.701013
    535      0.005985      0.008977     -6.582457     -6.573480      2.701593
    536      0.005940      0.008910     -6.582389     -6.573478      2.702189
    537      0.005896      0.008844     -6.582323     -6.573479      2.702782
    538      0.005851      0.008777     -6.582260     -6.573482      2.703362
    539      0.005814      0.008721     -6.582199     -6.573478      2.703922
    540      0.005777      0.008666     -6.582144     -6.573478      2.704440
    541      0.005743      0.008615     -6.582099     -6.573484      2.704901
    542      0.005721      0.008581     -6.582067     -6.573486      2.705293
    543      0.005707      0.008561     -6.582046     -6.573485      2.705611
    544      0.005699      0.008549     -6.582035     -6.573487      2.705844
    545      0.005700      0.008549     -6.582039     -6.573490      2.705981
    546      0.005708      0.008562     -6.582051     -6.573489      2.706032
    547      0.005724      0.008585     -6.582072     -6.573487      2.705992
    548      0.005745      0.008617     -6.582103     -6.573486      2.705855
    549      0.005775      0.008663     -6.582155     -6.573492      2.705605
    550      0.005812      0.008718     -6.582211     -6.573493      2.705275
    551      0.005857      0.008785     -6.582274     -6.573489      2.704865
    552      0.005910      0.008865     -6.582358     -6.573493      2.704359
    553      0.005972      0.008958     -6.582453     -6.573495      2.703783
    554      0.006037      0.009056     -6.582553     -6.573496      2.703156
    555      0.006098      0.009147     -6.582644     -6.573497      2.702504
    556      0.006153      0.009229     -6.582725     -6.573496      2.701841
    557      0.006200      0.009300     -6.582795     -6.573496      2.701178
    558      0.006240      0.009360     -6.582859     -6.573499      2.700520
    559      0.006275      0.009413     -6.582912     -6.573499      2.699889
    560      0.006306      0.009459     -6.582955     -6.573497      2.699293
    561      0.006328      0.009492     -6.582989     -6.573497      2.698738
    562      0.006334      0.009501     -6.582998     -6.573497      2.698255
    563      0.006328      0.009492     -6.582992     -6.573500      2.697840
    564      0.006312      0.009468     -6.582969     -6.573501      2.697505
    565      0.006282      0.009423     -6.582924     -6.573501      2.697263
    566      0.006237      0.009355     -6.582858     -6.573503      2.697113
    567      0.006178      0.009268     -6.582770     -6.573502      2.697062
    568      0.006110      0.009165     -6.582666     -6.573502      2.697100
    569      0.006032      0.009048     -6.582548     -6.573499      2.697226
    570      0.005945      0.008918     -6.582414     -6.573496      2.697436
    571      0.005848      0.008773     -6.582266     -6.573493      2.697721
    572      0.005744      0.008616     -6.582109     -6.573494      2.698063
    573      0.005632      0.008449     -6.581941     -6.573492      2.698462
    574      0.005515      0.008273     -6.581763     -6.573491      2.698902
    575      0.005396      0.008094     -6.581587     -6.573493      2.699353
    576      0.005279      0.007919     -6.581413     -6.573494      2.699802
    577      0.005166      0.007749     -6.581244     -6.573495      2.700231
    578      0.005069      0.007603     -6.581102     -6.573500      2.700598
    579      0.004987      0.007480     -6.580980     -6.573499      2.700906
    580      0.004911      0.007367     -6.580866     -6.573499      2.701151
    581      0.004844      0.007266     -6.580765     -6.573499      2.701316
    582      0.004789      0.007184     -6.580683     -6.573499      2.701381
    583      0.004762      0.007143     -6.580632     -6.573489      2.701333
    584      0.004759      0.007139     -6.580627     -6.573489      2.701135
    585      0.004770      0.007155     -6.580643     -6.573488      2.700821
    586      0.004798      0.007197     -6.580690     -6.573493      2.700369
    587      0.004848      0.007272     -6.580761     -6.573489      2.699798
    588      0.004916      0.007374     -6.580864     -6.573489      2.699091
    589      0.005002      0.007503     -6.580997     -6.573494      2.698255
    590      0.005105      0.007658     -6.581151     -6.573493      2.697316
    591      0.005217      0.007826     -6.581319     -6.573493      2.696287
    592      0.005336      0.008004     -6.581497     -6.573493      2.695189
    593      0.005463      0.008194     -6.581689     -6.573495      2.694026
    594      0.005594      0.008391     -6.581886     -6.573495      2.692825
    595      0.005726      0.008590     -6.582087     -6.573497      2.691601
    596      0.005858      0.008787     -6.582286     -6.573498      2.690379
    597      0.005988      0.008982     -6.582480     -6.573498      2.689177
    598      0.006111      0.009167     -6.582666     -6.573499      2.688018
    599      0.006226      0.009339     -6.582837     -6.573499      2.686923
    600      0.006332      0.009498     -6.582997     -6.573499      2.685904
    601      0.006428      0.009642     -6.583140     -6.573498      2.684982
    602      0.006511      0.009766     -6.583262     -6.573496      2.684175
    603      0.006578      0.009866     -6.583363     -6.573497      2.683489
    604      0.006632      0.009948     -6.583447     -6.573499      2.682929
    605      0.006684      0.010026     -6.583522     -6.573496      2.682500
    606      0.006731      0.010096     -6.583590     -6.573494      2.682196
    607      0.006766      0.010150     -6.583640     -6.573490      2.682038
    608      0.006795      0.010193     -6.583688     -6.573495      2.682003
    609      0.006812      0.010218     -6.583716     -6.573498      2.682120
    610      0.006811      0.010217     -6.583715     -6.573497      2.682405
    611      0.006790      0.010185     -6.583682     -6.573497      2.682852
    612      0.006746      0.010118     -6.583613     -6.573494      2.683465
    613      0.006682      0.010023     -6.583517     -6.573494      2.684218
    614      0.006599      0.009899     -6.583394     -6.573495      2.685099
    615      0.006499      0.009748     -6.583244     -6.573495      2.686103
    616      0.006389      0.009584     -6.583076     -6.573492      2.687197
    617      0.006275      0.009412     -6.582906     -6.573494      2.688345
    618      0.006150      0.009225     -6.582719     -6.573494      2.689554
    619      0.006022      0.009032     -6.582525     -6.573493      2.690793
    620      0.005891      0.008837     -6.582328     -6.573491      2.692042
    621      0.005758      0.008637     -6.582127     -6.573490      2.693284
    622      0.005637      0.008456     -6.581957     -6.573501      2.694456
    623      0.005535      0.008302     -6.581802     -6.573500      2.695572
    624      0.005441      0.008161     -6.581663     -6.573502      2.696600
    625      0.005354      0.008032     -6.581533     -6.573502      2.697545
    626      0.005277      0.007916     -6.581416     -6.573500      2.698390
    627      0.005212      0.007819     -6.581317     -6.573498      2.699120
    628      0.005164      0.007747     -6.581250     -6.573503      2.699704
    629      0.005138      0.007707     -6.581210     -6.573503      2.700158
    630      0.005125      0.007687     -6.581191     -6.573503      2.700487
    631      0.005123      0.007685     -6.581186     -6.573502      2.700698
    632      0.005133      0.007700     -6.581202     -6.573502      2.700782
    633      0.005153      0.007730     -6.581234     -6.573504      2.700748
    634      0.005186      0.007779     -6.581281     -6.573502      2.700607
    635      0.005231      0.007847     -6.581354     -6.573506      2.700345
    636      0.005289      0.007933     -6.581438     -6.573505      2.699997
    637      0.005351      0.008027     -6.581533     -6.573506      2.699573
    638      0.005413      0.008119     -6.581625     -6.573506      2.699097
    639      0.005476      0.008214     -6.581720     -6.573506      2.698573
    640      0.005541      0.008312     -6.581818     -6.573506      2.698013
    641      0.005605      0.008407     -6.581913     -6.573506      2.697434
    642      0.005667      0.008501     -6.582007     -6.573507      2.696841
    643      0.005725      0.008587     -6.582094     -6.573507      2.696256
    644      0.005772      0.008658     -6.582164     -6.573505      2.695698
    645      0.005815      0.008722     -6.582225     -6.573503      2.695162
    646      0.005850      0.008775     -6.582279     -6.573503      2.694650
    647      0.005882      0.008823     -6.582321     -6.573498      2.694177
    648      0.005909      0.008863     -6.582361     -6.573498      2.693726
    649      0.005922      0.008883     -6.582381     -6.573498      2.693328
    650      0.005926      0.008889     -6.582386     -6.573497      2.692979
    651      0.005927      0.008890     -6.582394     -6.573505      2.692644
    652      0.005927      0.008891     -6.582390     -6.573499      2.692363
    653      0.005923      0.008884     -6.582384     -6.573499      2.692107
    654      0.005908      0.008862     -6.582359     -6.573497      2.691902
    655      0.005887      0.008831     -6.582331     -6.573500      2.691724
    656      0.005862      0.008793     -6.582293     -6.573500      2.691579
    657      0.005846      0.008769     -6.582265     -6.573496      2.691438
    658      0.005842      0.008763     -6.582262     -6.573498      2.691274
    659      0.005837      0.008756     -6.582254     -6.573498      2.691123
    660      0.005831      0.008747     -6.582241     -6.573494      2.690988
    661      0.005821      0.008731     -6.582225     -6.573494      2.690856
    662      0.005810      0.008714     -6.582208     -6.573494      2.690728
    663      0.005799      0.008698     -6.582192     -6.573494      2.690595
    664      0.005785      0.008677     -6.582170     -6.573493      2.690468
    665      0.005767      0.008650     -6.582144     -6.573494      2.690346
    666      0.005749      0.008624     -6.582122     -6.573499      2.690213
    667      0.005735      0.008603     -6.582104     -6.573501      2.690077
    668      0.005724      0.008585     -6.582087     -6.573501      2.689942
    669      0.005711      0.008566     -6.582068     -6.573502      2.689812
    670      0.005695      0.008542     -6.582043     -6.573501      2.689696
    671      0.005691      0.008537     -6.582037     -6.573501      2.689565
    672      0.005699      0.008548     -6.582049     -6.573502      2.689422
    673      0.005704      0.008556     -6.582056     -6.573499      2.689302
    674      0.005709      0.008563     -6.582063     -6.573500      2.689200
    675      0.005713      0.008569     -6.582070     -6.573501      2.689123
    676      0.005718      0.008577     -6.582084     -6.573507      2.689064
    677      0.005718      0.008578     -6.582084     -6.573507      2.689063
    678      0.005711      0.008567     -6.582074     -6.573508      2.689117
    679      0.005696      0.008544     -6.582051     -6.573506      2.689238
    680      0.005672      0.008509     -6.582014     -6.573506      2.689428
    681      0.005638      0.008457     -6.581963     -6.573505      2.689690
    682      0.005607      0.008410     -6.581903     -6.573493      2.690028
    683      0.005580      0.008370     -6.581863     -6.573492      2.690393
    684      0.005544      0.008316     -6.581807     -6.573490      2.690831
    685      0.005501      0.008251     -6.581737     -6.573485      2.691341
    686      0.005450      0.008175     -6.581660     -6.573485      2.691900
    687      0.005390      0.008086     -6.581573     -6.573487      2.692509
    688      0.005323      0.007984     -6.581470     -6.573486      2.693174
    689      0.005251      0.007877     -6.581367     -6.573491      2.693855
    690      0.005182      0.007773     -6.581268     -6.573495      2.694545
    691      0.005117      0.007676     -6.581167     -6.573491      2.695245
    692      0.005054      0.007581     -6.581073     -6.573491      2.695921
    693      0.004994      0.007491     -6.580983     -6.573492      2.696563
    694      0.004939      0.007409     -6.580901     -6.573492      2.697158
    695      0.004889      0.007334     -6.580829     -6.573495      2.697686
    696      0.004849      0.007273     -6.580768     -6.573495      2.698136
    697      0.004819      0.007229     -6.580723     -6.573495      2.698493
    698      0.004801      0.007201     -6.580694     -6.573493      2.698746
    699      0.004793      0.007189     -6.580682     -6.573493      2.698886
    700      0.004794      0.007191     -6.580684     -6.573493      2.698910
    701      0.004811      0.007216     -6.580712     -6.573496      2.698796
    702      0.004849      0.007274     -6.580768     -6.573494      2.698545
    703      0.004906      0.007359     -6.580853     -6.573493      2.698149
    704      0.004976      0.007464     -6.580959     -6.573495      2.697622
    705      0.005059      0.007588     -6.581084     -6.573496      2.696974
    706      0.005153      0.007729     -6.581224     -6.573495      2.696220
    707      0.005257      0.007886     -6.581377     -6.573492      2.695371
    708      0.005369      0.008054     -6.581545     -6.573491      2.694434
    709      0.005487      0.008231     -6.581721     -6.573490      2.693434
    710      0.005611      0.008416     -6.581907     -6.573492      2.692379
    711      0.005742      0.008614     -6.582109     -6.573496      2.691278
    712      0.005880      0.008819     -6.582316     -6.573496      2.690168
    713      0.006010      0.009015     -6.582512     -6.573497      2.689083
    714      0.006138      0.009207     -6.582703     -6.573496      2.688034
    715      0.006268      0.009402     -6.582898     -6.573496      2.687021
    716      0.006393      0.009590     -6.583089     -6.573499      2.686069
    717      0.006506      0.009759     -6.583258     -6.573499      2.685218
    718      0.006608      0.009912     -6.583408     -6.573496      2.684481
    719      0.006698      0.010046     -6.583542     -6.573496      2.683857
    720      0.006769      0.010153     -6.583649     -6.573496      2.683373
    721      0.006819      0.010228     -6.583724     -6.573496      2.683043
    722      0.006859      0.010288     -6.583778     -6.573489      2.682865
    723      0.006891      0.010337     -6.583828     -6.573491      2.682808
    724      0.006907      0.010361     -6.583854     -6.573493      2.682900
    725      0.006910      0.010365     -6.583851     -6.573487      2.683148
    726      0.006896      0.010344     -6.583832     -6.573488      2.683524
    727      0.006871      0.010307     -6.583798     -6.573491      2.684022
    728      0.006835      0.010252     -6.583745     -6.573492      2.684649
    729      0.006783      0.010174     -6.583664     -6.573490      2.685404
    730      0.006716      0.010074     -6.583564     -6.573491      2.686261
    731      0.006633      0.009949     -6.583440     -6.573490      2.687221
    732      0.006539      0.009809     -6.583301     -6.573492      2.688251
    733      0.006439      0.009659     -6.583152     -6.573492      2.689336
    734      0.006336      0.009504     -6.582996     -6.573492      2.690451
    735      0.006231      0.009346     -6.582837     -6.573491      2.691577
    736      0.006128      0.009192     -6.582688     -6.573496      2.692675
    737      0.006030      0.009044     -6.582541     -6.573496      2.693748
    738      0.005938      0.008908     -6.582403     -6.573495      2.694773
    739      0.005857      0.008785     -6.582282     -6.573496      2.695726
    740      0.005781      0.008671     -6.582168     -6.573496      2.696613
    741      0.005710      0.008565     -6.582062     -6.573497      2.697427
    742      0.005644      0.008466     -6.581963     -6.573497      2.698166
    743      0.005589      0.008384     -6.581879     -6.573495      2.698816
    744      0.005548      0.008321     -6.581817     -6.573496      2.699373
    745      0.005512      0.008267     -6.581763     -6.573496      2.699855
    746      0.005482      0.008222     -6.581715     -6.573493      2.700268
    747      0.005458      0.008187     -6.581682     -6.573494      2.700598
    748      0.005440      0.008160     -6.581655     -6.573496      2.700863
    749      0.005427      0.008141     -6.581634     -6.573493      2.701075
    750      0.005421      0.008132     -6.581625     -6.573493      2.701222
    751      0.005418      0.008128     -6.581622     -6.573494      2.701326
    752      0.005416      0.008124     -6.581618     -6.573494      2.701403
    753      0.005421      0.008132     -6.581624     -6.573492      2.701449
    754      0.005436      0.008153     -6.581649     -6.573496      2.701452
    755      0.005447      0.008170     -6.581666     -6.573495      2.701459
    756      0.005452      0.008178     -6.581673     -6.573496      2.701476
    757      0.005462      0.008193     -6.581678     -6.573485      2.701509
    758      0.005478      0.008217     -6.581702     -6.573485      2.701534
    759      0.005485      0.008227     -6.581712     -6.573485      2.701600
    760      0.005485      0.008228     -6.581715     -6.573487      2.701700
    761      0.005483      0.008224     -6.581715     -6.573491      2.701828
    762      0.005472      0.008208     -6.581699     -6.573491      2.702002
    763      0.005455      0.008182     -6.581674     -6.573492      2.702211
    764      0.005433      0.008149     -6.581643     -6.573493      2.702447
    765      0.005407      0.008110     -6.581600     -6.573490      2.702714
    766      0.005377      0.008065     -6.581555     -6.573489      2.702984
    767      0.005351      0.008026     -6.581525     -6.573499      2.703226
    768      0.005329      0.007993     -6.581492     -6.573498      2.703463
    769      0.005310      0.007965     -6.581468     -6.573503      2.703657
    770      0.005297      0.007945     -6.581448     -6.573503      2.703817
    771      0.005298      0.007948     -6.581456     -6.573508      2.703897
    772      0.005315      0.007973     -6.581480     -6.573507      2.703914
    773      0.005334      0.008001     -6.581509     -6.573507      2.703872
    774      0.005354      0.008032     -6.581539     -6.573507      2.703771
    775      0.005376      0.008064     -6.581572     -6.573508      2.703608
    776      0.005401      0.008101     -6.581610     -6.573509      2.703377
    777      0.005430      0.008145     -6.581655     -6.573509      2.703081
    778      0.005465      0.008197     -6.581704     -6.573507      2.702723
    779      0.005504      0.008256     -6.581760     -6.573504      2.702305
    780      0.005551      0.008327     -6.581830     -6.573503      2.701817
    781      0.005615      0.008423     -6.581925     -6.573502      2.701249
    782      0.005689      0.008533     -6.582035     -6.573502      2.700618
    783      0.005762      0.008643     -6.582144     -6.573501      2.699959
    784      0.005833      0.008750     -6.582251     -6.573501      2.699278
    785      0.005900      0.008850     -6.582351     -6.573500      2.698597
    786      0.005962      0.008943     -6.582445     -6.573501      2.697922
    787      0.006018      0.009027     -6.582529     -6.573502      2.697273
    788      0.006070      0.009104     -6.582602     -6.573497      2.696666
    789      0.006114      0.009171     -6.582668     -6.573497      2.696100
    790      0.006158      0.009236     -6.582737     -6.573500      2.695577
    791      0.006204      0.009307     -6.582809     -6.573502      2.695103
    792      0.006246      0.009369     -6.582873     -6.573504      2.694702
    793      0.006275      0.009413     -6.582917     -6.573504      2.694398
    794      0.006286      0.009429     -6.582933     -6.573504      2.694209
    795      0.006298      0.009446     -6.582962     -6.573516      2.694085
    796      0.006312      0.009468     -6.582985     -6.573518      2.694063
    797      0.006311      0.009466     -6.582985     -6.573519      2.694160
    798      0.006292      0.009438     -6.582958     -6.573520      2.694385
    799      0.006258      0.009387     -6.582905     -6.573518      2.694730
    800      0.006210      0.009314     -6.582832     -6.573518      2.695181
    801      0.006149      0.009224     -6.582741     -6.573517      2.695730
    802      0.006083      0.009124     -6.582641     -6.573517      2.696351
    803      0.006015      0.009022     -6.582540     -6.573518      2.697024
    804      0.005955      0.008933     -6.582441     -6.573508      2.697741
    805      0.005902      0.008853     -6.582357     -6.573505      2.698462
    806      0.005844      0.008766     -6.582270     -6.573504      2.699197
    807      0.005780      0.008670     -6.582174     -6.573504      2.699943
    808      0.005722      0.008584     -6.582096     -6.573512      2.700650
    809      0.005670      0.008505     -6.582017     -6.573512      2.701344
    810      0.005616      0.008423     -6.581936     -6.573513      2.702006
    811      0.005560      0.008340     -6.581852     -6.573513      2.702628
    812      0.005520      0.008281     -6.581793     -6.573512      2.703165
    813      0.005505      0.008258     -6.581771     -6.573513      2.703590
    814      0.005500      0.008251     -6.581767     -6.573516      2.703915
    815      0.005503      0.008254     -6.581769     -6.573514      2.704155
    816      0.005515      0.008272     -6.581785     -6.573513      2.704285
    817      0.005536      0.008305     -6.581816     -6.573511      2.704305
    818      0.005566      0.008349     -6.581863     -6.573513      2.704206
    819      0.005602      0.008403     -6.581916     -6.573513      2.704008
    820      0.005644      0.008466     -6.581977     -6.573511      2.703705
    821      0.005692      0.008538     -6.582050     -6.573512      2.703294
    822      0.005744      0.008617     -6.582129     -6.573512      2.702792
    823      0.005806      0.008709     -6.582221     -6.573512      2.702192
    824      0.005874      0.008810     -6.582323     -6.573512      2.701508
    825      0.005941      0.008911     -6.582423     -6.573512      2.700764
    826      0.006014      0.009021     -6.582535     -6.573514      2.699954
    827      0.006091      0.009136     -6.582651     -6.573515      2.699104
    828      0.006165      0.009247     -6.582761     -6.573514      2.698240
    829      0.006233      0.009349     -6.582863     -6.573514      2.697379
    830      0.006295      0.009442     -6.582958     -6.573516      2.696531
    831      0.006353      0.009529     -6.583049     -6.573520      2.695705
    832      0.006400      0.009601     -6.583122     -6.573521      2.694934
    833      0.006433      0.009650     -6.583171     -6.573522      2.694237
    834      0.006454      0.009682     -6.583207     -6.573526      2.693608
    835      0.006466      0.009699     -6.583221     -6.573522      2.693075
    836      0.006462      0.009693     -6.583215     -6.573522      2.692635
    837      0.006441      0.009662     -6.583179     -6.573518      2.692315
    838      0.006407      0.009611     -6.583125     -6.573514      2.692097
    839      0.006361      0.009541     -6.583060     -6.573519      2.691970
    840      0.006303      0.009454     -6.582973     -6.573519      2.691959
    841      0.006231      0.009346     -6.582866     -6.573520      2.692055
    842      0.006143      0.009214     -6.582733     -6.573519      2.692264
    843      0.006042      0.009062     -6.582582     -6.573520      2.692566
    844      0.005933      0.008900     -6.582420     -6.573520      2.692944
    845      0.005821      0.008732     -6.582248     -6.573516      2.693388
    846      0.005701      0.008552     -6.582067     -6.573515      2.693880
    847      0.005578      0.008367     -6.581882     -6.573515      2.694401
    848      0.005456      0.008184     -6.581696     -6.573512      2.694938
    849      0.005335      0.008002     -6.581515     -6.573513      2.695466
    850      0.005218      0.007827     -6.581338     -6.573511      2.695977
    851      0.005109      0.007663     -6.581174     -6.573511      2.696442
    852      0.005006      0.007509     -6.581019     -6.573510      2.696853
    853      0.004910      0.007365     -6.580874     -6.573508      2.697201
    854      0.004823      0.007235     -6.580743     -6.573508      2.697465
    855      0.004758      0.007137     -6.580651     -6.573515      2.697607
    856      0.004715      0.007072     -6.580586     -6.573514      2.697641
    857      0.004689      0.007034     -6.580556     -6.573522      2.697542
    858      0.004682      0.007022     -6.580544     -6.573522      2.697337
    859      0.004694      0.007041     -6.580569     -6.573528      2.696993
    860      0.004727      0.007090     -6.580617     -6.573527      2.696541
    861      0.004772      0.007159     -6.580685     -6.573527      2.695978
    862      0.004831      0.007247     -6.580773     -6.573527      2.695310
    863      0.004900      0.007350     -6.580877     -6.573527      2.694545
    864      0.004991      0.007486     -6.580996     -6.573510      2.693708
    865      0.005102      0.007653     -6.581163     -6.573510      2.692743
    866      0.005221      0.007832     -6.581338     -6.573506      2.691719
    867      0.005345      0.008017     -6.581524     -6.573506      2.690640
    868      0.005468      0.008202     -6.581709     -6.573507      2.689538
    869      0.005591      0.008386     -6.581895     -6.573509      2.688423
    870      0.005712      0.008569     -6.582078     -6.573510      2.687320
    871      0.005829      0.008744     -6.582255     -6.573511      2.686243
    872      0.005942      0.008913     -6.582425     -6.573512      2.685209
    873      0.006053      0.009079     -6.582592     -6.573512      2.684224
    874      0.006159      0.009238     -6.582751     -6.573513      2.683306
    875      0.006253      0.009380     -6.582893     -6.573513      2.682480
    876      0.006341      0.009511     -6.583014     -6.573503      2.681770
    877      0.006423      0.009635     -6.583142     -6.573508      2.681132
    878      0.006491      0.009737     -6.583244     -6.573508      2.680624
    879      0.006543      0.009815     -6.583323     -6.573508      2.680247
    880      0.006581      0.009871     -6.583378     -6.573507      2.680003
    881      0.006600      0.009900     -6.583407     -6.573507      2.679898
    882      0.006600      0.009900     -6.583407     -6.573507      2.679933
    883      0.006582      0.009874     -6.583383     -6.573509      2.680100
    884      0.006551      0.009826     -6.583340     -6.573513      2.680387
    885      0.006512      0.009767     -6.583277     -6.573510      2.680796
    886      0.006475      0.009713     -6.583229     -6.573517      2.681259
    887      0.006441      0.009662     -6.583185     -6.573523      2.681791
    888      0.006412      0.009617     -6.583140     -6.573522      2.682397
    889      0.006382      0.009573     -6.583097     -6.573523      2.683058
    890      0.006341      0.009512     -6.583036     -6.573524      2.683792
    891      0.006288      0.009431     -6.582955     -6.573524      2.684591
    892      0.006226      0.009339     -6.582864     -6.573525      2.685429
    893      0.006159      0.009238     -6.582763     -6.573525      2.686295
    894      0.006084      0.009126     -6.582651     -6.573525      2.687177
    895      0.006010      0.009015     -6.582539     -6.573524      2.688050
    896      0.005941      0.008912     -6.582432     -6.573521      2.688895
    897      0.005876      0.008814     -6.582331     -6.573516      2.689703
    898      0.005818      0.008727     -6.582241     -6.573514      2.690455
    899      0.005767      0.008650     -6.582160     -6.573510      2.691151
    900      0.005719      0.008578     -6.582088     -6.573509      2.691788
    901      0.005677      0.008515     -6.582023     -6.573507      2.692362
    902      0.005640      0.008461     -6.581968     -6.573507      2.692871
    903      0.005609      0.008414     -6.581919     -6.573505      2.693324
    904      0.005584      0.008376     -6.581881     -6.573505      2.693712
    905      0.005561      0.008341     -6.581847     -6.573505      2.694049
    906      0.005541      0.008311     -6.581816     -6.573505      2.694343
    907      0.005525      0.008288     -6.581789     -6.573501      2.694601
    908      0.005526      0.008290     -6.581789     -6.573500      2.694795
    909      0.005540      0.008311     -6.581810     -6.573499      2.694945
    910      0.005552      0.008328     -6.581828     -6.573499      2.695087
    911      0.005560      0.008340     -6.581838     -6.573498      2.695238
    912      0.005564      0.008346     -6.581846     -6.573499      2.695398
    913      0.005568      0.008352     -6.581847     -6.573495      2.695586
    914      0.005574      0.008360     -6.581853     -6.573492      2.695787
    915      0.005575      0.008362     -6.581853     -6.573491      2.696016
    916      0.005571      0.008356     -6.581843     -6.573487      2.696287
    917      0.005566      0.008349     -6.581835     -6.573486      2.696581
    918      0.005562      0.008342     -6.581821     -6.573479      2.696915
    919      0.005559      0.008338     -6.581819     -6.573480      2.697256
    920      0.005551      0.008326     -6.581806     -6.573480      2.697632
    921      0.005534      0.008301     -6.581780     -6.573479      2.698043
    922      0.005509      0.008263     -6.581742     -6.573479      2.698481
    923      0.005484      0.008225     -6.581697     -6.573471      2.698940
    924      0.005470      0.008205     -6.581668     -6.573463      2.699383
    925      0.005464      0.008195     -6.581658     -6.573462      2.699798
    926      0.005459      0.008189     -6.581648     -6.573459      2.700200
    927      0.005458      0.008187     -6.581646     -6.573459      2.700568
    928      0.005463      0.008195     -6.581655     -6.573461      2.700893
    929      0.005481      0.008221     -6.581684     -6.573463      2.701159
    930      0.005503      0.008254     -6.581717     -6.573463      2.701391
    931      0.005525      0.008287     -6.581751     -6.573464      2.701582
    932      0.005547      0.008321     -6.581785     -6.573464      2.701736
    933      0.005576      0.008364     -6.581826     -6.573462      2.701838
    934      0.005611      0.008416     -6.581879     -6.573462      2.701878
    935      0.005647      0.008470     -6.581934     -6.573464      2.701866
    936      0.005686      0.008529     -6.581994     -6.573464      2.701803
    937      0.005728      0.008592     -6.582058     -6.573466      2.701687
    938      0.005771      0.008656     -6.582122     -6.573465      2.701528
    939      0.005816      0.008724     -6.582189     -6.573466      2.701325
    940      0.005864      0.008796     -6.582260     -6.573465      2.701082
    941      0.005912      0.008868     -6.582334     -6.573466      2.700802
    942      0.005960      0.008940     -6.582407     -6.573468      2.700496
    943      0.006020      0.009031     -6.582494     -6.573464      2.700160
    944      0.006091      0.009137     -6.582601     -6.573464      2.699785
    945      0.006157      0.009236     -6.582700     -6.573464      2.699414
    946      0.006215      0.009323     -6.582788     -6.573465      2.699062
    947      0.006267      0.009400     -6.582865     -6.573465      2.698738
    948      0.006311      0.009467     -6.582931     -6.573464      2.698446
    949      0.006345      0.009517     -6.582982     -6.573465      2.698200
    950      0.006367      0.009550     -6.583015     -6.573465      2.698008
    951      0.006377      0.009565     -6.583030     -6.573465      2.697880
    952      0.006380      0.009570     -6.583026     -6.573456      2.697826
    953      0.006383      0.009574     -6.583024     -6.573450      2.697810
    954      0.006387      0.009580     -6.583033     -6.573452      2.697820
    955      0.006382      0.009574     -6.583026     -6.573452      2.697899
    956      0.006365      0.009547     -6.582997     -6.573450      2.698055
    957      0.006335      0.009503     -6.582952     -6.573450      2.698274
    958      0.006294      0.009442     -6.582894     -6.573453      2.698550
    959      0.006245      0.009368     -6.582819     -6.573452      2.698887
    960      0.006184      0.009277     -6.582728     -6.573452      2.699273
    961      0.006120      0.009180     -6.582633     -6.573453      2.699686
    962      0.006058      0.009086     -6.582537     -6.573451      2.700116
    963      0.005989      0.008983     -6.582434     -6.573451      2.700565
    964      0.005919      0.008878     -6.582336     -6.573458      2.701007
    965      0.005856      0.008785     -6.582234     -6.573449      2.701456
    966      0.005807      0.008711     -6.582160     -6.573449      2.701844
    967      0.005766      0.008649     -6.582098     -6.573449      2.702193
    968      0.005725      0.008587     -6.582037     -6.573450      2.702508
    969      0.005684      0.008527     -6.581977     -6.573450      2.702785
    970      0.005652      0.008478     -6.581927     -6.573449      2.703004
    971      0.005627      0.008441     -6.581889     -6.573449      2.703159
    972      0.005604      0.008405     -6.581854     -6.573449      2.703259
    973      0.005588      0.008382     -6.581833     -6.573451      2.703285
    974      0.005582      0.008373     -6.581824     -6.573452      2.703237
    975      0.005579      0.008369     -6.581821     -6.573452      2.703126
    976      0.005582      0.008374     -6.581826     -6.573453      2.702943
    977      0.005591      0.008387     -6.581840     -6.573453      2.702692
    978      0.005606      0.008408     -6.581859     -6.573451      2.702378
    979      0.005626      0.008438     -6.581889     -6.573450      2.701994
    980      0.005668      0.008503     -6.581927     -6.573425      2.701564
    981      0.005732      0.008599     -6.582023     -6.573425      2.701008
    982      0.005802      0.008703     -6.582130     -6.573427      2.700396
    983      0.005883      0.008825     -6.582251     -6.573426      2.699734
    984      0.005972      0.008958     -6.582385     -6.573427      2.699023
    985      0.006061      0.009091     -6.582518     -6.573427      2.698294
    986      0.006147      0.009221     -6.582648     -6.573427      2.697556
    987      0.006233      0.009349     -6.582775     -6.573426      2.696818
    988      0.006319      0.009478     -6.582901     -6.573423      2.696084
    989      0.006404      0.009605     -6.583028     -6.573423      2.695358
    990      0.006485      0.009728     -6.583148     -6.573420      2.694661
    991      0.006565      0.009847     -6.583265     -6.573418      2.693994
    992      0.006639      0.009959     -6.583377     -6.573418      2.693366
    993      0.006707      0.010061     -6.583478     -6.573417      2.692794
    994      0.006769      0.010154     -6.583572     -6.573418      2.692277
    995      0.006823      0.010235     -6.583649     -6.573414      2.691838
    996      0.006869      0.010304     -6.583718     -6.573415      2.691461
    997      0.006910      0.010364     -6.583780     -6.573416      2.691147
    998      0.006944      0.010415     -6.583831     -6.573416      2.690904
    999      0.006964      0.010445     -6.583861     -6.573416      2.690742
   1000      0.006977      0.010466     -6.583876     -6.573410      2.690660
#
# Means      0.005722      0.008584     -6.582089     -6.573506      2.693810
