#
# MD1: a minimal molecular dynamics program
#
# Problema 2
#  Input sample: a3.cry
#                                (only positions read from file)
# Output sample: a3.md1
# Number of steps:    1000, time step: 0.0032, total time:      3.2000
# Number of atoms:   108
# Box size:    4.650000    4.650000    4.650000, Volume:        100.545
# Density:    1.074150 (unchanged)
# Free evolution run.
#
#  Step   Temperature     Kinetic      Potential   Total Energy    Pressure
# -----  ------------  ------------  ------------  ------------  ------------
      1      0.000012      0.000018     -7.435339     -7.435320      0.279083
      2      0.000110      0.000165     -7.435485     -7.435320      0.278305
      3      0.000303      0.000454     -7.435775     -7.435321      0.276765
      4      0.000587      0.000880     -7.436202     -7.435321      0.274497
      5      0.000956      0.001434     -7.436756     -7.435322      0.271549
      6      0.001402      0.002104     -7.437427     -7.435323      0.267982
      7      0.001917      0.002875     -7.438199     -7.435324      0.263873
      8      0.002488      0.003732     -7.439057     -7.435325      0.259305
      9      0.003104      0.004656     -7.439983     -7.435327      0.254375
     10      0.003752      0.005628     -7.440956     -7.435328      0.249184
     11      0.004419      0.006629     -7.441958     -7.435329      0.243838
     12      0.005092      0.007638     -7.442968     -7.435330      0.238441
     13      0.005756      0.008634     -7.443966     -7.435331      0.233103
     14      0.006400      0.009599     -7.444932     -7.435332      0.227926
     15      0.007010      0.010515     -7.445849     -7.435334      0.223008
     16      0.007575      0.011363     -7.446698     -7.435334      0.218443
     17      0.008086      0.012129     -7.447465     -7.435335      0.214309
     18      0.008533      0.012800     -7.448136     -7.435336      0.210681
     19      0.008910      0.013365     -7.448701     -7.435336      0.207615
     20      0.009211      0.013816     -7.449152     -7.435336      0.205160
     21      0.009433      0.014149     -7.449485     -7.435336      0.203341
     22      0.009573      0.014360     -7.449696     -7.435336      0.202181
     23      0.009634      0.014451     -7.449787     -7.435336      0.201680
     24      0.009616      0.014424     -7.449760     -7.435336      0.201831
     25      0.009521      0.014282     -7.449617     -7.435335      0.202612
     26      0.009356      0.014034     -7.449368     -7.435333      0.203986
     27      0.009126      0.013688     -7.449021     -7.435333      0.205906
     28      0.008835      0.013252     -7.448585     -7.435333      0.208323
     29      0.008491      0.012737     -7.448069     -7.435332      0.211173
     30      0.008103      0.012154     -7.447485     -7.435331      0.214386
     31      0.007679      0.011519     -7.446850     -7.435331      0.217883
     32      0.007230      0.010845     -7.446174     -7.435329      0.221587
     33      0.006763      0.010145     -7.445473     -7.435329      0.225414
     34      0.006291      0.009436     -7.444764     -7.435328      0.229280
     35      0.005823      0.008734     -7.444062     -7.435328      0.233097
     36      0.005368      0.008053     -7.443379     -7.435327      0.236791
     37      0.004937      0.007406     -7.442733     -7.435327      0.240284
     38      0.004539      0.006809     -7.442134     -7.435325      0.243509
     39      0.004180      0.006270     -7.441595     -7.435325      0.246404
     40      0.003866      0.005798     -7.441123     -7.435324      0.248922
     41      0.003601      0.005402     -7.440726     -7.435324      0.251019
     42      0.003392      0.005087     -7.440411     -7.435324      0.252667
     43      0.003239      0.004858     -7.440182     -7.435324      0.253846
     44      0.003143      0.004715     -7.440039     -7.435324      0.254550
     45      0.003106      0.004658     -7.439982     -7.435324      0.254783
     46      0.003124      0.004685     -7.440009     -7.435324      0.254561
     47      0.003194      0.004791     -7.440115     -7.435324      0.253909
     48      0.003313      0.004969     -7.440294     -7.435325      0.252863
     49      0.003475      0.005213     -7.440538     -7.435326      0.251466
     50      0.003675      0.005512     -7.440839     -7.435326      0.249769
     51      0.003905      0.005858     -7.441185     -7.435327      0.247829
     52      0.004158      0.006237     -7.441565     -7.435328      0.245708
     53      0.004426      0.006639     -7.441968     -7.435329      0.243467
     54      0.004703      0.007054     -7.442385     -7.435330      0.241167
     55      0.004980      0.007469     -7.442801     -7.435331      0.238876
     56      0.005249      0.007873     -7.443205     -7.435332      0.236655
     57      0.005502      0.008254     -7.443586     -7.435333      0.234560
     58      0.005734      0.008602     -7.443935     -7.435333      0.232646
     59      0.005939      0.008909     -7.444242     -7.435333      0.230958
     60      0.006112      0.009168     -7.444501     -7.435333      0.229533
     61      0.006250      0.009374     -7.444708     -7.435333      0.228400
     62      0.006350      0.009525     -7.444858     -7.435333      0.227580
     63      0.006412      0.009618     -7.444951     -7.435333      0.227084
     64      0.006435      0.009653     -7.444986     -7.435333      0.226914
     65      0.006420      0.009629     -7.444962     -7.435333      0.227067
     66      0.006367      0.009551     -7.444883     -7.435332      0.227529
     67      0.006281      0.009422     -7.444754     -7.435332      0.228276
     68      0.006165      0.009248     -7.444578     -7.435331      0.229279
     69      0.006022      0.009034     -7.444364     -7.435331      0.230501
     70      0.005857      0.008786     -7.444116     -7.435330      0.231907
     71      0.005674      0.008512     -7.443841     -7.435329      0.233450
     72      0.005480      0.008221     -7.443550     -7.435329      0.235080
     73      0.005282      0.007922     -7.443251     -7.435329      0.236748
     74      0.005084      0.007626     -7.442954     -7.435328      0.238404
     75      0.004894      0.007341     -7.442669     -7.435329      0.239993
     76      0.004718      0.007077     -7.442404     -7.435328      0.241473
     77      0.004560      0.006840     -7.442167     -7.435327      0.242798
     78      0.004425      0.006638     -7.441965     -7.435327      0.243929
     79      0.004318      0.006476     -7.441804     -7.435327      0.244832
     80      0.004241      0.006361     -7.441688     -7.435327      0.245484
     81      0.004196      0.006294     -7.441621     -7.435327      0.245864
     82      0.004187      0.006281     -7.441608     -7.435326      0.245957
     83      0.004215      0.006323     -7.441649     -7.435327      0.245756
     84      0.004277      0.006416     -7.441743     -7.435327      0.245271
     85      0.004372      0.006558     -7.441886     -7.435327      0.244514
     86      0.004498      0.006747     -7.442075     -7.435328      0.243503
     87      0.004652      0.006978     -7.442305     -7.435328      0.242265
     88      0.004829      0.007243     -7.442572     -7.435329      0.240832
     89      0.005024      0.007536     -7.442865     -7.435329      0.239244
     90      0.005234      0.007851     -7.443180     -7.435329      0.237541
     91      0.005452      0.008178     -7.443507     -7.435330      0.235768
     92      0.005672      0.008508     -7.443838     -7.435330      0.233974
     93      0.005889      0.008833     -7.444164     -7.435331      0.232203
     94      0.006096      0.009144     -7.444476     -7.435331      0.230504
     95      0.006289      0.009433     -7.444766     -7.435332      0.228919
     96      0.006463      0.009694     -7.445025     -7.435331      0.227494
     97      0.006613      0.009919     -7.445251     -7.435332      0.226258
     98      0.006735      0.010103     -7.445435     -7.435332      0.225245
     99      0.006828      0.010242     -7.445573     -7.435332      0.224484
    100      0.006888      0.010332     -7.445663     -7.435331      0.223991
    101      0.006913      0.010370     -7.445701     -7.435331      0.223778
    102      0.006903      0.010355     -7.445686     -7.435331      0.223852
    103      0.006858      0.010288     -7.445619     -7.435331      0.224213
    104      0.006780      0.010170     -7.445501     -7.435331      0.224848
    105      0.006670      0.010006     -7.445336     -7.435330      0.225743
    106      0.006531      0.009797     -7.445127     -7.435330      0.226876
    107      0.006366      0.009549     -7.444879     -7.435329      0.228220
    108      0.006180      0.009269     -7.444598     -7.435328      0.229740
    109      0.005975      0.008962     -7.444290     -7.435328      0.231401
    110      0.005757      0.008636     -7.443964     -7.435327      0.233162
    111      0.005533      0.008299     -7.443626     -7.435326      0.234981
    112      0.005306      0.007959     -7.443285     -7.435326      0.236813
    113      0.005083      0.007624     -7.442950     -7.435326      0.238613
    114      0.004869      0.007303     -7.442628     -7.435325      0.240342
    115      0.004668      0.007002     -7.442327     -7.435324      0.241960
    116      0.004486      0.006729     -7.442052     -7.435323      0.243428
    117      0.004326      0.006489     -7.441812     -7.435323      0.244714
    118      0.004192      0.006287     -7.441610     -7.435323      0.245790
    119      0.004085      0.006128     -7.441450     -7.435323      0.246636
    120      0.004009      0.006013     -7.441336     -7.435323      0.247235
    121      0.003965      0.005947     -7.441270     -7.435322      0.247575
    122      0.003954      0.005930     -7.441253     -7.435322      0.247652
    123      0.003974      0.005962     -7.441284     -7.435322      0.247469
    124      0.004026      0.006039     -7.441362     -7.435323      0.247035
    125      0.004106      0.006160     -7.441482     -7.435323      0.246367
    126      0.004212      0.006318     -7.441641     -7.435323      0.245484
    127      0.004341      0.006511     -7.441834     -7.435323      0.244412
    128      0.004489      0.006734     -7.442058     -7.435324      0.243176
    129      0.004654      0.006980     -7.442304     -7.435324      0.241810
    130      0.004831      0.007246     -7.442571     -7.435325      0.240343
    131      0.005016      0.007524     -7.442850     -7.435326      0.238815
    132      0.005204      0.007806     -7.443132     -7.435326      0.237263
    133      0.005390      0.008086     -7.443412     -7.435326      0.235723
    134      0.005571      0.008356     -7.443683     -7.435327      0.234230
    135      0.005742      0.008613     -7.443940     -7.435327      0.232815
    136      0.005901      0.008851     -7.444178     -7.435327      0.231508
    137      0.006044      0.009065     -7.444392     -7.435326      0.230337
    138      0.006167      0.009251     -7.444578     -7.435327      0.229324
    139      0.006269      0.009404     -7.444731     -7.435327      0.228491
    140      0.006347      0.009521     -7.444848     -7.435327      0.227851
    141      0.006401      0.009602     -7.444929     -7.435327      0.227415
    142      0.006429      0.009644     -7.444971     -7.435327      0.227188
    143      0.006431      0.009647     -7.444974     -7.435327      0.227171
    144      0.006410      0.009615     -7.444942     -7.435327      0.227355
    145      0.006367      0.009550     -7.444877     -7.435327      0.227730
    146      0.006302      0.009452     -7.444780     -7.435327      0.228286
    147      0.006216      0.009324     -7.444650     -7.435326      0.229011
    148      0.006112      0.009168     -7.444495     -7.435326      0.229880
    149      0.005993      0.008990     -7.444316     -7.435326      0.230872
    150      0.005863      0.008794     -7.444120     -7.435326      0.231963
    151      0.005723      0.008584     -7.443910     -7.435326      0.233123
    152      0.005577      0.008366     -7.443691     -7.435326      0.234330
    153      0.005429      0.008143     -7.443469     -7.435326      0.235553
    154      0.005282      0.007923     -7.443249     -7.435326      0.236763
    155      0.005140      0.007710     -7.443036     -7.435326      0.237936
    156      0.005006      0.007509     -7.442834     -7.435325      0.239048
    157      0.004883      0.007324     -7.442650     -7.435325      0.240072
    158      0.004773      0.007159     -7.442485     -7.435325      0.240993
    159      0.004678      0.007017     -7.442342     -7.435325      0.241794
    160      0.004599      0.006899     -7.442223     -7.435325      0.242459
    161      0.004538      0.006807     -7.442132     -7.435325      0.242981
    162      0.004495      0.006743     -7.442068     -7.435325      0.243351
    163      0.004472      0.006708     -7.442033     -7.435325      0.243565
    164      0.004468      0.006701     -7.442026     -7.435324      0.243625
    165      0.004481      0.006721     -7.442046     -7.435324      0.243535
    166      0.004512      0.006768     -7.442092     -7.435324      0.243300
    167      0.004560      0.006841     -7.442165     -7.435324      0.242926
    168      0.004625      0.006938     -7.442261     -7.435323      0.242427
    169      0.004704      0.007056     -7.442379     -7.435323      0.241812
    170      0.004795      0.007192     -7.442516     -7.435323      0.241099
    171      0.004897      0.007345     -7.442669     -7.435323      0.240304
    172      0.005007      0.007510     -7.442834     -7.435323      0.239444
    173      0.005122      0.007683     -7.443006     -7.435323      0.238540
    174      0.005240      0.007860     -7.443184     -7.435324      0.237608
    175      0.005358      0.008037     -7.443361     -7.435324      0.236668
    176      0.005476      0.008214     -7.443538     -7.435324      0.235732
    177      0.005591      0.008387     -7.443712     -7.435325      0.234817
    178      0.005703      0.008554     -7.443879     -7.435324      0.233939
    179      0.005808      0.008711     -7.444037     -7.435325      0.233108
    180      0.005904      0.008856     -7.444181     -7.435325      0.232340
    181      0.005991      0.008987     -7.444312     -7.435325      0.231643
    182      0.006069      0.009104     -7.444428     -7.435324      0.231023
    183      0.006136      0.009204     -7.444529     -7.435325      0.230485
    184      0.006192      0.009287     -7.444612     -7.435325      0.230037
    185      0.006235      0.009352     -7.444677     -7.435325      0.229679
    186      0.006266      0.009398     -7.444723     -7.435324      0.229414
    187      0.006285      0.009428     -7.444753     -7.435325      0.229238
    188      0.006294      0.009441     -7.444766     -7.435325      0.229148
    189      0.006291      0.009437     -7.444762     -7.435325      0.229144
    190      0.006277      0.009416     -7.444741     -7.435325      0.229225
    191      0.006254      0.009380     -7.444705     -7.435325      0.229380
    192      0.006221      0.009331     -7.444655     -7.435324      0.229608
    193      0.006180      0.009269     -7.444594     -7.435325      0.229900
    194      0.006131      0.009197     -7.444522     -7.435325      0.230252
    195      0.006077      0.009115     -7.444439     -7.435325      0.230659
    196      0.006016      0.009024     -7.444348     -7.435325      0.231114
    197      0.005949      0.008923     -7.444248     -7.435325      0.231617
    198      0.005875      0.008813     -7.444138     -7.435325      0.232163
    199      0.005798      0.008697     -7.444021     -7.435324      0.232747
    200      0.005717      0.008576     -7.443899     -7.435323      0.233362
    201      0.005634      0.008450     -7.443774     -7.435323      0.234005
    202      0.005548      0.008322     -7.443645     -7.435323      0.234672
    203      0.005460      0.008190     -7.443513     -7.435323      0.235361
    204      0.005371      0.008056     -7.443379     -7.435323      0.236069
    205      0.005280      0.007920     -7.443243     -7.435323      0.236794
    206      0.005187      0.007781     -7.443105     -7.435324      0.237530
    207      0.005095      0.007643     -7.442967     -7.435324      0.238273
    208      0.005004      0.007505     -7.442829     -7.435324      0.239018
    209      0.004912      0.007368     -7.442692     -7.435324      0.239762
    210      0.004821      0.007232     -7.442556     -7.435324      0.240498
    211      0.004733      0.007099     -7.442422     -7.435323      0.241218
    212      0.004647      0.006970     -7.442294     -7.435324      0.241912
    213      0.004565      0.006848     -7.442172     -7.435324      0.242572
    214      0.004490      0.006735     -7.442059     -7.435324      0.243187
    215      0.004423      0.006635     -7.441959     -7.435324      0.243743
    216      0.004365      0.006548     -7.441871     -7.435324      0.244235
    217      0.004317      0.006476     -7.441800     -7.435324      0.244647
    218      0.004280      0.006420     -7.441743     -7.435323      0.244974
    219      0.004255      0.006383     -7.441706     -7.435323      0.245202
    220      0.004244      0.006366     -7.441689     -7.435324      0.245323
    221      0.004246      0.006369     -7.441692     -7.435323      0.245332
    222      0.004263      0.006394     -7.441718     -7.435323      0.245220
    223      0.004295      0.006442     -7.441766     -7.435323      0.244981
    224      0.004343      0.006515     -7.441838     -7.435323      0.244614
    225      0.004409      0.006613     -7.441936     -7.435323      0.244112
    226      0.004490      0.006735     -7.442058     -7.435323      0.243482
    227      0.004586      0.006879     -7.442202     -7.435323      0.242729
    228      0.004696      0.007044     -7.442367     -7.435323      0.241858
    229      0.004819      0.007228     -7.442552     -7.435324      0.240881
    230      0.004952      0.007428     -7.442752     -7.435324      0.239812
    231      0.005095      0.007642     -7.442966     -7.435324      0.238663
    232      0.005246      0.007868     -7.443193     -7.435324      0.237451
    233      0.005401      0.008101     -7.443426     -7.435324      0.236198
    234      0.005558      0.008338     -7.443662     -7.435324      0.234923
    235      0.005715      0.008573     -7.443899     -7.435325      0.233648
    236      0.005869      0.008803     -7.444129     -7.435326      0.232401
    237      0.006015      0.009023     -7.444349     -7.435326      0.231202
    238      0.006153      0.009229     -7.444555     -7.435326      0.230078
    239      0.006277      0.009416     -7.444742     -7.435326      0.229050
    240      0.006386      0.009580     -7.444906     -7.435326      0.228140
    241      0.006478      0.009718     -7.445044     -7.435326      0.227367
    242      0.006551      0.009826     -7.445152     -7.435326      0.226749
    243      0.006602      0.009903     -7.445229     -7.435327      0.226300
    244      0.006631      0.009947     -7.445273     -7.435327      0.226031
    245      0.006637      0.009956     -7.445283     -7.435326      0.225950
    246      0.006620      0.009930     -7.445256     -7.435326      0.226060
    247      0.006578      0.009868     -7.445193     -7.435325      0.226363
    248      0.006514      0.009772     -7.445097     -7.435326      0.226848
    249      0.006430      0.009644     -7.444969     -7.435325      0.227511
    250      0.006326      0.009489     -7.444814     -7.435325      0.228334
    251      0.006206      0.009309     -7.444634     -7.435325      0.229298
    252      0.006072      0.009108     -7.444433     -7.435325      0.230388
    253      0.005926      0.008889     -7.444214     -7.435325      0.231580
    254      0.005772      0.008657     -7.443981     -7.435324      0.232851
    255      0.005611      0.008417     -7.443740     -7.435323      0.234169
    256      0.005449      0.008173     -7.443496     -7.435323      0.235508
    257      0.005288      0.007932     -7.443254     -7.435323      0.236837
    258      0.005132      0.007697     -7.443019     -7.435322      0.238129
    259      0.004984      0.007476     -7.442797     -7.435322      0.239352
    260      0.004847      0.007271     -7.442592     -7.435321      0.240480
    261      0.004725      0.007088     -7.442409     -7.435321      0.241485
    262      0.004622      0.006932     -7.442253     -7.435321      0.242344
    263      0.004538      0.006808     -7.442128     -7.435321      0.243037
    264      0.004477      0.006716     -7.442037     -7.435320      0.243551
    265      0.004439      0.006659     -7.441980     -7.435321      0.243872
    266      0.004425      0.006638     -7.441958     -7.435321      0.243996
    267      0.004435      0.006653     -7.441974     -7.435321      0.243920
    268      0.004469      0.006704     -7.442025     -7.435321      0.243646
    269      0.004526      0.006789     -7.442110     -7.435321      0.243185
    270      0.004603      0.006905     -7.442227     -7.435322      0.242548
    271      0.004700      0.007051     -7.442373     -7.435322      0.241750
    272      0.004815      0.007222     -7.442545     -7.435323      0.240815
    273      0.004943      0.007415     -7.442738     -7.435323      0.239768
    274      0.005082      0.007623     -7.442946     -7.435323      0.238635
    275      0.005228      0.007842     -7.443166     -7.435324      0.237448
    276      0.005377      0.008066     -7.443390     -7.435324      0.236237
    277      0.005526      0.008289     -7.443613     -7.435324      0.235036
    278      0.005669      0.008503     -7.443828     -7.435325      0.233879
    279      0.005803      0.008704     -7.444029     -7.435325      0.232797
    280      0.005924      0.008887     -7.444212     -7.435325      0.231816
    281      0.006030      0.009044     -7.444370     -7.435325      0.230969
    282      0.006115      0.009173     -7.444498     -7.435325      0.230277
    283      0.006179      0.009269     -7.444594     -7.435325      0.229757
    284      0.006221      0.009331     -7.444656     -7.435325      0.229425
    285      0.006239      0.009358     -7.444683     -7.435324      0.229288
    286      0.006233      0.009349     -7.444674     -7.435324      0.229348
    287      0.006202      0.009303     -7.444627     -7.435324      0.229609
    288      0.006147      0.009220     -7.444545     -7.435325      0.230061
    289      0.006071      0.009107     -7.444431     -7.435324      0.230691
    290      0.005976      0.008964     -7.444288     -7.435323      0.231484
    291      0.005864      0.008796     -7.444119     -7.435323      0.232417
    292      0.005737      0.008606     -7.443929     -7.435323      0.233464
    293      0.005600      0.008400     -7.443722     -7.435322      0.234599
    294      0.005455      0.008183     -7.443505     -7.435322      0.235788
    295      0.005308      0.007962     -7.443284     -7.435323      0.236996
    296      0.005162      0.007743     -7.443065     -7.435323      0.238192
    297      0.005020      0.007530     -7.442853     -7.435322      0.239343
    298      0.004889      0.007333     -7.442655     -7.435322      0.240411
    299      0.004772      0.007158     -7.442480     -7.435323      0.241362
    300      0.004673      0.007009     -7.442332     -7.435322      0.242171
    301      0.004593      0.006889     -7.442211     -7.435322      0.242815
    302      0.004535      0.006803     -7.442124     -7.435321      0.243273
    303      0.004502      0.006753     -7.442074     -7.435321      0.243525
    304      0.004495      0.006743     -7.442064     -7.435321      0.243562
    305      0.004514      0.006772     -7.442093     -7.435321      0.243380
    306      0.004559      0.006839     -7.442160     -7.435321      0.242982
    307      0.004629      0.006944     -7.442265     -7.435321      0.242375
    308      0.004723      0.007085     -7.442406     -7.435321      0.241570
    309      0.004837      0.007256     -7.442578     -7.435322      0.240589
    310      0.004970      0.007456     -7.442778     -7.435322      0.239454
    311      0.005120      0.007680     -7.443002     -7.435322      0.238192
    312      0.005281      0.007922     -7.443245     -7.435323      0.236837
    313      0.005450      0.008175     -7.443499     -7.435323      0.235426
    314      0.005622      0.008433     -7.443756     -7.435324      0.233998
    315      0.005790      0.008686     -7.444010     -7.435324      0.232593
    316      0.005950      0.008925     -7.444250     -7.435325      0.231254
    317      0.006097      0.009146     -7.444471     -7.435325      0.230019
    318      0.006228      0.009341     -7.444666     -7.435325      0.228925
    319      0.006337      0.009505     -7.444831     -7.435326      0.228003
    320      0.006421      0.009631     -7.444957     -7.435326      0.227287
    321      0.006477      0.009715     -7.445042     -7.435327      0.226800
    322      0.006503      0.009755     -7.445082     -7.435327      0.226563
    323      0.006498      0.009747     -7.445075     -7.435327      0.226588
    324      0.006461      0.009691     -7.445018     -7.435327      0.226884
    325      0.006390      0.009585     -7.444912     -7.435327      0.227453
    326      0.006286      0.009429     -7.444757     -7.435327      0.228287
    327      0.006153      0.009229     -7.444556     -7.435327      0.229372
    328      0.005991      0.008986     -7.444313     -7.435327      0.230687
    329      0.005803      0.008705     -7.444031     -7.435326      0.232207
    330      0.005596      0.008394     -7.443719     -7.435325      0.233895
    331      0.005374      0.008061     -7.443386     -7.435325      0.235710
    332      0.005142      0.007713     -7.443037     -7.435325      0.237611
    333      0.004905      0.007358     -7.442682     -7.435324      0.239552
    334      0.004671      0.007007     -7.442330     -7.435323      0.241483
    335      0.004445      0.006668     -7.441991     -7.435323      0.243352
    336      0.004233      0.006350     -7.441673     -7.435323      0.245113
    337      0.004042      0.006063     -7.441385     -7.435322      0.246716
    338      0.003877      0.005815     -7.441136     -7.435321      0.248116
    339      0.003742      0.005613     -7.440934     -7.435321      0.249272
    340      0.003643      0.005464     -7.440785     -7.435321      0.250145
    341      0.003583      0.005374     -7.440695     -7.435321      0.250709
    342      0.003564      0.005346     -7.440667     -7.435321      0.250941
    343      0.003588      0.005382     -7.440703     -7.435321      0.250826
    344      0.003656      0.005484     -7.440805     -7.435321      0.250355
    345      0.003767      0.005651     -7.440972     -7.435321      0.249533
    346      0.003920      0.005880     -7.441201     -7.435321      0.248371
    347      0.004113      0.006169     -7.441490     -7.435321      0.246885
    348      0.004341      0.006512     -7.441833     -7.435321      0.245102
    349      0.004602      0.006903     -7.442224     -7.435322      0.243055
    350      0.004889      0.007334     -7.442656     -7.435322      0.240786
    351      0.005198      0.007796     -7.443119     -7.435323      0.238343
    352      0.005519      0.008278     -7.443603     -7.435324      0.235778
    353      0.005847      0.008771     -7.444095     -7.435325      0.233149
    354      0.006174      0.009262     -7.444587     -7.435325      0.230511
    355      0.006494      0.009741     -7.445066     -7.435326      0.227925
    356      0.006798      0.010197     -7.445524     -7.435327      0.225446
    357      0.007081      0.010621     -7.445948     -7.435327      0.223132
    358      0.007335      0.011003     -7.446331     -7.435328      0.221034
    359      0.007556      0.011334     -7.446663     -7.435328      0.219202
    360      0.007737      0.011605     -7.446934     -7.435328      0.217681
    361      0.007874      0.011811     -7.447140     -7.435329      0.216506
    362      0.007965      0.011948     -7.447278     -7.435330      0.215706
    363      0.008006      0.012009     -7.447339     -7.435330      0.215308
    364      0.007996      0.011993     -7.447324     -7.435330      0.215323
    365      0.007934      0.011901     -7.447232     -7.435330      0.215757
    366      0.007822      0.011734     -7.447065     -7.435331      0.216605
    367      0.007660      0.011490     -7.446821     -7.435331      0.217862
    368      0.007451      0.011177     -7.446506     -7.435329      0.219506
    369      0.007200      0.010800     -7.446129     -7.435328      0.221502
    370      0.006910      0.010365     -7.445693     -7.435329      0.223819
    371      0.006584      0.009877     -7.445205     -7.435328      0.226418
    372      0.006230      0.009345     -7.444673     -7.435328      0.229250
    373      0.005854      0.008780     -7.444107     -7.435327      0.232261
    374      0.005462      0.008194     -7.443520     -7.435326      0.235391
    375      0.005065      0.007597     -7.442922     -7.435326      0.238579
    376      0.004667      0.007001     -7.442326     -7.435325      0.241763
    377      0.004279      0.006418     -7.441743     -7.435325      0.244878
    378      0.003906      0.005859     -7.441183     -7.435324      0.247865
    379      0.003556      0.005334     -7.440657     -7.435323      0.250664
    380      0.003237      0.004856     -7.440178     -7.435323      0.253217
    381      0.002955      0.004433     -7.439754     -7.435322      0.255473
    382      0.002716      0.004074     -7.439395     -7.435321      0.257385
    383      0.002525      0.003788     -7.439109     -7.435321      0.258914
    384      0.002386      0.003579     -7.438900     -7.435321      0.260032
    385      0.002301      0.003452     -7.438772     -7.435321      0.260716
    386      0.002272      0.003409     -7.438728     -7.435320      0.260953
    387      0.002301      0.003451     -7.438771     -7.435320      0.260734
    388      0.002386      0.003578     -7.438899     -7.435320      0.260069
    389      0.002524      0.003786     -7.439106     -7.435321      0.258972
    390      0.002713      0.004069     -7.439391     -7.435321      0.257466
    391      0.002950      0.004424     -7.439746     -7.435321      0.255581
    392      0.003228      0.004843     -7.440165     -7.435322      0.253357
    393      0.003544      0.005316     -7.440638     -7.435323      0.250837
    394      0.003890      0.005835     -7.441158     -7.435323      0.248073
    395      0.004259      0.006389     -7.441713     -7.435324      0.245118
    396      0.004645      0.006968     -7.442292     -7.435324      0.242032
    397      0.005041      0.007561     -7.442885     -7.435324      0.238871
    398      0.005438      0.008157     -7.443482     -7.435324      0.235696
    399      0.005829      0.008743     -7.444068     -7.435325      0.232569
    400      0.006205      0.009307     -7.444633     -7.435326      0.229548
    401      0.006561      0.009841     -7.445168     -7.435327      0.226685
    402      0.006892      0.010338     -7.445665     -7.435327      0.224028
    403      0.007194      0.010791     -7.446117     -7.435326      0.221621
    404      0.007458      0.011187     -7.446515     -7.435327      0.219505
    405      0.007681      0.011522     -7.446850     -7.435328      0.217716
    406      0.007861      0.011791     -7.447119     -7.435328      0.216279
    407      0.007994      0.011992     -7.447320     -7.435328      0.215210
    408      0.008082      0.012123     -7.447452     -7.435328      0.214516
    409      0.008123      0.012185     -7.447513     -7.435328      0.214203
    410      0.008118      0.012177     -7.447505     -7.435328      0.214266
    411      0.008068      0.012102     -7.447429     -7.435327      0.214694
    412      0.007975      0.011962     -7.447289     -7.435326      0.215469
    413      0.007842      0.011763     -7.447089     -7.435326      0.216562
    414      0.007672      0.011508     -7.446834     -7.435326      0.217949
    415      0.007469      0.011204     -7.446529     -7.435325      0.219594
    416      0.007239      0.010858     -7.446182     -7.435325      0.221457
    417      0.006987      0.010480     -7.445804     -7.435324      0.223492
    418      0.006718      0.010077     -7.445400     -7.435323      0.225656
    419      0.006438      0.009657     -7.444981     -7.435324      0.227903
    420      0.006153      0.009229     -7.444551     -7.435322      0.230193
    421      0.005867      0.008801     -7.444122     -7.435322      0.232476
    422      0.005587      0.008380     -7.443701     -7.435321      0.234710
    423      0.005318      0.007977     -7.443297     -7.435320      0.236854
    424      0.005064      0.007595     -7.442915     -7.435319      0.238873
    425      0.004828      0.007242     -7.442562     -7.435320      0.240734
    426      0.004615      0.006922     -7.442241     -7.435319      0.242412
    427      0.004426      0.006639     -7.441958     -7.435319      0.243884
    428      0.004264      0.006397     -7.441716     -7.435319      0.245134
    429      0.004131      0.006197     -7.441516     -7.435319      0.246151
    430      0.004028      0.006041     -7.441361     -7.435319      0.246931
    431      0.003953      0.005930     -7.441249     -7.435319      0.247477
    432      0.003907      0.005861     -7.441180     -7.435319      0.247791
    433      0.003889      0.005833     -7.441153     -7.435320      0.247887
    434      0.003896      0.005844     -7.441164     -7.435320      0.247781
    435      0.003926      0.005889     -7.441209     -7.435320      0.247492
    436      0.003977      0.005965     -7.441286     -7.435321      0.247043
    437      0.004046      0.006068     -7.441389     -7.435321      0.246458
    438      0.004129      0.006194     -7.441515     -7.435321      0.245764
    439      0.004224      0.006335     -7.441657     -7.435321      0.244990
    440      0.004326      0.006488     -7.441810     -7.435321      0.244163
    441      0.004432      0.006649     -7.441970     -7.435322      0.243309
    442      0.004541      0.006811     -7.442133     -7.435322      0.242454
    443      0.004647      0.006970     -7.442292     -7.435322      0.241623
    444      0.004748      0.007122     -7.442444     -7.435323      0.240836
    445      0.004843      0.007264     -7.442587     -7.435323      0.240110
    446      0.004930      0.007395     -7.442719     -7.435323      0.239456
    447      0.005008      0.007513     -7.442836     -7.435324      0.238885
    448      0.005076      0.007614     -7.442938     -7.435324      0.238406
    449      0.005133      0.007700     -7.443024     -7.435324      0.238017
    450      0.005179      0.007769     -7.443094     -7.435324      0.237720
    451      0.005215      0.007822     -7.443147     -7.435325      0.237510
    452      0.005240      0.007860     -7.443185     -7.435325      0.237378
    453      0.005258      0.007886     -7.443211     -7.435325      0.237311
    454      0.005269      0.007903     -7.443227     -7.435324      0.237298
    455      0.005275      0.007913     -7.443236     -7.435323      0.237321
    456      0.005279      0.007918     -7.443241     -7.435323      0.237364
    457      0.005281      0.007921     -7.443244     -7.435322      0.237411
    458      0.005283      0.007925     -7.443247     -7.435322      0.237446
    459      0.005287      0.007930     -7.443252     -7.435322      0.237454
    460      0.005294      0.007941     -7.443263     -7.435322      0.237421
    461      0.005307      0.007961     -7.443282     -7.435322      0.237329
    462      0.005328      0.007992     -7.443314     -7.435322      0.237168
    463      0.005357      0.008035     -7.443357     -7.435322      0.236932
    464      0.005395      0.008093     -7.443414     -7.435321      0.236613
    465      0.005444      0.008165     -7.443486     -7.435321      0.236209
    466      0.005501      0.008252     -7.443573     -7.435321      0.235722
    467      0.005568      0.008352     -7.443673     -7.435321      0.235158
    468      0.005643      0.008465     -7.443785     -7.435320      0.234525
    469      0.005726      0.008589     -7.443909     -7.435320      0.233831
    470      0.005815      0.008722     -7.444042     -7.435320      0.233091
    471      0.005907      0.008861     -7.444180     -7.435320      0.232327
    472      0.005999      0.008999     -7.444319     -7.435320      0.231555
    473      0.006089      0.009134     -7.444454     -7.435320      0.230799
    474      0.006174      0.009261     -7.444582     -7.435321      0.230078
    475      0.006252      0.009377     -7.444698     -7.435320      0.229416
    476      0.006319      0.009478     -7.444799     -7.435320      0.228833
    477      0.006373      0.009559     -7.444880     -7.435321      0.228350
    478      0.006412      0.009618     -7.444939     -7.435321      0.227984
    479      0.006435      0.009653     -7.444973     -7.435320      0.227749
    480      0.006440      0.009661     -7.444981     -7.435320      0.227656
    481      0.006427      0.009640     -7.444961     -7.435321      0.227715
    482      0.006394      0.009591     -7.444911     -7.435320      0.227933
    483      0.006342      0.009513     -7.444833     -7.435320      0.228308
    484      0.006272      0.009408     -7.444728     -7.435320      0.228835
    485      0.006184      0.009277     -7.444597     -7.435320      0.229510
    486      0.006079      0.009119     -7.444439     -7.435320      0.230325
    487      0.005959      0.008939     -7.444259     -7.435320      0.231264
    488      0.005826      0.008739     -7.444059     -7.435320      0.232310
    489      0.005682      0.008524     -7.443843     -7.435319      0.233443
    490      0.005532      0.008298     -7.443617     -7.435319      0.234634
    491      0.005378      0.008067     -7.443386     -7.435320      0.235861
    492      0.005224      0.007836     -7.443154     -7.435319      0.237098
    493      0.005073      0.007609     -7.442928     -7.435318      0.238315
    494      0.004928      0.007392     -7.442710     -7.435317      0.239488
    495      0.004793      0.007189     -7.442506     -7.435318      0.240588
    496      0.004669      0.007004     -7.442321     -7.435317      0.241594
    497      0.004561      0.006842     -7.442159     -7.435317      0.242477
    498      0.004471      0.006706     -7.442023     -7.435317      0.243222
    499      0.004401      0.006601     -7.441918     -7.435317      0.243808
    500      0.004352      0.006528     -7.441845     -7.435317      0.244222
    501      0.004326      0.006488     -7.441805     -7.435316      0.244456
    502      0.004322      0.006482     -7.441798     -7.435316      0.244505
    503      0.004341      0.006511     -7.441826     -7.435315      0.244366
    504      0.004382      0.006573     -7.441889     -7.435316      0.244042
    505      0.004445      0.006667     -7.441983     -7.435316      0.243543
    506      0.004527      0.006790     -7.442106     -7.435316      0.242880
    507      0.004627      0.006940     -7.442257     -7.435316      0.242065
    508      0.004743      0.007115     -7.442432     -7.435317      0.241120
    509      0.004873      0.007309     -7.442626     -7.435317      0.240065
    510      0.005013      0.007520     -7.442837     -7.435318      0.238924
    511      0.005160      0.007740     -7.443058     -7.435318      0.237727
    512      0.005310      0.007965     -7.443283     -7.435318      0.236500
    513      0.005461      0.008191     -7.443509     -7.435318      0.235271
    514      0.005610      0.008415     -7.443733     -7.435318      0.234064
    515      0.005754      0.008632     -7.443950     -7.435318      0.232908
    516      0.005889      0.008833     -7.444152     -7.435319      0.231831
    517      0.006010      0.009016     -7.444336     -7.435320      0.230860
    518      0.006117      0.009175     -7.444494     -7.435319      0.230021
    519      0.006205      0.009307     -7.444626     -7.435320      0.229327
    520      0.006272      0.009409     -7.444728     -7.435320      0.228796
    521      0.006318      0.009477     -7.444797     -7.435320      0.228441
    522      0.006342      0.009513     -7.444833     -7.435320      0.228267
    523      0.006343      0.009515     -7.444835     -7.435321      0.228277
    524      0.006322      0.009483     -7.444803     -7.435320      0.228471
    525      0.006280      0.009420     -7.444740     -7.435320      0.228840
    526      0.006217      0.009326     -7.444646     -7.435320      0.229378
    527      0.006135      0.009203     -7.444523     -7.435320      0.230071
    528      0.006036      0.009054     -7.444374     -7.435320      0.230903
    529      0.005922      0.008883     -7.444202     -7.435320      0.231852
    530      0.005795      0.008692     -7.444011     -7.435319      0.232899
    531      0.005659      0.008488     -7.443807     -7.435319      0.234015
    532      0.005517      0.008275     -7.443594     -7.435319      0.235176
    533      0.005373      0.008060     -7.443378     -7.435318      0.236352
    534      0.005231      0.007847     -7.443165     -7.435318      0.237514
    535      0.005094      0.007640     -7.442957     -7.435317      0.238640
    536      0.004964      0.007445     -7.442762     -7.435317      0.239701
    537      0.004844      0.007267     -7.442584     -7.435317      0.240673
    538      0.004739      0.007109     -7.442426     -7.435317      0.241535
    539      0.004649      0.006974     -7.442290     -7.435316      0.242270
    540      0.004576      0.006865     -7.442181     -7.435317      0.242861
    541      0.004522      0.006783     -7.442100     -7.435317      0.243298
    542      0.004488      0.006732     -7.442049     -7.435317      0.243574
    543      0.004474      0.006710     -7.442028     -7.435318      0.243682
    544      0.004480      0.006719     -7.442037     -7.435318      0.243625
    545      0.004505      0.006758     -7.442075     -7.435317      0.243407
    546      0.004550      0.006825     -7.442143     -7.435318      0.243034
    547      0.004613      0.006920     -7.442239     -7.435319      0.242513
    548      0.004693      0.007040     -7.442359     -7.435319      0.241863
    549      0.004787      0.007180     -7.442500     -7.435319      0.241104
    550      0.004891      0.007337     -7.442656     -7.435319      0.240255
    551      0.005005      0.007507     -7.442826     -7.435319      0.239334
    552      0.005125      0.007687     -7.443007     -7.435320      0.238364
    553      0.005248      0.007872     -7.443192     -7.435320      0.237374
    554      0.005371      0.008056     -7.443376     -7.435320      0.236386
    555      0.005491      0.008236     -7.443556     -7.435320      0.235423
    556      0.005604      0.008406     -7.443727     -7.435320      0.234509
    557      0.005709      0.008564     -7.443885     -7.435321      0.233664
    558      0.005804      0.008705     -7.444027     -7.435322      0.232906
    559      0.005885      0.008828     -7.444149     -7.435321      0.232256
    560      0.005953      0.008929     -7.444250     -7.435321      0.231722
    561      0.006005      0.009008     -7.444328     -7.435320      0.231317
    562      0.006042      0.009063     -7.444383     -7.435320      0.231044
    563      0.006062      0.009093     -7.444414     -7.435321      0.230910
    564      0.006065      0.009098     -7.444418     -7.435321      0.230916
    565      0.006051      0.009077     -7.444398     -7.435321      0.231059
    566      0.006022      0.009033     -7.444354     -7.435320      0.231334
    567      0.005979      0.008968     -7.444288     -7.435320      0.231729
    568      0.005921      0.008881     -7.444201     -7.435320      0.232235
    569      0.005850      0.008775     -7.444095     -7.435320      0.232840
    570      0.005768      0.008652     -7.443972     -7.435320      0.233527
    571      0.005677      0.008516     -7.443836     -7.435320      0.234276
    572      0.005581      0.008372     -7.443691     -7.435319      0.235068
    573      0.005481      0.008222     -7.443541     -7.435319      0.235882
    574      0.005381      0.008071     -7.443390     -7.435319      0.236695
    575      0.005282      0.007924     -7.443242     -7.435319      0.237489
    576      0.005188      0.007782     -7.443100     -7.435319      0.238241
    577      0.005100      0.007650     -7.442969     -7.435319      0.238934
    578      0.005021      0.007532     -7.442850     -7.435318      0.239552
    579      0.004952      0.007429     -7.442747     -7.435318      0.240079
    580      0.004895      0.007343     -7.442661     -7.435318      0.240505
    581      0.004851      0.007277     -7.442594     -7.435318      0.240819
    582      0.004822      0.007232     -7.442550     -7.435318      0.241012
    583      0.004807      0.007210     -7.442528     -7.435317      0.241082
    584      0.004807      0.007210     -7.442527     -7.435317      0.241030
    585      0.004821      0.007231     -7.442548     -7.435317      0.240856
    586      0.004848      0.007273     -7.442590     -7.435318      0.240567
    587      0.004889      0.007333     -7.442651     -7.435318      0.240173
    588      0.004941      0.007411     -7.442729     -7.435318      0.239684
    589      0.005003      0.007505     -7.442823     -7.435318      0.239112
    590      0.005073      0.007610     -7.442929     -7.435319      0.238474
    591      0.005150      0.007725     -7.443045     -7.435319      0.237785
    592      0.005232      0.007848     -7.443168     -7.435320      0.237064
    593      0.005315      0.007973     -7.443293     -7.435320      0.236329
    594      0.005398      0.008097     -7.443417     -7.435320      0.235602
    595      0.005479      0.008219     -7.443539     -7.435321      0.234895
    596      0.005556      0.008335     -7.443655     -7.435320      0.234229
    597      0.005629      0.008443     -7.443763     -7.435320      0.233616
    598      0.005693      0.008540     -7.443861     -7.435321      0.233072
    599      0.005749      0.008623     -7.443944     -7.435321      0.232612
    600      0.005794      0.008691     -7.444012     -7.435321      0.232243
    601      0.005828      0.008743     -7.444064     -7.435322      0.231971
    602      0.005851      0.008776     -7.444098     -7.435322      0.231806
    603      0.005862      0.008792     -7.444114     -7.435322      0.231747
    604      0.005861      0.008792     -7.444112     -7.435321      0.231792
    605      0.005849      0.008773     -7.444094     -7.435321      0.231938
    606      0.005826      0.008739     -7.444058     -7.435320      0.232180
    607      0.005793      0.008689     -7.444009     -7.435320      0.232506
    608      0.005751      0.008626     -7.443946     -7.435320      0.232906
    609      0.005701      0.008551     -7.443870     -7.435319      0.233371
    610      0.005646      0.008469     -7.443788     -7.435319      0.233881
    611      0.005588      0.008382     -7.443701     -7.435319      0.234421
    612      0.005528      0.008293     -7.443611     -7.435318      0.234976
    613      0.005468      0.008203     -7.443520     -7.435318      0.235530
    614      0.005409      0.008114     -7.443432     -7.435318      0.236069
    615      0.005354      0.008031     -7.443348     -7.435318      0.236575
    616      0.005304      0.007956     -7.443274     -7.435318      0.237034
    617      0.005262      0.007892     -7.443210     -7.435317      0.237433
    618      0.005227      0.007841     -7.443158     -7.435317      0.237761
    619      0.005202      0.007803     -7.443121     -7.435318      0.238010
    620      0.005186      0.007780     -7.443097     -7.435318      0.238176
    621      0.005180      0.007770     -7.443088     -7.435318      0.238256
    622      0.005183      0.007775     -7.443093     -7.435318      0.238250
    623      0.005197      0.007796     -7.443113     -7.435318      0.238159
    624      0.005220      0.007830     -7.443148     -7.435317      0.237985
    625      0.005251      0.007876     -7.443193     -7.435317      0.237742
    626      0.005288      0.007932     -7.443248     -7.435317      0.237436
    627      0.005331      0.007996     -7.443313     -7.435317      0.237077
    628      0.005377      0.008066     -7.443384     -7.435318      0.236681
    629      0.005426      0.008139     -7.443458     -7.435318      0.236261
    630      0.005476      0.008214     -7.443532     -7.435318      0.235831
    631      0.005525      0.008287     -7.443606     -7.435319      0.235407
    632      0.005570      0.008356     -7.443675     -7.435319      0.235002
    633      0.005611      0.008417     -7.443736     -7.435320      0.234634
    634      0.005645      0.008467     -7.443787     -7.435320      0.234314
    635      0.005670      0.008505     -7.443826     -7.435321      0.234055
    636      0.005687      0.008530     -7.443852     -7.435322      0.233865
    637      0.005694      0.008541     -7.443863     -7.435322      0.233752
    638      0.005693      0.008539     -7.443861     -7.435322      0.233719
    639      0.005681      0.008522     -7.443843     -7.435322      0.233771
    640      0.005660      0.008489     -7.443811     -7.435321      0.233908
    641      0.005628      0.008442     -7.443763     -7.435321      0.234128
    642      0.005587      0.008380     -7.443700     -7.435320      0.234429
    643      0.005536      0.008305     -7.443625     -7.435321      0.234801
    644      0.005479      0.008219     -7.443539     -7.435320      0.235237
    645      0.005416      0.008124     -7.443444     -7.435320      0.235724
    646      0.005348      0.008023     -7.443342     -7.435320      0.236252
    647      0.005278      0.007916     -7.443235     -7.435319      0.236808
    648      0.005207      0.007810     -7.443129     -7.435319      0.237372
    649      0.005137      0.007706     -7.443024     -7.435318      0.237933
    650      0.005069      0.007604     -7.442922     -7.435318      0.238478
    651      0.005005      0.007508     -7.442826     -7.435318      0.238994
    652      0.004947      0.007421     -7.442738     -7.435318      0.239463
    653      0.004897      0.007345     -7.442663     -7.435318      0.239873
    654      0.004856      0.007284     -7.442602     -7.435318      0.240211
    655      0.004826      0.007239     -7.442557     -7.435319      0.240469
    656      0.004807      0.007210     -7.442529     -7.435319      0.240639
    657      0.004799      0.007199     -7.442518     -7.435319      0.240717
    658      0.004803      0.007205     -7.442524     -7.435319      0.240701
    659      0.004820      0.007229     -7.442549     -7.435319      0.240589
    660      0.004848      0.007272     -7.442592     -7.435320      0.240381
    661      0.004888      0.007332     -7.442652     -7.435320      0.240082
    662      0.004938      0.007407     -7.442728     -7.435321      0.239700
    663      0.004997      0.007496     -7.442817     -7.435321      0.239242
    664      0.005064      0.007596     -7.442919     -7.435322      0.238720
    665      0.005138      0.007706     -7.443029     -7.435323      0.238144
    666      0.005215      0.007823     -7.443146     -7.435323      0.237529
    667      0.005296      0.007944     -7.443267     -7.435323      0.236888
    668      0.005378      0.008067     -7.443391     -7.435323      0.236234
    669      0.005459      0.008189     -7.443512     -7.435323      0.235584
    670      0.005538      0.008307     -7.443630     -7.435323      0.234949
    671      0.005613      0.008420     -7.443743     -7.435323      0.234345
    672      0.005683      0.008525     -7.443848     -7.435323      0.233783
    673      0.005746      0.008618     -7.443942     -7.435323      0.233278
    674      0.005800      0.008700     -7.444023     -7.435323      0.232838
    675      0.005845      0.008768     -7.444091     -7.435323      0.232471
    676      0.005882      0.008822     -7.444145     -7.435323      0.232185
    677      0.005907      0.008861     -7.444184     -7.435323      0.231982
    678      0.005922      0.008882     -7.444205     -7.435323      0.231871
    679      0.005925      0.008887     -7.444211     -7.435324      0.231847
    680      0.005917      0.008876     -7.444199     -7.435323      0.231913
    681      0.005900      0.008850     -7.444173     -7.435323      0.232061
    682      0.005873      0.008810     -7.444132     -7.435323      0.232290
    683      0.005837      0.008756     -7.444079     -7.435323      0.232590
    684      0.005792      0.008688     -7.444011     -7.435323      0.232959
    685      0.005740      0.008610     -7.443932     -7.435322      0.233383
    686      0.005682      0.008523     -7.443845     -7.435322      0.233852
    687      0.005618      0.008427     -7.443749     -7.435322      0.234355
    688      0.005551      0.008327     -7.443649     -7.435322      0.234879
    689      0.005484      0.008226     -7.443548     -7.435322      0.235409
    690      0.005417      0.008125     -7.443447     -7.435322      0.235934
    691      0.005351      0.008027     -7.443349     -7.435322      0.236442
    692      0.005289      0.007934     -7.443256     -7.435322      0.236921
    693      0.005232      0.007847     -7.443169     -7.435322      0.237361
    694      0.005180      0.007770     -7.443092     -7.435322      0.237751
    695      0.005136      0.007704     -7.443026     -7.435322      0.238085
    696      0.005099      0.007648     -7.442970     -7.435322      0.238359
    697      0.005070      0.007604     -7.442926     -7.435322      0.238565
    698      0.005050      0.007575     -7.442897     -7.435322      0.238700
    699      0.005041      0.007561     -7.442883     -7.435322      0.238762
    700      0.005040      0.007560     -7.442882     -7.435322      0.238756
    701      0.005046      0.007569     -7.442891     -7.435322      0.238687
    702      0.005060      0.007590     -7.442913     -7.435322      0.238558
    703      0.005082      0.007622     -7.442945     -7.435323      0.238373
    704      0.005109      0.007664     -7.442987     -7.435323      0.238140
    705      0.005142      0.007713     -7.443036     -7.435323      0.237870
    706      0.005178      0.007766     -7.443089     -7.435323      0.237572
    707      0.005215      0.007823     -7.443146     -7.435323      0.237257
    708      0.005255      0.007883     -7.443207     -7.435324      0.236928
    709      0.005296      0.007944     -7.443267     -7.435323      0.236602
    710      0.005334      0.008001     -7.443324     -7.435323      0.236288
    711      0.005370      0.008055     -7.443377     -7.435322      0.235997
    712      0.005402      0.008102     -7.443425     -7.435322      0.235732
    713      0.005430      0.008144     -7.443467     -7.435323      0.235500
    714      0.005454      0.008182     -7.443505     -7.435323      0.235304
    715      0.005475      0.008213     -7.443536     -7.435324      0.235150
    716      0.005492      0.008238     -7.443561     -7.435323      0.235042
    717      0.005504      0.008255     -7.443578     -7.435323      0.234979
    718      0.005510      0.008264     -7.443587     -7.435323      0.234964
    719      0.005509      0.008264     -7.443587     -7.435323      0.234996
    720      0.005503      0.008255     -7.443578     -7.435323      0.235072
    721      0.005492      0.008238     -7.443561     -7.435323      0.235187
    722      0.005477      0.008216     -7.443538     -7.435322      0.235335
    723      0.005460      0.008190     -7.443513     -7.435322      0.235503
    724      0.005441      0.008162     -7.443485     -7.435323      0.235686
    725      0.005422      0.008132     -7.443455     -7.435323      0.235879
    726      0.005403      0.008104     -7.443426     -7.435322      0.236067
    727      0.005386      0.008079     -7.443401     -7.435323      0.236241
    728      0.005371      0.008057     -7.443380     -7.435323      0.236395
    729      0.005360      0.008040     -7.443363     -7.435323      0.236521
    730      0.005354      0.008031     -7.443353     -7.435322      0.236611
    731      0.005353      0.008030     -7.443351     -7.435322      0.236656
    732      0.005358      0.008037     -7.443358     -7.435321      0.236655
    733      0.005369      0.008054     -7.443375     -7.435321      0.236599
    734      0.005387      0.008080     -7.443401     -7.435321      0.236492
    735      0.005409      0.008114     -7.443435     -7.435322      0.236332
    736      0.005438      0.008157     -7.443479     -7.435322      0.236120
    737      0.005473      0.008209     -7.443531     -7.435322      0.235859
    738      0.005512      0.008268     -7.443591     -7.435322      0.235555
    739      0.005555      0.008332     -7.443655     -7.435323      0.235216
    740      0.005601      0.008401     -7.443724     -7.435323      0.234849
    741      0.005648      0.008472     -7.443795     -7.435323      0.234466
    742      0.005696      0.008543     -7.443866     -7.435322      0.234076
    743      0.005742      0.008613     -7.443935     -7.435322      0.233690
    744      0.005785      0.008677     -7.444000     -7.435323      0.233319
    745      0.005824      0.008736     -7.444059     -7.435323      0.232978
    746      0.005857      0.008786     -7.444110     -7.435324      0.232676
    747      0.005885      0.008827     -7.444151     -7.435324      0.232425
    748      0.005904      0.008856     -7.444180     -7.435324      0.232236
    749      0.005914      0.008872     -7.444196     -7.435324      0.232118
    750      0.005916      0.008873     -7.444198     -7.435325      0.232077
    751      0.005907      0.008860     -7.444185     -7.435325      0.232120
    752      0.005886      0.008829     -7.444155     -7.435326      0.232254
    753      0.005853      0.008780     -7.444106     -7.435326      0.232485
    754      0.005808      0.008712     -7.444038     -7.435326      0.232810
    755      0.005750      0.008625     -7.443952     -7.435326      0.233230
    756      0.005681      0.008522     -7.443848     -7.435327      0.233739
    757      0.005601      0.008402     -7.443729     -7.435327      0.234331
    758      0.005513      0.008269     -7.443596     -7.435327      0.234998
    759      0.005415      0.008123     -7.443449     -7.435326      0.235730
    760      0.005311      0.007966     -7.443293     -7.435327      0.236514
    761      0.005202      0.007803     -7.443130     -7.435327      0.237334
    762      0.005092      0.007638     -7.442965     -7.435327      0.238174
    763      0.004983      0.007474     -7.442800     -7.435326      0.239017
    764      0.004874      0.007311     -7.442637     -7.435325      0.239850
    765      0.004769      0.007154     -7.442480     -7.435326      0.240652
    766      0.004671      0.007007     -7.442333     -7.435326      0.241409
    767      0.004582      0.006873     -7.442199     -7.435326      0.242103
    768      0.004502      0.006753     -7.442080     -7.435327      0.242720
    769      0.004434      0.006651     -7.441977     -7.435326      0.243250
    770      0.004380      0.006569     -7.441895     -7.435326      0.243677
    771      0.004340      0.006510     -7.441835     -7.435325      0.243991
    772      0.004316      0.006474     -7.441800     -7.435326      0.244183
    773      0.004307      0.006461     -7.441787     -7.435326      0.244250
    774      0.004315      0.006472     -7.441798     -7.435326      0.244190
    775      0.004339      0.006509     -7.441834     -7.435325      0.243999
    776      0.004380      0.006570     -7.441895     -7.435325      0.243678
    777      0.004437      0.006656     -7.441981     -7.435325      0.243230
    778      0.004510      0.006765     -7.442091     -7.435326      0.242661
    779      0.004597      0.006896     -7.442223     -7.435327      0.241981
    780      0.004699      0.007048     -7.442375     -7.435327      0.241200
    781      0.004812      0.007219     -7.442546     -7.435327      0.240332
    782      0.004936      0.007403     -7.442730     -7.435327      0.239394
    783      0.005066      0.007599     -7.442926     -7.435327      0.238400
    784      0.005201      0.007801     -7.443128     -7.435327      0.237372
    785      0.005338      0.008007     -7.443334     -7.435327      0.236327
    786      0.005476      0.008214     -7.443542     -7.435328      0.235279
    787      0.005612      0.008418     -7.443747     -7.435328      0.234250
    788      0.005744      0.008617     -7.443945     -7.435328      0.233257
    789      0.005870      0.008806     -7.444134     -7.435328      0.232317
    790      0.005987      0.008981     -7.444309     -7.435328      0.231447
    791      0.006092      0.009138     -7.444466     -7.435328      0.230664
    792      0.006185      0.009277     -7.444606     -7.435328      0.229974
    793      0.006264      0.009396     -7.444724     -7.435329      0.229391
    794      0.006328      0.009492     -7.444821     -7.435329      0.228921
    795      0.006377      0.009566     -7.444894     -7.435329      0.228571
    796      0.006410      0.009615     -7.444944     -7.435329      0.228342
    797      0.006426      0.009640     -7.444968     -7.435329      0.228235
    798      0.006428      0.009642     -7.444971     -7.435328      0.228247
    799      0.006416      0.009624     -7.444951     -7.435327      0.228373
    800      0.006390      0.009585     -7.444912     -7.435327      0.228603
    801      0.006350      0.009525     -7.444852     -7.435327      0.228934
    802      0.006299      0.009448     -7.444776     -7.435328      0.229350
    803      0.006238      0.009357     -7.444684     -7.435328      0.229843
    804      0.006168      0.009252     -7.444580     -7.435328      0.230401
    805      0.006089      0.009134     -7.444462     -7.435328      0.231015
    806      0.006004      0.009005     -7.444333     -7.435328      0.231671
    807      0.005914      0.008870     -7.444198     -7.435328      0.232352
    808      0.005822      0.008733     -7.444061     -7.435327      0.233043
    809      0.005732      0.008597     -7.443925     -7.435328      0.233730
    810      0.005642      0.008463     -7.443791     -7.435327      0.234407
    811      0.005555      0.008332     -7.443660     -7.435328      0.235060
    812      0.005470      0.008206     -7.443534     -7.435328      0.235685
    813      0.005390      0.008084     -7.443412     -7.435328      0.236277
    814      0.005314      0.007971     -7.443298     -7.435327      0.236826
    815      0.005244      0.007866     -7.443193     -7.435328      0.237327
    816      0.005180      0.007770     -7.443098     -7.435328      0.237782
    817      0.005123      0.007684     -7.443012     -7.435328      0.238187
    818      0.005071      0.007607     -7.442935     -7.435328      0.238548
    819      0.005025      0.007537     -7.442865     -7.435328      0.238867
    820      0.004983      0.007475     -7.442803     -7.435328      0.239147
    821      0.004947      0.007420     -7.442748     -7.435328      0.239393
    822      0.004914      0.007371     -7.442699     -7.435328      0.239609
    823      0.004886      0.007328     -7.442656     -7.435327      0.239801
    824      0.004860      0.007291     -7.442618     -7.435327      0.239971
    825      0.004838      0.007257     -7.442583     -7.435327      0.240125
    826      0.004818      0.007226     -7.442553     -7.435326      0.240268
    827      0.004800      0.007200     -7.442526     -7.435326      0.240400
    828      0.004785      0.007177     -7.442503     -7.435326      0.240525
    829      0.004770      0.007156     -7.442482     -7.435326      0.240647
    830      0.004758      0.007137     -7.442463     -7.435326      0.240762
    831      0.004748      0.007123     -7.442449     -7.435326      0.240869
    832      0.004741      0.007111     -7.442437     -7.435326      0.240968
    833      0.004736      0.007104     -7.442431     -7.435327      0.241051
    834      0.004735      0.007103     -7.442429     -7.435326      0.241117
    835      0.004739      0.007108     -7.442435     -7.435326      0.241157
    836      0.004747      0.007120     -7.442446     -7.435326      0.241166
    837      0.004759      0.007138     -7.442464     -7.435326      0.241141
    838      0.004776      0.007163     -7.442489     -7.435326      0.241074
    839      0.004799      0.007198     -7.442524     -7.435326      0.240953
    840      0.004830      0.007244     -7.442570     -7.435326      0.240772
    841      0.004868      0.007301     -7.442627     -7.435326      0.240527
    842      0.004913      0.007369     -7.442695     -7.435326      0.240212
    843      0.004967      0.007450     -7.442776     -7.435326      0.239822
    844      0.005029      0.007544     -7.442870     -7.435326      0.239354
    845      0.005103      0.007654     -7.442979     -7.435325      0.238802
    846      0.005185      0.007778     -7.443104     -7.435326      0.238168
    847      0.005276      0.007914     -7.443240     -7.435326      0.237462
    848      0.005373      0.008059     -7.443385     -7.435326      0.236688
    849      0.005476      0.008214     -7.443540     -7.435326      0.235853
    850      0.005585      0.008378     -7.443704     -7.435326      0.234962
    851      0.005700      0.008549     -7.443876     -7.435327      0.234031
    852      0.005817      0.008725     -7.444052     -7.435327      0.233073
    853      0.005934      0.008901     -7.444228     -7.435327      0.232107
    854      0.006050      0.009075     -7.444402     -7.435327      0.231151
    855      0.006161      0.009242     -7.444569     -7.435327      0.230223
    856      0.006266      0.009399     -7.444726     -7.435327      0.229345
    857      0.006361      0.009542     -7.444870     -7.435328      0.228536
    858      0.006445      0.009668     -7.444995     -7.435327      0.227817
    859      0.006515      0.009772     -7.445101     -7.435329      0.227206
    860      0.006568      0.009851     -7.445180     -7.435329      0.226725
    861      0.006602      0.009903     -7.445231     -7.435328      0.226391
    862      0.006617      0.009926     -7.445254     -7.435328      0.226210
    863      0.006612      0.009918     -7.445245     -7.435328      0.226199
    864      0.006584      0.009876     -7.445203     -7.435327      0.226365
    865      0.006533      0.009800     -7.445127     -7.435327      0.226713
    866      0.006461      0.009691     -7.445019     -7.435328      0.227238
    867      0.006365      0.009548     -7.444876     -7.435328      0.227944
    868      0.006250      0.009375     -7.444703     -7.435328      0.228817
    869      0.006116      0.009174     -7.444502     -7.435328      0.229847
    870      0.005966      0.008949     -7.444276     -7.435328      0.231018
    871      0.005800      0.008701     -7.444028     -7.435328      0.232313
    872      0.005623      0.008434     -7.443761     -7.435327      0.233709
    873      0.005437      0.008155     -7.443482     -7.435327      0.235177
    874      0.005247      0.007870     -7.443196     -7.435326      0.236692
    875      0.005056      0.007584     -7.442909     -7.435326      0.238220
    876      0.004868      0.007302     -7.442627     -7.435325      0.239733
    877      0.004687      0.007030     -7.442355     -7.435325      0.241199
    878      0.004516      0.006774     -7.442099     -7.435325      0.242587
    879      0.004360      0.006539     -7.441863     -7.435324      0.243866
    880      0.004221      0.006332     -7.441656     -7.435324      0.245006
    881      0.004104      0.006156     -7.441480     -7.435324      0.245981
    882      0.004011      0.006016     -7.441340     -7.435324      0.246768
    883      0.003944      0.005915     -7.441239     -7.435324      0.247347
    884      0.003904      0.005856     -7.441180     -7.435324      0.247704
    885      0.003894      0.005841     -7.441164     -7.435324      0.247827
    886      0.003914      0.005871     -7.441195     -7.435324      0.247708
    887      0.003964      0.005946     -7.441270     -7.435324      0.247348
    888      0.004044      0.006066     -7.441390     -7.435325      0.246749
    889      0.004152      0.006228     -7.441553     -7.435324      0.245924
    890      0.004287      0.006430     -7.441754     -7.435324      0.244887
    891      0.004444      0.006666     -7.441991     -7.435325      0.243658
    892      0.004622      0.006933     -7.442258     -7.435325      0.242262
    893      0.004817      0.007225     -7.442550     -7.435325      0.240728
    894      0.005024      0.007537     -7.442862     -7.435325      0.239089
    895      0.005241      0.007861     -7.443186     -7.435325      0.237377
    896      0.005461      0.008191     -7.443517     -7.435326      0.235629
    897      0.005680      0.008520     -7.443846     -7.435327      0.233885
    898      0.005892      0.008839     -7.444166     -7.435327      0.232186
    899      0.006094      0.009141     -7.444468     -7.435327      0.230570
    900      0.006281      0.009421     -7.444749     -7.435327      0.229071
    901      0.006449      0.009673     -7.445000     -7.435328      0.227724
    902      0.006593      0.009890     -7.445217     -7.435328      0.226561
    903      0.006711      0.010067     -7.445396     -7.435329      0.225609
    904      0.006800      0.010200     -7.445529     -7.435329      0.224894
    905      0.006856      0.010283     -7.445612     -7.435329      0.224437
    906      0.006879      0.010318     -7.445647     -7.435329      0.224245
    907      0.006868      0.010302     -7.445631     -7.435329      0.224327
    908      0.006824      0.010237     -7.445565     -7.435329      0.224683
    909      0.006747      0.010121     -7.445449     -7.435328      0.225309
    910      0.006639      0.009958     -7.445286     -7.435328      0.226193
    911      0.006500      0.009750     -7.445079     -7.435328      0.227318
    912      0.006334      0.009501     -7.444829     -7.435328      0.228665
    913      0.006144      0.009216     -7.444544     -7.435328      0.230205
    914      0.005934      0.008901     -7.444228     -7.435327      0.231907
    915      0.005708      0.008563     -7.443889     -7.435327      0.233730
    916      0.005473      0.008209     -7.443535     -7.435326      0.235637
    917      0.005232      0.007849     -7.443174     -7.435326      0.237583
    918      0.004993      0.007489     -7.442814     -7.435326      0.239523
    919      0.004759      0.007138     -7.442464     -7.435325      0.241415
    920      0.004536      0.006805     -7.442129     -7.435325      0.243216
    921      0.004330      0.006496     -7.441820     -7.435324      0.244882
    922      0.004146      0.006219     -7.441542     -7.435324      0.246375
    923      0.003987      0.005981     -7.441304     -7.435323      0.247658
    924      0.003858      0.005787     -7.441110     -7.435323      0.248698
    925      0.003763      0.005645     -7.440968     -7.435323      0.249468
    926      0.003704      0.005555     -7.440879     -7.435323      0.249950
    927      0.003681      0.005522     -7.440845     -7.435323      0.250130
    928      0.003698      0.005546     -7.440869     -7.435323      0.249999
    929      0.003751      0.005627     -7.440950     -7.435323      0.249558
    930      0.003842      0.005763     -7.441086     -7.435323      0.248816
    931      0.003967      0.005951     -7.441274     -7.435323      0.247784
    932      0.004125      0.006188     -7.441511     -7.435323      0.246484
    933      0.004314      0.006470     -7.441795     -7.435324      0.244938
    934      0.004528      0.006792     -7.442116     -7.435325      0.243181
    935      0.004763      0.007145     -7.442470     -7.435326      0.241249
    936      0.005015      0.007522     -7.442848     -7.435326      0.239185
    937      0.005278      0.007917     -7.443243     -7.435326      0.237030
    938      0.005546      0.008318     -7.443645     -7.435327      0.234832
    939      0.005813      0.008719     -7.444047     -7.435328      0.232637
    940      0.006074      0.009111     -7.444439     -7.435328      0.230495
    941      0.006324      0.009485     -7.444814     -7.435328      0.228449
    942      0.006556      0.009834     -7.445162     -7.435329      0.226546
    943      0.006766      0.010148     -7.445477     -7.435329      0.224828
    944      0.006948      0.010421     -7.445751     -7.435330      0.223333
    945      0.007098      0.010647     -7.445977     -7.435330      0.222094
    946      0.007214      0.010821     -7.446151     -7.435330      0.221140
    947      0.007293      0.010940     -7.446270     -7.435330      0.220490
    948      0.007332      0.010999     -7.446328     -7.435329      0.220161
    949      0.007331      0.010997     -7.446326     -7.435329      0.220161
    950      0.007290      0.010935     -7.446264     -7.435330      0.220490
    951      0.007209      0.010813     -7.446143     -7.435330      0.221142
    952      0.007090      0.010635     -7.445964     -7.435329      0.222104
    953      0.006936      0.010404     -7.445733     -7.435329      0.223354
    954      0.006749      0.010124     -7.445452     -7.435328      0.224869
    955      0.006535      0.009802     -7.445130     -7.435328      0.226612
    956      0.006298      0.009447     -7.444774     -7.435327      0.228547
    957      0.006043      0.009065     -7.444392     -7.435327      0.230630
    958      0.005777      0.008666     -7.443992     -7.435326      0.232818
    959      0.005504      0.008255     -7.443580     -7.435325      0.235067
    960      0.005228      0.007842     -7.443167     -7.435325      0.237325
    961      0.004956      0.007434     -7.442758     -7.435324      0.239549
    962      0.004693      0.007040     -7.442363     -7.435324      0.241689
    963      0.004446      0.006669     -7.441993     -7.435323      0.243697
    964      0.004221      0.006332     -7.441655     -7.435323      0.245527
    965      0.004023      0.006034     -7.441357     -7.435323      0.247141
    966      0.003855      0.005783     -7.441106     -7.435323      0.248504
    967      0.003723      0.005584     -7.440906     -7.435322      0.249589
    968      0.003627      0.005440     -7.440762     -7.435322      0.250372
    969      0.003569      0.005353     -7.440675     -7.435322      0.250839
    970      0.003551      0.005327     -7.440649     -7.435322      0.250981
    971      0.003573      0.005360     -7.440683     -7.435323      0.250797
    972      0.003635      0.005452     -7.440774     -7.435322      0.250296
    973      0.003733      0.005600     -7.440922     -7.435322      0.249489
    974      0.003867      0.005800     -7.441123     -7.435323      0.248398
    975      0.004032      0.006048     -7.441371     -7.435323      0.247049
    976      0.004225      0.006337     -7.441660     -7.435324      0.245478
    977      0.004440      0.006660     -7.441984     -7.435324      0.243720
    978      0.004673      0.007009     -7.442334     -7.435324      0.241817
    979      0.004918      0.007377     -7.442702     -7.435325      0.239814
    980      0.005169      0.007754     -7.443080     -7.435325      0.237758
    981      0.005421      0.008132     -7.443459     -7.435327      0.235697
    982      0.005669      0.008503     -7.443830     -7.435327      0.233676
    983      0.005905      0.008857     -7.444185     -7.435327      0.231745
    984      0.006125      0.009188     -7.444515     -7.435328      0.229946
    985      0.006324      0.009486     -7.444813     -7.435328      0.228318
    986      0.006497      0.009746     -7.445075     -7.435329      0.226894
    987      0.006643      0.009964     -7.445293     -7.435329      0.225709
    988      0.006757      0.010136     -7.445464     -7.435329      0.224786
    989      0.006836      0.010255     -7.445584     -7.435329      0.224144
    990      0.006879      0.010318     -7.445647     -7.435329      0.223800
    991      0.006884      0.010327     -7.445656     -7.435329      0.223755
    992      0.006854      0.010281     -7.445609     -7.435329      0.224008
    993      0.006787      0.010180     -7.445509     -7.435329      0.224550
    994      0.006686      0.010029     -7.445357     -7.435328      0.225369
    995      0.006556      0.009834     -7.445163     -7.435329      0.226430
    996      0.006400      0.009600     -7.444928     -7.435328      0.227716
    997      0.006221      0.009331     -7.444659     -7.435327      0.229191
    998      0.006023      0.009035     -7.444362     -7.435327      0.230818
    999      0.005811      0.008717     -7.444044     -7.435327      0.232557
   1000      0.005591      0.008387     -7.443713     -7.435326      0.234365
#
# Means      0.005392      0.008088     -7.443412     -7.435324      0.236070
