#
# MD1: a minimal molecular dynamics program
#
# Problema 2
#  Input sample: a5.cry
#                                (only positions read from file)
# Output sample: a5.md1
# Number of steps:    1000, time step: 0.0032, total time:      3.2000
# Number of atoms:   500
# Box size:    7.750000    7.750000    7.750000, Volume:        465.484
# Density:    1.074150 (unchanged)
# Free evolution run.
#
#  Step   Temperature     Kinetic      Potential   Total Energy    Pressure
# -----  ------------  ------------  ------------  ------------  ------------
      1      0.000013      0.000020     -7.445993     -7.445973      0.047031
      2      0.000118      0.000177     -7.446150     -7.445973      0.046218
      3      0.000325      0.000487     -7.446461     -7.445974      0.044609
      4      0.000630      0.000945     -7.446919     -7.445974      0.042239
      5      0.001027      0.001540     -7.447515     -7.445975      0.039159
      6      0.001506      0.002259     -7.448235     -7.445976      0.035435
      7      0.002059      0.003088     -7.449065     -7.445977      0.031146
      8      0.002673      0.004009     -7.449987     -7.445978      0.026383
      9      0.003335      0.005002     -7.450982     -7.445980      0.021248
     10      0.004032      0.006047     -7.452028     -7.445981      0.015847
     11      0.004749      0.007123     -7.453106     -7.445982      0.010292
     12      0.005472      0.008208     -7.454191     -7.445984      0.004698
     13      0.006186      0.009279     -7.455264     -7.445985     -0.000822
     14      0.006878      0.010316     -7.456303     -7.445986     -0.006158
     15      0.007533      0.011299     -7.457287     -7.445987     -0.011205
     16      0.008139      0.012209     -7.458197     -7.445988     -0.015866
     17      0.008686      0.013029     -7.459019     -7.445989     -0.020054
     18      0.009164      0.013745     -7.459735     -7.445990     -0.023694
     19      0.009563      0.014345     -7.460336     -7.445991     -0.026723
     20      0.009880      0.014819     -7.460810     -7.445991     -0.029094
     21      0.010108      0.015162     -7.461153     -7.445991     -0.030773
     22      0.010246      0.015368     -7.461360     -7.445991     -0.031744
     23      0.010293      0.015439     -7.461430     -7.445991     -0.032006
     24      0.010251      0.015377     -7.461368     -7.445991     -0.031572
     25      0.010124      0.015186     -7.461176     -7.445990     -0.030471
     26      0.009917      0.014875     -7.460865     -7.445990     -0.028748
     27      0.009636      0.014454     -7.460443     -7.445989     -0.026457
     28      0.009291      0.013937     -7.459925     -7.445988     -0.023667
     29      0.008891      0.013336     -7.459323     -7.445987     -0.020454
     30      0.008446      0.012669     -7.458655     -7.445986     -0.016902
     31      0.007968      0.011952     -7.457937     -7.445985     -0.013103
     32      0.007469      0.011203     -7.457187     -7.445984     -0.009149
     33      0.006960      0.010441     -7.456423     -7.445983     -0.005136
     34      0.006454      0.009681     -7.455663     -7.445982     -0.001156
     35      0.005962      0.008943     -7.454923     -7.445981      0.002701
     36      0.005494      0.008241     -7.454221     -7.445980      0.006350
     37      0.005061      0.007591     -7.453570     -7.445979      0.009713
     38      0.004670      0.007005     -7.452983     -7.445978      0.012724
     39      0.004330      0.006496     -7.452473     -7.445978      0.015325
     40      0.004047      0.006070     -7.452047     -7.445977      0.017471
     41      0.003824      0.005736     -7.451713     -7.445977      0.019129
     42      0.003664      0.005496     -7.451473     -7.445977      0.020281
     43      0.003568      0.005352     -7.451329     -7.445977      0.020919
     44      0.003536      0.005304     -7.451281     -7.445977      0.021052
     45      0.003565      0.005347     -7.451324     -7.445977      0.020700
     46      0.003650      0.005476     -7.451454     -7.445978      0.019895
     47      0.003788      0.005682     -7.451661     -7.445979      0.018681
     48      0.003971      0.005957     -7.451936     -7.445979      0.017108
     49      0.004192      0.006288     -7.452268     -7.445980      0.015238
     50      0.004443      0.006665     -7.452646     -7.445981      0.013137
     51      0.004715      0.007073     -7.453055     -7.445982      0.010874
     52      0.005000      0.007499     -7.453482     -7.445983      0.008523
     53      0.005287      0.007930     -7.453914     -7.445983      0.006155
     54      0.005569      0.008353     -7.454337     -7.445984      0.003841
     55      0.005837      0.008755     -7.454740     -7.445985      0.001649
     56      0.006083      0.009124     -7.455109     -7.445986     -0.000361
     57      0.006300      0.009450     -7.455436     -7.445986     -0.002134
     58      0.006483      0.009725     -7.455712     -7.445986     -0.003622
     59      0.006628      0.009942     -7.455928     -7.445987     -0.004790
     60      0.006730      0.010094     -7.456081     -7.445987     -0.005610
     61      0.006787      0.010181     -7.456168     -7.445987     -0.006066
     62      0.006799      0.010199     -7.456186     -7.445987     -0.006152
     63      0.006767      0.010151     -7.456137     -7.445987     -0.005874
     64      0.006692      0.010038     -7.456025     -7.445987     -0.005247
     65      0.006578      0.009867     -7.455853     -7.445986     -0.004298
     66      0.006428      0.009643     -7.455628     -7.445986     -0.003060
     67      0.006249      0.009373     -7.455358     -7.445985     -0.001578
     68      0.006046      0.009069     -7.455053     -7.445984      0.000100
     69      0.005825      0.008738     -7.454722     -7.445984      0.001919
     70      0.005595      0.008393     -7.454376     -7.445983      0.003822
     71      0.005363      0.008044     -7.454026     -7.445982      0.005748
     72      0.005135      0.007702     -7.453684     -7.445982      0.007636
     73      0.004919      0.007379     -7.453360     -7.445981      0.009428
     74      0.004723      0.007085     -7.453065     -7.445980      0.011068
     75      0.004553      0.006829     -7.452809     -7.445980      0.012505
     76      0.004413      0.006620     -7.452599     -7.445979      0.013693
     77      0.004309      0.006464     -7.452443     -7.445979      0.014594
     78      0.004245      0.006367     -7.452346     -7.445979      0.015179
     79      0.004222      0.006334     -7.452312     -7.445979      0.015426
     80      0.004243      0.006365     -7.452344     -7.445979      0.015325
     81      0.004308      0.006461     -7.452440     -7.445979      0.014873
     82      0.004414      0.006621     -7.452600     -7.445979      0.014079
     83      0.004561      0.006841     -7.452820     -7.445979      0.012962
     84      0.004744      0.007115     -7.453095     -7.445980      0.011547
     85      0.004959      0.007438     -7.453418     -7.445980      0.009870
     86      0.005201      0.007801     -7.453782     -7.445981      0.007973
     87      0.005463      0.008194     -7.454176     -7.445982      0.005906
     88      0.005739      0.008609     -7.454591     -7.445982      0.003720
     89      0.006023      0.009034     -7.455017     -7.445983      0.001473
     90      0.006305      0.009458     -7.455442     -7.445984     -0.000778
     91      0.006580      0.009871     -7.455855     -7.445984     -0.002973
     92      0.006840      0.010261     -7.456246     -7.445985     -0.005056
     93      0.007079      0.010618     -7.456604     -7.445985     -0.006972
     94      0.007289      0.010934     -7.456920     -7.445986     -0.008671
     95      0.007466      0.011200     -7.457186     -7.445986     -0.010109
     96      0.007605      0.011408     -7.457395     -7.445987     -0.011247
     97      0.007702      0.011553     -7.457540     -7.445987     -0.012056
     98      0.007755      0.011632     -7.457619     -7.445987     -0.012514
     99      0.007761      0.011642     -7.457629     -7.445987     -0.012607
    100      0.007721      0.011582     -7.457569     -7.445987     -0.012333
    101      0.007636      0.011454     -7.457441     -7.445987     -0.011696
    102      0.007506      0.011260     -7.457246     -7.445987     -0.010712
    103      0.007336      0.011005     -7.456991     -7.445986     -0.009403
    104      0.007130      0.010695     -7.456680     -7.445986     -0.007803
    105      0.006891      0.010337     -7.456322     -7.445985     -0.005948
    106      0.006627      0.009940     -7.455925     -7.445985     -0.003885
    107      0.006343      0.009515     -7.455499     -7.445984     -0.001664
    108      0.006046      0.009070     -7.455053     -7.445983      0.000661
    109      0.005744      0.008616     -7.454599     -7.445983      0.003034
    110      0.005443      0.008165     -7.454147     -7.445982      0.005397
    111      0.005152      0.007727     -7.453709     -7.445981      0.007694
    112      0.004876      0.007313     -7.453294     -7.445981      0.009868
    113      0.004622      0.006933     -7.452913     -7.445980      0.011870
    114      0.004396      0.006595     -7.452574     -7.445980      0.013650
    115      0.004204      0.006307     -7.452286     -7.445979      0.015168
    116      0.004050      0.006075     -7.452054     -7.445979      0.016390
    117      0.003937      0.005906     -7.451884     -7.445979      0.017287
    118      0.003868      0.005801     -7.451780     -7.445979      0.017843
    119      0.003843      0.005764     -7.451743     -7.445979      0.018046
    120      0.003863      0.005794     -7.451773     -7.445979      0.017896
    121      0.003927      0.005890     -7.451869     -7.445979      0.017400
    122      0.004033      0.006049     -7.452028     -7.445979      0.016574
    123      0.004177      0.006266     -7.452245     -7.445980      0.015443
    124      0.004356      0.006534     -7.452514     -7.445980      0.014038
    125      0.004565      0.006848     -7.452828     -7.445981      0.012398
    126      0.004799      0.007198     -7.453179     -7.445981      0.010564
    127      0.005050      0.007575     -7.453557     -7.445982      0.008586
    128      0.005314      0.007971     -7.453953     -7.445982      0.006514
    129      0.005583      0.008374     -7.454357     -7.445983      0.004400
    130      0.005850      0.008775     -7.454759     -7.445984      0.002297
    131      0.006109      0.009164     -7.455148     -7.445984      0.000255
    132      0.006355      0.009532     -7.455517     -7.445985     -0.001675
    133      0.006580      0.009871     -7.455856     -7.445985     -0.003447
    134      0.006781      0.010171     -7.456157     -7.445986     -0.005022
    135      0.006952      0.010427     -7.456413     -7.445986     -0.006363
    136      0.007089      0.010634     -7.456620     -7.445986     -0.007442
    137      0.007191      0.010786     -7.456772     -7.445986     -0.008236
    138      0.007254      0.010882     -7.456868     -7.445986     -0.008731
    139      0.007279      0.010919     -7.456905     -7.445986     -0.008921
    140      0.007266      0.010899     -7.456885     -7.445986     -0.008806
    141      0.007215      0.010822     -7.456809     -7.445986     -0.008397
    142      0.007129      0.010693     -7.456679     -7.445986     -0.007708
    143      0.007010      0.010515     -7.456501     -7.445986     -0.006763
    144      0.006863      0.010294     -7.456279     -7.445985     -0.005592
    145      0.006691      0.010036     -7.456021     -7.445985     -0.004229
    146      0.006499      0.009749     -7.455733     -7.445984     -0.002712
    147      0.006294      0.009441     -7.455424     -7.445984     -0.001085
    148      0.006080      0.009120     -7.455103     -7.445983      0.000610
    149      0.005863      0.008794     -7.454777     -7.445983      0.002325
    150      0.005649      0.008473     -7.454455     -7.445982      0.004017
    151      0.005443      0.008165     -7.454146     -7.445982      0.005642
    152      0.005251      0.007877     -7.453858     -7.445981      0.007158
    153      0.005077      0.007616     -7.453597     -7.445981      0.008528
    154      0.004926      0.007389     -7.453369     -7.445980      0.009720
    155      0.004801      0.007201     -7.453181     -7.445980      0.010706
    156      0.004704      0.007056     -7.453036     -7.445980      0.011463
    157      0.004638      0.006957     -7.452937     -7.445980      0.011978
    158      0.004604      0.006905     -7.452885     -7.445980      0.012241
    159      0.004601      0.006902     -7.452882     -7.445980      0.012251
    160      0.004630      0.006945     -7.452925     -7.445980      0.012013
    161      0.004688      0.007033     -7.453013     -7.445980      0.011540
    162      0.004775      0.007162     -7.453142     -7.445981      0.010849
    163      0.004885      0.007328     -7.453308     -7.445981      0.009964
    164      0.005017      0.007525     -7.453506     -7.445981      0.008913
    165      0.005165      0.007747     -7.453729     -7.445982      0.007729
    166      0.005326      0.007988     -7.453970     -7.445982      0.006447
    167      0.005494      0.008241     -7.454223     -7.445983      0.005105
    168      0.005665      0.008498     -7.454481     -7.445983      0.003740
    169      0.005834      0.008751     -7.454735     -7.445983      0.002392
    170      0.005997      0.008995     -7.454979     -7.445984      0.001097
    171      0.006148      0.009222     -7.455207     -7.445984     -0.000109
    172      0.006284      0.009427     -7.455411     -7.445985     -0.001194
    173      0.006402      0.009603     -7.455588     -7.445985     -0.002131
    174      0.006498      0.009747     -7.455732     -7.445985     -0.002894
    175      0.006570      0.009854     -7.455840     -7.445985     -0.003467
    176      0.006616      0.009923     -7.455909     -7.445985     -0.003834
    177      0.006635      0.009953     -7.455938     -7.445985     -0.003990
    178      0.006628      0.009942     -7.455927     -7.445985     -0.003933
    179      0.006594      0.009891     -7.455877     -7.445985     -0.003667
    180      0.006536      0.009804     -7.455789     -7.445985     -0.003202
    181      0.006454      0.009682     -7.455666     -7.445985     -0.002555
    182      0.006353      0.009529     -7.455513     -7.445984     -0.001744
    183      0.006234      0.009350     -7.455334     -7.445984     -0.000796
    184      0.006101      0.009151     -7.455135     -7.445984      0.000261
    185      0.005958      0.008937     -7.454921     -7.445983      0.001398
    186      0.005810      0.008715     -7.454698     -7.445983      0.002580
    187      0.005660      0.008491     -7.454473     -7.445983      0.003774
    188      0.005514      0.008271     -7.454253     -7.445982      0.004945
    189      0.005374      0.008061     -7.454043     -7.445982      0.006062
    190      0.005245      0.007868     -7.453849     -7.445981      0.007091
    191      0.005131      0.007697     -7.453678     -7.445981      0.008005
    192      0.005035      0.007553     -7.453534     -7.445981      0.008778
    193      0.004959      0.007439     -7.453420     -7.445981      0.009388
    194      0.004907      0.007360     -7.453340     -7.445981      0.009818
    195      0.004878      0.007317     -7.453297     -7.445980      0.010057
    196      0.004874      0.007311     -7.453291     -7.445980      0.010096
    197      0.004895      0.007343     -7.453324     -7.445980      0.009936
    198      0.004942      0.007412     -7.453393     -7.445981      0.009579
    199      0.005011      0.007517     -7.453498     -7.445981      0.009035
    200      0.005103      0.007654     -7.453635     -7.445981      0.008318
    201      0.005213      0.007820     -7.453801     -7.445981      0.007448
    202      0.005340      0.008010     -7.453992     -7.445982      0.006446
    203      0.005480      0.008221     -7.454203     -7.445982      0.005339
    204      0.005630      0.008445     -7.454427     -7.445982      0.004155
    205      0.005785      0.008678     -7.454660     -7.445983      0.002927
    206      0.005942      0.008913     -7.454896     -7.445983      0.001685
    207      0.006096      0.009144     -7.455127     -7.445983      0.000462
    208      0.006243      0.009365     -7.455348     -7.445984     -0.000710
    209      0.006380      0.009570     -7.455554     -7.445984     -0.001802
    210      0.006503      0.009755     -7.455739     -7.445984     -0.002785
    211      0.006609      0.009914     -7.455899     -7.445985     -0.003633
    212      0.006695      0.010043     -7.456028     -7.445985     -0.004326
    213      0.006760      0.010139     -7.456124     -7.445985     -0.004845
    214      0.006800      0.010200     -7.456185     -7.445985     -0.005177
    215      0.006815      0.010223     -7.456208     -7.445985     -0.005313
    216      0.006806      0.010208     -7.456194     -7.445985     -0.005250
    217      0.006771      0.010156     -7.456141     -7.445985     -0.004989
    218      0.006712      0.010067     -7.456052     -7.445985     -0.004535
    219      0.006629      0.009944     -7.455929     -7.445985     -0.003901
    220      0.006526      0.009789     -7.455774     -7.445985     -0.003100
    221      0.006405      0.009607     -7.455591     -7.445984     -0.002153
    222      0.006267      0.009401     -7.455385     -7.445984     -0.001082
    223      0.006118      0.009177     -7.455160     -7.445984      0.000088
    224      0.005959      0.008939     -7.454922     -7.445983      0.001328
    225      0.005795      0.008693     -7.454676     -7.445983      0.002610
    226      0.005630      0.008446     -7.454428     -7.445983      0.003904
    227      0.005468      0.008202     -7.454184     -7.445982      0.005179
    228      0.005312      0.007967     -7.453949     -7.445982      0.006406
    229      0.005165      0.007747     -7.453729     -7.445982      0.007556
    230      0.005031      0.007547     -7.453528     -7.445981      0.008605
    231      0.004914      0.007371     -7.453352     -7.445981      0.009529
    232      0.004815      0.007222     -7.453203     -7.445981      0.010308
    233      0.004737      0.007105     -7.453086     -7.445981      0.010925
    234      0.004681      0.007021     -7.453001     -7.445981      0.011369
    235      0.004648      0.006971     -7.452952     -7.445981      0.011631
    236      0.004638      0.006958     -7.452938     -7.445981      0.011708
    237      0.004653      0.006979     -7.452960     -7.445981      0.011601
    238      0.004690      0.007035     -7.453016     -7.445981      0.011314
    239      0.004749      0.007124     -7.453105     -7.445981      0.010857
    240      0.004829      0.007243     -7.453224     -7.445981      0.010243
    241      0.004926      0.007389     -7.453370     -7.445981      0.009488
    242      0.005039      0.007559     -7.453540     -7.445982      0.008613
    243      0.005165      0.007747     -7.453729     -7.445982      0.007639
    244      0.005300      0.007950     -7.453932     -7.445982      0.006589
    245      0.005442      0.008163     -7.454146     -7.445983      0.005490
    246      0.005588      0.008381     -7.454364     -7.445983      0.004366
    247      0.005733      0.008599     -7.454582     -7.445983      0.003244
    248      0.005875      0.008813     -7.454796     -7.445983      0.002148
    249      0.006011      0.009016     -7.455000     -7.445984      0.001103
    250      0.006138      0.009207     -7.455191     -7.445984      0.000130
    251      0.006253      0.009380     -7.455364     -7.445984     -0.000751
    252      0.006354      0.009532     -7.455516     -7.445984     -0.001523
    253      0.006440      0.009660     -7.455645     -7.445984     -0.002172
    254      0.006509      0.009764     -7.455748     -7.445984     -0.002687
    255      0.006560      0.009840     -7.455825     -7.445985     -0.003061
    256      0.006592      0.009889     -7.455873     -7.445985     -0.003292
    257      0.006606      0.009910     -7.455894     -7.445985     -0.003378
    258      0.006602      0.009903     -7.455888     -7.445984     -0.003324
    259      0.006581      0.009871     -7.455856     -7.445984     -0.003137
    260      0.006544      0.009815     -7.455799     -7.445984     -0.002826
    261      0.006492      0.009738     -7.455722     -7.445984     -0.002405
    262      0.006427      0.009641     -7.455625     -7.445984     -0.001889
    263      0.006353      0.009529     -7.455513     -7.445984     -0.001294
    264      0.006270      0.009405     -7.455388     -7.445983     -0.000640
    265      0.006181      0.009272     -7.455255     -7.445983      0.000054
    266      0.006090      0.009135     -7.455117     -7.445983      0.000768
    267      0.005997      0.008996     -7.454979     -7.445983      0.001483
    268      0.005907      0.008860     -7.454843     -7.445982      0.002180
    269      0.005820      0.008730     -7.454713     -7.445982      0.002842
    270      0.005740      0.008610     -7.454592     -7.445982      0.003451
    271      0.005667      0.008501     -7.454483     -7.445982      0.003994
    272      0.005604      0.008406     -7.454388     -7.445982      0.004459
    273      0.005551      0.008327     -7.454309     -7.445982      0.004838
    274      0.005510      0.008265     -7.454247     -7.445982      0.005124
    275      0.005481      0.008221     -7.454203     -7.445982      0.005314
    276      0.005463      0.008195     -7.454177     -7.445982      0.005408
    277      0.005458      0.008186     -7.454168     -7.445982      0.005408
    278      0.005463      0.008194     -7.454176     -7.445982      0.005321
    279      0.005478      0.008217     -7.454199     -7.445982      0.005154
    280      0.005502      0.008254     -7.454236     -7.445982      0.004918
    281      0.005534      0.008301     -7.454283     -7.445982      0.004625
    282      0.005571      0.008356     -7.454339     -7.445982      0.004290
    283      0.005612      0.008418     -7.454400     -7.445983      0.003926
    284      0.005655      0.008482     -7.454465     -7.445983      0.003551
    285      0.005697      0.008546     -7.454529     -7.445983      0.003180
    286      0.005738      0.008606     -7.454590     -7.445983      0.002828
    287      0.005774      0.008661     -7.454645     -7.445983      0.002510
    288      0.005805      0.008708     -7.454691     -7.445983      0.002241
    289      0.005829      0.008743     -7.454727     -7.445984      0.002031
    290      0.005845      0.008767     -7.454750     -7.445984      0.001892
    291      0.005851      0.008776     -7.454760     -7.445984      0.001831
    292      0.005847      0.008770     -7.454754     -7.445984      0.001853
    293      0.005833      0.008749     -7.454733     -7.445984      0.001962
    294      0.005808      0.008712     -7.454696     -7.445984      0.002156
    295      0.005774      0.008660     -7.454644     -7.445984      0.002435
    296      0.005730      0.008594     -7.454578     -7.445984      0.002791
    297      0.005677      0.008516     -7.454499     -7.445983      0.003217
    298      0.005618      0.008427     -7.454410     -7.445983      0.003703
    299      0.005553      0.008329     -7.454312     -7.445983      0.004237
    300      0.005484      0.008226     -7.454209     -7.445983      0.004804
    301      0.005413      0.008119     -7.454102     -7.445983      0.005388
    302      0.005342      0.008013     -7.453996     -7.445983      0.005973
    303      0.005274      0.007911     -7.453893     -7.445982      0.006543
    304      0.005210      0.007815     -7.453797     -7.445982      0.007079
    305      0.005152      0.007729     -7.453711     -7.445982      0.007564
    306      0.005104      0.007655     -7.453637     -7.445982      0.007983
    307      0.005065      0.007598     -7.453579     -7.445982      0.008320
    308      0.005039      0.007558     -7.453540     -7.445982      0.008563
    309      0.005026      0.007539     -7.453520     -7.445981      0.008700
    310      0.005027      0.007541     -7.453522     -7.445981      0.008721
    311      0.005044      0.007567     -7.453548     -7.445981      0.008622
    312      0.005077      0.007616     -7.453597     -7.445981      0.008397
    313      0.005126      0.007688     -7.453670     -7.445981      0.008048
    314      0.005190      0.007784     -7.453766     -7.445981      0.007575
    315      0.005268      0.007903     -7.453884     -7.445982      0.006986
    316      0.005361      0.008041     -7.454023     -7.445982      0.006288
    317      0.005466      0.008198     -7.454180     -7.445982      0.005492
    318      0.005581      0.008371     -7.454353     -7.445982      0.004614
    319      0.005704      0.008557     -7.454539     -7.445982      0.003667
    320      0.005834      0.008751     -7.454734     -7.445982      0.002672
    321      0.005967      0.008951     -7.454934     -7.445983      0.001647
    322      0.006102      0.009153     -7.455136     -7.445983      0.000613
    323      0.006234      0.009352     -7.455335     -7.445983     -0.000408
    324      0.006363      0.009544     -7.455528     -7.445983     -0.001396
    325      0.006484      0.009726     -7.455710     -7.445984     -0.002329
    326      0.006595      0.009893     -7.455877     -7.445984     -0.003187
    327      0.006695      0.010042     -7.456026     -7.445984     -0.003951
    328      0.006780      0.010170     -7.456154     -7.445984     -0.004605
    329      0.006849      0.010273     -7.456258     -7.445984     -0.005133
    330      0.006900      0.010350     -7.456335     -7.445985     -0.005522
    331      0.006932      0.010398     -7.456383     -7.445985     -0.005765
    332      0.006945      0.010417     -7.456402     -7.445985     -0.005853
    333      0.006937      0.010405     -7.456390     -7.445985     -0.005783
    334      0.006908      0.010362     -7.456347     -7.445985     -0.005556
    335      0.006860      0.010290     -7.456274     -7.445985     -0.005175
    336      0.006792      0.010189     -7.456173     -7.445984     -0.004647
    337      0.006707      0.010061     -7.456045     -7.445984     -0.003981
    338      0.006605      0.009908     -7.455892     -7.445984     -0.003190
    339      0.006489      0.009734     -7.455718     -7.445984     -0.002290
    340      0.006361      0.009541     -7.455525     -7.445984     -0.001298
    341      0.006223      0.009334     -7.455318     -7.445983     -0.000234
    342      0.006078      0.009117     -7.455100     -7.445983      0.000881
    343      0.005929      0.008893     -7.454876     -7.445983      0.002023
    344      0.005778      0.008667     -7.454650     -7.445983      0.003171
    345      0.005630      0.008444     -7.454427     -7.445982      0.004302
    346      0.005486      0.008229     -7.454211     -7.445982      0.005392
    347      0.005349      0.008024     -7.454006     -7.445982      0.006420
    348      0.005223      0.007834     -7.453815     -7.445982      0.007366
    349      0.005108      0.007663     -7.453644     -7.445981      0.008211
    350      0.005009      0.007513     -7.453494     -7.445981      0.008941
    351      0.004925      0.007388     -7.453369     -7.445981      0.009540
    352      0.004860      0.007290     -7.453271     -7.445981      0.010000
    353      0.004813      0.007219     -7.453200     -7.445981      0.010313
    354      0.004785      0.007177     -7.453158     -7.445981      0.010474
    355      0.004776      0.007165     -7.453146     -7.445981      0.010485
    356      0.004787      0.007181     -7.453162     -7.445981      0.010348
    357      0.004816      0.007224     -7.453205     -7.445981      0.010070
    358      0.004862      0.007293     -7.453274     -7.445981      0.009660
    359      0.004924      0.007386     -7.453367     -7.445982      0.009132
    360      0.004999      0.007499     -7.453480     -7.445982      0.008499
    361      0.005086      0.007629     -7.453611     -7.445982      0.007781
    362      0.005183      0.007774     -7.453756     -7.445982      0.006995
    363      0.005286      0.007929     -7.453911     -7.445982      0.006163
    364      0.005393      0.008089     -7.454072     -7.445983      0.005307
    365      0.005502      0.008252     -7.454235     -7.445983      0.004446
    366      0.005609      0.008413     -7.454396     -7.445983      0.003604
    367      0.005712      0.008568     -7.454552     -7.445983      0.002799
    368      0.005809      0.008714     -7.454697     -7.445984      0.002052
    369      0.005897      0.008846     -7.454830     -7.445984      0.001380
    370      0.005975      0.008963     -7.454947     -7.445984      0.000797
    371      0.006041      0.009062     -7.455046     -7.445984      0.000317
    372      0.006093      0.009140     -7.455124     -7.445984     -0.000051
    373      0.006131      0.009197     -7.455181     -7.445984     -0.000301
    374      0.006154      0.009232     -7.455216     -7.445984     -0.000429
    375      0.006163      0.009244     -7.455228     -7.445984     -0.000435
    376      0.006156      0.009234     -7.455218     -7.445984     -0.000322
    377      0.006136      0.009203     -7.455187     -7.445984     -0.000097
    378      0.006102      0.009154     -7.455137     -7.445984      0.000231
    379      0.006058      0.009086     -7.455070     -7.445984      0.000649
    380      0.006003      0.009005     -7.454988     -7.445984      0.001144
    381      0.005941      0.008912     -7.454895     -7.445983      0.001697
    382      0.005874      0.008811     -7.454794     -7.445983      0.002292
    383      0.005803      0.008705     -7.454687     -7.445983      0.002909
    384      0.005732      0.008597     -7.454580     -7.445983      0.003527
    385      0.005662      0.008493     -7.454475     -7.445982      0.004128
    386      0.005596      0.008394     -7.454376     -7.445982      0.004691
    387      0.005537      0.008305     -7.454287     -7.445982      0.005199
    388      0.005486      0.008229     -7.454211     -7.445982      0.005634
    389      0.005445      0.008168     -7.454150     -7.445982      0.005981
    390      0.005416      0.008124     -7.454106     -7.445982      0.006229
    391      0.005400      0.008101     -7.454082     -7.445982      0.006367
    392      0.005398      0.008098     -7.454079     -7.445981      0.006389
    393      0.005411      0.008116     -7.454097     -7.445981      0.006292
    394      0.005437      0.008156     -7.454137     -7.445981      0.006075
    395      0.005477      0.008216     -7.454198     -7.445982      0.005742
    396      0.005531      0.008296     -7.454278     -7.445982      0.005300
    397      0.005596      0.008394     -7.454376     -7.445982      0.004758
    398      0.005672      0.008507     -7.454489     -7.445982      0.004131
    399      0.005756      0.008633     -7.454616     -7.445982      0.003432
    400      0.005846      0.008769     -7.454751     -7.445982      0.002681
    401      0.005940      0.008909     -7.454892     -7.445983      0.001898
    402      0.006035      0.009052     -7.455035     -7.445983      0.001102
    403      0.006128      0.009193     -7.455176     -7.445983      0.000317
    404      0.006218      0.009327     -7.455310     -7.445983     -0.000436
    405      0.006300      0.009451     -7.455434     -7.445984     -0.001135
    406      0.006374      0.009560     -7.455544     -7.445984     -0.001759
    407      0.006435      0.009653     -7.455637     -7.445984     -0.002289
    408      0.006483      0.009724     -7.455708     -7.445984     -0.002706
    409      0.006514      0.009772     -7.455756     -7.445984     -0.002998
    410      0.006529      0.009794     -7.455778     -7.445985     -0.003150
    411      0.006526      0.009788     -7.455773     -7.445985     -0.003155
    412      0.006503      0.009755     -7.455739     -7.445985     -0.003008
    413      0.006462      0.009693     -7.455677     -7.445985     -0.002706
    414      0.006402      0.009603     -7.455587     -7.445984     -0.002253
    415      0.006324      0.009486     -7.455470     -7.445984     -0.001654
    416      0.006229      0.009344     -7.455328     -7.445984     -0.000919
    417      0.006120      0.009180     -7.455164     -7.445984     -0.000063
    418      0.005998      0.008997     -7.454981     -7.445984      0.000899
    419      0.005865      0.008798     -7.454782     -7.445983      0.001945
    420      0.005726      0.008588     -7.454572     -7.445983      0.003054
    421      0.005581      0.008372     -7.454355     -7.445983      0.004200
    422      0.005436      0.008154     -7.454136     -7.445983      0.005359
    423      0.005293      0.007939     -7.453921     -7.445982      0.006502
    424      0.005155      0.007732     -7.453714     -7.445982      0.007604
    425      0.005026      0.007539     -7.453521     -7.445982      0.008635
    426      0.004910      0.007365     -7.453346     -7.445981      0.009573
    427      0.004808      0.007212     -7.453193     -7.445981      0.010391
    428      0.004725      0.007087     -7.453068     -7.445981      0.011068
    429      0.004661      0.006992     -7.452972     -7.445981      0.011586
    430      0.004620      0.006930     -7.452910     -7.445981      0.011929
    431      0.004602      0.006903     -7.452883     -7.445981      0.012086
    432      0.004608      0.006912     -7.452893     -7.445980      0.012049
    433      0.004639      0.006959     -7.452939     -7.445980      0.011815
    434      0.004695      0.007042     -7.453023     -7.445981      0.011386
    435      0.004774      0.007162     -7.453142     -7.445981      0.010769
    436      0.004876      0.007314     -7.453295     -7.445981      0.009973
    437      0.004998      0.007497     -7.453478     -7.445981      0.009014
    438      0.005138      0.007708     -7.453689     -7.445981      0.007912
    439      0.005294      0.007940     -7.453922     -7.445982      0.006688
    440      0.005461      0.008191     -7.454173     -7.445982      0.005370
    441      0.005636      0.008454     -7.454437     -7.445982      0.003985
    442      0.005816      0.008724     -7.454707     -7.445983      0.002564
    443      0.005997      0.008995     -7.454978     -7.445983      0.001138
    444      0.006174      0.009260     -7.455244     -7.445984     -0.000259
    445      0.006343      0.009514     -7.455498     -7.445984     -0.001597
    446      0.006501      0.009751     -7.455735     -7.445984     -0.002845
    447      0.006644      0.009966     -7.455950     -7.445985     -0.003974
    448      0.006768      0.010152     -7.456137     -7.445985     -0.004957
    449      0.006872      0.010307     -7.456292     -7.445985     -0.005771
    450      0.006951      0.010427     -7.456412     -7.445985     -0.006396
    451      0.007005      0.010507     -7.456493     -7.445985     -0.006818
    452      0.007032      0.010548     -7.456533     -7.445985     -0.007025
    453      0.007031      0.010546     -7.456532     -7.445985     -0.007012
    454      0.007002      0.010503     -7.456489     -7.445985     -0.006779
    455      0.006946      0.010420     -7.456405     -7.445985     -0.006330
    456      0.006864      0.010297     -7.456282     -7.445985     -0.005674
    457      0.006758      0.010137     -7.456122     -7.445985     -0.004827
    458      0.006630      0.009946     -7.455930     -7.445985     -0.003808
    459      0.006484      0.009726     -7.455710     -7.445984     -0.002641
    460      0.006322      0.009483     -7.455466     -7.445984     -0.001352
    461      0.006148      0.009222     -7.455206     -7.445984      0.000027
    462      0.005967      0.008950     -7.454933     -7.445983      0.001465
    463      0.005782      0.008674     -7.454656     -7.445983      0.002927
    464      0.005599      0.008399     -7.454381     -7.445982      0.004378
    465      0.005421      0.008132     -7.454114     -7.445982      0.005784
    466      0.005253      0.007880     -7.453861     -7.445982      0.007111
    467      0.005099      0.007649     -7.453630     -7.445981      0.008327
    468      0.004962      0.007443     -7.453424     -7.445981      0.009404
    469      0.004846      0.007269     -7.453250     -7.445981      0.010314
    470      0.004753      0.007130     -7.453110     -7.445980      0.011037
    471      0.004686      0.007029     -7.453009     -7.445980      0.011556
    472      0.004646      0.006969     -7.452949     -7.445980      0.011858
    473      0.004634      0.006951     -7.452931     -7.445980      0.011937
    474      0.004650      0.006975     -7.452955     -7.445980      0.011792
    475      0.004694      0.007040     -7.453021     -7.445980      0.011428
    476      0.004763      0.007145     -7.453126     -7.445981      0.010856
    477      0.004858      0.007286     -7.453267     -7.445981      0.010089
    478      0.004974      0.007460     -7.453441     -7.445981      0.009151
    479      0.005108      0.007662     -7.453644     -7.445981      0.008064
    480      0.005258      0.007887     -7.453869     -7.445982      0.006858
    481      0.005419      0.008129     -7.454111     -7.445982      0.005566
    482      0.005587      0.008380     -7.454363     -7.445983      0.004219
    483      0.005757      0.008636     -7.454619     -7.445983      0.002856
    484      0.005925      0.008888     -7.454872     -7.445983      0.001510
    485      0.006087      0.009131     -7.455115     -7.445984      0.000217
    486      0.006238      0.009357     -7.455342     -7.445984     -0.000988
    487      0.006375      0.009562     -7.455547     -7.445985     -0.002075
    488      0.006493      0.009739     -7.455724     -7.445985     -0.003014
    489      0.006590      0.009885     -7.455870     -7.445985     -0.003781
    490      0.006663      0.009994     -7.455979     -7.445985     -0.004356
    491      0.006710      0.010065     -7.456050     -7.445985     -0.004723
    492      0.006730      0.010095     -7.456080     -7.445985     -0.004873
    493      0.006723      0.010084     -7.456069     -7.445985     -0.004802
    494      0.006688      0.010032     -7.456017     -7.445985     -0.004511
    495      0.006627      0.009941     -7.455926     -7.445985     -0.004009
    496      0.006541      0.009812     -7.455797     -7.445985     -0.003309
    497      0.006433      0.009650     -7.455635     -7.445985     -0.002429
    498      0.006306      0.009458     -7.455443     -7.445984     -0.001392
    499      0.006162      0.009243     -7.455227     -7.445984     -0.000226
    500      0.006006      0.009009     -7.454992     -7.445984      0.001038
    501      0.005842      0.008763     -7.454746     -7.445983      0.002367
    502      0.005674      0.008511     -7.454494     -7.445983      0.003724
    503      0.005508      0.008261     -7.454244     -7.445982      0.005074
    504      0.005346      0.008020     -7.454001     -7.445982      0.006379
    505      0.005195      0.007792     -7.453774     -7.445981      0.007605
    506      0.005058      0.007586     -7.453568     -7.445981      0.008718
    507      0.004938      0.007407     -7.453388     -7.445981      0.009686
    508      0.004840      0.007260     -7.453240     -7.445981      0.010484
    509      0.004766      0.007149     -7.453129     -7.445980      0.011089
    510      0.004718      0.007076     -7.453057     -7.445980      0.011482
    511      0.004697      0.007046     -7.453026     -7.445980      0.011651
    512      0.004706      0.007059     -7.453039     -7.445980      0.011589
    513      0.004743      0.007114     -7.453094     -7.445980      0.011297
    514      0.004807      0.007211     -7.453191     -7.445980      0.010779
    515      0.004899      0.007348     -7.453328     -7.445981      0.010048
    516      0.005014      0.007521     -7.453502     -7.445981      0.009119
    517      0.005151      0.007727     -7.453708     -7.445981      0.008015
    518      0.005306      0.007960     -7.453941     -7.445981      0.006763
    519      0.005476      0.008214     -7.454196     -7.445982      0.005393
    520      0.005656      0.008484     -7.454466     -7.445982      0.003941
    521      0.005841      0.008761     -7.454744     -7.445983      0.002443
    522      0.006027      0.009040     -7.455023     -7.445983      0.000936
    523      0.006209      0.009313     -7.455297     -7.445984     -0.000541
    524      0.006382      0.009573     -7.455557     -7.445984     -0.001950
    525      0.006542      0.009813     -7.455797     -7.445984     -0.003254
    526      0.006685      0.010027     -7.456012     -7.445985     -0.004419
    527      0.006806      0.010209     -7.456194     -7.445985     -0.005415
    528      0.006902      0.010354     -7.456339     -7.445985     -0.006213
    529      0.006972      0.010458     -7.456443     -7.445986     -0.006792
    530      0.007012      0.010517     -7.456503     -7.445986     -0.007135
    531      0.007021      0.010531     -7.456517     -7.445986     -0.007230
    532      0.006998      0.010497     -7.456483     -7.445986     -0.007072
    533      0.006945      0.010417     -7.456403     -7.445986     -0.006663
    534      0.006861      0.010291     -7.456277     -7.445985     -0.006009
    535      0.006748      0.010123     -7.456108     -7.445985     -0.005123
    536      0.006610      0.009915     -7.455900     -7.445985     -0.004025
    537      0.006448      0.009672     -7.455657     -7.445985     -0.002740
    538      0.006267      0.009401     -7.455385     -7.445984     -0.001295
    539      0.006071      0.009106     -7.455090     -7.445984      0.000274
    540      0.005864      0.008796     -7.454779     -7.445983      0.001932
    541      0.005651      0.008477     -7.454459     -7.445983      0.003640
    542      0.005438      0.008156     -7.454139     -7.445982      0.005357
    543      0.005229      0.007843     -7.453825     -7.445982      0.007041
    544      0.005029      0.007544     -7.453525     -7.445981      0.008652
    545      0.004844      0.007266     -7.453247     -7.445981      0.010150
    546      0.004678      0.007017     -7.452998     -7.445981      0.011500
    547      0.004535      0.006803     -7.452783     -7.445980      0.012666
    548      0.004419      0.006628     -7.452608     -7.445980      0.013621
    549      0.004332      0.006499     -7.452478     -7.445980      0.014338
    550      0.004278      0.006417     -7.452396     -7.445980      0.014801
    551      0.004257      0.006386     -7.452365     -7.445980      0.014995
    552      0.004271      0.006406     -7.452385     -7.445980      0.014914
    553      0.004318      0.006478     -7.452457     -7.445980      0.014558
    554      0.004400      0.006600     -7.452579     -7.445980      0.013935
    555      0.004513      0.006769     -7.452749     -7.445980      0.013055
    556      0.004655      0.006983     -7.452963     -7.445980      0.011940
    557      0.004824      0.007236     -7.453216     -7.445981      0.010613
    558      0.005015      0.007522     -7.453503     -7.445981      0.009106
    559      0.005224      0.007836     -7.453817     -7.445982      0.007451
    560      0.005446      0.008169     -7.454151     -7.445982      0.005687
    561      0.005677      0.008515     -7.454498     -7.445983      0.003855
    562      0.005910      0.008866     -7.454849     -7.445983      0.001998
    563      0.006141      0.009212     -7.455196     -7.445984      0.000157
    564      0.006364      0.009547     -7.455531     -7.445984     -0.001623
    565      0.006575      0.009862     -7.455846     -7.445984     -0.003303
    566      0.006767      0.010150     -7.456135     -7.445985     -0.004841
    567      0.006936      0.010405     -7.456390     -7.445985     -0.006203
    568      0.007080      0.010620     -7.456605     -7.445986     -0.007357
    569      0.007194      0.010791     -7.456776     -7.445986     -0.008276
    570      0.007275      0.010913     -7.456899     -7.445986     -0.008938
    571      0.007322      0.010984     -7.456970     -7.445986     -0.009328
    572      0.007334      0.011002     -7.456988     -7.445986     -0.009437
    573      0.007311      0.010966     -7.456952     -7.445986     -0.009263
    574      0.007252      0.010878     -7.456864     -7.445986     -0.008809
    575      0.007159      0.010739     -7.456725     -7.445986     -0.008086
    576      0.007035      0.010553     -7.456538     -7.445985     -0.007111
    577      0.006882      0.010324     -7.456309     -7.445985     -0.005908
    578      0.006704      0.010057     -7.456041     -7.445985     -0.004503
    579      0.006505      0.009758     -7.455742     -7.445984     -0.002930
    580      0.006290      0.009435     -7.455419     -7.445984     -0.001225
    581      0.006063      0.009094     -7.455078     -7.445983      0.000571
    582      0.005830      0.008745     -7.454728     -7.445983      0.002417
    583      0.005596      0.008394     -7.454376     -7.445982      0.004270
    584      0.005366      0.008050     -7.454032     -7.445982      0.006088
    585      0.005147      0.007720     -7.453702     -7.445981      0.007828
    586      0.004942      0.007413     -7.453394     -7.445981      0.009450
    587      0.004757      0.007135     -7.453116     -7.445981      0.010918
    588      0.004595      0.006893     -7.452873     -7.445980      0.012198
    589      0.004461      0.006691     -7.452671     -7.445980      0.013262
    590      0.004356      0.006535     -7.452514     -7.445980      0.014086
    591      0.004284      0.006427     -7.452406     -7.445980      0.014654
    592      0.004246      0.006369     -7.452349     -7.445980      0.014954
    593      0.004242      0.006363     -7.452343     -7.445980      0.014981
    594      0.004272      0.006409     -7.452388     -7.445980      0.014737
    595      0.004335      0.006503     -7.452483     -7.445980      0.014231
    596      0.004430      0.006645     -7.452625     -7.445980      0.013478
    597      0.004553      0.006829     -7.452810     -7.445980      0.012496
    598      0.004701      0.007052     -7.453033     -7.445981      0.011313
    599      0.004871      0.007307     -7.453288     -7.445981      0.009959
    600      0.005059      0.007588     -7.453570     -7.445982      0.008466
    601      0.005259      0.007888     -7.453870     -7.445982      0.006873
    602      0.005467      0.008200     -7.454183     -7.445983      0.005219
    603      0.005678      0.008517     -7.454500     -7.445983      0.003542
    604      0.005887      0.008830     -7.454813     -7.445983      0.001883
    605      0.006088      0.009133     -7.455117     -7.445984      0.000281
    606      0.006279      0.009418     -7.455402     -7.445984     -0.001228
    607      0.006453      0.009679     -7.455664     -7.445985     -0.002609
    608      0.006607      0.009911     -7.455896     -7.445985     -0.003831
    609      0.006739      0.010108     -7.456093     -7.445985     -0.004870
    610      0.006845      0.010267     -7.456252     -7.445985     -0.005702
    611      0.006923      0.010384     -7.456370     -7.445986     -0.006314
    612      0.006972      0.010458     -7.456444     -7.445986     -0.006694
    613      0.006992      0.010488     -7.456474     -7.445986     -0.006839
    614      0.006983      0.010474     -7.456459     -7.445985     -0.006750
    615      0.006945      0.010417     -7.456403     -7.445985     -0.006434
    616      0.006881      0.010321     -7.456306     -7.445985     -0.005904
    617      0.006792      0.010187     -7.456172     -7.445985     -0.005179
    618      0.006681      0.010021     -7.456006     -7.445985     -0.004280
    619      0.006552      0.009828     -7.455812     -7.445984     -0.003234
    620      0.006408      0.009612     -7.455596     -7.445984     -0.002070
    621      0.006254      0.009380     -7.455364     -7.445983     -0.000821
    622      0.006092      0.009139     -7.455122     -7.445983      0.000481
    623      0.005929      0.008893     -7.454876     -7.445983      0.001801
    624      0.005767      0.008651     -7.454633     -7.445982      0.003105
    625      0.005611      0.008417     -7.454399     -7.445982      0.004361
    626      0.005466      0.008198     -7.454180     -7.445982      0.005538
    627      0.005333      0.007999     -7.453981     -7.445981      0.006608
    628      0.005217      0.007825     -7.453806     -7.445981      0.007545
    629      0.005119      0.007679     -7.453660     -7.445981      0.008330
    630      0.005043      0.007564     -7.453545     -7.445981      0.008945
    631      0.004989      0.007484     -7.453464     -7.445981      0.009379
    632      0.004958      0.007438     -7.453418     -7.445981      0.009626
    633      0.004951      0.007427     -7.453407     -7.445981      0.009684
    634      0.004967      0.007450     -7.453431     -7.445981      0.009556
    635      0.005005      0.007507     -7.453488     -7.445981      0.009252
    636      0.005062      0.007594     -7.453575     -7.445981      0.008784
    637      0.005138      0.007707     -7.453689     -7.445981      0.008170
    638      0.005230      0.007844     -7.453826     -7.445982      0.007430
    639      0.005333      0.008000     -7.453982     -7.445982      0.006588
    640      0.005447      0.008170     -7.454152     -7.445982      0.005671
    641      0.005565      0.008348     -7.454331     -7.445983      0.004706
    642      0.005686      0.008530     -7.454513     -7.445983      0.003721
    643      0.005806      0.008709     -7.454693     -7.445983      0.002746
    644      0.005921      0.008882     -7.454866     -7.445984      0.001806
    645      0.006028      0.009043     -7.455026     -7.445984      0.000930
    646      0.006125      0.009187     -7.455171     -7.445984      0.000141
    647      0.006207      0.009311     -7.455295     -7.445984     -0.000541
    648      0.006274      0.009411     -7.455395     -7.445984     -0.001097
    649      0.006323      0.009485     -7.455470     -7.445985     -0.001514
    650      0.006354      0.009531     -7.455516     -7.445985     -0.001781
    651      0.006366      0.009549     -7.455533     -7.445985     -0.001894
    652      0.006358      0.009537     -7.455522     -7.445985     -0.001850
    653      0.006331      0.009497     -7.455481     -7.445984     -0.001653
    654      0.006287      0.009430     -7.455414     -7.445984     -0.001310
    655      0.006225      0.009338     -7.455322     -7.445984     -0.000833
    656      0.006149      0.009224     -7.455208     -7.445984     -0.000236
    657      0.006061      0.009091     -7.455075     -7.445984      0.000463
    658      0.005962      0.008944     -7.454927     -7.445983      0.001243
    659      0.005857      0.008786     -7.454769     -7.445983      0.002082
    660      0.005748      0.008621     -7.454604     -7.445983      0.002956
    661      0.005637      0.008456     -7.454438     -7.445983      0.003840
    662      0.005529      0.008293     -7.454275     -7.445982      0.004710
    663      0.005425      0.008138     -7.454120     -7.445982      0.005542
    664      0.005330      0.007995     -7.453976     -7.445982      0.006314
    665      0.005244      0.007867     -7.453848     -7.445982      0.007005
    666      0.005172      0.007758     -7.453739     -7.445981      0.007595
    667      0.005114      0.007670     -7.453652     -7.445981      0.008071
    668      0.005072      0.007607     -7.453588     -7.445981      0.008418
    669      0.005046      0.007570     -7.453551     -7.445981      0.008629
    670      0.005039      0.007559     -7.453540     -7.445981      0.008699
    671      0.005050      0.007574     -7.453556     -7.445981      0.008624
    672      0.005078      0.007616     -7.453598     -7.445981      0.008410
    673      0.005122      0.007683     -7.453665     -7.445981      0.008060
    674      0.005183      0.007774     -7.453755     -7.445981      0.007585
    675      0.005257      0.007885     -7.453867     -7.445982      0.006997
    676      0.005343      0.008014     -7.453996     -7.445982      0.006312
    677      0.005438      0.008157     -7.454139     -7.445982      0.005549
    678      0.005541      0.008312     -7.454294     -7.445982      0.004725
    679      0.005649      0.008473     -7.454455     -7.445983      0.003864
    680      0.005758      0.008637     -7.454619     -7.445983      0.002987
    681      0.005866      0.008799     -7.454782     -7.445983      0.002116
    682      0.005971      0.008956     -7.454939     -7.445983      0.001273
    683      0.006069      0.009103     -7.455087     -7.445984      0.000480
    684      0.006158      0.009237     -7.455221     -7.445984     -0.000244
    685      0.006237      0.009355     -7.455339     -7.445984     -0.000881
    686      0.006302      0.009454     -7.455438     -7.445984     -0.001415
    687      0.006354      0.009531     -7.455515     -7.445984     -0.001835
    688      0.006390      0.009584     -7.455569     -7.445984     -0.002130
    689      0.006409      0.009614     -7.455598     -7.445984     -0.002293
    690      0.006412      0.009618     -7.455602     -7.445984     -0.002323
    691      0.006398      0.009597     -7.455581     -7.445984     -0.002219
    692      0.006368      0.009552     -7.455537     -7.445984     -0.001985
    693      0.006323      0.009485     -7.455469     -7.445984     -0.001629
    694      0.006265      0.009397     -7.455381     -7.445984     -0.001162
    695      0.006194      0.009291     -7.455274     -7.445984     -0.000595
    696      0.006113      0.009169     -7.455153     -7.445984      0.000054
    697      0.006024      0.009036     -7.455019     -7.445983      0.000768
    698      0.005929      0.008894     -7.454877     -7.445983      0.001528
    699      0.005832      0.008748     -7.454731     -7.445983      0.002313
    700      0.005734      0.008602     -7.454584     -7.445983      0.003101
    701      0.005639      0.008459     -7.454441     -7.445982      0.003872
    702      0.005549      0.008323     -7.454305     -7.445982      0.004605
    703      0.005466      0.008199     -7.454181     -7.445982      0.005281
    704      0.005392      0.008088     -7.454070     -7.445982      0.005881
    705      0.005330      0.007996     -7.453977     -7.445982      0.006389
    706      0.005282      0.007923     -7.453904     -7.445981      0.006793
    707      0.005247      0.007871     -7.453853     -7.445981      0.007082
    708      0.005229      0.007843     -7.453824     -7.445981      0.007249
    709      0.005225      0.007838     -7.453819     -7.445981      0.007289
    710      0.005238      0.007857     -7.453838     -7.445981      0.007203
    711      0.005266      0.007899     -7.453881     -7.445981      0.006994
    712      0.005309      0.007963     -7.453945     -7.445982      0.006667
    713      0.005365      0.008047     -7.454029     -7.445982      0.006233
    714      0.005433      0.008149     -7.454131     -7.445982      0.005705
    715      0.005510      0.008265     -7.454247     -7.445982      0.005097
    716      0.005595      0.008392     -7.454375     -7.445982      0.004427
    717      0.005685      0.008528     -7.454510     -7.445983      0.003715
    718      0.005778      0.008666     -7.454649     -7.445983      0.002982
    719      0.005870      0.008805     -7.454788     -7.445983      0.002247
    720      0.005960      0.008939     -7.454923     -7.445983      0.001533
    721      0.006044      0.009066     -7.455049     -7.445984      0.000860
    722      0.006120      0.009180     -7.455164     -7.445984      0.000247
    723      0.006186      0.009279     -7.455263     -7.445984     -0.000287
    724      0.006240      0.009360     -7.455344     -7.445984     -0.000727
    725      0.006280      0.009421     -7.455405     -7.445984     -0.001059
    726      0.006306      0.009459     -7.455443     -7.445984     -0.001274
    727      0.006315      0.009473     -7.455457     -7.445984     -0.001365
    728      0.006309      0.009463     -7.455447     -7.445984     -0.001327
    729      0.006286      0.009428     -7.455413     -7.445984     -0.001162
    730      0.006247      0.009370     -7.455355     -7.445984     -0.000872
    731      0.006193      0.009290     -7.455274     -7.445984     -0.000466
    732      0.006127      0.009190     -7.455174     -7.445984      0.000048
    733      0.006048      0.009072     -7.455056     -7.445984      0.000656
    734      0.005960      0.008939     -7.454923     -7.445983      0.001341
    735      0.005864      0.008796     -7.454779     -7.445983      0.002086
    736      0.005763      0.008645     -7.454628     -7.445983      0.002871
    737      0.005660      0.008490     -7.454473     -7.445983      0.003675
    738      0.005558      0.008337     -7.454319     -7.445982      0.004476
    739      0.005459      0.008188     -7.454170     -7.445982      0.005254
    740      0.005366      0.008048     -7.454030     -7.445982      0.005986
    741      0.005281      0.007921     -7.453903     -7.445982      0.006654
    742      0.005207      0.007810     -7.453792     -7.445982      0.007239
    743      0.005146      0.007718     -7.453700     -7.445981      0.007725
    744      0.005099      0.007648     -7.453629     -7.445981      0.008099
    745      0.005067      0.007601     -7.453582     -7.445981      0.008350
    746      0.005053      0.007579     -7.453560     -7.445981      0.008471
    747      0.005055      0.007583     -7.453564     -7.445981      0.008459
    748      0.005075      0.007613     -7.453594     -7.445981      0.008312
    749      0.005111      0.007667     -7.453648     -7.445981      0.008034
    750      0.005163      0.007745     -7.453727     -7.445981      0.007632
    751      0.005230      0.007845     -7.453827     -7.445982      0.007115
    752      0.005310      0.007965     -7.453947     -7.445982      0.006496
    753      0.005401      0.008101     -7.454083     -7.445982      0.005790
    754      0.005500      0.008250     -7.454232     -7.445982      0.005014
    755      0.005606      0.008409     -7.454391     -7.445982      0.004188
    756      0.005716      0.008573     -7.454556     -7.445983      0.003331
    757      0.005826      0.008739     -7.454722     -7.445983      0.002465
    758      0.005935      0.008903     -7.454886     -7.445983      0.001610
    759      0.006040      0.009060     -7.455044     -7.445983      0.000788
    760      0.006138      0.009208     -7.455191     -7.445984      0.000017
    761      0.006228      0.009342     -7.455325     -7.445984     -0.000684
    762      0.006306      0.009459     -7.455443     -7.445984     -0.001298
    763      0.006371      0.009557     -7.455541     -7.445984     -0.001812
    764      0.006422      0.009633     -7.455618     -7.445984     -0.002214
    765      0.006458      0.009687     -7.455671     -7.445984     -0.002495
    766      0.006477      0.009716     -7.455700     -7.445984     -0.002651
    767      0.006481      0.009721     -7.455705     -7.445984     -0.002677
    768      0.006467      0.009701     -7.455686     -7.445984     -0.002575
    769      0.006439      0.009658     -7.455642     -7.445984     -0.002350
    770      0.006395      0.009592     -7.455576     -7.445984     -0.002006
    771      0.006337      0.009506     -7.455490     -7.445984     -0.001554
    772      0.006267      0.009401     -7.455385     -7.445984     -0.001006
    773      0.006187      0.009281     -7.455264     -7.445984     -0.000376
    774      0.006099      0.009148     -7.455131     -7.445983      0.000321
    775      0.006004      0.009006     -7.454989     -7.445983      0.001067
    776      0.005905      0.008857     -7.454840     -7.445983      0.001845
    777      0.005805      0.008707     -7.454690     -7.445983      0.002636
    778      0.005705      0.008557     -7.454540     -7.445983      0.003421
    779      0.005608      0.008413     -7.454395     -7.445982      0.004182
    780      0.005517      0.008275     -7.454258     -7.445982      0.004903
    781      0.005433      0.008149     -7.454131     -7.445982      0.005567
    782      0.005358      0.008036     -7.454018     -7.445982      0.006160
    783      0.005293      0.007940     -7.453921     -7.445982      0.006669
    784      0.005240      0.007861     -7.453842     -7.445982      0.007086
    785      0.005201      0.007801     -7.453782     -7.445982      0.007401
    786      0.005174      0.007761     -7.453743     -7.445982      0.007610
    787      0.005162      0.007743     -7.453724     -7.445982      0.007711
    788      0.005163      0.007745     -7.453726     -7.445982      0.007703
    789      0.005178      0.007767     -7.453748     -7.445982      0.007588
    790      0.005205      0.007808     -7.453790     -7.445982      0.007373
    791      0.005245      0.007867     -7.453849     -7.445982      0.007065
    792      0.005295      0.007942     -7.453924     -7.445982      0.006673
    793      0.005354      0.008032     -7.454014     -7.445982      0.006209
    794      0.005421      0.008132     -7.454114     -7.445982      0.005685
    795      0.005494      0.008241     -7.454224     -7.445982      0.005115
    796      0.005571      0.008357     -7.454339     -7.445983      0.004514
    797      0.005650      0.008475     -7.454458     -7.445983      0.003898
    798      0.005729      0.008594     -7.454576     -7.445983      0.003281
    799      0.005806      0.008709     -7.454693     -7.445983      0.002678
    800      0.005880      0.008820     -7.454803     -7.445983      0.002103
    801      0.005949      0.008923     -7.454906     -7.445983      0.001570
    802      0.006010      0.009016     -7.454999     -7.445984      0.001089
    803      0.006064      0.009097     -7.455080     -7.445984      0.000672
    804      0.006109      0.009164     -7.455148     -7.445984      0.000325
    805      0.006144      0.009217     -7.455200     -7.445984      0.000055
    806      0.006169      0.009254     -7.455238     -7.445984     -0.000134
    807      0.006184      0.009275     -7.455259     -7.445984     -0.000241
    808      0.006187      0.009281     -7.455265     -7.445984     -0.000266
    809      0.006181      0.009272     -7.455255     -7.445984     -0.000212
    810      0.006165      0.009248     -7.455231     -7.445984     -0.000084
    811      0.006140      0.009210     -7.455194     -7.445984      0.000113
    812      0.006108      0.009162     -7.455145     -7.445983      0.000369
    813      0.006069      0.009103     -7.455086     -7.445983      0.000675
    814      0.006024      0.009037     -7.455020     -7.445983      0.001021
    815      0.005976      0.008964     -7.454947     -7.445983      0.001395
    816      0.005926      0.008888     -7.454871     -7.445983      0.001787
    817      0.005874      0.008811     -7.454794     -7.445983      0.002183
    818      0.005823      0.008735     -7.454717     -7.445983      0.002574
    819      0.005774      0.008661     -7.454644     -7.445983      0.002948
    820      0.005728      0.008592     -7.454575     -7.445982      0.003296
    821      0.005686      0.008530     -7.454512     -7.445982      0.003609
    822      0.005650      0.008475     -7.454457     -7.445982      0.003880
    823      0.005619      0.008428     -7.454411     -7.445982      0.004105
    824      0.005594      0.008392     -7.454374     -7.445982      0.004279
    825      0.005576      0.008365     -7.454347     -7.445982      0.004401
    826      0.005565      0.008347     -7.454330     -7.445982      0.004471
    827      0.005560      0.008340     -7.454322     -7.445982      0.004490
    828      0.005561      0.008341     -7.454324     -7.445982      0.004463
    829      0.005567      0.008351     -7.454333     -7.445982      0.004395
    830      0.005578      0.008367     -7.454349     -7.445982      0.004291
    831      0.005592      0.008389     -7.454371     -7.445983      0.004160
    832      0.005610      0.008414     -7.454397     -7.445983      0.004010
    833      0.005628      0.008442     -7.454425     -7.445983      0.003850
    834      0.005647      0.008471     -7.454454     -7.445983      0.003688
    835      0.005666      0.008498     -7.454481     -7.445983      0.003534
    836      0.005682      0.008523     -7.454506     -7.445983      0.003397
    837      0.005696      0.008544     -7.454527     -7.445983      0.003283
    838      0.005706      0.008560     -7.454543     -7.445983      0.003201
    839      0.005713      0.008569     -7.454552     -7.445983      0.003156
    840      0.005714      0.008571     -7.454554     -7.445983      0.003151
    841      0.005710      0.008565     -7.454548     -7.445983      0.003189
    842      0.005701      0.008551     -7.454534     -7.445983      0.003272
    843      0.005686      0.008529     -7.454513     -7.445983      0.003398
    844      0.005667      0.008501     -7.454484     -7.445983      0.003564
    845      0.005644      0.008465     -7.454448     -7.445983      0.003767
    846      0.005616      0.008425     -7.454408     -7.445983      0.004000
    847      0.005587      0.008380     -7.454363     -7.445983      0.004255
    848      0.005555      0.008333     -7.454316     -7.445983      0.004524
    849      0.005524      0.008285     -7.454268     -7.445983      0.004797
    850      0.005493      0.008239     -7.454222     -7.445983      0.005063
    851      0.005464      0.008196     -7.454179     -7.445982      0.005312
    852      0.005439      0.008159     -7.454141     -7.445982      0.005532
    853      0.005419      0.008129     -7.454111     -7.445982      0.005712
    854      0.005406      0.008109     -7.454091     -7.445982      0.005841
    855      0.005399      0.008099     -7.454081     -7.445982      0.005912
    856      0.005402      0.008102     -7.454084     -7.445982      0.005914
    857      0.005413      0.008119     -7.454101     -7.445982      0.005842
    858      0.005434      0.008151     -7.454133     -7.445982      0.005690
    859      0.005466      0.008199     -7.454180     -7.445982      0.005456
    860      0.005508      0.008261     -7.454243     -7.445982      0.005138
    861      0.005560      0.008339     -7.454321     -7.445982      0.004737
    862      0.005621      0.008432     -7.454414     -7.445982      0.004258
    863      0.005692      0.008538     -7.454520     -7.445982      0.003707
    864      0.005771      0.008656     -7.454638     -7.445982      0.003090
    865      0.005856      0.008784     -7.454766     -7.445982      0.002420
    866      0.005946      0.008920     -7.454902     -7.445982      0.001708
    867      0.006040      0.009060     -7.455043     -7.445983      0.000967
    868      0.006135      0.009203     -7.455186     -7.445983      0.000214
    869      0.006230      0.009345     -7.455328     -7.445983     -0.000535
    870      0.006322      0.009483     -7.455466     -7.445983     -0.001263
    871      0.006408      0.009613     -7.455596     -7.445983     -0.001953
    872      0.006488      0.009732     -7.455716     -7.445984     -0.002586
    873      0.006558      0.009837     -7.455821     -7.445984     -0.003147
    874      0.006617      0.009925     -7.455909     -7.445984     -0.003618
    875      0.006663      0.009994     -7.455978     -7.445984     -0.003985
    876      0.006693      0.010040     -7.456024     -7.445984     -0.004236
    877      0.006708      0.010062     -7.456046     -7.445984     -0.004359
    878      0.006705      0.010058     -7.456042     -7.445984     -0.004345
    879      0.006684      0.010026     -7.456011     -7.445985     -0.004190
    880      0.006645      0.009967     -7.455952     -7.445985     -0.003889
    881      0.006587      0.009881     -7.455865     -7.445984     -0.003443
    882      0.006511      0.009767     -7.455752     -7.445984     -0.002856
    883      0.006419      0.009628     -7.455612     -7.445984     -0.002134
    884      0.006310      0.009464     -7.455449     -7.445984     -0.001286
    885      0.006186      0.009279     -7.455263     -7.445984     -0.000325
    886      0.006051      0.009076     -7.455060     -7.445984      0.000733
    887      0.005905      0.008857     -7.454840     -7.445984      0.001870
    888      0.005751      0.008627     -7.454610     -7.445983      0.003067
    889      0.005593      0.008389     -7.454372     -7.445983      0.004301
    890      0.005432      0.008149     -7.454131     -7.445983      0.005548
    891      0.005273      0.007910     -7.453893     -7.445982      0.006784
    892      0.005119      0.007678     -7.453660     -7.445982      0.007984
    893      0.004972      0.007458     -7.453440     -7.445982      0.009125
    894      0.004836      0.007253     -7.453235     -7.445982      0.010180
    895      0.004713      0.007069     -7.453050     -7.445981      0.011129
    896      0.004606      0.006909     -7.452890     -7.445981      0.011950
    897      0.004518      0.006777     -7.452758     -7.445981      0.012625
    898      0.004451      0.006676     -7.452657     -7.445981      0.013137
    899      0.004406      0.006608     -7.452589     -7.445981      0.013474
    900      0.004384      0.006576     -7.452556     -7.445981      0.013627
    901      0.004387      0.006580     -7.452560     -7.445980      0.013590
    902      0.004414      0.006621     -7.452601     -7.445981      0.013362
    903      0.004465      0.006698     -7.452679     -7.445981      0.012945
    904      0.004540      0.006810     -7.452791     -7.445981      0.012345
    905      0.004637      0.006956     -7.452937     -7.445981      0.011573
    906      0.004755      0.007132     -7.453113     -7.445981      0.010643
    907      0.004891      0.007336     -7.453317     -7.445981      0.009573
    908      0.005042      0.007563     -7.453545     -7.445982      0.008382
    909      0.005206      0.007809     -7.453791     -7.445982      0.007094
    910      0.005380      0.008070     -7.454052     -7.445982      0.005734
    911      0.005560      0.008340     -7.454322     -7.445983      0.004329
    912      0.005742      0.008614     -7.454596     -7.445983      0.002906
    913      0.005924      0.008886     -7.454869     -7.445983      0.001495
    914      0.006101      0.009152     -7.455135     -7.445984      0.000121
    915      0.006270      0.009405     -7.455389     -7.445984     -0.001187
    916      0.006428      0.009643     -7.455627     -7.445984     -0.002405
    917      0.006572      0.009859     -7.455843     -7.445984     -0.003509
    918      0.006699      0.010049     -7.456034     -7.445985     -0.004480
    919      0.006808      0.010211     -7.456196     -7.445985     -0.005298
    920      0.006895      0.010342     -7.456327     -7.445985     -0.005950
    921      0.006960      0.010439     -7.456424     -7.445985     -0.006426
    922      0.007001      0.010502     -7.456487     -7.445985     -0.006719
    923      0.007019      0.010529     -7.456514     -7.445985     -0.006827
    924      0.007014      0.010521     -7.456506     -7.445985     -0.006750
    925      0.006986      0.010479     -7.456463     -7.445985     -0.006494
    926      0.006936      0.010404     -7.456388     -7.445985     -0.006069
    927      0.006866      0.010299     -7.456283     -7.445984     -0.005487
    928      0.006777      0.010166     -7.456150     -7.445984     -0.004764
    929      0.006673      0.010010     -7.455994     -7.445984     -0.003919
    930      0.006555      0.009833     -7.455817     -7.445984     -0.002972
    931      0.006427      0.009641     -7.455625     -7.445983     -0.001947
    932      0.006292      0.009438     -7.455421     -7.445983     -0.000867
    933      0.006152      0.009228     -7.455211     -7.445983      0.000244
    934      0.006011      0.009016     -7.454999     -7.445983      0.001359
    935      0.005872      0.008807     -7.454790     -7.445982      0.002456
    936      0.005737      0.008605     -7.454587     -7.445982      0.003511
    937      0.005610      0.008415     -7.454397     -7.445982      0.004503
    938      0.005493      0.008239     -7.454221     -7.445982      0.005411
    939      0.005388      0.008082     -7.454063     -7.445981      0.006218
    940      0.005297      0.007945     -7.453926     -7.445981      0.006911
    941      0.005221      0.007832     -7.453813     -7.445981      0.007477
    942      0.005162      0.007743     -7.453724     -7.445981      0.007909
    943      0.005120      0.007681     -7.453662     -7.445981      0.008203
    944      0.005096      0.007644     -7.453625     -7.445981      0.008356
    945      0.005089      0.007633     -7.453614     -7.445981      0.008371
    946      0.005098      0.007647     -7.453628     -7.445981      0.008254
    947      0.005123      0.007684     -7.453666     -7.445981      0.008013
    948      0.005162      0.007743     -7.453724     -7.445982      0.007659
    949      0.005213      0.007820     -7.453802     -7.445982      0.007206
    950      0.005275      0.007913     -7.453895     -7.445982      0.006670
    951      0.005346      0.008019     -7.454001     -7.445982      0.006068
    952      0.005422      0.008134     -7.454116     -7.445982      0.005419
    953      0.005503      0.008254     -7.454237     -7.445983      0.004742
    954      0.005585      0.008377     -7.454360     -7.445983      0.004058
    955      0.005665      0.008498     -7.454481     -7.445983      0.003385
    956      0.005743      0.008614     -7.454597     -7.445983      0.002742
    957      0.005814      0.008722     -7.454705     -7.445983      0.002147
    958      0.005879      0.008818     -7.454802     -7.445984      0.001615
    959      0.005934      0.008901     -7.454885     -7.445984      0.001161
    960      0.005978      0.008968     -7.454952     -7.445984      0.000797
    961      0.006011      0.009017     -7.455001     -7.445984      0.000531
    962      0.006031      0.009047     -7.455031     -7.445984      0.000370
    963      0.006038      0.009057     -7.455041     -7.445984      0.000319
    964      0.006032      0.009048     -7.455032     -7.445984      0.000377
    965      0.006012      0.009019     -7.455003     -7.445984      0.000542
    966      0.005981      0.008971     -7.454955     -7.445984      0.000810
    967      0.005938      0.008907     -7.454890     -7.445984      0.001172
    968      0.005885      0.008827     -7.454811     -7.445984      0.001619
    969      0.005823      0.008734     -7.454718     -7.445983      0.002138
    970      0.005754      0.008631     -7.454614     -7.445983      0.002715
    971      0.005681      0.008521     -7.454504     -7.445983      0.003334
    972      0.005604      0.008406     -7.454389     -7.445983      0.003977
    973      0.005527      0.008290     -7.454273     -7.445983      0.004626
    974      0.005451      0.008177     -7.454159     -7.445982      0.005265
    975      0.005380      0.008069     -7.454052     -7.445982      0.005874
    976      0.005314      0.007970     -7.453952     -7.445982      0.006436
    977      0.005256      0.007883     -7.453865     -7.445982      0.006936
    978      0.005207      0.007811     -7.453792     -7.445982      0.007357
    979      0.005170      0.007755     -7.453737     -7.445982      0.007688
    980      0.005145      0.007718     -7.453700     -7.445982      0.007917
    981      0.005134      0.007701     -7.453683     -7.445981      0.008036
    982      0.005138      0.007706     -7.453688     -7.445981      0.008040
    983      0.005155      0.007733     -7.453714     -7.445981      0.007924
    984      0.005188      0.007781     -7.453763     -7.445981      0.007690
    985      0.005234      0.007851     -7.453833     -7.445982      0.007340
    986      0.005294      0.007941     -7.453923     -7.445982      0.006880
    987      0.005366      0.008049     -7.454031     -7.445982      0.006318
    988      0.005449      0.008174     -7.454156     -7.445982      0.005665
    989      0.005542      0.008313     -7.454295     -7.445982      0.004936
    990      0.005642      0.008463     -7.454445     -7.445982      0.004143
    991      0.005747      0.008620     -7.454603     -7.445982      0.003306
    992      0.005855      0.008783     -7.454765     -7.445983      0.002442
    993      0.005964      0.008946     -7.454929     -7.445983      0.001569
    994      0.006071      0.009106     -7.455090     -7.445983      0.000707
    995      0.006174      0.009261     -7.455244     -7.445983     -0.000125
    996      0.006270      0.009406     -7.455389     -7.445984     -0.000908
    997      0.006358      0.009538     -7.455522     -7.445984     -0.001624
    998      0.006436      0.009654     -7.455638     -7.445984     -0.002258
    999      0.006501      0.009752     -7.455736     -7.445984     -0.002795
   1000      0.006552      0.009829     -7.455813     -7.445984     -0.003222
#
# Means      0.005751      0.008626     -7.454609     -7.445983      0.003076
