#
# MD1: a minimal molecular dynamics program
#
# Problema 2
#  Input sample: a1.cry
#                                (only positions read from file)
# Output sample: a1.md1
# Number of steps:    1000, time step: 0.0032, total time:      3.2000
# Number of atoms:     4
# Box size:    1.550000    1.550000    1.550000, Volume:          3.724
# Density:    1.074150 (unchanged)
# Free evolution run.
#
#  Step   Temperature     Kinetic      Potential   Total Energy    Pressure
# -----  ------------  ------------  ------------  ------------  ------------
      1      0.000037      0.000056     -1.394058     -1.394002      1.831665
      2      0.000334      0.000501     -1.394504     -1.394003      1.826126
      3      0.000924      0.001386     -1.395390     -1.394004      1.815089
      4      0.001799      0.002698     -1.396703     -1.394005      1.798643
      5      0.002946      0.004419     -1.398425     -1.394006      1.776914
      6      0.004350      0.006525     -1.400533     -1.394008      1.750069
      7      0.005991      0.008986     -1.402996     -1.394010      1.718311
      8      0.007848      0.011771     -1.405784     -1.394012      1.681874
      9      0.009658      0.014488     -1.408312     -1.393824      1.648746
     10      0.011365      0.017048     -1.410874     -1.393826      1.614457
     11      0.013177      0.019766     -1.413594     -1.393828      1.577248
     12      0.015075      0.022613     -1.416442     -1.393830      1.537332
     13      0.017039      0.025559     -1.419390     -1.393831      1.494932
     14      0.018824      0.028236     -1.422090     -1.393854      1.455506
     15      0.020142      0.030213     -1.423965     -1.393752      1.428713
     16      0.021077      0.031616     -1.425509     -1.393892      1.406152
     17      0.021641      0.032461     -1.426739     -1.394277      1.387551
     18      0.021727      0.032590     -1.426769     -1.394179      1.389112
     19      0.021610      0.032416     -1.426594     -1.394178      1.393062
     20      0.021074      0.031611     -1.425764     -1.394152      1.406637
     21      0.020167      0.030251     -1.424402     -1.394151      1.428404
     22      0.019418      0.029127     -1.423277     -1.394150      1.445951
     23      0.018837      0.028255     -1.422404     -1.394149      1.459144
     24      0.018166      0.027249     -1.421359     -1.394110      1.474688
     25      0.016869      0.025303     -1.419584     -1.394281      1.500424
     26      0.015175      0.022763     -1.417042     -1.394279      1.536918
     27      0.013621      0.020432     -1.414709     -1.394277      1.569702
     28      0.012225      0.018337     -1.412613     -1.394276      1.598559
     29      0.011004      0.016506     -1.410780     -1.394274      1.623293
     30      0.009975      0.014962     -1.409235     -1.394273      1.643729
     31      0.009150      0.013726     -1.407998     -1.394272      1.659720
     32      0.008542      0.012813     -1.407084     -1.394271      1.671147
     33      0.008157      0.012236     -1.406507     -1.394271      1.677922
     34      0.008003      0.012004     -1.406274     -1.394270      1.679988
     35      0.008080      0.012120     -1.406390     -1.394270      1.677320
     36      0.008389      0.012583     -1.406854     -1.394271      1.669927
     37      0.008668      0.013002     -1.407262     -1.394260      1.664235
     38      0.008912      0.013367     -1.407628     -1.394261      1.659848
     39      0.008977      0.013466     -1.407479     -1.394013      1.662832
     40      0.008808      0.013212     -1.407226     -1.394013      1.666796
     41      0.008772      0.013158     -1.407172     -1.394014      1.667610
     42      0.008866      0.013300     -1.407314     -1.394014      1.665302
     43      0.008769      0.013153     -1.407533     -1.394379      1.661268
     44      0.008474      0.012711     -1.407090     -1.394379      1.666528
     45      0.008302      0.012453     -1.406832     -1.394378      1.668743
     46      0.008258      0.012388     -1.406766     -1.394378      1.667861
     47      0.008204      0.012306     -1.406778     -1.394472      1.665720
     48      0.008146      0.012218     -1.406689     -1.394471      1.665431
     49      0.008231      0.012346     -1.406817     -1.394470      1.661854
     50      0.008466      0.012699     -1.407169     -1.394470      1.654931
     51      0.008627      0.012940     -1.407114     -1.394174      1.655593
     52      0.008728      0.013092     -1.407267     -1.394174      1.653386
     53      0.009011      0.013517     -1.407691     -1.394174      1.647479
     54      0.009476      0.014215     -1.408389     -1.394174      1.637865
     55      0.010121      0.015182     -1.409357     -1.394175      1.624562
     56      0.010833      0.016250     -1.410409     -1.394159      1.610459
     57      0.011364      0.017046     -1.411472     -1.394426      1.596175
     58      0.011690      0.017535     -1.411733     -1.394198      1.595190
     59      0.012082      0.018123     -1.412322     -1.394199      1.589265
     60      0.012702      0.019053     -1.413252     -1.394199      1.578222
     61      0.013541      0.020312     -1.414512     -1.394201      1.562156
     62      0.014021      0.021031     -1.414645     -1.393614      1.563251
     63      0.014102      0.021153     -1.414767     -1.393614      1.563605
     64      0.014164      0.021245     -1.414770     -1.393525      1.565842
     65      0.014207      0.021311     -1.414836     -1.393525      1.566902
     66      0.014406      0.021609     -1.415134     -1.393525      1.564069
     67      0.014757      0.022135     -1.415661     -1.393525      1.557372
     68      0.014843      0.022265     -1.416089     -1.393824      1.551203
     69      0.014686      0.022029     -1.415853     -1.393824      1.554391
     70      0.014720      0.022080     -1.415904     -1.393824      1.553397
     71      0.014944      0.022416     -1.416241     -1.393824      1.548225
     72      0.015356      0.023035     -1.416859     -1.393825      1.538907
     73      0.015951      0.023927     -1.417752     -1.393825      1.525503
     74      0.016509      0.024764     -1.418338     -1.393574      1.517459
     75      0.017027      0.025540     -1.419114     -1.393574      1.506424
     76      0.017301      0.025951     -1.419952     -1.394001      1.493879
     77      0.016706      0.025059     -1.419033     -1.393974      1.506384
     78      0.015624      0.023436     -1.417409     -1.393973      1.528153
     79      0.014626      0.021939     -1.415910     -1.393972      1.547276
     80      0.013725      0.020588     -1.414559     -1.393971      1.563591
     81      0.012726      0.019090     -1.413192     -1.394102      1.580066
     82      0.011465      0.017197     -1.411041     -1.393844      1.609659
     83      0.010205      0.015307     -1.409154     -1.393847      1.634844
     84      0.009131      0.013697     -1.407543     -1.393846      1.655850
     85      0.008265      0.012397     -1.406242     -1.393845      1.672272
     86      0.007618      0.011427     -1.405271     -1.393844      1.683979
     87      0.007199      0.010799     -1.404643     -1.393844      1.690873
     88      0.007015      0.010523     -1.404366     -1.393843      1.692890
     89      0.007069      0.010603     -1.404446     -1.393843      1.690003
     90      0.007359      0.011038     -1.404882     -1.393844      1.682221
     91      0.007697      0.011546     -1.405542     -1.393996      1.671630
     92      0.008080      0.012120     -1.406117     -1.393997      1.663775
     93      0.008522      0.012784     -1.406814     -1.394030      1.654934
     94      0.009005      0.013508     -1.407538     -1.394031      1.646382
     95      0.009586      0.014379     -1.408359     -1.393980      1.636766
     96      0.009858      0.014788     -1.409191     -1.394403      1.626611
     97      0.009923      0.014884     -1.409287     -1.394403      1.627050
     98      0.009925      0.014887     -1.409675     -1.394788      1.622954
     99      0.009681      0.014522     -1.409246     -1.394723      1.630295
    100      0.009460      0.014191     -1.408914     -1.394723      1.636238
    101      0.009334      0.014001     -1.408677     -1.394676      1.640859
    102      0.009279      0.013919     -1.408595     -1.394676      1.643158
    103      0.009366      0.014049     -1.408725     -1.394676      1.642250
    104      0.009594      0.014390     -1.409067     -1.394676      1.638135
    105      0.009961      0.014942     -1.409618     -1.394677      1.630825
    106      0.010298      0.015447     -1.410100     -1.394653      1.625030
    107      0.010603      0.015904     -1.410557     -1.394653      1.619885
    108      0.011039      0.016559     -1.411212     -1.394653      1.611598
    109      0.011604      0.017406     -1.412060     -1.394654      1.600200
    110      0.011968      0.017953     -1.412896     -1.394944      1.588337
    111      0.012133      0.018200     -1.413144     -1.394943      1.584564
    112      0.012426      0.018639     -1.413582     -1.394943      1.577641
    113      0.012847      0.019270     -1.414213     -1.394943      1.567550
    114      0.012983      0.019474     -1.414053     -1.394579      1.571853
    115      0.012889      0.019333     -1.413912     -1.394579      1.575991
    116      0.012997      0.019495     -1.414075     -1.394579      1.575221
    117      0.013306      0.019959     -1.414538     -1.394580      1.569557
    118      0.013811      0.020716     -1.415297     -1.394581      1.559049
    119      0.014344      0.021516     -1.415881     -1.394365      1.551453
    120      0.014871      0.022306     -1.416672     -1.394366      1.540117
    121      0.015360      0.023039     -1.417298     -1.394259      1.530869
    122      0.015395      0.023093     -1.417493     -1.394400      1.527904
    123      0.015177      0.022766     -1.417165     -1.394399      1.533410
    124      0.015136      0.022705     -1.417104     -1.394399      1.534913
    125      0.015274      0.022912     -1.417311     -1.394399      1.532404
    126      0.015590      0.023384     -1.417784     -1.394400      1.525898
    127      0.015943      0.023915     -1.418493     -1.394578      1.515689
    128      0.015977      0.023966     -1.418294     -1.394329      1.519150
    129      0.015506      0.023260     -1.417844     -1.394585      1.525084
    130      0.014837      0.022256     -1.416840     -1.394584      1.538987
    131      0.013981      0.020971     -1.415200     -1.394229      1.561526
    132      0.012951      0.019427     -1.413654     -1.394228      1.581443
    133      0.011789      0.017683     -1.411651     -1.393968      1.608205
    134      0.010547      0.015820     -1.409787     -1.393967      1.632374
    135      0.009477      0.014215     -1.408180     -1.393965      1.652463
    136      0.008594      0.012890     -1.406854     -1.393964      1.668309
    137      0.007910      0.011866     -1.405829     -1.393963      1.679772
    138      0.007438      0.011157     -1.405119     -1.393962      1.686740
    139      0.007185      0.010777     -1.404739     -1.393962      1.689130
    140      0.007156      0.010734     -1.404696     -1.393962      1.686890
    141      0.007172      0.010758     -1.404582     -1.393825      1.686590
    142      0.007243      0.010865     -1.404690     -1.393824      1.683524
    143      0.007234      0.010851     -1.404774     -1.393922      1.681337
    144      0.007106      0.010660     -1.404582     -1.393922      1.683875
    145      0.007018      0.010527     -1.404669     -1.394143      1.682500
    146      0.006973      0.010460     -1.404602     -1.394143      1.684170
    147      0.007128      0.010692     -1.404834     -1.394143      1.681890
    148      0.007480      0.011220     -1.405363     -1.394143      1.675676
    149      0.007796      0.011694     -1.406112     -1.394418      1.666405
    150      0.007947      0.011921     -1.406381     -1.394460      1.664800
    151      0.008193      0.012290     -1.406750     -1.394461      1.662472
    152      0.008665      0.012997     -1.407459     -1.394461      1.655392
    153      0.009354      0.014031     -1.408494     -1.394462      1.643646
    154      0.010250      0.015375     -1.409839     -1.394464      1.627355
    155      0.011338      0.017007     -1.411472     -1.394465      1.606668
    156      0.012603      0.018904     -1.413371     -1.394467      1.581761
    157      0.013799      0.020699     -1.415142     -1.394443      1.558805
    158      0.014904      0.022357     -1.416801     -1.394445      1.537206
    159      0.016129      0.024193     -1.418639     -1.394446      1.512068
    160      0.017457      0.026185     -1.420632     -1.394447      1.483564
    161      0.018873      0.028310     -1.422759     -1.394449      1.451881
    162      0.019622      0.029433     -1.423891     -1.394458      1.433667
    163      0.019706      0.029560     -1.424018     -1.394458      1.430480
    164      0.019208      0.028812     -1.423539     -1.394727      1.437064
    165      0.018126      0.027190     -1.421916     -1.394726      1.462038
    166      0.017141      0.025712     -1.420437     -1.394725      1.483792
    167      0.016264      0.024396     -1.419120     -1.394724      1.502179
    168      0.015506      0.023259     -1.417982     -1.394723      1.517065
    169      0.014677      0.022016     -1.416565     -1.394549      1.535779
    170      0.013823      0.020734     -1.415282     -1.394548      1.551878
    171      0.013047      0.019571     -1.414247     -1.394676      1.563864
    172      0.012175      0.018263     -1.413068     -1.394806      1.578399
    173      0.011323      0.016985     -1.411789     -1.394804      1.594297
    174      0.010662      0.015994     -1.410797     -1.394804      1.605884
    175      0.010111      0.015167     -1.410040     -1.394873      1.614125
    176      0.009647      0.014471     -1.409343     -1.394873      1.622047
    177      0.009355      0.014032     -1.408905     -1.394872      1.626325
    178      0.009238      0.013858     -1.408730     -1.394872      1.626923
    179      0.008856      0.013284     -1.407942     -1.394659      1.637116
    180      0.008213      0.012320     -1.406978     -1.394658      1.650123
    181      0.007762      0.011643     -1.406301     -1.394658      1.659306
    182      0.007505      0.011257     -1.405915     -1.394658      1.664643
    183      0.007440      0.011160     -1.405818     -1.394658      1.666138
    184      0.007387      0.011080     -1.405543     -1.394463      1.671276
    185      0.007347      0.011021     -1.405484     -1.394463      1.673587
    186      0.007498      0.011247     -1.405711     -1.394464      1.672053
    187      0.007834      0.011750     -1.406215     -1.394465      1.666740
    188      0.008190      0.012285     -1.406831     -1.394546      1.660217
    189      0.008549      0.012823     -1.407370     -1.394547      1.655471
    190      0.009052      0.013577     -1.408125     -1.394548      1.647420
    191      0.009688      0.014531     -1.409080     -1.394549      1.636173
    192      0.010226      0.015338     -1.410137     -1.394799      1.623014
    193      0.010657      0.015986     -1.410785     -1.394799      1.616608
    194      0.011199      0.016798     -1.411598     -1.394800      1.607289
    195      0.011845      0.017767     -1.412567     -1.394800      1.595127
    196      0.012587      0.018881     -1.413682     -1.394801      1.580200
    197      0.013113      0.019670     -1.414101     -1.394432      1.574531
    198      0.012883      0.019325     -1.414299     -1.394974      1.570828
    199      0.012275      0.018412     -1.413386     -1.394973      1.584160
    200      0.011728      0.017592     -1.412590     -1.394998      1.596085
    201      0.011241      0.016861     -1.411859     -1.394998      1.607388
    202      0.010958      0.016437     -1.411434     -1.394998      1.614309
    203      0.010880      0.016320     -1.411318     -1.394998      1.616832
    204      0.011006      0.016510     -1.411508     -1.394998      1.614973
    205      0.011332      0.016999     -1.411997     -1.394999      1.608777
    206      0.011548      0.017321     -1.412738     -1.395417      1.598600
    207      0.011668      0.017501     -1.412918     -1.395417      1.596925
    208      0.011993      0.017990     -1.413407     -1.395417      1.590293
    209      0.012191      0.018286     -1.413737     -1.395450      1.585349
    210      0.012234      0.018351     -1.413801     -1.395450      1.583869
    211      0.012455      0.018683     -1.414133     -1.395450      1.578317
    212      0.012855      0.019283     -1.414733     -1.395450      1.568691
    213      0.013431      0.020147     -1.415597     -1.395451      1.555012
    214      0.013983      0.020974     -1.416228     -1.395253      1.545390
    215      0.014508      0.021762     -1.417015     -1.395254      1.533285
    216      0.015200      0.022800     -1.418055     -1.395254      1.517267
    217      0.016053      0.024079     -1.419335     -1.395255      1.497424
    218      0.016814      0.025221     -1.420124     -1.394903      1.485617
    219      0.016890      0.025334     -1.420067     -1.394732      1.486497
    220      0.016326      0.024490     -1.418978     -1.394489      1.503171
    221      0.015696      0.023544     -1.418032     -1.394488      1.516653
    222      0.015174      0.022760     -1.417248     -1.394488      1.526829
    223      0.014541      0.021811     -1.416026     -1.394215      1.543207
    224      0.013769      0.020654     -1.414868     -1.394215      1.557534
    225      0.013072      0.019608     -1.413822     -1.394214      1.569355
    226      0.012066      0.018099     -1.412768     -1.394669      1.580509
    227      0.010630      0.015945     -1.410448     -1.394503      1.613016
    228      0.009170      0.013755     -1.408257     -1.394502      1.643144
    229      0.007846      0.011769     -1.406268     -1.394500      1.670000
    230      0.006675      0.010013     -1.404511     -1.394498      1.693386
    231      0.005675      0.008512     -1.403009     -1.394497      1.713121
    232      0.004860      0.007290     -1.401786     -1.394496      1.729049
    233      0.004243      0.006364     -1.400859     -1.394495      1.741036
    234      0.003833      0.005749     -1.400243     -1.394494      1.748977
    235      0.003638      0.005457     -1.399951     -1.394494      1.752798
    236      0.003662      0.005493     -1.399987     -1.394494      1.752452
    237      0.003906      0.005860     -1.400353     -1.394494      1.747927
    238      0.004369      0.006554     -1.401048     -1.394494      1.739241
    239      0.005045      0.007568     -1.402063     -1.394495      1.726445
    240      0.005927      0.008891     -1.403387     -1.394496      1.709618
    241      0.007005      0.010507     -1.405004     -1.394497      1.688870
    242      0.008204      0.012306     -1.406806     -1.394500      1.665872
    243      0.009540      0.014310     -1.408812     -1.394502      1.640204
    244      0.010990      0.016486     -1.411005     -1.394520      1.611864
    245      0.012562      0.018844     -1.413365     -1.394522      1.581011
    246      0.014317      0.021476     -1.416000     -1.394524      1.545421
    247      0.016232      0.024347     -1.418874     -1.394526      1.505369
    248      0.018154      0.027230     -1.421909     -1.394679      1.461670
    249      0.019213      0.028820     -1.424017     -1.395198      1.430398
    250      0.019288      0.028931     -1.424112     -1.395181      1.428505
    251      0.019238      0.028858     -1.424038     -1.395180      1.429436
    252      0.019085      0.028628     -1.423767     -1.395139      1.433949
    253      0.018820      0.028230     -1.423369     -1.395139      1.440636
    254      0.018665      0.027997     -1.423137     -1.395139      1.444572
    255      0.018621      0.027931     -1.423071     -1.395139      1.445748
    256      0.018688      0.028032     -1.423171     -1.395139      1.444164
    257      0.018379      0.027568     -1.422590     -1.395022      1.451651
    258      0.017518      0.026276     -1.421226     -1.394950      1.469893
    259      0.016578      0.024867     -1.419816     -1.394949      1.488326
    260      0.015732      0.023598     -1.418546     -1.394948      1.504059
    261      0.014809      0.022213     -1.416949     -1.394736      1.525189
    262      0.013702      0.020553     -1.415090     -1.394537      1.550093
    263      0.012260      0.018390     -1.412548     -1.394158      1.584374
    264      0.010635      0.015953     -1.410109     -1.394156      1.616369
    265      0.009194      0.013790     -1.407945     -1.394154      1.644088
    266      0.007955      0.011932     -1.406085     -1.394153      1.667326
    267      0.006935      0.010403     -1.404555     -1.394151      1.685901
    268      0.006029      0.009044     -1.403174     -1.394130      1.703104
    269      0.005219      0.007828     -1.401957     -1.394129      1.718731
    270      0.004624      0.006936     -1.401065     -1.394129      1.730222
    271      0.004250      0.006375     -1.400504     -1.394129      1.737523
    272      0.004100      0.006150     -1.400279     -1.394129      1.740610
    273      0.004173      0.006259     -1.400388     -1.394129      1.739493
    274      0.004465      0.006697     -1.400827     -1.394130      1.734213
    275      0.004838      0.007256     -1.401183     -1.393926      1.731178
    276      0.005294      0.007941     -1.401868     -1.393927      1.723817
    277      0.005962      0.008943     -1.402871     -1.393928      1.712341
    278      0.006829      0.010243     -1.404173     -1.393930      1.696882
    279      0.007879      0.011818     -1.405750     -1.393931      1.677603
    280      0.009095      0.013643     -1.407576     -1.393933      1.654687
    281      0.010458      0.015687     -1.409622     -1.393935      1.628343
    282      0.011743      0.017615     -1.411347     -1.393732      1.607122
    283      0.012927      0.019391     -1.413124     -1.393733      1.584425
    284      0.013820      0.020729     -1.414741     -1.394011      1.563368
    285      0.014409      0.021613     -1.415625     -1.394011      1.553608
    286      0.015066      0.022599     -1.416611     -1.394012      1.541346
    287      0.015788      0.023682     -1.417694     -1.394012      1.526621
    288      0.016571      0.024857     -1.418869     -1.394012      1.509476
    289      0.016676      0.025013     -1.419552     -1.394539      1.498672
    290      0.016172      0.024258     -1.418796     -1.394538      1.509997
    291      0.015851      0.023777     -1.418315     -1.394538      1.517278
    292      0.015716      0.023574     -1.418112     -1.394538      1.520484
    293      0.015497      0.023246     -1.417803     -1.394557      1.525502
    294      0.015020      0.022529     -1.416936     -1.394406      1.539264
    295      0.014544      0.021816     -1.416221     -1.394406      1.550251
    296      0.014260      0.021390     -1.415796     -1.394405      1.556474
    297      0.014173      0.021260     -1.415665     -1.394405      1.557880
    298      0.014284      0.021426     -1.415831     -1.394405      1.554452
    299      0.014592      0.021888     -1.416293     -1.394406      1.546203
    300      0.014380      0.021569     -1.415988     -1.394419      1.549302
    301      0.013659      0.020488     -1.414905     -1.394418      1.564136
    302      0.013160      0.019739     -1.414156     -1.394417      1.573906
    303      0.012890      0.019335     -1.413752     -1.394416      1.578528
    304      0.012855      0.019282     -1.413699     -1.394416      1.577957
    305      0.013054      0.019581     -1.413998     -1.394417      1.572191
    306      0.013485      0.020227     -1.414644     -1.394417      1.561265
    307      0.013570      0.020355     -1.415146     -1.394791      1.552335
    308      0.013060      0.019591     -1.414631     -1.395040      1.558772
    309      0.012479      0.018718     -1.413759     -1.395040      1.571317
    310      0.012015      0.018022     -1.413063     -1.395040      1.580876
    311      0.011470      0.017204     -1.412001     -1.394797      1.596644
    312      0.010831      0.016247     -1.411044     -1.394797      1.610116
    313      0.010290      0.015435     -1.410232     -1.394797      1.620791
    314      0.009769      0.014653     -1.409451     -1.394797      1.630694
    315      0.009074      0.013611     -1.408270     -1.394659      1.647542
    316      0.008291      0.012437     -1.407095     -1.394658      1.664094
    317      0.007626      0.011440     -1.406097     -1.394657      1.677623
    318      0.007088      0.010632     -1.405288     -1.394656      1.688025
    319      0.006684      0.010026     -1.404682     -1.394656      1.695209
    320      0.006225      0.009338     -1.403680     -1.394342      1.707712
    321      0.005763      0.008645     -1.402987     -1.394342      1.715615
    322      0.005339      0.008009     -1.402622     -1.394613      1.718724
    323      0.004753      0.007130     -1.401674     -1.394544      1.731211
    324      0.004209      0.006313     -1.400857     -1.394544      1.742383
    325      0.003927      0.005891     -1.400434     -1.394543      1.748415
    326      0.003913      0.005869     -1.400412     -1.394543      1.749268
    327      0.004165      0.006248     -1.400791     -1.394544      1.744942
    328      0.004681      0.007021     -1.401565     -1.394544      1.735477
    329      0.005451      0.008177     -1.402723     -1.394546      1.720957
    330      0.006466      0.009700     -1.404247     -1.394547      1.701501
    331      0.007711      0.011566     -1.406115     -1.394549      1.677266
    332      0.009168      0.013751     -1.408302     -1.394550      1.648442
    333      0.010816      0.016224     -1.410776     -1.394552      1.615250
    334      0.012530      0.018795     -1.413301     -1.394507      1.581212
    335      0.014288      0.021432     -1.415941     -1.394509      1.545022
    336      0.016176      0.024263     -1.418774     -1.394511      1.505196
    337      0.018021      0.027031     -1.421487     -1.394456      1.466838
    338      0.019487      0.029230     -1.423272     -1.394041      1.442872
    339      0.020559      0.030838     -1.424938     -1.394099      1.419489
    340      0.021164      0.031746     -1.425688     -1.393942      1.409143
    341      0.021272      0.031909     -1.425724     -1.393815      1.409445
    342      0.021319      0.031979     -1.425794     -1.393815      1.408698
    343      0.021513      0.032270     -1.426085     -1.393815      1.403860
    344      0.021620      0.032430     -1.426145     -1.393715      1.402620
    345      0.021156      0.031734     -1.425896     -1.394162      1.405729
    346      0.019932      0.029898     -1.424337     -1.394438      1.428559
    347      0.018393      0.027590     -1.422027     -1.394437      1.463105
    348      0.016947      0.025420     -1.419856     -1.394436      1.494470
    349      0.015607      0.023410     -1.417844     -1.394434      1.522485
    350      0.014386      0.021580     -1.416013     -1.394433      1.546993
    351      0.013299      0.019948     -1.414381     -1.394432      1.567851
    352      0.012189      0.018284     -1.412749     -1.394466      1.588410
    353      0.010892      0.016339     -1.410764     -1.394426      1.614026
    354      0.009594      0.014390     -1.408815     -1.394424      1.638683
    355      0.008490      0.012736     -1.407158     -1.394423      1.658911
    356      0.007598      0.011397     -1.405818     -1.394422      1.674548
    357      0.006928      0.010393     -1.404813     -1.394421      1.685466
    358      0.006377      0.009565     -1.404031     -1.394465      1.693588
    359      0.005950      0.008924     -1.403389     -1.394465      1.700422
    360      0.005558      0.008338     -1.402640     -1.394302      1.710298
    361      0.005179      0.007768     -1.402070     -1.394302      1.718279
    362      0.005013      0.007520     -1.401822     -1.394302      1.722175
    363      0.005060      0.007590     -1.401893     -1.394303      1.722007
    364      0.005314      0.007971     -1.402274     -1.394304      1.717826
    365      0.005563      0.008345     -1.402372     -1.394028      1.719603
    366      0.005787      0.008680     -1.402709     -1.394029      1.717936
    367      0.006176      0.009264     -1.403294     -1.394029      1.712745
    368      0.006722      0.010083     -1.404113     -1.394030      1.704117
    369      0.007414      0.011120     -1.405152     -1.394031      1.692155
    370      0.008240      0.012360     -1.406393     -1.394033      1.676974
    371      0.008928      0.013392     -1.407633     -1.394241      1.661602
    372      0.009467      0.014200     -1.408442     -1.394242      1.653317
    373      0.010114      0.015171     -1.409413     -1.394242      1.642125
    374      0.010864      0.016297     -1.410539     -1.394243      1.628090
    375      0.011323      0.016985     -1.410645     -1.393660      1.627350
    376      0.011548      0.017322     -1.410982     -1.393660      1.622644
    377      0.011961      0.017941     -1.411602     -1.393660      1.613741
    378      0.012559      0.018838     -1.412499     -1.393660      1.600666
    379      0.013170      0.019755     -1.413180     -1.393425      1.591145
    380      0.013641      0.020462     -1.413795     -1.393333      1.582530
    381      0.014138      0.021207     -1.414541     -1.393333      1.571773
    382      0.014806      0.022210     -1.415543     -1.393334      1.556998
    383      0.015641      0.023462     -1.416796     -1.393334      1.538251
    384      0.016637      0.024956     -1.418291     -1.393335      1.515606
    385      0.017425      0.026137     -1.419187     -1.393050      1.503883
    386      0.017582      0.026373     -1.419829     -1.393456      1.495591
    387      0.017324      0.025987     -1.419470     -1.393483      1.501640
    388      0.016824      0.025236     -1.419087     -1.393851      1.507228
    389      0.016249      0.024373     -1.418224     -1.393850      1.520457
    390      0.015855      0.023782     -1.417632     -1.393850      1.529065
    391      0.015647      0.023470     -1.417320     -1.393850      1.532999
    392      0.015627      0.023441     -1.417291     -1.393850      1.532234
    393      0.015796      0.023694     -1.417544     -1.393850      1.526779
    394      0.016150      0.024224     -1.418075     -1.393850      1.516674
    395      0.016184      0.024276     -1.418222     -1.393946      1.513418
    396      0.015555      0.023332     -1.417620     -1.394288      1.522936
    397      0.014732      0.022098     -1.416386     -1.394288      1.542351
    398      0.013999      0.020999     -1.415287     -1.394288      1.559095
    399      0.013357      0.020035     -1.414323     -1.394288      1.573146
    400      0.012805      0.019208     -1.413496     -1.394288      1.584491
    401      0.012346      0.018518     -1.412806     -1.394288      1.593126
    402      0.011977      0.017966     -1.412254     -1.394288      1.599054
    403      0.011170      0.016755     -1.410702     -1.393948      1.620963
    404      0.009927      0.014890     -1.408837     -1.393946      1.647282
    405      0.008788      0.013182     -1.407127     -1.393945      1.670718
    406      0.007481      0.011222     -1.405248     -1.394026      1.695738
    407      0.006064      0.009096     -1.403120     -1.394024      1.723666
    408      0.004855      0.007283     -1.401305     -1.394023      1.747040
    409      0.003872      0.005808     -1.399829     -1.394021      1.765670
    410      0.003130      0.004695     -1.398715     -1.394020      1.779400
    411      0.002640      0.003960     -1.397979     -1.394019      1.788106
    412      0.002411      0.003616     -1.397635     -1.394019      1.791699
    413      0.002447      0.003671     -1.397690     -1.394019      1.790127
    414      0.002751      0.004127     -1.398146     -1.394019      1.783381
    415      0.003320      0.004980     -1.399000     -1.394019      1.771485
    416      0.004148      0.006222     -1.400242     -1.394020      1.754507
    417      0.005225      0.007837     -1.401858     -1.394022      1.732549
    418      0.006538      0.009806     -1.403829     -1.394023      1.705752
    419      0.008071      0.012107     -1.406131     -1.394025      1.674291
    420      0.009428      0.014143     -1.408356     -1.394213      1.643877
    421      0.010604      0.015906     -1.410120     -1.394214      1.620851
    422      0.011969      0.017953     -1.412169     -1.394216      1.593506
    423      0.013507      0.020260     -1.414478     -1.394217      1.562025
    424      0.015199      0.022798     -1.417017     -1.394219      1.526616
    425      0.016741      0.025112     -1.419641     -1.394529      1.489213
    426      0.017906      0.026859     -1.421499     -1.394640      1.463815
    427      0.018859      0.028289     -1.422782     -1.394493      1.447280
    428      0.019835      0.029752     -1.424247     -1.394495      1.427263
    429      0.020693      0.031039     -1.425768     -1.394729      1.405669
    430      0.021078      0.031618     -1.426626     -1.395008      1.394368
    431      0.021038      0.031558     -1.426798     -1.395241      1.392806
    432      0.020347      0.030521     -1.425779     -1.395259      1.408585
    433      0.019200      0.028800     -1.424057     -1.395257      1.434809
    434      0.018185      0.027277     -1.422534     -1.395256      1.457581
    435      0.017312      0.025968     -1.421224     -1.395256      1.476778
    436      0.016371      0.024556     -1.419517     -1.394961      1.502107
    437      0.015365      0.023047     -1.418007     -1.394960      1.523999
    438      0.014145      0.021217     -1.415860     -1.394643      1.555399
    439      0.012704      0.019056     -1.413698     -1.394641      1.586215
    440      0.011416      0.017124     -1.411764     -1.394640      1.613170
    441      0.010295      0.015443     -1.410082     -1.394639      1.636098
    442      0.009354      0.014031     -1.408669     -1.394638      1.654856
    443      0.008504      0.012756     -1.407355     -1.394599      1.672140
    444      0.007753      0.011630     -1.406228     -1.394598      1.686673
    445      0.007208      0.010813     -1.405410     -1.394597      1.696757
    446      0.006876      0.010314     -1.404911     -1.394597      1.702318
    447      0.006761      0.010142     -1.404738     -1.394597      1.703310
    448      0.006865      0.010297     -1.404894     -1.394597      1.699717
    449      0.006973      0.010459     -1.405061     -1.394602      1.696013
    450      0.007087      0.010630     -1.405232     -1.394602      1.692358
    451      0.007246      0.010870     -1.405560     -1.394690      1.686543
    452      0.007459      0.011189     -1.405879     -1.394690      1.681112
    453      0.007900      0.011850     -1.406541     -1.394690      1.670966
    454      0.008241      0.012361     -1.406780     -1.394419      1.667495
    455      0.008439      0.012658     -1.407078     -1.394420      1.663113
    456      0.008799      0.013199     -1.407619     -1.394420      1.655204
    457      0.009315      0.013973     -1.408394     -1.394421      1.643851
    458      0.009742      0.014614     -1.409109     -1.394495      1.633886
    459      0.010071      0.015106     -1.409602     -1.394496      1.628068
    460      0.010529      0.015793     -1.410290     -1.394496      1.619132
    461      0.011110      0.016665     -1.411162     -1.394497      1.607156
    462      0.011638      0.017457     -1.411744     -1.394287      1.599984
    463      0.012013      0.018020     -1.412203     -1.394183      1.594523
    464      0.012107      0.018161     -1.412615     -1.394454      1.589077
    465      0.012014      0.018020     -1.412474     -1.394454      1.592016
    466      0.012022      0.018033     -1.412486     -1.394453      1.592139
    467      0.012137      0.018205     -1.412658     -1.394453      1.589401
    468      0.012022      0.018033     -1.412983     -1.394950      1.583558
    469      0.011577      0.017365     -1.412098     -1.394733      1.596177
    470      0.011168      0.016751     -1.411484     -1.394732      1.604622
    471      0.010952      0.016428     -1.411160     -1.394732      1.608807
    472      0.010934      0.016402     -1.411133     -1.394732      1.608696
    473      0.010883      0.016325     -1.410861     -1.394536      1.613701
    474      0.010805      0.016207     -1.410743     -1.394536      1.616867
    475      0.010934      0.016401     -1.410937     -1.394536      1.615635
    476      0.011267      0.016901     -1.411438     -1.394537      1.610040
    477      0.011698      0.017547     -1.412126     -1.394579      1.601899
    478      0.012217      0.018326     -1.412906     -1.394580      1.592610
    479      0.012621      0.018931     -1.413372     -1.394441      1.588056
    480      0.012929      0.019393     -1.413834     -1.394441      1.583177
    481      0.013221      0.019831     -1.414018     -1.394187      1.582195
    482      0.013495      0.020243     -1.414430     -1.394187      1.577223
    483      0.013967      0.020950     -1.415138     -1.394188      1.567402
    484      0.014629      0.021944     -1.416132     -1.394189      1.552800
    485      0.015474      0.023212     -1.417401     -1.394190      1.533522
    486      0.016150      0.024225     -1.417993     -1.393769      1.524773
    487      0.016641      0.024962     -1.418731     -1.393769      1.513525
    488      0.017189      0.025783     -1.419397     -1.393614      1.503699
    489      0.017676      0.026515     -1.420124     -1.393609      1.492751
    490      0.017811      0.026716     -1.420644     -1.393928      1.484555
    491      0.017641      0.026462     -1.420390     -1.393928      1.487849
    492      0.017016      0.025524     -1.419630     -1.394105      1.498204
    493      0.015932      0.023899     -1.418003     -1.394104      1.521772
    494      0.014617      0.021925     -1.415639     -1.393714      1.555792
    495      0.013084      0.019627     -1.413339     -1.393712      1.587598
    496      0.011641      0.017461     -1.411171     -1.393710      1.616640
    497      0.010075      0.015112     -1.409012     -1.393901      1.644859
    498      0.008438      0.012657     -1.406556     -1.393898      1.677303
    499      0.006994      0.010491     -1.404388     -1.393897      1.705333
    500      0.005763      0.008644     -1.402539     -1.393895      1.728729
    501      0.004762      0.007143     -1.401036     -1.393894      1.747299
    502      0.004007      0.006010     -1.399902     -1.393892      1.760883
    503      0.003509      0.005263     -1.399155     -1.393892      1.769356
    504      0.003277      0.004915     -1.398806     -1.393891      1.772631
    505      0.003315      0.004973     -1.398864     -1.393891      1.770658
    506      0.003509      0.005264     -1.399105     -1.393841      1.766877
    507      0.003852      0.005778     -1.399620     -1.393842      1.759841
    508      0.004455      0.006683     -1.400526     -1.393843      1.747743
    509      0.005312      0.007968     -1.401812     -1.393844      1.730661
    510      0.006412      0.009618     -1.403463     -1.393845      1.708709
    511      0.007549      0.011323     -1.405332     -1.394009      1.683814
    512      0.008708      0.013062     -1.407072     -1.394010      1.661290
    513      0.010067      0.015100     -1.409112     -1.394012      1.634367
    514      0.011485      0.017228     -1.411353     -1.394125      1.604219
    515      0.012979      0.019469     -1.413595     -1.394127      1.573726
    516      0.014423      0.021635     -1.415730     -1.394095      1.544982
    517      0.015524      0.023287     -1.417130     -1.393843      1.526987
    518      0.016265      0.024398     -1.418491     -1.394093      1.508518
    519      0.016882      0.025323     -1.419417     -1.394094      1.497196
    520      0.017332      0.025998     -1.419948     -1.393949      1.492264
    521      0.017594      0.026391     -1.420341     -1.393950      1.488654
    522      0.017904      0.026855     -1.420805     -1.393950      1.482829
    523      0.018259      0.027388     -1.421338     -1.393950      1.474815
    524      0.018658      0.027987     -1.421937     -1.393950      1.464634
    525      0.018843      0.028264     -1.421963     -1.393699      1.463282
    526      0.018503      0.027755     -1.421033     -1.393278      1.477040
    527      0.017957      0.026936     -1.420213     -1.393277      1.488601
    528      0.017370      0.026055     -1.419237     -1.393182      1.502675
    529      0.016432      0.024648     -1.417368     -1.392720      1.531201
    530      0.015357      0.023036     -1.415754     -1.392719      1.554911
    531      0.014467      0.021701     -1.414418     -1.392717      1.573929
    532      0.013471      0.020207     -1.412972     -1.392765      1.594111
    533      0.012348      0.018521     -1.411285     -1.392764      1.617575
    534      0.011196      0.016795     -1.409632     -1.392837      1.640096
    535      0.009929      0.014893     -1.407636     -1.392743      1.667348
    536      0.008764      0.013145     -1.405887     -1.392742      1.690909
    537      0.007812      0.011718     -1.404459     -1.392740      1.709904
    538      0.007086      0.010630     -1.403369     -1.392740      1.724198
    539      0.006596      0.009894     -1.402633     -1.392739      1.733690
    540      0.006347      0.009520     -1.402259     -1.392739      1.738310
    541      0.006343      0.009514     -1.402253     -1.392739      1.738023
    542      0.006583      0.009875     -1.402614     -1.392739      1.732831
    543      0.007065      0.010598     -1.403337     -1.392740      1.722767
    544      0.007782      0.011674     -1.404414     -1.392740      1.707900
    545      0.008726      0.013088     -1.405830     -1.392742      1.688333
    546      0.009882      0.014824     -1.407567     -1.392743      1.664199
    547      0.010844      0.016266     -1.408832     -1.392566      1.646567
    548      0.011553      0.017329     -1.409895     -1.392567      1.631113
    549      0.012371      0.018557     -1.411124     -1.392568      1.612696
    550      0.013249      0.019873     -1.412475     -1.392602      1.591843
    551      0.013793      0.020689     -1.412990     -1.392301      1.583929
    552      0.014035      0.021053     -1.413354     -1.392301      1.578015
    553      0.014391      0.021587     -1.413888     -1.392301      1.569226
    554      0.014859      0.022288     -1.414589     -1.392301      1.557581
    555      0.015110      0.022666     -1.415407     -1.392741      1.543570
    556      0.014923      0.022385     -1.414926     -1.392541      1.551017
    557      0.014349      0.021523     -1.414362     -1.392838      1.559253
    558      0.013580      0.020370     -1.413189     -1.392819      1.576481
    559      0.012918      0.019377     -1.412195     -1.392818      1.590449
    560      0.012078      0.018116     -1.410534     -1.392418      1.613533
    561      0.011089      0.016634     -1.409067     -1.392434      1.633319
    562      0.010164      0.015246     -1.407843     -1.392597      1.649718
    563      0.009338      0.014008     -1.406603     -1.392596      1.667689
    564      0.008746      0.013120     -1.405715     -1.392595      1.680855
    565      0.008394      0.012591     -1.405186     -1.392595      1.689153
    566      0.008085      0.012127     -1.404947     -1.392820      1.693450
    567      0.007809      0.011713     -1.404533     -1.392820      1.700670
    568      0.007758      0.011638     -1.404457     -1.392820      1.703171
    569      0.007933      0.011900     -1.404720     -1.392820      1.700958
    570      0.008330      0.012495     -1.405316     -1.392821      1.694070
    571      0.008941      0.013412     -1.406234     -1.392822      1.682574
    572      0.009759      0.014638     -1.407461     -1.392823      1.666570
    573      0.010771      0.016156     -1.408980     -1.392824      1.646186
    574      0.011963      0.017945     -1.410770     -1.392825      1.621576
    575      0.013187      0.019780     -1.412554     -1.392774      1.596946
    576      0.014083      0.021124     -1.414383     -1.393258      1.570903
    577      0.014530      0.021795     -1.415211     -1.393416      1.559645
    578      0.014886      0.022329     -1.415746     -1.393417      1.553096
    579      0.015419      0.023129     -1.416546     -1.393417      1.542560
    580      0.016123      0.024184     -1.417602     -1.393418      1.528109
    581      0.016988      0.025482     -1.418901     -1.393419      1.509837
    582      0.017755      0.026632     -1.420258     -1.393625      1.490494
    583      0.018381      0.027572     -1.421198     -1.393626      1.477903
    584      0.018653      0.027980     -1.420999     -1.393019      1.482196
    585      0.018545      0.027817     -1.420836     -1.393019      1.484260
    586      0.018475      0.027712     -1.420731     -1.393019      1.484184
    587      0.017832      0.026748     -1.419100     -1.392352      1.507353
    588      0.016663      0.024994     -1.417345     -1.392351      1.530908
    589      0.015610      0.023415     -1.415765     -1.392350      1.550967
    590      0.014690      0.022035     -1.414383     -1.392348      1.567363
    591      0.013916      0.020874     -1.413221     -1.392347      1.579944
    592      0.013067      0.019600     -1.411594     -1.391994      1.600499
    593      0.011837      0.017756     -1.410001     -1.392245      1.620331
    594      0.010507      0.015761     -1.408004     -1.392243      1.646754
    595      0.009426      0.014138     -1.406380     -1.392242      1.667730
    596      0.008609      0.012913     -1.405153     -1.392241      1.683082
    597      0.007904      0.011856     -1.404184     -1.392329      1.695117
    598      0.007141      0.010712     -1.403041     -1.392329      1.710981
    599      0.006454      0.009681     -1.402010     -1.392328      1.726008
    600      0.006003      0.009005     -1.401333     -1.392328      1.736197
    601      0.005791      0.008686     -1.401014     -1.392328      1.741510
    602      0.005632      0.008447     -1.401020     -1.392572      1.742305
    603      0.005527      0.008291     -1.400863     -1.392572      1.746293
    604      0.005667      0.008501     -1.401074     -1.392573      1.745377
    605      0.006048      0.009072     -1.401645     -1.392574      1.739598
    606      0.006662      0.009993     -1.402567     -1.392574      1.729026
    607      0.007500      0.011250     -1.403825     -1.392576      1.713764
    608      0.008549      0.012824     -1.405400     -1.392577      1.693945
    609      0.009470      0.014205     -1.406778     -1.392574      1.676462
    610      0.010214      0.015321     -1.407896     -1.392575      1.662149
    611      0.010786      0.016179     -1.408840     -1.392661      1.650552
    612      0.011168      0.016752     -1.409414     -1.392662      1.644670
    613      0.011652      0.017479     -1.410141     -1.392662      1.635948
    614      0.012235      0.018352     -1.411014     -1.392662      1.624430
    615      0.012910      0.019365     -1.412028     -1.392663      1.610165
    616      0.013674      0.020511     -1.413175     -1.392663      1.593208
    617      0.014377      0.021565     -1.414258     -1.392693      1.576337
    618      0.015017      0.022526     -1.415219     -1.392693      1.560431
    619      0.015743      0.023614     -1.416307     -1.392693      1.541877
    620      0.016429      0.024644     -1.417520     -1.392876      1.520599
    621      0.016352      0.024528     -1.417225     -1.392697      1.525668
    622      0.015700      0.023550     -1.416245     -1.392696      1.542583
    623      0.015225      0.022838     -1.415533     -1.392695      1.554870
    624      0.014937      0.022406     -1.415101     -1.392695      1.562433
    625      0.014841      0.022261     -1.414955     -1.392695      1.565206
    626      0.014938      0.022406     -1.415101     -1.392695      1.563157
    627      0.014785      0.022178     -1.414822     -1.392645      1.566521
    628      0.014354      0.021532     -1.414176     -1.392644      1.574510
    629      0.013991      0.020987     -1.413723     -1.392736      1.579314
    630      0.013553      0.020329     -1.413037     -1.392708      1.588834
    631      0.013149      0.019724     -1.412431     -1.392707      1.597527
    632      0.012965      0.019448     -1.412155     -1.392707      1.601139
    633      0.012900      0.019349     -1.412120     -1.392770      1.601056
    634      0.012959      0.019439     -1.412209     -1.392770      1.599384
    635      0.012964      0.019446     -1.412515     -1.393069      1.594155
    636      0.012888      0.019332     -1.412402     -1.393069      1.594912
    637      0.012740      0.019110     -1.412235     -1.393125      1.597380
    638      0.012516      0.018774     -1.411898     -1.393125      1.603518
    639      0.012486      0.018728     -1.411853     -1.393125      1.605386
    640      0.012647      0.018971     -1.412096     -1.393125      1.603006
    641      0.012996      0.019493     -1.412620     -1.393126      1.596431
    642      0.013039      0.019559     -1.413409     -1.393851      1.585270
    643      0.012577      0.018866     -1.412586     -1.393721      1.596027
    644      0.012007      0.018011     -1.411630     -1.393619      1.608499
    645      0.011514      0.017271     -1.410890     -1.393618      1.617329
    646      0.011183      0.016775     -1.410393     -1.393618      1.622246
    647      0.010652      0.015978     -1.409800     -1.393822      1.628231
    648      0.009724      0.014585     -1.408506     -1.393921      1.644850
    649      0.008778      0.013167     -1.407086     -1.393919      1.663987
    650      0.008031      0.012046     -1.405964     -1.393918      1.678693
    651      0.007498      0.011247     -1.405164     -1.393917      1.688802
    652      0.007088      0.010632     -1.404436     -1.393804      1.698177
    653      0.006775      0.010162     -1.403965     -1.393803      1.704041
    654      0.006657      0.009985     -1.403788     -1.393803      1.706019
    655      0.006331      0.009497     -1.403111     -1.393614      1.715875
    656      0.005825      0.008737     -1.402351     -1.393614      1.727281
    657      0.005557      0.008335     -1.401948     -1.393613      1.733880
    658      0.005531      0.008296     -1.401909     -1.393613      1.735633
    659      0.005746      0.008620     -1.402233     -1.393614      1.732537
    660      0.006201      0.009302     -1.402916     -1.393614      1.724619
    661      0.006890      0.010334     -1.403949     -1.393615      1.711942
    662      0.007802      0.011703     -1.405319     -1.393616      1.694598
    663      0.008927      0.013390     -1.407008     -1.393618      1.672710
    664      0.010123      0.015185     -1.408611     -1.393426      1.652556
    665      0.011377      0.017065     -1.410493     -1.393427      1.628035
    666      0.012803      0.019204     -1.412633     -1.393429      1.599424
    667      0.014385      0.021578     -1.415008     -1.393431      1.566906
    668      0.016105      0.024158     -1.417591     -1.393432      1.530680
    669      0.017945      0.026918     -1.420352     -1.393434      1.490963
    670      0.019469      0.029204     -1.422141     -1.392937      1.464781
    671      0.020182      0.030273     -1.422937     -1.392664      1.452436
    672      0.020552      0.030828     -1.423492     -1.392664      1.443182
    673      0.021096      0.031644     -1.424309     -1.392664      1.429532
    674      0.021114      0.031671     -1.424045     -1.392374      1.433638
    675      0.020591      0.030886     -1.423260     -1.392373      1.446193
    676      0.020228      0.030342     -1.422715     -1.392373      1.454994
    677      0.020028      0.030042     -1.422415     -1.392373      1.460011
    678      0.019385      0.029077     -1.421531     -1.392454      1.473796
    679      0.018271      0.027407     -1.419859     -1.392453      1.498397
    680      0.017274      0.025912     -1.418363     -1.392452      1.519561
    681      0.016404      0.024606     -1.417057     -1.392451      1.537177
    682      0.015208      0.022811     -1.415220     -1.392408      1.562354
    683      0.013724      0.020585     -1.412992     -1.392407      1.592988
    684      0.012436      0.018653     -1.411059     -1.392405      1.618767
    685      0.011361      0.017041     -1.409445     -1.392404      1.639502
    686      0.010013      0.015020     -1.407195     -1.392176      1.669766
    687      0.008370      0.012555     -1.404729     -1.392174      1.703018
    688      0.006934      0.010401     -1.402573     -1.392172      1.731760
    689      0.005721      0.008581     -1.400752     -1.392171      1.755804
    690      0.004746      0.007119     -1.399288     -1.392170      1.774997
    691      0.004020      0.006031     -1.398200     -1.392169      1.789215
    692      0.003553      0.005330     -1.397498     -1.392168      1.798366
    693      0.003349      0.005024     -1.397192     -1.392168      1.802396
    694      0.003410      0.005115     -1.397284     -1.392168      1.801286
    695      0.003735      0.005602     -1.397771     -1.392169      1.795051
    696      0.004318      0.006477     -1.398647     -1.392170      1.783746
    697      0.005152      0.007728     -1.399899     -1.392171      1.767455
    698      0.006225      0.009338     -1.401510     -1.392172      1.746300
    699      0.007524      0.011286     -1.403459     -1.392173      1.720432
    700      0.008694      0.013041     -1.404815     -1.391775      1.702414
    701      0.009681      0.014521     -1.406297     -1.391776      1.681983
    702      0.010796      0.016194     -1.407971     -1.391777      1.658420
    703      0.011848      0.017771     -1.409514     -1.391743      1.636897
    704      0.012832      0.019248     -1.410992     -1.391744      1.616317
    705      0.013602      0.020404     -1.411730     -1.391327      1.607021
    706      0.013904      0.020856     -1.412409     -1.391553      1.597594
    707      0.014065      0.021097     -1.412650     -1.391553      1.593902
    708      0.014137      0.021206     -1.412797     -1.391591      1.591539
    709      0.014125      0.021187     -1.412777     -1.391590      1.591708
    710      0.014231      0.021347     -1.412936     -1.391589      1.588805
    711      0.014166      0.021249     -1.413070     -1.391820      1.585924
    712      0.013872      0.020808     -1.412468     -1.391660      1.595301
    713      0.013709      0.020564     -1.412224     -1.391659      1.599536
    714      0.013802      0.020704     -1.412363     -1.391660      1.598329
    715      0.014150      0.021225     -1.412885     -1.391660      1.591693
    716      0.014601      0.021901     -1.413696     -1.391795      1.581019
    717      0.015141      0.022711     -1.414508     -1.391796      1.571208
    718      0.015906      0.023859     -1.415656     -1.391797      1.556322
    719      0.016645      0.024968     -1.416741     -1.391773      1.542385
    720      0.017024      0.025535     -1.417213     -1.391678      1.536811
    721      0.017230      0.025845     -1.417523     -1.391678      1.532601
    722      0.017160      0.025741     -1.417823     -1.392082      1.527481
    723      0.016823      0.025235     -1.417317     -1.392082      1.533883
    724      0.016309      0.024463     -1.416172     -1.391709      1.550251
    725      0.015630      0.023444     -1.415152     -1.391708      1.564352
    726      0.015124      0.022687     -1.414394     -1.391707      1.574433
    727      0.014799      0.022198     -1.413905     -1.391707      1.580436
    728      0.014566      0.021849     -1.413567     -1.391718      1.584234
    729      0.014433      0.021649     -1.413367     -1.391718      1.586099
    730      0.014492      0.021738     -1.413456     -1.391718      1.583705
    731      0.014543      0.021814     -1.413401     -1.391587      1.584739
    732      0.014017      0.021026     -1.412830     -1.391803      1.594170
    733      0.013108      0.019662     -1.411464     -1.391803      1.614728
    734      0.012342      0.018513     -1.410316     -1.391802      1.631489
    735      0.011726      0.017589     -1.409391     -1.391802      1.644383
    736      0.011263      0.016895     -1.408696     -1.391802      1.653362
    737      0.010956      0.016435     -1.408236     -1.391802      1.658392
    738      0.010579      0.015869     -1.407675     -1.391806      1.664108
    739      0.010139      0.015208     -1.407013     -1.391805      1.670522
    740      0.009379      0.014069     -1.405164     -1.391096      1.694281
    741      0.008047      0.012070     -1.403058     -1.390988      1.721413
    742      0.006684      0.010026     -1.401013     -1.390986      1.747837
    743      0.005572      0.008358     -1.399343     -1.390985      1.769211
    744      0.004725      0.007088     -1.398071     -1.390984      1.785373
    745      0.004155      0.006233     -1.397216     -1.390983      1.796206
    746      0.003869      0.005804     -1.396786     -1.390983      1.801631
    747      0.003870      0.005806     -1.396788     -1.390983      1.801616
    748      0.004158      0.006237     -1.397220     -1.390983      1.796171
    749      0.004727      0.007090     -1.398074     -1.390984      1.785351
    750      0.005567      0.008351     -1.399336     -1.390985      1.769255
    751      0.006530      0.009795     -1.400752     -1.390958      1.751515
    752      0.007600      0.011400     -1.402359     -1.390959      1.731412
    753      0.008902      0.013353     -1.404314     -1.390961      1.706491
    754      0.010417      0.015626     -1.406589     -1.390963      1.676941
    755      0.012126      0.018189     -1.409154     -1.390965      1.642980
    756      0.013760      0.020639     -1.411506     -1.390867      1.611970
    757      0.015010      0.022515     -1.413143     -1.390628      1.591164
    758      0.016111      0.024166     -1.414795     -1.390629      1.569253
    759      0.017335      0.026003     -1.416633     -1.390630      1.543722
    760      0.018673      0.028010     -1.418641     -1.390631      1.514697
    761      0.019809      0.029713     -1.420778     -1.391065      1.482383
    762      0.020243      0.030365     -1.421996     -1.391632      1.463863
    763      0.020299      0.030449     -1.422080     -1.391631      1.462726
    764      0.020322      0.030483     -1.422250     -1.391767      1.459335
    765      0.020016      0.030024     -1.421863     -1.391839      1.464770
    766      0.019213      0.028820     -1.420980     -1.392160      1.478441
    767      0.018249      0.027374     -1.419533     -1.392159      1.501771
    768      0.017194      0.025792     -1.417667     -1.391875      1.530705
    769      0.016093      0.024139     -1.416013     -1.391874      1.555523
    770      0.015220      0.022829     -1.414702     -1.391873      1.574644
    771      0.014589      0.021884     -1.413755     -1.391872      1.587902
    772      0.013999      0.020999     -1.413109     -1.392110      1.596138
    773      0.013415      0.020123     -1.412233     -1.392110      1.607286
    774      0.013039      0.019558     -1.411667     -1.392109      1.613426
    775      0.012874      0.019310     -1.411420     -1.392109      1.614512
    776      0.012300      0.018450     -1.409983     -1.391533      1.634077
    777      0.011303      0.016955     -1.408487     -1.391532      1.654335
    778      0.010517      0.015776     -1.407306     -1.391531      1.670067
    779      0.009951      0.014926     -1.406456     -1.391530      1.681165
    780      0.009611      0.014417     -1.405947     -1.391530      1.687551
    781      0.009366      0.014049     -1.405656     -1.391607      1.691100
    782      0.009212      0.013818     -1.405424     -1.391607      1.694348
    783      0.009285      0.013928     -1.405535     -1.391607      1.692925
    784      0.009585      0.014377     -1.405984     -1.391607      1.686850
    785      0.010105      0.015158     -1.406766     -1.391608      1.676172
    786      0.010840      0.016261     -1.407869     -1.391609      1.660970
    787      0.011451      0.017176     -1.409097     -1.391920      1.643623
    788      0.011596      0.017393     -1.409298     -1.391905      1.640252
    789      0.011558      0.017336     -1.409241     -1.391905      1.639741
    790      0.011423      0.017134     -1.408893     -1.391759      1.643948
    791      0.011011      0.016516     -1.408201     -1.391684      1.653829
    792      0.010514      0.015770     -1.407454     -1.391684      1.664304
    793      0.010124      0.015186     -1.406869     -1.391683      1.671809
    794      0.009851      0.014776     -1.406458     -1.391682      1.676245
    795      0.009703      0.014554     -1.406235     -1.391681      1.677521
    796      0.009387      0.014080     -1.406076     -1.391996      1.677431
    797      0.008924      0.013385     -1.405380     -1.391995      1.685970
    798      0.008633      0.012950     -1.404943     -1.391994      1.690823
    799      0.008222      0.012332     -1.404300     -1.391968      1.699065
    800      0.007736      0.011604     -1.403571     -1.391967      1.709085
    801      0.007504      0.011255     -1.403222     -1.391967      1.714070
    802      0.007527      0.011291     -1.403258     -1.391967      1.713982
    803      0.007734      0.011600     -1.403603     -1.392003      1.710051
    804      0.008150      0.012225     -1.404228     -1.392004      1.702878
    805      0.008855      0.013282     -1.405287     -1.392005      1.689802
    806      0.009836      0.014754     -1.406760     -1.392006      1.670949
    807      0.011078      0.016617     -1.408625     -1.392008      1.646495
    808      0.012281      0.018422     -1.410141     -1.391719      1.627448
    809      0.013268      0.019901     -1.411585     -1.391683      1.609564
    810      0.014286      0.021428     -1.413113     -1.391685      1.590299
    811      0.015447      0.023171     -1.414857     -1.391686      1.567207
    812      0.016737      0.025106     -1.416793     -1.391688      1.540460
    813      0.017802      0.026702     -1.418839     -1.392136      1.510843
    814      0.018584      0.027875     -1.419964     -1.392088      1.495030
    815      0.019422      0.029132     -1.421221     -1.392089      1.476272
    816      0.020359      0.030538     -1.422628     -1.392090      1.454232
    817      0.020811      0.031217     -1.422950     -1.391733      1.449356
    818      0.020782      0.031173     -1.422906     -1.391733      1.450200
    819      0.020504      0.030755     -1.422851     -1.392095      1.451060
    820      0.019946      0.029919     -1.422014     -1.392095      1.464465
    821      0.019272      0.028908     -1.420752     -1.391844      1.483995
    822      0.018493      0.027739     -1.419582     -1.391844      1.501224
    823      0.017794      0.026692     -1.418535     -1.391843      1.515912
    824      0.017037      0.025555     -1.417322     -1.391767      1.532469
    825      0.015944      0.023917     -1.415528     -1.391611      1.556414
    826      0.014362      0.021543     -1.412900     -1.391357      1.591598
    827      0.012605      0.018907     -1.410262     -1.391355      1.626055
    828      0.010807      0.016210     -1.407772     -1.391562      1.657896
    829      0.009019      0.013529     -1.405088     -1.391559      1.693132
    830      0.007445      0.011168     -1.402725     -1.391557      1.723684
    831      0.006107      0.009160     -1.400715     -1.391555      1.749315
    832      0.005023      0.007534     -1.399088     -1.391554      1.769823
    833      0.004208      0.006313     -1.397866     -1.391553      1.785042
    834      0.003676      0.005514     -1.397066     -1.391552      1.794852
    835      0.003433      0.005149     -1.396701     -1.391552      1.799173
    836      0.003482      0.005222     -1.396774     -1.391552      1.797974
    837      0.003821      0.005732     -1.397285     -1.391553      1.791267
    838      0.004446      0.006670     -1.398223     -1.391553      1.779113
    839      0.005173      0.007760     -1.399083     -1.391323      1.769671
    840      0.005977      0.008966     -1.400291     -1.391324      1.755395
    841      0.007010      0.010515     -1.401841     -1.391326      1.736306
    842      0.008253      0.012380     -1.403708     -1.391328      1.712596
    843      0.009686      0.014530     -1.405860     -1.391330      1.684483
    844      0.011288      0.016931     -1.408264     -1.391332      1.652207
    845      0.012646      0.018968     -1.409828     -1.390860      1.631192
    846      0.013711      0.020566     -1.411427     -1.390861      1.608480
    847      0.014634      0.021950     -1.412715     -1.390765      1.590565
    848      0.015216      0.022823     -1.413603     -1.390779      1.578977
    849      0.015668      0.023502     -1.414281     -1.390779      1.570162
    850      0.016182      0.024272     -1.415052     -1.390779      1.558892
    851      0.016756      0.025134     -1.415914     -1.390779      1.545172
    852      0.017007      0.025511     -1.416437     -1.390926      1.536459
    853      0.016675      0.025012     -1.415614     -1.390602      1.550189
    854      0.015785      0.023677     -1.413808     -1.390130      1.578245
    855      0.014695      0.022042     -1.412171     -1.390129      1.603174
    856      0.013831      0.020747     -1.410875     -1.390128      1.622925
    857      0.013207      0.019811     -1.409938     -1.390127      1.637351
    858      0.012832      0.019248     -1.409374     -1.390126      1.646345
    859      0.012710      0.019065     -1.409191     -1.390126      1.649845
    860      0.012844      0.019266     -1.409392     -1.390126      1.647832
    861      0.013231      0.019846     -1.409973     -1.390127      1.640331
    862      0.013864      0.020796     -1.410923     -1.390128      1.627411
    863      0.014484      0.021725     -1.411697     -1.389971      1.616901
    864      0.015106      0.022659     -1.412631     -1.389972      1.603407
    865      0.015460      0.023191     -1.412969     -1.389778      1.598725
    866      0.015510      0.023265     -1.413043     -1.389778      1.597697
    867      0.015759      0.023638     -1.413417     -1.389778      1.591755
    868      0.016203      0.024305     -1.414084     -1.389779      1.580948
    869      0.016837      0.025255     -1.415035     -1.389780      1.565357
    870      0.017419      0.026129     -1.415636     -1.389507      1.555941
    871      0.017566      0.026349     -1.416131     -1.389782      1.548382
    872      0.017195      0.025793     -1.415634     -1.389842      1.556966
    873      0.016622      0.024934     -1.414776     -1.389842      1.569998
    874      0.015875      0.023813     -1.413729     -1.389916      1.584933
    875      0.014961      0.022441     -1.412357     -1.389916      1.604279
    876      0.014120      0.021180     -1.411095     -1.389915      1.621062
    877      0.013163      0.019744     -1.409527     -1.389783      1.641887
    878      0.012102      0.018153     -1.407935     -1.389782      1.662410
    879      0.011150      0.016725     -1.406506     -1.389781      1.679995
    880      0.010103      0.015154     -1.404629     -1.389475      1.704630
    881      0.008970      0.013455     -1.402929     -1.389473      1.725979
    882      0.007977      0.011965     -1.401437     -1.389472      1.743977
    883      0.007136      0.010704     -1.400175     -1.389471      1.758467
    884      0.006463      0.009695     -1.399164     -1.389469      1.769310
    885      0.005969      0.008954     -1.398422     -1.389468      1.776380
    886      0.005665      0.008497     -1.397965     -1.389468      1.779575
    887      0.005559      0.008338     -1.397805     -1.389467      1.778812
    888      0.005439      0.008158     -1.397477     -1.389319      1.781528
    889      0.005326      0.007989     -1.397308     -1.389319      1.782730
    890      0.005454      0.008181     -1.397500     -1.389319      1.779473
    891      0.005825      0.008738     -1.398057     -1.389319      1.771733
    892      0.006438      0.009657     -1.398976     -1.389319      1.759526
    893      0.007192      0.010787     -1.400105     -1.389317      1.745150
    894      0.008113      0.012169     -1.401488     -1.389318      1.727866
    895      0.009122      0.013683     -1.403017     -1.389334      1.709562
    896      0.010235      0.015352     -1.404688     -1.389336      1.690232
    897      0.011616      0.017424     -1.406762     -1.389338      1.665124
    898      0.013242      0.019864     -1.409204     -1.389340      1.634489
    899      0.014828      0.022242     -1.411574     -1.389332      1.604843
    900      0.016316      0.024474     -1.413807     -1.389334      1.576799
    901      0.017930      0.026895     -1.416231     -1.389336      1.544994
    902      0.019648      0.029472     -1.418810     -1.389338      1.509684
    903      0.021104      0.031656     -1.421087     -1.389431      1.477955
    904      0.022231      0.033346     -1.422730     -1.389383      1.455517
    905      0.023377      0.035066     -1.424450     -1.389384      1.430709
    906      0.024597      0.036895     -1.426280     -1.389385      1.402889
    907      0.025876      0.038814     -1.428201     -1.389386      1.372225
    908      0.026931      0.040396     -1.429567     -1.389170      1.348573
    909      0.026409      0.039614     -1.428338     -1.388724      1.368038
    910      0.024594      0.036890     -1.425613     -1.388723      1.411268
    911      0.022836      0.034254     -1.422974     -1.388721      1.451151
    912      0.021156      0.031734     -1.420453     -1.388719      1.487430
    913      0.019333      0.028999     -1.418012     -1.389013      1.520591
    914      0.017293      0.025940     -1.415064     -1.389125      1.559784
    915      0.015279      0.022918     -1.412040     -1.389122      1.599647
    916      0.013308      0.019962     -1.409056     -1.389094      1.638477
    917      0.011377      0.017065     -1.406157     -1.389092      1.675780
    918      0.009601      0.014401     -1.403490     -1.389090      1.709484
    919      0.008003      0.012005     -1.401093     -1.389088      1.739334
    920      0.006536      0.009804     -1.398792     -1.388988      1.768568
    921      0.005248      0.007872     -1.396858     -1.388986      1.792885
    922      0.004238      0.006357     -1.395342     -1.388985      1.811788
    923      0.003521      0.005281     -1.394265     -1.388984      1.825128
    924      0.003105      0.004658     -1.393642     -1.388984      1.832803
    925      0.002998      0.004497     -1.393480     -1.388983      1.834756
    926      0.003198      0.004798     -1.393781     -1.388984      1.830982
    927      0.003703      0.005555     -1.394540     -1.388985      1.821522
    928      0.004411      0.006616     -1.395718     -1.389101      1.806757
    929      0.005270      0.007905     -1.397007     -1.389103      1.791281
    930      0.006343      0.009515     -1.398619     -1.389104      1.771581
    931      0.007612      0.011418     -1.400524     -1.389106      1.747852
    932      0.008841      0.013261     -1.402129     -1.388868      1.728146
    933      0.010010      0.015015     -1.403885     -1.388869      1.705827
    934      0.011132      0.016697     -1.405675     -1.388978      1.682608
    935      0.012175      0.018263     -1.407242     -1.388979      1.662124
    936      0.013105      0.019658     -1.408916     -1.389258      1.639077
    937      0.013513      0.020270     -1.409339     -1.389070      1.637030
    938      0.013606      0.020409     -1.409478     -1.389069      1.638771
    939      0.013796      0.020694     -1.409763     -1.389069      1.637709
    940      0.014087      0.021130     -1.410199     -1.389069      1.633809
    941      0.014479      0.021718     -1.410787     -1.389069      1.627048
    942      0.014974      0.022461     -1.411530     -1.389069      1.617409
    943      0.015310      0.022965     -1.411991     -1.389026      1.611807
    944      0.015509      0.023263     -1.412289     -1.389026      1.608115
    945      0.015838      0.023757     -1.412782     -1.389025      1.600702
    946      0.016301      0.024452     -1.413477     -1.389025      1.589533
    947      0.016673      0.025009     -1.413830     -1.388820      1.583979
    948      0.017004      0.025507     -1.414327     -1.388821      1.576249
    949      0.017194      0.025790     -1.414272     -1.388482      1.578292
    950      0.017224      0.025836     -1.414318     -1.388482      1.578232
    951      0.017437      0.026156     -1.414637     -1.388482      1.573391
    952      0.017606      0.026409     -1.414555     -1.388146      1.575203
    953      0.017768      0.026652     -1.414798     -1.388146      1.571434
    954      0.018162      0.027243     -1.415389     -1.388147      1.561899
    955      0.018781      0.028172     -1.416320     -1.388148      1.546677
    956      0.019100      0.028650     -1.417049     -1.388399      1.534286
    957      0.018896      0.028343     -1.416708     -1.388365      1.539221
    958      0.018664      0.027996     -1.416360     -1.388364      1.544167
    959      0.018597      0.027896     -1.416260     -1.388364      1.545157
    960      0.018116      0.027174     -1.415732     -1.388558      1.552961
    961      0.017158      0.025737     -1.414294     -1.388558      1.575104
    962      0.016263      0.024394     -1.412952     -1.388557      1.594740
    963      0.015435      0.023152     -1.411709     -1.388557      1.611824
    964      0.014676      0.022015     -1.410572     -1.388557      1.626317
    965      0.013992      0.020988     -1.409545     -1.388557      1.638183
    966      0.013027      0.019541     -1.408537     -1.388996      1.648765
    967      0.011791      0.017687     -1.406681     -1.388994      1.674066
    968      0.010653      0.015979     -1.404972     -1.388993      1.696476
    969      0.009625      0.014437     -1.403429     -1.388992      1.715853
    970      0.008495      0.012743     -1.401484     -1.388742      1.742107
    971      0.007284      0.010926     -1.399666     -1.388740      1.766387
    972      0.006237      0.009356     -1.398095     -1.388739      1.787070
    973      0.005368      0.008052     -1.396790     -1.388738      1.804015
    974      0.004688      0.007032     -1.395769     -1.388737      1.817101
    975      0.004207      0.006310     -1.395046     -1.388736      1.826225
    976      0.003841      0.005762     -1.394444     -1.388682      1.834291
    977      0.003630      0.005445     -1.394127     -1.388682      1.838729
    978      0.003515      0.005273     -1.393990     -1.388718      1.840855
    979      0.003550      0.005324     -1.394042     -1.388718      1.840776
    980      0.003915      0.005872     -1.394590     -1.388718      1.834239
    981      0.004606      0.006909     -1.395628     -1.388719      1.821295
    982      0.005613      0.008420     -1.397140     -1.388720      1.802051
    983      0.006922      0.010382     -1.399105     -1.388722      1.776664
    984      0.008512      0.012768     -1.401493     -1.388724      1.745342
    985      0.010247      0.015371     -1.404105     -1.388734      1.710741
    986      0.012068      0.018101     -1.406838     -1.388736      1.674124
    987      0.014052      0.021078     -1.409817     -1.388739      1.633374
    988      0.016176      0.024264     -1.413005     -1.388741      1.588770
    989      0.018414      0.027620     -1.416364     -1.388743      1.540606
    990      0.020387      0.030581     -1.419353     -1.388772      1.497728
    991      0.021907      0.032861     -1.421810     -1.388949      1.462682
    992      0.023034      0.034550     -1.423574     -1.389024      1.438319
    993      0.023595      0.035393     -1.424903     -1.389510      1.420131
    994      0.023676      0.035514     -1.425166     -1.389652      1.418841
    995      0.023389      0.035084     -1.424587     -1.389503      1.429881
    996      0.022958      0.034438     -1.423940     -1.389502      1.440408
    997      0.022614      0.033921     -1.423423     -1.389502      1.447291
    998      0.022004      0.033005     -1.422561     -1.389556      1.458362
    999      0.021166      0.031748     -1.421303     -1.389554      1.475324
   1000      0.020498      0.030748     -1.420301     -1.389553      1.487818
#
# Means      0.011957      0.017935     -1.410816     -1.392881      1.615298
