#
# MD1: a minimal molecular dynamics program
#
# Problema 2
#  Input sample: a4.cry
#                                (only positions read from file)
# Output sample: a4.md1
# Number of steps:    1000, time step: 0.0032, total time:      3.2000
# Number of atoms:   256
# Box size:    6.200000    6.200000    6.200000, Volume:        238.328
# Density:    1.074150 (unchanged)
# Free evolution run.
#
#  Step   Temperature     Kinetic      Potential   Total Energy    Pressure
# -----  ------------  ------------  ------------  ------------  ------------
      1      0.000013      0.000020     -7.446029     -7.446009      0.046814
      2      0.000118      0.000177     -7.446186     -7.446009      0.046001
      3      0.000325      0.000488     -7.446497     -7.446010      0.044392
      4      0.000630      0.000946     -7.446956     -7.446010      0.042023
      5      0.001027      0.001541     -7.447552     -7.446011      0.038943
      6      0.001507      0.002261     -7.448273     -7.446012      0.035219
      7      0.002060      0.003090     -7.449103     -7.446013      0.030930
      8      0.002674      0.004011     -7.450026     -7.446014      0.026167
      9      0.003337      0.005006     -7.451021     -7.446015      0.021030
     10      0.004035      0.006052     -7.452069     -7.446017      0.015626
     11      0.004753      0.007129     -7.453148     -7.446018      0.010067
     12      0.005477      0.008216     -7.454235     -7.446020      0.004467
     13      0.006193      0.009289     -7.455310     -7.446021     -0.001062
     14      0.006886      0.010329     -7.456351     -7.446022     -0.006409
     15      0.007543      0.011315     -7.457338     -7.446023     -0.011470
     16      0.008152      0.012228     -7.458252     -7.446024     -0.016148
     17      0.008702      0.013052     -7.459078     -7.446025     -0.020356
     18      0.009182      0.013773     -7.459799     -7.446026     -0.024019
     19      0.009585      0.014378     -7.460404     -7.446027     -0.027074
     20      0.009905      0.014857     -7.460884     -7.446027     -0.029473
     21      0.010137      0.015205     -7.461232     -7.446027     -0.031184
     22      0.010279      0.015418     -7.461445     -7.446027     -0.032187
     23      0.010330      0.015495     -7.461522     -7.446027     -0.032480
     24      0.010292      0.015438     -7.461464     -7.446027     -0.032078
     25      0.010168      0.015252     -7.461278     -7.446026     -0.031007
     26      0.009964      0.014946     -7.460971     -7.446026     -0.029310
     27      0.009686      0.014528     -7.460553     -7.446025     -0.027040
     28      0.009342      0.014013     -7.460037     -7.446024     -0.024264
     29      0.008942      0.013413     -7.459436     -7.446023     -0.021057
     30      0.008496      0.012744     -7.458766     -7.446022     -0.017501
     31      0.008016      0.012024     -7.458045     -7.446021     -0.013685
     32      0.007513      0.011269     -7.457289     -7.446020     -0.009702
     33      0.006998      0.010497     -7.456516     -7.446019     -0.005645
     34      0.006484      0.009726     -7.455744     -7.446018     -0.001606
     35      0.005982      0.008973     -7.454990     -7.446017      0.002326
     36      0.005502      0.008254     -7.454269     -7.446016      0.006066
     37      0.005055      0.007583     -7.453598     -7.446015      0.009537
     38      0.004649      0.006974     -7.452988     -7.446014      0.012669
     39      0.004292      0.006438     -7.452452     -7.446014      0.015406
     40      0.003990      0.005985     -7.451998     -7.446013      0.017699
     41      0.003747      0.005620     -7.451633     -7.446013      0.019514
     42      0.003566      0.005349     -7.451362     -7.446013      0.020828
     43      0.003450      0.005174     -7.451187     -7.446013      0.021633
     44      0.003396      0.005094     -7.451107     -7.446013      0.021932
     45      0.003405      0.005107     -7.451120     -7.446013      0.021742
     46      0.003471      0.005207     -7.451221     -7.446014      0.021090
     47      0.003591      0.005387     -7.451401     -7.446014      0.020015
     48      0.003759      0.005639     -7.451654     -7.446015      0.018566
     49      0.003968      0.005952     -7.451967     -7.446016      0.016798
     50      0.004210      0.006314     -7.452331     -7.446016      0.014774
     51      0.004476      0.006714     -7.452732     -7.446017      0.012560
     52      0.004759      0.007139     -7.453157     -7.446018      0.010225
     53      0.005049      0.007574     -7.453593     -7.446019      0.007840
     54      0.005339      0.008008     -7.454028     -7.446020      0.005474
     55      0.005619      0.008428     -7.454448     -7.446020      0.003192
     56      0.005882      0.008823     -7.454844     -7.446021      0.001056
     57      0.006121      0.009181     -7.455203     -7.446022     -0.000878
     58      0.006330      0.009495     -7.455517     -7.446022     -0.002562
     59      0.006504      0.009756     -7.455778     -7.446022     -0.003957
     60      0.006639      0.009959     -7.455982     -7.446023     -0.005033
     61      0.006733      0.010100     -7.456123     -7.446023     -0.005768
     62      0.006784      0.010177     -7.456199     -7.446023     -0.006152
     63      0.006793      0.010189     -7.456212     -7.446023     -0.006185
     64      0.006759      0.010138     -7.456161     -7.446022     -0.005877
     65      0.006686      0.010029     -7.456051     -7.446022     -0.005246
     66      0.006577      0.009865     -7.455887     -7.446022     -0.004322
     67      0.006436      0.009654     -7.455675     -7.446021     -0.003139
     68      0.006268      0.009402     -7.455423     -7.446021     -0.001740
     69      0.006080      0.009120     -7.455140     -7.446020     -0.000174
     70      0.005878      0.008817     -7.454836     -7.446019      0.001509
     71      0.005668      0.008502     -7.454521     -7.446019      0.003252
     72      0.005458      0.008187     -7.454205     -7.446018      0.005002
     73      0.005253      0.007880     -7.453898     -7.446018      0.006703
     74      0.005062      0.007593     -7.453610     -7.446017      0.008302
     75      0.004889      0.007333     -7.453349     -7.446016      0.009750
     76      0.004740      0.007110     -7.453126     -7.446016      0.011002
     77      0.004620      0.006930     -7.452945     -7.446016      0.012021
     78      0.004532      0.006799     -7.452814     -7.446015      0.012775
     79      0.004481      0.006721     -7.452736     -7.446015      0.013241
     80      0.004466      0.006699     -7.452715     -7.446015      0.013403
     81      0.004490      0.006735     -7.452750     -7.446015      0.013255
     82      0.004552      0.006827     -7.452843     -7.446015      0.012801
     83      0.004650      0.006974     -7.452990     -7.446016      0.012051
     84      0.004781      0.007172     -7.453188     -7.446016      0.011026
     85      0.004943      0.007415     -7.453431     -7.446016      0.009752
     86      0.005132      0.007697     -7.453714     -7.446017      0.008264
     87      0.005341      0.008011     -7.454029     -7.446017      0.006603
     88      0.005566      0.008348     -7.454366     -7.446018      0.004813
     89      0.005800      0.008699     -7.454718     -7.446018      0.002943
     90      0.006037      0.009055     -7.455074     -7.446019      0.001044
     91      0.006270      0.009406     -7.455425     -7.446020     -0.000833
     92      0.006494      0.009741     -7.455762     -7.446020     -0.002636
     93      0.006703      0.010054     -7.456075     -7.446021     -0.004317
     94      0.006889      0.010334     -7.456355     -7.446021     -0.005830
     95      0.007050      0.010574     -7.456596     -7.446022     -0.007135
     96      0.007179      0.010768     -7.456790     -7.446022     -0.008195
     97      0.007274      0.010910     -7.456933     -7.446022     -0.008981
     98      0.007331      0.010997     -7.457019     -7.446022     -0.009471
     99      0.007350      0.011025     -7.457047     -7.446022     -0.009652
    100      0.007329      0.010993     -7.457016     -7.446022     -0.009517
    101      0.007269      0.010903     -7.456925     -7.446022     -0.009069
    102      0.007171      0.010756     -7.456778     -7.446022     -0.008318
    103      0.007037      0.010555     -7.456577     -7.446022     -0.007282
    104      0.006871      0.010306     -7.456328     -7.446021     -0.005986
    105      0.006677      0.010015     -7.456036     -7.446021     -0.004464
    106      0.006459      0.009688     -7.455709     -7.446020     -0.002754
    107      0.006223      0.009335     -7.455355     -7.446020     -0.000897
    108      0.005976      0.008963     -7.454983     -7.446019      0.001057
    109      0.005722      0.008583     -7.454601     -7.446019      0.003062
    110      0.005469      0.008203     -7.454221     -7.446018      0.005065
    111      0.005222      0.007833     -7.453851     -7.446017      0.007016
    112      0.004989      0.007483     -7.453500     -7.446017      0.008866
    113      0.004774      0.007162     -7.453178     -7.446016      0.010569
    114      0.004584      0.006876     -7.452892     -7.446016      0.012082
    115      0.004423      0.006634     -7.452650     -7.446016      0.013367
    116      0.004294      0.006441     -7.452457     -7.446015      0.014392
    117      0.004202      0.006303     -7.452318     -7.446015      0.015133
    118      0.004148      0.006222     -7.452236     -7.446015      0.015571
    119      0.004133      0.006200     -7.452215     -7.446015      0.015696
    120      0.004158      0.006238     -7.452253     -7.446015      0.015507
    121      0.004223      0.006334     -7.452349     -7.446015      0.015009
    122      0.004324      0.006486     -7.452502     -7.446015      0.014215
    123      0.004460      0.006690     -7.452706     -7.446016      0.013148
    124      0.004627      0.006941     -7.452957     -7.446016      0.011835
    125      0.004821      0.007232     -7.453248     -7.446017      0.010310
    126      0.005037      0.007555     -7.453572     -7.446017      0.008612
    127      0.005268      0.007903     -7.453920     -7.446018      0.006784
    128      0.005511      0.008266     -7.454284     -7.446018      0.004873
    129      0.005757      0.008636     -7.454655     -7.446019      0.002927
    130      0.006002      0.009004     -7.455023     -7.446019      0.000993
    131      0.006240      0.009359     -7.455379     -7.446020     -0.000880
    132      0.006463      0.009695     -7.455715     -7.446020     -0.002647
    133      0.006668      0.010002     -7.456023     -7.446021     -0.004265
    134      0.006849      0.010274     -7.456295     -7.446021     -0.005695
    135      0.007002      0.010503     -7.456525     -7.446022     -0.006905
    136      0.007124      0.010685     -7.456707     -7.446022     -0.007867
    137      0.007211      0.010817     -7.456839     -7.446022     -0.008559
    138      0.007263      0.010894     -7.456916     -7.446022     -0.008967
    139      0.007277      0.010916     -7.456938     -7.446022     -0.009085
    140      0.007255      0.010883     -7.456905     -7.446022     -0.008913
    141      0.007197      0.010796     -7.456818     -7.446022     -0.008458
    142      0.007105      0.010658     -7.456680     -7.446022     -0.007734
    143      0.006982      0.010473     -7.456494     -7.446021     -0.006762
    144      0.006830      0.010246     -7.456267     -7.446021     -0.005570
    145      0.006655      0.009982     -7.456003     -7.446021     -0.004187
    146      0.006460      0.009690     -7.455710     -7.446020     -0.002651
    147      0.006250      0.009375     -7.455395     -7.446020     -0.001000
    148      0.006031      0.009046     -7.455065     -7.446019      0.000724
    149      0.005808      0.008712     -7.454730     -7.446019      0.002479
    150      0.005586      0.008379     -7.454397     -7.446018      0.004222
    151      0.005371      0.008056     -7.454073     -7.446018      0.005913
    152      0.005167      0.007750     -7.453767     -7.446017      0.007510
    153      0.004979      0.007469     -7.453486     -7.446017      0.008979
    154      0.004812      0.007218     -7.453234     -7.446016      0.010287
    155      0.004668      0.007003     -7.453019     -7.446016      0.011405
    156      0.004552      0.006828     -7.452844     -7.446016      0.012311
    157      0.004464      0.006696     -7.452712     -7.446016      0.012987
    158      0.004406      0.006610     -7.452625     -7.446016      0.013424
    159      0.004380      0.006570     -7.452586     -7.446016      0.013615
    160      0.004384      0.006576     -7.452592     -7.446016      0.013562
    161      0.004419      0.006628     -7.452644     -7.446016      0.013273
    162      0.004481      0.006722     -7.452738     -7.446016      0.012760
    163      0.004570      0.006855     -7.452872     -7.446017      0.012041
    164      0.004682      0.007023     -7.453040     -7.446017      0.011138
    165      0.004814      0.007222     -7.453239     -7.446017      0.010079
    166      0.004963      0.007444     -7.453462     -7.446018      0.008892
    167      0.005124      0.007686     -7.453704     -7.446018      0.007610
    168      0.005293      0.007939     -7.453957     -7.446018      0.006266
    169      0.005466      0.008198     -7.454217     -7.446019      0.004893
    170      0.005638      0.008457     -7.454477     -7.446019      0.003525
    171      0.005807      0.008710     -7.454729     -7.446019      0.002195
    172      0.005967      0.008950     -7.454970     -7.446020      0.000932
    173      0.006115      0.009173     -7.455193     -7.446020     -0.000236
    174      0.006249      0.009374     -7.455394     -7.446020     -0.001285
    175      0.006366      0.009549     -7.455569     -7.446021     -0.002194
    176      0.006463      0.009695     -7.455715     -7.446021     -0.002947
    177      0.006540      0.009809     -7.455830     -7.446021     -0.003532
    178      0.006594      0.009891     -7.455912     -7.446021     -0.003941
    179      0.006627      0.009940     -7.455961     -7.446021     -0.004173
    180      0.006637      0.009956     -7.455976     -7.446021     -0.004230
    181      0.006627      0.009940     -7.455960     -7.446021     -0.004117
    182      0.006596      0.009894     -7.455914     -7.446020     -0.003845
    183      0.006547      0.009821     -7.455841     -7.446020     -0.003429
    184      0.006483      0.009724     -7.455744     -7.446020     -0.002885
    185      0.006404      0.009606     -7.455626     -7.446020     -0.002234
    186      0.006315      0.009472     -7.455492     -7.446019     -0.001496
    187      0.006217      0.009326     -7.455345     -7.446019     -0.000695
    188      0.006115      0.009172     -7.455191     -7.446019      0.000145
    189      0.006010      0.009014     -7.455033     -7.446019      0.001001
    190      0.005905      0.008858     -7.454876     -7.446018      0.001850
    191      0.005804      0.008706     -7.454724     -7.446018      0.002670
    192      0.005709      0.008563     -7.454581     -7.446018      0.003442
    193      0.005621      0.008432     -7.454450     -7.446018      0.004148
    194      0.005544      0.008315     -7.454333     -7.446018      0.004772
    195      0.005477      0.008216     -7.454233     -7.446018      0.005304
    196      0.005423      0.008135     -7.454152     -7.446017      0.005734
    197      0.005382      0.008073     -7.454091     -7.446017      0.006057
    198      0.005355      0.008032     -7.454050     -7.446017      0.006270
    199      0.005341      0.008011     -7.454028     -7.446018      0.006376
    200      0.005339      0.008009     -7.454026     -7.446018      0.006378
    201      0.005350      0.008024     -7.454042     -7.446018      0.006283
    202      0.005371      0.008056     -7.454074     -7.446018      0.006101
    203      0.005401      0.008102     -7.454120     -7.446018      0.005843
    204      0.005440      0.008160     -7.454178     -7.446018      0.005522
    205      0.005484      0.008226     -7.454244     -7.446018      0.005154
    206      0.005532      0.008299     -7.454317     -7.446019      0.004753
    207      0.005583      0.008375     -7.454393     -7.446019      0.004334
    208      0.005634      0.008451     -7.454470     -7.446019      0.003913
    209      0.005684      0.008526     -7.454545     -7.446019      0.003504
    210      0.005731      0.008596     -7.454615     -7.446019      0.003119
    211      0.005773      0.008660     -7.454679     -7.446019      0.002770
    212      0.005810      0.008715     -7.454735     -7.446019      0.002466
    213      0.005841      0.008761     -7.454781     -7.446019      0.002214
    214      0.005865      0.008797     -7.454816     -7.446019      0.002020
    215      0.005881      0.008822     -7.454841     -7.446019      0.001886
    216      0.005890      0.008836     -7.454855     -7.446019      0.001811
    217      0.005893      0.008839     -7.454858     -7.446019      0.001794
    218      0.005888      0.008833     -7.454852     -7.446019      0.001829
    219      0.005879      0.008818     -7.454837     -7.446019      0.001910
    220      0.005865      0.008797     -7.454816     -7.446019      0.002028
    221      0.005847      0.008771     -7.454789     -7.446019      0.002174
    222      0.005828      0.008741     -7.454760     -7.446019      0.002336
    223      0.005807      0.008711     -7.454730     -7.446019      0.002504
    224      0.005788      0.008682     -7.454700     -7.446019      0.002666
    225      0.005771      0.008656     -7.454674     -7.446018      0.002810
    226      0.005757      0.008635     -7.454653     -7.446018      0.002927
    227      0.005747      0.008621     -7.454639     -7.446018      0.003007
    228      0.005743      0.008615     -7.454633     -7.446018      0.003042
    229      0.005746      0.008618     -7.454637     -7.446018      0.003027
    230      0.005754      0.008632     -7.454650     -7.446018      0.002958
    231      0.005770      0.008655     -7.454673     -7.446018      0.002834
    232      0.005792      0.008687     -7.454706     -7.446018      0.002656
    233      0.005820      0.008729     -7.454747     -7.446018      0.002427
    234      0.005853      0.008779     -7.454797     -7.446018      0.002154
    235      0.005890      0.008835     -7.454853     -7.446018      0.001844
    236      0.005930      0.008895     -7.454914     -7.446019      0.001510
    237      0.005972      0.008958     -7.454976     -7.446019      0.001161
    238      0.006013      0.009019     -7.455038     -7.446019      0.000813
    239      0.006052      0.009078     -7.455097     -7.446019      0.000479
    240      0.006087      0.009130     -7.455150     -7.446019      0.000176
    241      0.006116      0.009174     -7.455193     -7.446019     -0.000082
    242      0.006137      0.009206     -7.455226     -7.446020     -0.000281
    243      0.006149      0.009224     -7.455243     -7.446020     -0.000405
    244      0.006150      0.009225     -7.455245     -7.446020     -0.000443
    245      0.006139      0.009208     -7.455228     -7.446020     -0.000385
    246      0.006114      0.009171     -7.455191     -7.446020     -0.000220
    247      0.006075      0.009113     -7.455133     -7.446020      0.000054
    248      0.006023      0.009034     -7.455054     -7.446020      0.000443
    249      0.005956      0.008934     -7.454954     -7.446020      0.000944
    250      0.005876      0.008814     -7.454834     -7.446020      0.001554
    251      0.005783      0.008675     -7.454695     -7.446020      0.002265
    252      0.005680      0.008519     -7.454539     -7.446020      0.003067
    253      0.005567      0.008350     -7.454369     -7.446019      0.003947
    254      0.005446      0.008170     -7.454189     -7.446019      0.004886
    255      0.005322      0.007983     -7.454002     -7.446019      0.005867
    256      0.005195      0.007793     -7.453811     -7.446019      0.006867
    257      0.005070      0.007605     -7.453623     -7.446018      0.007863
    258      0.004949      0.007423     -7.453441     -7.446018      0.008830
    259      0.004835      0.007252     -7.453270     -7.446018      0.009745
    260      0.004732      0.007097     -7.453115     -7.446017      0.010580
    261      0.004642      0.006963     -7.452980     -7.446017      0.011314
    262      0.004569      0.006853     -7.452870     -7.446017      0.011923
    263      0.004514      0.006772     -7.452788     -7.446017      0.012385
    264      0.004482      0.006722     -7.452739     -7.446017      0.012684
    265      0.004472      0.006708     -7.452724     -7.446016      0.012803
    266      0.004487      0.006730     -7.452747     -7.446016      0.012732
    267      0.004527      0.006791     -7.452807     -7.446016      0.012464
    268      0.004593      0.006890     -7.452906     -7.446016      0.011995
    269      0.004685      0.007027     -7.453044     -7.446016      0.011327
    270      0.004801      0.007201     -7.453218     -7.446017      0.010466
    271      0.004940      0.007410     -7.453427     -7.446017      0.009423
    272      0.005101      0.007651     -7.453668     -7.446017      0.008212
    273      0.005280      0.007920     -7.453937     -7.446017      0.006854
    274      0.005475      0.008212     -7.454230     -7.446018      0.005370
    275      0.005682      0.008523     -7.454541     -7.446018      0.003789
    276      0.005897      0.008846     -7.454864     -7.446018      0.002137
    277      0.006118      0.009176     -7.455195     -7.446019      0.000447
    278      0.006338      0.009507     -7.455526     -7.446019     -0.001248
    279      0.006554      0.009831     -7.455851     -7.446019     -0.002915
    280      0.006762      0.010143     -7.456163     -7.446020     -0.004522
    281      0.006958      0.010436     -7.456457     -7.446020     -0.006034
    282      0.007137      0.010705     -7.456725     -7.446021     -0.007422
    283      0.007295      0.010943     -7.456964     -7.446021     -0.008656
    284      0.007431      0.011146     -7.457167     -7.446021     -0.009710
    285      0.007539      0.011309     -7.457331     -7.446021     -0.010561
    286      0.007619      0.011429     -7.457451     -7.446022     -0.011190
    287      0.007669      0.011503     -7.457525     -7.446022     -0.011583
    288      0.007686      0.011529     -7.457551     -7.446022     -0.011731
    289      0.007671      0.011507     -7.457528     -7.446022     -0.011629
    290      0.007624      0.011436     -7.457457     -7.446022     -0.011276
    291      0.007545      0.011317     -7.457338     -7.446022     -0.010679
    292      0.007435      0.011152     -7.457174     -7.446021     -0.009848
    293      0.007297      0.010945     -7.456967     -7.446021     -0.008797
    294      0.007133      0.010699     -7.456720     -7.446021     -0.007545
    295      0.006946      0.010419     -7.456439     -7.446021     -0.006118
    296      0.006739      0.010109     -7.456129     -7.446020     -0.004541
    297      0.006517      0.009776     -7.455795     -7.446020     -0.002843
    298      0.006283      0.009425     -7.455444     -7.446019     -0.001058
    299      0.006042      0.009063     -7.455082     -7.446019      0.000781
    300      0.005798      0.008697     -7.454716     -7.446019      0.002640
    301      0.005556      0.008334     -7.454352     -7.446018      0.004485
    302      0.005320      0.007979     -7.453997     -7.446018      0.006282
    303      0.005093      0.007640     -7.453657     -7.446017      0.007999
    304      0.004881      0.007321     -7.453338     -7.446017      0.009606
    305      0.004686      0.007029     -7.453046     -7.446017      0.011074
    306      0.004512      0.006767     -7.452784     -7.446016      0.012381
    307      0.004361      0.006541     -7.452557     -7.446016      0.013507
    308      0.004235      0.006353     -7.452369     -7.446016      0.014435
    309      0.004137      0.006205     -7.452221     -7.446016      0.015153
    310      0.004066      0.006099     -7.452115     -7.446016      0.015656
    311      0.004023      0.006035     -7.452051     -7.446016      0.015941
    312      0.004009      0.006013     -7.452029     -7.446016      0.016010
    313      0.004021      0.006032     -7.452048     -7.446016      0.015870
    314      0.004060      0.006090     -7.452106     -7.446016      0.015533
    315      0.004122      0.006184     -7.452200     -7.446017      0.015013
    316      0.004207      0.006310     -7.452327     -7.446017      0.014328
    317      0.004310      0.006465     -7.452483     -7.446017      0.013499
    318      0.004430      0.006645     -7.452663     -7.446017      0.012549
    319      0.004563      0.006845     -7.452863     -7.446018      0.011502
    320      0.004707      0.007060     -7.453078     -7.446018      0.010385
    321      0.004856      0.007285     -7.453303     -7.446018      0.009222
    322      0.005010      0.007515     -7.453534     -7.446019      0.008039
    323      0.005164      0.007746     -7.453765     -7.446019      0.006861
    324      0.005315      0.007973     -7.453992     -7.446019      0.005710
    325      0.005462      0.008193     -7.454212     -7.446019      0.004608
    326      0.005601      0.008401     -7.454420     -7.446020      0.003573
    327      0.005730      0.008594     -7.454614     -7.446020      0.002620
    328      0.005847      0.008771     -7.454791     -7.446020      0.001763
    329      0.005952      0.008929     -7.454949     -7.446020      0.001011
    330      0.006044      0.009066     -7.455086     -7.446020      0.000370
    331      0.006121      0.009182     -7.455202     -7.446020     -0.000157
    332      0.006185      0.009277     -7.455297     -7.446020     -0.000569
    333      0.006234      0.009351     -7.455371     -7.446020     -0.000870
    334      0.006270      0.009405     -7.455424     -7.446020     -0.001067
    335      0.006293      0.009440     -7.455460     -7.446020     -0.001167
    336      0.006306      0.009458     -7.455478     -7.446020     -0.001181
    337      0.006308      0.009462     -7.455482     -7.446019     -0.001123
    338      0.006303      0.009454     -7.455473     -7.446019     -0.001004
    339      0.006290      0.009436     -7.455455     -7.446019     -0.000842
    340      0.006274      0.009411     -7.455430     -7.446019     -0.000650
    341      0.006254      0.009381     -7.455400     -7.446019     -0.000443
    342      0.006233      0.009350     -7.455369     -7.446019     -0.000237
    343      0.006213      0.009320     -7.455338     -7.446018     -0.000044
    344      0.006195      0.009293     -7.455311     -7.446018      0.000122
    345      0.006180      0.009270     -7.455289     -7.446018      0.000251
    346      0.006170      0.009255     -7.455273     -7.446018      0.000335
    347      0.006165      0.009247     -7.455265     -7.446018      0.000367
    348      0.006165      0.009248     -7.455266     -7.446018      0.000344
    349      0.006171      0.009257     -7.455275     -7.446018      0.000263
    350      0.006184      0.009276     -7.455294     -7.446018      0.000127
    351      0.006202      0.009302     -7.455321     -7.446018     -0.000061
    352      0.006224      0.009336     -7.455355     -7.446018     -0.000294
    353      0.006251      0.009376     -7.455394     -7.446018     -0.000565
    354      0.006280      0.009419     -7.455438     -7.446019     -0.000861
    355      0.006310      0.009465     -7.455484     -7.446019     -0.001171
    356      0.006340      0.009510     -7.455528     -7.446019     -0.001481
    357      0.006367      0.009551     -7.455570     -7.446019     -0.001776
    358      0.006391      0.009587     -7.455606     -7.446019     -0.002041
    359      0.006409      0.009614     -7.455634     -7.446019     -0.002259
    360      0.006420      0.009630     -7.455650     -7.446020     -0.002417
    361      0.006422      0.009633     -7.455652     -7.446020     -0.002499
    362      0.006413      0.009619     -7.455639     -7.446020     -0.002493
    363      0.006392      0.009588     -7.455608     -7.446020     -0.002388
    364      0.006358      0.009537     -7.455557     -7.446020     -0.002175
    365      0.006311      0.009466     -7.455486     -7.446020     -0.001848
    366      0.006250      0.009375     -7.455395     -7.446020     -0.001404
    367      0.006175      0.009262     -7.455282     -7.446020     -0.000843
    368      0.006086      0.009129     -7.455149     -7.446020     -0.000167
    369      0.005985      0.008977     -7.454997     -7.446020      0.000617
    370      0.005872      0.008808     -7.454828     -7.446020      0.001499
    371      0.005749      0.008624     -7.454644     -7.446019      0.002466
    372      0.005619      0.008429     -7.454448     -7.446019      0.003502
    373      0.005483      0.008225     -7.454244     -7.446019      0.004588
    374      0.005344      0.008016     -7.454035     -7.446019      0.005704
    375      0.005205      0.007808     -7.453826     -7.446018      0.006825
    376      0.005069      0.007604     -7.453622     -7.446018      0.007928
    377      0.004939      0.007408     -7.453426     -7.446018      0.008988
    378      0.004818      0.007227     -7.453244     -7.446018      0.009978
    379      0.004709      0.007063     -7.453081     -7.446017      0.010875
    380      0.004615      0.006922     -7.452939     -7.446017      0.011655
    381      0.004539      0.006808     -7.452825     -7.446017      0.012295
    382      0.004482      0.006723     -7.452740     -7.446017      0.012777
    383      0.004448      0.006672     -7.452688     -7.446016      0.013083
    384      0.004437      0.006656     -7.452672     -7.446016      0.013202
    385      0.004451      0.006676     -7.452693     -7.446016      0.013124
    386      0.004490      0.006735     -7.452751     -7.446016      0.012846
    387      0.004554      0.006830     -7.452847     -7.446016      0.012366
    388      0.004642      0.006963     -7.452979     -7.446017      0.011690
    389      0.004753      0.007130     -7.453146     -7.446017      0.010827
    390      0.004886      0.007329     -7.453346     -7.446017      0.009792
    391      0.005037      0.007556     -7.453573     -7.446017      0.008604
    392      0.005205      0.007808     -7.453825     -7.446017      0.007285
    393      0.005385      0.008078     -7.454096     -7.446018      0.005862
    394      0.005575      0.008362     -7.454380     -7.446018      0.004363
    395      0.005769      0.008654     -7.454672     -7.446019      0.002821
    396      0.005965      0.008947     -7.454966     -7.446019      0.001268
    397      0.006156      0.009235     -7.455254     -7.446019     -0.000260
    398      0.006341      0.009511     -7.455531     -7.446020     -0.001729
    399      0.006513      0.009770     -7.455790     -7.446020     -0.003107
    400      0.006670      0.010005     -7.456025     -7.446021     -0.004361
    401      0.006807      0.010210     -7.456231     -7.446021     -0.005462
    402      0.006921      0.010382     -7.456403     -7.446021     -0.006383
    403      0.007010      0.010515     -7.456536     -7.446021     -0.007102
    404      0.007071      0.010606     -7.456628     -7.446021     -0.007600
    405      0.007102      0.010654     -7.456675     -7.446022     -0.007865
    406      0.007104      0.010655     -7.456677     -7.446022     -0.007888
    407      0.007074      0.010611     -7.456633     -7.446022     -0.007667
    408      0.007014      0.010522     -7.456543     -7.446021     -0.007205
    409      0.006926      0.010389     -7.456410     -7.446021     -0.006510
    410      0.006810      0.010215     -7.456236     -7.446021     -0.005598
    411      0.006669      0.010004     -7.456024     -7.446021     -0.004488
    412      0.006507      0.009760     -7.455780     -7.446020     -0.003203
    413      0.006326      0.009489     -7.455509     -7.446020     -0.001773
    414      0.006132      0.009197     -7.455217     -7.446020     -0.000228
    415      0.005927      0.008891     -7.454910     -7.446019      0.001396
    416      0.005718      0.008577     -7.454596     -7.446019      0.003062
    417      0.005508      0.008263     -7.454281     -7.446018      0.004733
    418      0.005303      0.007955     -7.453973     -7.446018      0.006370
    419      0.005107      0.007661     -7.453678     -7.446017      0.007937
    420      0.004925      0.007388     -7.453405     -7.446017      0.009396
    421      0.004761      0.007141     -7.453158     -7.446017      0.010714
    422      0.004618      0.006927     -7.452944     -7.446016      0.011861
    423      0.004500      0.006751     -7.452767     -7.446016      0.012811
    424      0.004411      0.006616     -7.452632     -7.446016      0.013541
    425      0.004350      0.006526     -7.452541     -7.446016      0.014035
    426      0.004321      0.006482     -7.452498     -7.446016      0.014281
    427      0.004324      0.006487     -7.452502     -7.446016      0.014272
    428      0.004359      0.006539     -7.452555     -7.446016      0.014009
    429      0.004425      0.006638     -7.452654     -7.446016      0.013498
    430      0.004521      0.006782     -7.452798     -7.446016      0.012749
    431      0.004644      0.006967     -7.452983     -7.446016      0.011778
    432      0.004793      0.007189     -7.453206     -7.446017      0.010608
    433      0.004963      0.007444     -7.453461     -7.446017      0.009263
    434      0.005151      0.007726     -7.453744     -7.446017      0.007773
    435      0.005353      0.008029     -7.454047     -7.446018      0.006171
    436      0.005565      0.008347     -7.454365     -7.446018      0.004491
    437      0.005781      0.008672     -7.454690     -7.446019      0.002769
    438      0.005998      0.008997     -7.455016     -7.446019      0.001042
    439      0.006211      0.009317     -7.455336     -7.446020     -0.000653
    440      0.006415      0.009623     -7.455643     -7.446020     -0.002280
    441      0.006607      0.009910     -7.455930     -7.446020     -0.003804
    442      0.006781      0.010172     -7.456192     -7.446021     -0.005196
    443      0.006935      0.010403     -7.456424     -7.446021     -0.006424
    444      0.007066      0.010599     -7.456620     -7.446021     -0.007466
    445      0.007170      0.010755     -7.456777     -7.446021     -0.008299
    446      0.007246      0.010870     -7.456891     -7.446021     -0.008909
    447      0.007293      0.010940     -7.456961     -7.446022     -0.009282
    448      0.007310      0.010965     -7.456986     -7.446022     -0.009414
    449      0.007296      0.010944     -7.456965     -7.446021     -0.009304
    450      0.007252      0.010878     -7.456899     -7.446021     -0.008954
    451      0.007179      0.010769     -7.456790     -7.446021     -0.008375
    452      0.007080      0.010620     -7.456641     -7.446021     -0.007580
    453      0.006955      0.010433     -7.456453     -7.446021     -0.006587
    454      0.006808      0.010213     -7.456233     -7.446020     -0.005418
    455      0.006643      0.009964     -7.455984     -7.446020     -0.004099
    456      0.006462      0.009693     -7.455713     -7.446020     -0.002657
    457      0.006269      0.009404     -7.455423     -7.446019     -0.001124
    458      0.006069      0.009103     -7.455122     -7.446019      0.000469
    459      0.005864      0.008797     -7.454815     -7.446019      0.002090
    460      0.005661      0.008491     -7.454509     -7.446018      0.003705
    461      0.005461      0.008192     -7.454210     -7.446018      0.005284
    462      0.005270      0.007905     -7.453922     -7.446018      0.006795
    463      0.005090      0.007635     -7.453653     -7.446017      0.008211
    464      0.004925      0.007388     -7.453405     -7.446017      0.009506
    465      0.004778      0.007168     -7.453184     -7.446017      0.010656
    466      0.004651      0.006977     -7.452994     -7.446017      0.011643
    467      0.004547      0.006820     -7.452836     -7.446016      0.012453
    468      0.004465      0.006698     -7.452714     -7.446016      0.013073
    469      0.004408      0.006612     -7.452628     -7.446016      0.013498
    470      0.004375      0.006563     -7.452579     -7.446016      0.013726
    471      0.004367      0.006550     -7.452567     -7.446016      0.013759
    472      0.004382      0.006573     -7.452590     -7.446017      0.013602
    473      0.004420      0.006630     -7.452647     -7.446017      0.013267
    474      0.004478      0.006718     -7.452734     -7.446017      0.012766
    475      0.004556      0.006834     -7.452851     -7.446017      0.012117
    476      0.004649      0.006974     -7.452991     -7.446017      0.011339
    477      0.004757      0.007135     -7.453153     -7.446018      0.010454
    478      0.004875      0.007313     -7.453331     -7.446018      0.009483
    479      0.005002      0.007503     -7.453521     -7.446018      0.008452
    480      0.005134      0.007701     -7.453719     -7.446018      0.007383
    481      0.005268      0.007902     -7.453921     -7.446019      0.006301
    482      0.005402      0.008103     -7.454122     -7.446019      0.005228
    483      0.005533      0.008299     -7.454318     -7.446019      0.004186
    484      0.005658      0.008486     -7.454506     -7.446019      0.003194
    485      0.005775      0.008663     -7.454682     -7.446020      0.002269
    486      0.005883      0.008825     -7.454844     -7.446020      0.001425
    487      0.005980      0.008971     -7.454990     -7.446020      0.000674
    488      0.006066      0.009099     -7.455118     -7.446020      0.000025
    489      0.006138      0.009208     -7.455227     -7.446020     -0.000517
    490      0.006198      0.009297     -7.455317     -7.446020     -0.000951
    491      0.006245      0.009368     -7.455387     -7.446020     -0.001277
    492      0.006280      0.009419     -7.455439     -7.446020     -0.001500
    493      0.006302      0.009454     -7.455473     -7.446020     -0.001625
    494      0.006315      0.009472     -7.455492     -7.446020     -0.001662
    495      0.006318      0.009476     -7.455496     -7.446019     -0.001621
    496      0.006313      0.009469     -7.455488     -7.446019     -0.001516
    497      0.006301      0.009452     -7.455471     -7.446019     -0.001360
    498      0.006285      0.009428     -7.455447     -7.446019     -0.001167
    499      0.006266      0.009399     -7.455418     -7.446019     -0.000950
    500      0.006246      0.009369     -7.455388     -7.446019     -0.000725
    501      0.006226      0.009339     -7.455357     -7.446019     -0.000505
    502      0.006207      0.009311     -7.455329     -7.446018     -0.000300
    503      0.006191      0.009287     -7.455305     -7.446018     -0.000121
    504      0.006179      0.009269     -7.455287     -7.446018      0.000023
    505      0.006171      0.009257     -7.455275     -7.446018      0.000126
    506      0.006168      0.009252     -7.455270     -7.446018      0.000186
    507      0.006170      0.009254     -7.455273     -7.446018      0.000201
    508      0.006176      0.009263     -7.455282     -7.446018      0.000172
    509      0.006186      0.009278     -7.455297     -7.446018      0.000103
    510      0.006199      0.009298     -7.455316     -7.446018      0.000002
    511      0.006214      0.009320     -7.455339     -7.446019     -0.000124
    512      0.006229      0.009344     -7.455363     -7.446019     -0.000265
    513      0.006245      0.009367     -7.455386     -7.446019     -0.000408
    514      0.006257      0.009386     -7.455405     -7.446019     -0.000541
    515      0.006266      0.009399     -7.455419     -7.446019     -0.000650
    516      0.006270      0.009404     -7.455424     -7.446019     -0.000721
    517      0.006266      0.009398     -7.455418     -7.446019     -0.000742
    518      0.006253      0.009379     -7.455399     -7.446020     -0.000699
    519      0.006230      0.009345     -7.455365     -7.446020     -0.000581
    520      0.006196      0.009294     -7.455314     -7.446020     -0.000379
    521      0.006150      0.009226     -7.455245     -7.446020     -0.000086
    522      0.006092      0.009138     -7.455158     -7.446020      0.000304
    523      0.006021      0.009032     -7.455052     -7.446020      0.000793
    524      0.005938      0.008907     -7.454927     -7.446020      0.001380
    525      0.005843      0.008765     -7.454784     -7.446020      0.002060
    526      0.005738      0.008606     -7.454626     -7.446020      0.002827
    527      0.005623      0.008434     -7.454453     -7.446019      0.003669
    528      0.005500      0.008251     -7.454270     -7.446019      0.004575
    529      0.005373      0.008059     -7.454078     -7.446019      0.005528
    530      0.005242      0.007863     -7.453882     -7.446019      0.006510
    531      0.005111      0.007667     -7.453685     -7.446018      0.007499
    532      0.004983      0.007474     -7.453492     -7.446018      0.008475
    533      0.004860      0.007290     -7.453308     -7.446018      0.009414
    534      0.004746      0.007118     -7.453136     -7.446018      0.010294
    535      0.004643      0.006964     -7.452981     -7.446017      0.011090
    536      0.004554      0.006831     -7.452848     -7.446017      0.011781
    537      0.004483      0.006724     -7.452741     -7.446017      0.012346
    538      0.004430      0.006645     -7.452662     -7.446017      0.012766
    539      0.004399      0.006599     -7.452615     -7.446017      0.013026
    540      0.004391      0.006586     -7.452603     -7.446016      0.013111
    541      0.004407      0.006610     -7.452627     -7.446016      0.013013
    542      0.004448      0.006671     -7.452688     -7.446016      0.012726
    543      0.004513      0.006769     -7.452786     -7.446016      0.012249
    544      0.004603      0.006904     -7.452920     -7.446016      0.011584
    545      0.004716      0.007074     -7.453090     -7.446017      0.010739
    546      0.004850      0.007276     -7.453293     -7.446017      0.009726
    547      0.005005      0.007507     -7.453524     -7.446017      0.008560
    548      0.005176      0.007765     -7.453782     -7.446017      0.007260
    549      0.005362      0.008043     -7.454061     -7.446018      0.005849
    550      0.005558      0.008337     -7.454355     -7.446018      0.004354
    551      0.005762      0.008642     -7.454661     -7.446018      0.002802
    552      0.005968      0.008952     -7.454971     -7.446019      0.001222
    553      0.006174      0.009260     -7.455279     -7.446019     -0.000353
    554      0.006374      0.009561     -7.455581     -7.446020     -0.001893
    555      0.006566      0.009849     -7.455869     -7.446020     -0.003367
    556      0.006745      0.010117     -7.456138     -7.446020     -0.004744
    557      0.006907      0.010361     -7.456382     -7.446021     -0.005997
    558      0.007050      0.010575     -7.456596     -7.446021     -0.007100
    559      0.007170      0.010756     -7.456777     -7.446021     -0.008030
    560      0.007266      0.010898     -7.456920     -7.446021     -0.008768
    561      0.007333      0.011000     -7.457021     -7.446021     -0.009297
    562      0.007373      0.011059     -7.457081     -7.446021     -0.009606
    563      0.007383      0.011074     -7.457095     -7.446021     -0.009689
    564      0.007363      0.011044     -7.457066     -7.446021     -0.009543
    565      0.007314      0.010970     -7.456992     -7.446021     -0.009170
    566      0.007236      0.010854     -7.456875     -7.446021     -0.008578
    567      0.007131      0.010697     -7.456718     -7.446021     -0.007777
    568      0.007002      0.010502     -7.456523     -7.446021     -0.006784
    569      0.006849      0.010274     -7.456295     -7.446021     -0.005616
    570      0.006678      0.010017     -7.456037     -7.446020     -0.004298
    571      0.006490      0.009735     -7.455755     -7.446020     -0.002854
    572      0.006289      0.009434     -7.455453     -7.446019     -0.001312
    573      0.006080      0.009120     -7.455139     -7.446019      0.000299
    574      0.005865      0.008798     -7.454817     -7.446019      0.001947
    575      0.005650      0.008475     -7.454494     -7.446018      0.003602
    576      0.005438      0.008157     -7.454175     -7.446018      0.005232
    577      0.005233      0.007849     -7.453867     -7.446018      0.006809
    578      0.005038      0.007557     -7.453575     -7.446017      0.008303
    579      0.004858      0.007287     -7.453304     -7.446017      0.009688
    580      0.004695      0.007042     -7.453059     -7.446017      0.010940
    581      0.004551      0.006827     -7.452844     -7.446017      0.012038
    582      0.004430      0.006645     -7.452662     -7.446016      0.012965
    583      0.004333      0.006500     -7.452516     -7.446016      0.013706
    584      0.004262      0.006393     -7.452409     -7.446016      0.014251
    585      0.004216      0.006325     -7.452341     -7.446016      0.014594
    586      0.004198      0.006297     -7.452313     -7.446016      0.014733
    587      0.004206      0.006308     -7.452325     -7.446016      0.014668
    588      0.004239      0.006359     -7.452375     -7.446016      0.014407
    589      0.004297      0.006446     -7.452462     -7.446016      0.013956
    590      0.004379      0.006568     -7.452585     -7.446017      0.013330
    591      0.004481      0.006722     -7.452738     -7.446017      0.012542
    592      0.004603      0.006904     -7.452921     -7.446017      0.011610
    593      0.004740      0.007111     -7.453128     -7.446017      0.010555
    594      0.004892      0.007338     -7.453356     -7.446018      0.009396
    595      0.005054      0.007581     -7.453599     -7.446018      0.008158
    596      0.005224      0.007837     -7.453855     -7.446018      0.006862
    597      0.005399      0.008099     -7.454117     -7.446018      0.005531
    598      0.005576      0.008364     -7.454383     -7.446019      0.004190
    599      0.005752      0.008627     -7.454646     -7.446019      0.002860
    600      0.005923      0.008885     -7.454904     -7.446019      0.001563
    601      0.006088      0.009132     -7.455152     -7.446020      0.000318
    602      0.006244      0.009366     -7.455386     -7.446020     -0.000856
    603      0.006389      0.009584     -7.455604     -7.446020     -0.001943
    604      0.006521      0.009782     -7.455802     -7.446020     -0.002930
    605      0.006638      0.009957     -7.455977     -7.446020     -0.003803
    606      0.006739      0.010109     -7.456129     -7.446020     -0.004553
    607      0.006823      0.010235     -7.456255     -7.446020     -0.005173
    608      0.006890      0.010335     -7.456355     -7.446020     -0.005658
    609      0.006938      0.010407     -7.456427     -7.446020     -0.006006
    610      0.006967      0.010451     -7.456472     -7.446020     -0.006215
    611      0.006979      0.010468     -7.456489     -7.446020     -0.006288
    612      0.006972      0.010459     -7.456479     -7.446020     -0.006227
    613      0.006949      0.010423     -7.456443     -7.446020     -0.006038
    614      0.006908      0.010363     -7.456383     -7.446020     -0.005727
    615      0.006853      0.010279     -7.456299     -7.446020     -0.005302
    616      0.006782      0.010174     -7.456194     -7.446020     -0.004772
    617      0.006699      0.010049     -7.456069     -7.446020     -0.004146
    618      0.006604      0.009906     -7.455926     -7.446020     -0.003436
    619      0.006499      0.009748     -7.455768     -7.446019     -0.002652
    620      0.006385      0.009578     -7.455597     -7.446019     -0.001806
    621      0.006264      0.009396     -7.455415     -7.446019     -0.000910
    622      0.006137      0.009206     -7.455225     -7.446019      0.000025
    623      0.006007      0.009010     -7.455029     -7.446019      0.000988
    624      0.005874      0.008811     -7.454830     -7.446019      0.001965
    625      0.005740      0.008610     -7.454629     -7.446019      0.002947
    626      0.005608      0.008411     -7.454430     -7.446018      0.003921
    627      0.005477      0.008216     -7.454234     -7.446018      0.004877
    628      0.005351      0.008026     -7.454044     -7.446018      0.005804
    629      0.005230      0.007845     -7.453863     -7.446018      0.006693
    630      0.005116      0.007673     -7.453691     -7.446018      0.007532
    631      0.005009      0.007514     -7.453532     -7.446018      0.008314
    632      0.004912      0.007369     -7.453386     -7.446018      0.009028
    633      0.004826      0.007239     -7.453257     -7.446018      0.009667
    634      0.004751      0.007127     -7.453144     -7.446018      0.010223
    635      0.004689      0.007033     -7.453051     -7.446017      0.010688
    636      0.004640      0.006960     -7.452978     -7.446017      0.011056
    637      0.004606      0.006909     -7.452926     -7.446017      0.011321
    638      0.004586      0.006879     -7.452896     -7.446017      0.011478
    639      0.004582      0.006873     -7.452890     -7.446017      0.011522
    640      0.004594      0.006891     -7.452908     -7.446017      0.011450
    641      0.004622      0.006932     -7.452949     -7.446017      0.011261
    642      0.004665      0.006998     -7.453015     -7.446017      0.010954
    643      0.004725      0.007087     -7.453104     -7.446017      0.010530
    644      0.004800      0.007200     -7.453217     -7.446017      0.009990
    645      0.004890      0.007334     -7.453352     -7.446017      0.009339
    646      0.004993      0.007490     -7.453508     -7.446017      0.008583
    647      0.005110      0.007665     -7.453683     -7.446018      0.007728
    648      0.005238      0.007858     -7.453875     -7.446018      0.006783
    649      0.005377      0.008065     -7.454083     -7.446018      0.005761
    650      0.005523      0.008285     -7.454303     -7.446018      0.004672
    651      0.005676      0.008515     -7.454533     -7.446018      0.003533
    652      0.005834      0.008750     -7.454769     -7.446019      0.002357
    653      0.005993      0.008989     -7.455008     -7.446019      0.001164
    654      0.006151      0.009227     -7.455246     -7.446019     -0.000030
    655      0.006307      0.009460     -7.455480     -7.446019     -0.001205
    656      0.006457      0.009685     -7.455705     -7.446019     -0.002341
    657      0.006598      0.009898     -7.455917     -7.446020     -0.003418
    658      0.006729      0.010094     -7.456114     -7.446020     -0.004417
    659      0.006847      0.010270     -7.456290     -7.446020     -0.005318
    660      0.006949      0.010423     -7.456443     -7.446020     -0.006103
    661      0.007033      0.010549     -7.456570     -7.446021     -0.006755
    662      0.007097      0.010646     -7.456667     -7.446021     -0.007259
    663      0.007141      0.010711     -7.456732     -7.446021     -0.007603
    664      0.007161      0.010742     -7.456763     -7.446021     -0.007775
    665      0.007159      0.010738     -7.456759     -7.446021     -0.007769
    666      0.007132      0.010698     -7.456719     -7.446021     -0.007579
    667      0.007082      0.010623     -7.456644     -7.446021     -0.007205
    668      0.007008      0.010512     -7.456532     -7.446021     -0.006649
    669      0.006911      0.010366     -7.456387     -7.446021     -0.005917
    670      0.006793      0.010189     -7.456210     -7.446021     -0.005019
    671      0.006655      0.009982     -7.456003     -7.446020     -0.003968
    672      0.006500      0.009749     -7.455769     -7.446020     -0.002781
    673      0.006329      0.009494     -7.455514     -7.446020     -0.001477
    674      0.006147      0.009221     -7.455241     -7.446019     -0.000079
    675      0.005957      0.008935     -7.454954     -7.446019      0.001387
    676      0.005761      0.008641     -7.454660     -7.446019      0.002896
    677      0.005564      0.008345     -7.454364     -7.446018      0.004418
    678      0.005369      0.008053     -7.454071     -7.446018      0.005923
    679      0.005180      0.007769     -7.453787     -7.446018      0.007383
    680      0.005000      0.007501     -7.453518     -7.446017      0.008767
    681      0.004835      0.007252     -7.453269     -7.446017      0.010048
    682      0.004686      0.007029     -7.453045     -7.446017      0.011199
    683      0.004557      0.006835     -7.452851     -7.446017      0.012196
    684      0.004450      0.006675     -7.452692     -7.446016      0.013017
    685      0.004368      0.006553     -7.452569     -7.446016      0.013644
    686      0.004313      0.006470     -7.452486     -7.446016      0.014064
    687      0.004286      0.006429     -7.452445     -7.446016      0.014266
    688      0.004287      0.006431     -7.452447     -7.446016      0.014245
    689      0.004317      0.006475     -7.452491     -7.446016      0.014002
    690      0.004374      0.006561     -7.452577     -7.446016      0.013541
    691      0.004458      0.006687     -7.452704     -7.446016      0.012870
    692      0.004567      0.006850     -7.452867     -7.446017      0.012005
    693      0.004698      0.007047     -7.453064     -7.446017      0.010963
    694      0.004849      0.007273     -7.453291     -7.446017      0.009768
    695      0.005016      0.007524     -7.453542     -7.446017      0.008445
    696      0.005196      0.007794     -7.453811     -7.446018      0.007023
    697      0.005384      0.008076     -7.454094     -7.446018      0.005533
    698      0.005577      0.008365     -7.454384     -7.446019      0.004009
    699      0.005769      0.008654     -7.454673     -7.446019      0.002485
    700      0.005958      0.008937     -7.454957     -7.446019      0.000994
    701      0.006139      0.009208     -7.455228     -7.446020     -0.000431
    702      0.006307      0.009460     -7.455480     -7.446020     -0.001757
    703      0.006459      0.009688     -7.455709     -7.446020     -0.002956
    704      0.006592      0.009888     -7.455909     -7.446021     -0.004000
    705      0.006703      0.010054     -7.456075     -7.446021     -0.004867
    706      0.006789      0.010183     -7.456204     -7.446021     -0.005538
    707      0.006849      0.010273     -7.456294     -7.446021     -0.006000
    708      0.006881      0.010322     -7.456343     -7.446021     -0.006241
    709      0.006886      0.010329     -7.456350     -7.446021     -0.006260
    710      0.006863      0.010294     -7.456315     -7.446021     -0.006057
    711      0.006813      0.010219     -7.456240     -7.446021     -0.005638
    712      0.006737      0.010105     -7.456126     -7.446021     -0.005016
    713      0.006638      0.009957     -7.455978     -7.446021     -0.004206
    714      0.006518      0.009777     -7.455798     -7.446020     -0.003231
    715      0.006381      0.009571     -7.455591     -7.446020     -0.002114
    716      0.006230      0.009344     -7.455364     -7.446020     -0.000885
    717      0.006068      0.009102     -7.455121     -7.446019      0.000426
    718      0.005900      0.008850     -7.454869     -7.446019      0.001785
    719      0.005731      0.008596     -7.454614     -7.446018      0.003159
    720      0.005563      0.008345     -7.454363     -7.446018      0.004512
    721      0.005403      0.008104     -7.454122     -7.446018      0.005812
    722      0.005253      0.007880     -7.453897     -7.446017      0.007026
    723      0.005118      0.007676     -7.453693     -7.446017      0.008123
    724      0.005000      0.007500     -7.453516     -7.446017      0.009077
    725      0.004903      0.007354     -7.453371     -7.446017      0.009863
    726      0.004829      0.007243     -7.453259     -7.446016      0.010464
    727      0.004779      0.007169     -7.453185     -7.446016      0.010865
    728      0.004756      0.007133     -7.453150     -7.446016      0.011056
    729      0.004758      0.007138     -7.453154     -7.446016      0.011033
    730      0.004787      0.007181     -7.453197     -7.446016      0.010799
    731      0.004841      0.007262     -7.453278     -7.446016      0.010360
    732      0.004919      0.007379     -7.453395     -7.446017      0.009729
    733      0.005018      0.007527     -7.453544     -7.446017      0.008923
    734      0.005136      0.007704     -7.453721     -7.446017      0.007964
    735      0.005270      0.007904     -7.453922     -7.446018      0.006876
    736      0.005415      0.008123     -7.454141     -7.446018      0.005690
    737      0.005569      0.008353     -7.454371     -7.446018      0.004436
    738      0.005726      0.008590     -7.454608     -7.446019      0.003147
    739      0.005884      0.008826     -7.454845     -7.446019      0.001856
    740      0.006037      0.009056     -7.455076     -7.446019      0.000599
    741      0.006183      0.009274     -7.455294     -7.446020     -0.000593
    742      0.006316      0.009473     -7.455494     -7.446020     -0.001690
    743      0.006433      0.009650     -7.455670     -7.446020     -0.002662
    744      0.006532      0.009798     -7.455819     -7.446021     -0.003484
    745      0.006610      0.009915     -7.455936     -7.446021     -0.004136
    746      0.006665      0.009998     -7.456019     -7.446021     -0.004602
    747      0.006696      0.010044     -7.456065     -7.446021     -0.004869
    748      0.006701      0.010052     -7.456073     -7.446021     -0.004932
    749      0.006682      0.010023     -7.456044     -7.446021     -0.004790
    750      0.006638      0.009956     -7.455977     -7.446021     -0.004447
    751      0.006570      0.009856     -7.455876     -7.446021     -0.003914
    752      0.006482      0.009723     -7.455743     -7.446020     -0.003205
    753      0.006374      0.009562     -7.455582     -7.446020     -0.002341
    754      0.006251      0.009377     -7.455397     -7.446020     -0.001345
    755      0.006116      0.009174     -7.455193     -7.446019     -0.000245
    756      0.005972      0.008958     -7.454977     -7.446019      0.000928
    757      0.005823      0.008735     -7.454754     -7.446019      0.002143
    758      0.005674      0.008512     -7.454530     -7.446018      0.003364
    759      0.005529      0.008294     -7.454312     -7.446018      0.004558
    760      0.005392      0.008089     -7.454106     -7.446018      0.005691
    761      0.005267      0.007901     -7.453918     -7.446017      0.006732
    762      0.005158      0.007736     -7.453753     -7.446017      0.007650
    763      0.005067      0.007600     -7.453617     -7.446017      0.008420
    764      0.004997      0.007496     -7.453512     -7.446016      0.009018
    765      0.004951      0.007427     -7.453443     -7.446016      0.009427
    766      0.004930      0.007395     -7.453411     -7.446016      0.009633
    767      0.004935      0.007403     -7.453419     -7.446016      0.009629
    768      0.004966      0.007449     -7.453465     -7.446016      0.009415
    769      0.005022      0.007533     -7.453550     -7.446016      0.008993
    770      0.005103      0.007654     -7.453670     -7.446017      0.008373
    771      0.005205      0.007807     -7.453824     -7.446017      0.007572
    772      0.005326      0.007989     -7.454006     -7.446017      0.006610
    773      0.005464      0.008196     -7.454213     -7.446018      0.005513
    774      0.005614      0.008420     -7.454438     -7.446018      0.004309
    775      0.005772      0.008658     -7.454676     -7.446018      0.003032
    776      0.005934      0.008901     -7.454919     -7.446019      0.001717
    777      0.006095      0.009142     -7.455161     -7.446019      0.000401
    778      0.006251      0.009376     -7.455395     -7.446020     -0.000879
    779      0.006396      0.009594     -7.455614     -7.446020     -0.002086
    780      0.006528      0.009791     -7.455812     -7.446020     -0.003185
    781      0.006640      0.009961     -7.455981     -7.446021     -0.004142
    782      0.006731      0.010097     -7.456118     -7.446021     -0.004926
    783      0.006797      0.010195     -7.456217     -7.446021     -0.005513
    784      0.006835      0.010252     -7.456273     -7.446021     -0.005880
    785      0.006843      0.010264     -7.456286     -7.446022     -0.006011
    786      0.006820      0.010230     -7.456252     -7.446022     -0.005897
    787      0.006767      0.010150     -7.456171     -7.446022     -0.005534
    788      0.006682      0.010023     -7.456045     -7.446021     -0.004923
    789      0.006568      0.009853     -7.455874     -7.446021     -0.004074
    790      0.006427      0.009641     -7.455662     -7.446021     -0.003001
    791      0.006261      0.009392     -7.455413     -7.446021     -0.001726
    792      0.006074      0.009111     -7.455132     -7.446020     -0.000274
    793      0.005870      0.008805     -7.454825     -7.446020      0.001323
    794      0.005653      0.008479     -7.454499     -7.446019      0.003028
    795      0.005428      0.008142     -7.454161     -7.446019      0.004805
    796      0.005201      0.007801     -7.453820     -7.446018      0.006610
    797      0.004977      0.007465     -7.453483     -7.446018      0.008401
    798      0.004761      0.007141     -7.453158     -7.446017      0.010135
    799      0.004558      0.006837     -7.452854     -7.446017      0.011769
    800      0.004375      0.006562     -7.452579     -7.446016      0.013261
    801      0.004215      0.006323     -7.452339     -7.446016      0.014573
    802      0.004083      0.006125     -7.452141     -7.446016      0.015670
    803      0.003983      0.005975     -7.451990     -7.446015      0.016523
    804      0.003917      0.005876     -7.451891     -7.446015      0.017105
    805      0.003889      0.005833     -7.451848     -7.446015      0.017398
    806      0.003899      0.005848     -7.451863     -7.446015      0.017390
    807      0.003947      0.005921     -7.451936     -7.446015      0.017074
    808      0.004035      0.006052     -7.452067     -7.446015      0.016453
    809      0.004159      0.006239     -7.452255     -7.446015      0.015534
    810      0.004319      0.006479     -7.452495     -7.446016      0.014334
    811      0.004512      0.006768     -7.452784     -7.446016      0.012874
    812      0.004733      0.007100     -7.453116     -7.446016      0.011182
    813      0.004979      0.007468     -7.453485     -7.446017      0.009292
    814      0.005244      0.007866     -7.453883     -7.446017      0.007242
    815      0.005523      0.008284     -7.454302     -7.446018      0.005074
    816      0.005810      0.008716     -7.454734     -7.446018      0.002833
    817      0.006100      0.009151     -7.455170     -7.446019      0.000567
    818      0.006387      0.009580     -7.455600     -7.446020     -0.001679
    819      0.006663      0.009995     -7.456015     -7.446020     -0.003856
    820      0.006925      0.010387     -7.456408     -7.446021     -0.005919
    821      0.007166      0.010748     -7.456770     -7.446021     -0.007825
    822      0.007381      0.011071     -7.457093     -7.446022     -0.009534
    823      0.007566      0.011348     -7.457370     -7.446022     -0.011011
    824      0.007717      0.011575     -7.457597     -7.446022     -0.012224
    825      0.007831      0.011746     -7.457769     -7.446022     -0.013151
    826      0.007906      0.011859     -7.457881     -7.446022     -0.013770
    827      0.007940      0.011910     -7.457933     -7.446023     -0.014072
    828      0.007933      0.011900     -7.457922     -7.446023     -0.014051
    829      0.007886      0.011828     -7.457851     -7.446022     -0.013708
    830      0.007798      0.011697     -7.457719     -7.446022     -0.013052
    831      0.007673      0.011510     -7.457532     -7.446022     -0.012098
    832      0.007513      0.011270     -7.457291     -7.446022     -0.010868
    833      0.007322      0.010982     -7.457004     -7.446021     -0.009388
    834      0.007103      0.010654     -7.456675     -7.446021     -0.007691
    835      0.006861      0.010292     -7.456312     -7.446020     -0.005812
    836      0.006602      0.009903     -7.455922     -7.446020     -0.003791
    837      0.006330      0.009495     -7.455514     -7.446019     -0.001671
    838      0.006052      0.009078     -7.455096     -7.446019      0.000505
    839      0.005772      0.008658     -7.454677     -7.446018      0.002692
    840      0.005497      0.008246     -7.454264     -7.446018      0.004846
    841      0.005232      0.007848     -7.453866     -7.446017      0.006924
    842      0.004982      0.007473     -7.453490     -7.446017      0.008886
    843      0.004752      0.007128     -7.453144     -7.446016      0.010693
    844      0.004545      0.006818     -7.452834     -7.446016      0.012314
    845      0.004366      0.006550     -7.452565     -7.446016      0.013718
    846      0.004218      0.006327     -7.452343     -7.446016      0.014883
    847      0.004103      0.006154     -7.452169     -7.446015      0.015790
    848      0.004021      0.006032     -7.452047     -7.446015      0.016428
    849      0.003975      0.005962     -7.451978     -7.446015      0.016790
    850      0.003964      0.005946     -7.451961     -7.446015      0.016876
    851      0.003987      0.005980     -7.451995     -7.446016      0.016693
    852      0.004042      0.006063     -7.452079     -7.446016      0.016253
    853      0.004128      0.006192     -7.452208     -7.446016      0.015572
    854      0.004242      0.006362     -7.452379     -7.446016      0.014672
    855      0.004379      0.006569     -7.452586     -7.446017      0.013581
    856      0.004538      0.006807     -7.452824     -7.446017      0.012326
    857      0.004713      0.007070     -7.453087     -7.446018      0.010940
    858      0.004901      0.007351     -7.453369     -7.446018      0.009457
    859      0.005096      0.007644     -7.453662     -7.446018      0.007912
    860      0.005295      0.007942     -7.453961     -7.446019      0.006339
    861      0.005493      0.008239     -7.454258     -7.446019      0.004773
    862      0.005686      0.008528     -7.454548     -7.446019      0.003246
    863      0.005870      0.008805     -7.454825     -7.446020      0.001790
    864      0.006042      0.009062     -7.455083     -7.446020      0.000432
    865      0.006198      0.009297     -7.455317     -7.446020     -0.000804
    866      0.006336      0.009505     -7.455525     -7.446021     -0.001896
    867      0.006455      0.009682     -7.455703     -7.446021     -0.002829
    868      0.006551      0.009827     -7.455848     -7.446021     -0.003589
    869      0.006626      0.009938     -7.455959     -7.446021     -0.004169
    870      0.006677      0.010015     -7.456036     -7.446021     -0.004565
    871      0.006705      0.010057     -7.456078     -7.446021     -0.004779
    872      0.006710      0.010066     -7.456086     -7.446021     -0.004816
    873      0.006695      0.010042     -7.456063     -7.446020     -0.004683
    874      0.006660      0.009990     -7.456010     -7.446020     -0.004394
    875      0.006607      0.009910     -7.455931     -7.446020     -0.003963
    876      0.006539      0.009808     -7.455828     -7.446020     -0.003408
    877      0.006457      0.009685     -7.455705     -7.446020     -0.002750
    878      0.006365      0.009547     -7.455567     -7.446019     -0.002008
    879      0.006265      0.009397     -7.455417     -7.446019     -0.001204
    880      0.006160      0.009240     -7.455259     -7.446019     -0.000361
    881      0.006053      0.009079     -7.455098     -7.446019      0.000499
    882      0.005946      0.008919     -7.454937     -7.446018      0.001357
    883      0.005841      0.008762     -7.454780     -7.446018      0.002192
    884      0.005742      0.008613     -7.454631     -7.446018      0.002986
    885      0.005650      0.008474     -7.454492     -7.446018      0.003724
    886      0.005566      0.008349     -7.454366     -7.446018      0.004392
    887      0.005492      0.008238     -7.454256     -7.446018      0.004979
    888      0.005429      0.008144     -7.454161     -7.446018      0.005476
    889      0.005378      0.008068     -7.454085     -7.446018      0.005878
    890      0.005340      0.008009     -7.454027     -7.446018      0.006181
    891      0.005313      0.007970     -7.453987     -7.446018      0.006386
    892      0.005299      0.007948     -7.453966     -7.446018      0.006495
    893      0.005296      0.007944     -7.453962     -7.446018      0.006511
    894      0.005304      0.007956     -7.453974     -7.446018      0.006440
    895      0.005322      0.007983     -7.454000     -7.446018      0.006291
    896      0.005348      0.008022     -7.454040     -7.446018      0.006073
    897      0.005382      0.008073     -7.454091     -7.446018      0.005796
    898      0.005422      0.008134     -7.454152     -7.446018      0.005471
    899      0.005467      0.008201     -7.454220     -7.446018      0.005108
    900      0.005516      0.008274     -7.454292     -7.446018      0.004720
    901      0.005567      0.008350     -7.454368     -7.446019      0.004317
    902      0.005618      0.008427     -7.454446     -7.446019      0.003909
    903      0.005669      0.008504     -7.454523     -7.446019      0.003505
    904      0.005719      0.008579     -7.454597     -7.446019      0.003114
    905      0.005767      0.008650     -7.454669     -7.446019      0.002743
    906      0.005811      0.008717     -7.454736     -7.446019      0.002398
    907      0.005853      0.008779     -7.454798     -7.446019      0.002083
    908      0.005890      0.008835     -7.454854     -7.446019      0.001802
    909      0.005923      0.008884     -7.454903     -7.446019      0.001556
    910      0.005952      0.008927     -7.454946     -7.446019      0.001347
    911      0.005976      0.008964     -7.454983     -7.446019      0.001173
    912      0.005996      0.008994     -7.455013     -7.446019      0.001033
    913      0.006012      0.009018     -7.455037     -7.446019      0.000925
    914      0.006025      0.009037     -7.455056     -7.446019      0.000846
    915      0.006034      0.009051     -7.455070     -7.446019      0.000794
    916      0.006040      0.009060     -7.455079     -7.446019      0.000764
    917      0.006044      0.009065     -7.455084     -7.446019      0.000753
    918      0.006045      0.009067     -7.455086     -7.446019      0.000757
    919      0.006044      0.009066     -7.455085     -7.446019      0.000775
    920      0.006041      0.009062     -7.455081     -7.446019      0.000802
    921      0.006037      0.009056     -7.455075     -7.446019      0.000838
    922      0.006032      0.009048     -7.455067     -7.446019      0.000881
    923      0.006025      0.009038     -7.455056     -7.446019      0.000929
    924      0.006017      0.009025     -7.455044     -7.446019      0.000985
    925      0.006007      0.009010     -7.455029     -7.446019      0.001047
    926      0.005995      0.008993     -7.455012     -7.446019      0.001119
    927      0.005982      0.008973     -7.454992     -7.446019      0.001201
    928      0.005966      0.008949     -7.454968     -7.446019      0.001297
    929      0.005948      0.008922     -7.454940     -7.446019      0.001409
    930      0.005926      0.008889     -7.454908     -7.446019      0.001541
    931      0.005902      0.008852     -7.454871     -7.446019      0.001696
    932      0.005873      0.008810     -7.454829     -7.446019      0.001877
    933      0.005841      0.008762     -7.454781     -7.446019      0.002086
    934      0.005805      0.008707     -7.454726     -7.446019      0.002326
    935      0.005765      0.008647     -7.454666     -7.446019      0.002598
    936      0.005720      0.008580     -7.454599     -7.446019      0.002903
    937      0.005672      0.008508     -7.454527     -7.446019      0.003241
    938      0.005620      0.008429     -7.454448     -7.446019      0.003610
    939      0.005564      0.008346     -7.454365     -7.446019      0.004007
    940      0.005506      0.008259     -7.454278     -7.446019      0.004428
    941      0.005446      0.008169     -7.454188     -7.446019      0.004869
    942      0.005385      0.008078     -7.454097     -7.446019      0.005323
    943      0.005324      0.007986     -7.454005     -7.446019      0.005782
    944      0.005264      0.007896     -7.453915     -7.446018      0.006239
    945      0.005207      0.007810     -7.453828     -7.446018      0.006683
    946      0.005153      0.007729     -7.453747     -7.446018      0.007105
    947      0.005104      0.007655     -7.453673     -7.446018      0.007495
    948      0.005061      0.007591     -7.453609     -7.446018      0.007842
    949      0.005025      0.007538     -7.453556     -7.446018      0.008135
    950      0.004999      0.007498     -7.453516     -7.446018      0.008365
    951      0.004982      0.007474     -7.453491     -7.446018      0.008521
    952      0.004977      0.007465     -7.453483     -7.446018      0.008597
    953      0.004983      0.007475     -7.453492     -7.446017      0.008585
    954      0.005002      0.007503     -7.453520     -7.446017      0.008478
    955      0.005033      0.007550     -7.453568     -7.446017      0.008275
    956      0.005078      0.007617     -7.453634     -7.446017      0.007972
    957      0.005135      0.007703     -7.453720     -7.446017      0.007570
    958      0.005205      0.007807     -7.453825     -7.446018      0.007072
    959      0.005286      0.007929     -7.453947     -7.446018      0.006482
    960      0.005378      0.008067     -7.454085     -7.446018      0.005807
    961      0.005480      0.008220     -7.454238     -7.446018      0.005057
    962      0.005589      0.008384     -7.454402     -7.446018      0.004243
    963      0.005705      0.008557     -7.454575     -7.446018      0.003378
    964      0.005824      0.008737     -7.454755     -7.446018      0.002476
    965      0.005946      0.008919     -7.454938     -7.446019      0.001554
    966      0.006068      0.009102     -7.455121     -7.446019      0.000628
    967      0.006187      0.009281     -7.455300     -7.446019     -0.000284
    968      0.006302      0.009453     -7.455472     -7.446019     -0.001166
    969      0.006410      0.009615     -7.455635     -7.446019     -0.001998
    970      0.006509      0.009763     -7.455783     -7.446020     -0.002766
    971      0.006597      0.009895     -7.455915     -7.446020     -0.003452
    972      0.006672      0.010008     -7.456028     -7.446020     -0.004043
    973      0.006733      0.010099     -7.456119     -7.446020     -0.004526
    974      0.006778      0.010167     -7.456187     -7.446020     -0.004891
    975      0.006806      0.010209     -7.456229     -7.446020     -0.005129
    976      0.006817      0.010226     -7.456246     -7.446020     -0.005235
    977      0.006811      0.010216     -7.456236     -7.446020     -0.005206
    978      0.006786      0.010180     -7.456200     -7.446020     -0.005042
    979      0.006745      0.010117     -7.456138     -7.446020     -0.004745
    980      0.006687      0.010031     -7.456051     -7.446020     -0.004320
    981      0.006614      0.009921     -7.455941     -7.446020     -0.003776
    982      0.006527      0.009790     -7.455810     -7.446020     -0.003122
    983      0.006427      0.009641     -7.455660     -7.446020     -0.002372
    984      0.006317      0.009476     -7.455495     -7.446019     -0.001539
    985      0.006199      0.009298     -7.455318     -7.446019     -0.000639
    986      0.006075      0.009112     -7.455131     -7.446019      0.000309
    987      0.005946      0.008920     -7.454938     -7.446019      0.001290
    988      0.005817      0.008725     -7.454744     -7.446019      0.002283
    989      0.005688      0.008532     -7.454551     -7.446018      0.003271
    990      0.005563      0.008344     -7.454362     -7.446018      0.004236
    991      0.005443      0.008164     -7.454182     -7.446018      0.005160
    992      0.005331      0.007996     -7.454014     -7.446018      0.006028
    993      0.005227      0.007841     -7.453859     -7.446018      0.006825
    994      0.005135      0.007703     -7.453721     -7.446018      0.007538
    995      0.005056      0.007583     -7.453601     -7.446017      0.008157
    996      0.004989      0.007484     -7.453501     -7.446017      0.008672
    997      0.004937      0.007406     -7.453423     -7.446017      0.009077
    998      0.004900      0.007350     -7.453367     -7.446017      0.009368
    999      0.004877      0.007316     -7.453333     -7.446017      0.009544
   1000      0.004869      0.007304     -7.453321     -7.446017      0.009605
#
# Means      0.005743      0.008614     -7.454632     -7.446019      0.002950
