#
# MD1: a minimal molecular dynamics program
#
# Problema 2
#  Input sample: a6.cry
#                                (only positions read from file)
# Output sample: a6.md1
# Number of steps:    1000, time step: 0.0032, total time:      3.2000
# Number of atoms:   864
# Box size:    9.300000    9.300000    9.300000, Volume:        804.357
# Density:    1.074150 (unchanged)
# Free evolution run.
#
#  Step   Temperature     Kinetic      Potential   Total Energy    Pressure
# -----  ------------  ------------  ------------  ------------  ------------
      1      0.000013      0.000020     -7.445987     -7.445967      0.047100
      2      0.000118      0.000178     -7.446145     -7.445967      0.046282
      3      0.000327      0.000490     -7.446458     -7.445967      0.044663
      4      0.000634      0.000950     -7.446918     -7.445968      0.042279
      5      0.001032      0.001549     -7.447517     -7.445969      0.039181
      6      0.001515      0.002272     -7.448242     -7.445970      0.035434
      7      0.002070      0.003105     -7.449076     -7.445971      0.031120
      8      0.002687      0.004031     -7.450003     -7.445972      0.026330
      9      0.003353      0.005030     -7.451003     -7.445973      0.021164
     10      0.004054      0.006081     -7.452055     -7.445975      0.015732
     11      0.004775      0.007162     -7.453138     -7.445976      0.010145
     12      0.005502      0.008252     -7.454230     -7.445977      0.004518
     13      0.006219      0.009329     -7.455308     -7.445979     -0.001033
     14      0.006914      0.010372     -7.456352     -7.445980     -0.006400
     15      0.007573      0.011359     -7.457341     -7.445981     -0.011476
     16      0.008183      0.012274     -7.458256     -7.445982     -0.016163
     17      0.008732      0.013098     -7.459081     -7.445983     -0.020374
     18      0.009211      0.013817     -7.459801     -7.445984     -0.024033
     19      0.009613      0.014419     -7.460404     -7.445985     -0.027077
     20      0.009930      0.014895     -7.460880     -7.445985     -0.029458
     21      0.010158      0.015238     -7.461223     -7.445985     -0.031142
     22      0.010296      0.015444     -7.461429     -7.445985     -0.032112
     23      0.010342      0.015513     -7.461498     -7.445985     -0.032365
     24      0.010298      0.015447     -7.461432     -7.445985     -0.031916
     25      0.010168      0.015251     -7.461236     -7.445984     -0.030792
     26      0.009956      0.014934     -7.460918     -7.445984     -0.029038
     27      0.009671      0.014506     -7.460489     -7.445983     -0.026708
     28      0.009319      0.013979     -7.459961     -7.445982     -0.023869
     29      0.008912      0.013368     -7.459349     -7.445981     -0.020599
     30      0.008459      0.012688     -7.458668     -7.445980     -0.016982
     31      0.007972      0.011957     -7.457936     -7.445979     -0.013108
     32      0.007462      0.011193     -7.457171     -7.445978     -0.009072
     33      0.006942      0.010413     -7.456390     -7.445976     -0.004969
     34      0.006424      0.009636     -7.455611     -7.445975     -0.000893
     35      0.005919      0.008878     -7.454852     -7.445974      0.003065
     36      0.005438      0.008157     -7.454130     -7.445973      0.006819
     37      0.004991      0.007486     -7.453459     -7.445973      0.010290
     38      0.004587      0.006881     -7.452853     -7.445972      0.013409
     39      0.004234      0.006351     -7.452323     -7.445971      0.016116
     40      0.003938      0.005907     -7.451878     -7.445971      0.018364
     41      0.003703      0.005555     -7.451525     -7.445971      0.020118
     42      0.003533      0.005299     -7.451269     -7.445970      0.021356
     43      0.003428      0.005142     -7.451112     -7.445970      0.022071
     44      0.003388      0.005082     -7.451053     -7.445971      0.022266
     45      0.003411      0.005117     -7.451088     -7.445971      0.021960
     46      0.003494      0.005241     -7.451212     -7.445971      0.021184
     47      0.003631      0.005447     -7.451419     -7.445972      0.019977
     48      0.003816      0.005725     -7.451697     -7.445973      0.018391
     49      0.004043      0.006064     -7.452038     -7.445974      0.016485
     50      0.004302      0.006453     -7.452427     -7.445974      0.014324
     51      0.004585      0.006878     -7.452853     -7.445975      0.011977
     52      0.004884      0.007326     -7.453302     -7.445976      0.009518
     53      0.005189      0.007783     -7.453760     -7.445977      0.007020
     54      0.005491      0.008236     -7.454214     -7.445978      0.004554
     55      0.005781      0.008671     -7.454650     -7.445978      0.002189
     56      0.006052      0.009078     -7.455057     -7.445979     -0.000011
     57      0.006296      0.009444     -7.455424     -7.445980     -0.001989
     58      0.006508      0.009761     -7.455742     -7.445980     -0.003694
     59      0.006681      0.010021     -7.456002     -7.445981     -0.005085
     60      0.006812      0.010218     -7.456199     -7.445981     -0.006133
     61      0.006899      0.010349     -7.456330     -7.445981     -0.006815
     62      0.006940      0.010410     -7.456391     -7.445981     -0.007123
     63      0.006935      0.010403     -7.456383     -7.445981     -0.007057
     64      0.006886      0.010328     -7.456309     -7.445981     -0.006627
     65      0.006794      0.010191     -7.456171     -7.445980     -0.005857
     66      0.006665      0.009997     -7.455977     -7.445980     -0.004776
     67      0.006502      0.009752     -7.455732     -7.445979     -0.003423
     68      0.006311      0.009466     -7.455445     -7.445979     -0.001844
     69      0.006099      0.009148     -7.455126     -7.445978     -0.000091
     70      0.005872      0.008808     -7.454785     -7.445977      0.001780
     71      0.005638      0.008457     -7.454434     -7.445977      0.003711
     72      0.005404      0.008106     -7.454082     -7.445976      0.005643
     73      0.005178      0.007767     -7.453742     -7.445975      0.007516
     74      0.004966      0.007449     -7.453423     -7.445975      0.009274
     75      0.004774      0.007162     -7.453136     -7.445974      0.010864
     76      0.004610      0.006915     -7.452889     -7.445974      0.012239
     77      0.004477      0.006716     -7.452689     -7.445973      0.013358
     78      0.004380      0.006571     -7.452544     -7.445973      0.014187
     79      0.004323      0.006484     -7.452457     -7.445973      0.014702
     80      0.004306      0.006458     -7.452431     -7.445973      0.014886
     81      0.004330      0.006496     -7.452468     -7.445973      0.014732
     82      0.004396      0.006595     -7.452567     -7.445973      0.014245
     83      0.004502      0.006753     -7.452726     -7.445973      0.013434
     84      0.004645      0.006967     -7.452941     -7.445973      0.012323
     85      0.004821      0.007232     -7.453206     -7.445974      0.010940
     86      0.005026      0.007539     -7.453514     -7.445974      0.009321
     87      0.005254      0.007882     -7.453857     -7.445975      0.007511
     88      0.005500      0.008250     -7.454226     -7.445976      0.005557
     89      0.005756      0.008635     -7.454611     -7.445976      0.003511
     90      0.006017      0.009025     -7.455002     -7.445977      0.001427
     91      0.006274      0.009412     -7.455389     -7.445978     -0.000639
     92      0.006522      0.009784     -7.455762     -7.445978     -0.002632
     93      0.006754      0.010131     -7.456110     -7.445979     -0.004500
     94      0.006963      0.010445     -7.456424     -7.445979     -0.006193
     95      0.007145      0.010717     -7.456697     -7.445980     -0.007668
     96      0.007294      0.010941     -7.456921     -7.445980     -0.008884
     97      0.007406      0.011109     -7.457090     -7.445980     -0.009811
     98      0.007479      0.011218     -7.457199     -7.445981     -0.010424
     99      0.007510      0.011265     -7.457246     -7.445981     -0.010707
    100      0.007499      0.011248     -7.457229     -7.445981     -0.010651
    101      0.007446      0.011168     -7.457149     -7.445980     -0.010259
    102      0.007351      0.011027     -7.457007     -7.445980     -0.009539
    103      0.007218      0.010827     -7.456807     -7.445980     -0.008510
    104      0.007050      0.010574     -7.456554     -7.445980     -0.007198
    105      0.006850      0.010275     -7.456254     -7.445979     -0.005635
    106      0.006624      0.009936     -7.455915     -7.445979     -0.003861
    107      0.006378      0.009567     -7.455545     -7.445978     -0.001921
    108      0.006117      0.009175     -7.455153     -7.445977      0.000136
    109      0.005848      0.008772     -7.454749     -7.445977      0.002260
    110      0.005578      0.008367     -7.454343     -7.445976      0.004397
    111      0.005313      0.007970     -7.453946     -7.445975      0.006493
    112      0.005061      0.007591     -7.453566     -7.445975      0.008498
    113      0.004826      0.007239     -7.453214     -7.445974      0.010361
    114      0.004615      0.006923     -7.452897     -7.445974      0.012036
    115      0.004434      0.006651     -7.452624     -7.445973      0.013483
    116      0.004285      0.006428     -7.452401     -7.445973      0.014668
    117      0.004174      0.006261     -7.452234     -7.445973      0.015561
    118      0.004102      0.006152     -7.452125     -7.445973      0.016144
    119      0.004070      0.006105     -7.452078     -7.445973      0.016403
    120      0.004080      0.006121     -7.452093     -7.445973      0.016334
    121      0.004131      0.006197     -7.452170     -7.445973      0.015942
    122      0.004222      0.006332     -7.452306     -7.445973      0.015238
    123      0.004349      0.006523     -7.452496     -7.445973      0.014243
    124      0.004509      0.006763     -7.452737     -7.445974      0.012984
    125      0.004698      0.007047     -7.453022     -7.445974      0.011494
    126      0.004911      0.007367     -7.453342     -7.445975      0.009813
    127      0.005143      0.007715     -7.453690     -7.445975      0.007984
    128      0.005388      0.008082     -7.454058     -7.445976      0.006054
    129      0.005639      0.008458     -7.454435     -7.445977      0.004072
    130      0.005890      0.008835     -7.454812     -7.445977      0.002087
    131      0.006135      0.009203     -7.455181     -7.445978      0.000150
    132      0.006369      0.009553     -7.455531     -7.445978     -0.001694
    133      0.006584      0.009876     -7.455855     -7.445979     -0.003398
    134      0.006777      0.010166     -7.456145     -7.445979     -0.004923
    135      0.006943      0.010414     -7.456393     -7.445980     -0.006233
    136      0.007077      0.010616     -7.456596     -7.445980     -0.007297
    137      0.007178      0.010767     -7.456747     -7.445980     -0.008093
    138      0.007242      0.010864     -7.456844     -7.445980     -0.008604
    139      0.007270      0.010905     -7.456885     -7.445980     -0.008821
    140      0.007260      0.010890     -7.456870     -7.445980     -0.008742
    141      0.007213      0.010820     -7.456800     -7.445980     -0.008373
    142      0.007132      0.010698     -7.456677     -7.445980     -0.007728
    143      0.007018      0.010527     -7.456506     -7.445979     -0.006825
    144      0.006874      0.010312     -7.456291     -7.445979     -0.005692
    145      0.006706      0.010059     -7.456037     -7.445979     -0.004358
    146      0.006516      0.009775     -7.455753     -7.445978     -0.002860
    147      0.006311      0.009467     -7.455444     -7.445978     -0.001238
    148      0.006096      0.009143     -7.455120     -7.445977      0.000467
    149      0.005875      0.008812     -7.454789     -7.445977      0.002211
    150      0.005655      0.008482     -7.454458     -7.445976      0.003949
    151      0.005441      0.008161     -7.454137     -7.445976      0.005640
    152      0.005238      0.007857     -7.453832     -7.445975      0.007241
    153      0.005051      0.007576     -7.453551     -7.445975      0.008714
    154      0.004884      0.007326     -7.453301     -7.445974      0.010026
    155      0.004742      0.007112     -7.453087     -7.445974      0.011145
    156      0.004626      0.006940     -7.452913     -7.445974      0.012049
    157      0.004541      0.006811     -7.452785     -7.445974      0.012717
    158      0.004486      0.006729     -7.452703     -7.445974      0.013139
    159      0.004463      0.006695     -7.452669     -7.445974      0.013309
    160      0.004472      0.006709     -7.452682     -7.445974      0.013226
    161      0.004512      0.006769     -7.452742     -7.445974      0.012900
    162      0.004581      0.006872     -7.452846     -7.445974      0.012342
    163      0.004677      0.007016     -7.452990     -7.445974      0.011572
    164      0.004797      0.007195     -7.453170     -7.445975      0.010615
    165      0.004937      0.007405     -7.453380     -7.445975      0.009499
    166      0.005092      0.007639     -7.453614     -7.445975      0.008254
    167      0.005260      0.007890     -7.453866     -7.445976      0.006918
    168      0.005435      0.008153     -7.454129     -7.445976      0.005524
    169      0.005613      0.008419     -7.454396     -7.445977      0.004110
    170      0.005789      0.008683     -7.454660     -7.445977      0.002714
    171      0.005958      0.008937     -7.454915     -7.445978      0.001370
    172      0.006117      0.009175     -7.455153     -7.445978      0.000111
    173      0.006261      0.009392     -7.455370     -7.445978     -0.001033
    174      0.006388      0.009582     -7.455560     -7.445979     -0.002033
    175      0.006494      0.009741     -7.455719     -7.445979     -0.002869
    176      0.006577      0.009866     -7.455844     -7.445979     -0.003523
    177      0.006636      0.009954     -7.455933     -7.445979     -0.003982
    178      0.006670      0.010004     -7.455983     -7.445979     -0.004239
    179      0.006678      0.010016     -7.455995     -7.445979     -0.004292
    180      0.006661      0.009991     -7.455970     -7.445979     -0.004145
    181      0.006620      0.009930     -7.455908     -7.445979     -0.003807
    182      0.006557      0.009835     -7.455814     -7.445978     -0.003292
    183      0.006474      0.009710     -7.455689     -7.445978     -0.002618
    184      0.006373      0.009560     -7.455538     -7.445978     -0.001807
    185      0.006259      0.009388     -7.455366     -7.445978     -0.000883
    186      0.006134      0.009201     -7.455178     -7.445977      0.000126
    187      0.006002      0.009003     -7.454980     -7.445977      0.001190
    188      0.005867      0.008800     -7.454776     -7.445977      0.002279
    189      0.005732      0.008598     -7.454574     -7.445976      0.003363
    190      0.005602      0.008402     -7.454378     -7.445976      0.004412
    191      0.005479      0.008219     -7.454194     -7.445976      0.005399
    192      0.005368      0.008051     -7.454027     -7.445975      0.006297
    193      0.005270      0.007905     -7.453880     -7.445975      0.007084
    194      0.005189      0.007783     -7.453758     -7.445975      0.007740
    195      0.005126      0.007689     -7.453664     -7.445975      0.008248
    196      0.005083      0.007624     -7.453599     -7.445975      0.008599
    197      0.005061      0.007591     -7.453566     -7.445975      0.008784
    198      0.005059      0.007589     -7.453564     -7.445975      0.008801
    199      0.005079      0.007618     -7.453593     -7.445975      0.008653
    200      0.005118      0.007677     -7.453651     -7.445975      0.008346
    201      0.005175      0.007763     -7.453738     -7.445975      0.007891
    202      0.005250      0.007874     -7.453850     -7.445975      0.007302
    203      0.005338      0.008007     -7.453983     -7.445975      0.006598
    204      0.005439      0.008158     -7.454134     -7.445976      0.005798
    205      0.005548      0.008322     -7.454298     -7.445976      0.004928
    206      0.005663      0.008494     -7.454471     -7.445976      0.004010
    207      0.005781      0.008671     -7.454647     -7.445977      0.003071
    208      0.005897      0.008846     -7.454823     -7.445977      0.002136
    209      0.006010      0.009016     -7.454993     -7.445977      0.001230
    210      0.006116      0.009175     -7.455152     -7.445978      0.000379
    211      0.006213      0.009319     -7.455297     -7.445978     -0.000397
    212      0.006297      0.009445     -7.455423     -7.445978     -0.001076
    213      0.006367      0.009550     -7.455528     -7.445978     -0.001642
    214      0.006420      0.009630     -7.455609     -7.445978     -0.002081
    215      0.006456      0.009685     -7.455663     -7.445978     -0.002382
    216      0.006474      0.009711     -7.455690     -7.445978     -0.002538
    217      0.006474      0.009710     -7.455689     -7.445978     -0.002547
    218      0.006454      0.009682     -7.455660     -7.445978     -0.002410
    219      0.006417      0.009626     -7.455604     -7.445978     -0.002132
    220      0.006364      0.009546     -7.455524     -7.445978     -0.001721
    221      0.006295      0.009442     -7.455420     -7.445978     -0.001190
    222      0.006213      0.009319     -7.455297     -7.445978     -0.000552
    223      0.006119      0.009179     -7.455157     -7.445977      0.000173
    224      0.006018      0.009026     -7.455004     -7.445977      0.000967
    225      0.005910      0.008865     -7.454842     -7.445977      0.001808
    226      0.005799      0.008699     -7.454675     -7.445977      0.002675
    227      0.005688      0.008532     -7.454508     -7.445976      0.003545
    228      0.005579      0.008369     -7.454345     -7.445976      0.004395
    229      0.005476      0.008214     -7.454190     -7.445976      0.005204
    230      0.005381      0.008071     -7.454047     -7.445976      0.005953
    231      0.005295      0.007943     -7.453918     -7.445975      0.006622
    232      0.005222      0.007833     -7.453808     -7.445975      0.007197
    233      0.005163      0.007744     -7.453719     -7.445975      0.007663
    234      0.005119      0.007678     -7.453653     -7.445975      0.008012
    235      0.005090      0.007635     -7.453610     -7.445975      0.008235
    236      0.005078      0.007618     -7.453593     -7.445975      0.008329
    237      0.005083      0.007625     -7.453600     -7.445975      0.008295
    238      0.005104      0.007656     -7.453631     -7.445975      0.008136
    239      0.005140      0.007709     -7.453685     -7.445975      0.007858
    240      0.005190      0.007784     -7.453760     -7.445975      0.007470
    241      0.005252      0.007878     -7.453853     -7.445976      0.006985
    242      0.005325      0.007987     -7.453963     -7.445976      0.006418
    243      0.005406      0.008109     -7.454085     -7.445976      0.005784
    244      0.005494      0.008241     -7.454217     -7.445976      0.005101
    245      0.005585      0.008378     -7.454355     -7.445976      0.004389
    246      0.005678      0.008518     -7.454494     -7.445977      0.003666
    247      0.005770      0.008656     -7.454633     -7.445977      0.002950
    248      0.005859      0.008789     -7.454766     -7.445977      0.002261
    249      0.005942      0.008913     -7.454891     -7.445977      0.001616
    250      0.006018      0.009027     -7.455004     -7.445977      0.001029
    251      0.006084      0.009127     -7.455104     -7.445978      0.000515
    252      0.006140      0.009210     -7.455188     -7.445978      0.000084
    253      0.006184      0.009276     -7.455254     -7.445978     -0.000254
    254      0.006215      0.009323     -7.455301     -7.445978     -0.000493
    255      0.006234      0.009350     -7.455328     -7.445978     -0.000630
    256      0.006239      0.009358     -7.455336     -7.445978     -0.000665
    257      0.006231      0.009346     -7.455324     -7.445978     -0.000600
    258      0.006211      0.009316     -7.455294     -7.445978     -0.000439
    259      0.006179      0.009269     -7.455247     -7.445978     -0.000191
    260      0.006138      0.009207     -7.455184     -7.445977      0.000136
    261      0.006088      0.009131     -7.455109     -7.445977      0.000531
    262      0.006030      0.009045     -7.455023     -7.445977      0.000980
    263      0.005968      0.008952     -7.454928     -7.445977      0.001469
    264      0.005902      0.008852     -7.454829     -7.445977      0.001985
    265      0.005834      0.008751     -7.454727     -7.445977      0.002512
    266      0.005766      0.008650     -7.454626     -7.445976      0.003037
    267      0.005701      0.008551     -7.454528     -7.445976      0.003544
    268      0.005639      0.008459     -7.454435     -7.445976      0.004021
    269      0.005583      0.008374     -7.454350     -7.445976      0.004456
    270      0.005533      0.008300     -7.454276     -7.445976      0.004839
    271      0.005491      0.008237     -7.454212     -7.445976      0.005161
    272      0.005457      0.008186     -7.454162     -7.445976      0.005416
    273      0.005433      0.008150     -7.454125     -7.445976      0.005600
    274      0.005418      0.008127     -7.454103     -7.445976      0.005710
    275      0.005413      0.008119     -7.454094     -7.445976      0.005746
    276      0.005416      0.008124     -7.454100     -7.445976      0.005710
    277      0.005429      0.008143     -7.454119     -7.445976      0.005606
    278      0.005449      0.008174     -7.454150     -7.445976      0.005439
    279      0.005477      0.008216     -7.454192     -7.445976      0.005218
    280      0.005511      0.008267     -7.454243     -7.445976      0.004950
    281      0.005550      0.008325     -7.454302     -7.445976      0.004644
    282      0.005593      0.008389     -7.454365     -7.445976      0.004313
    283      0.005638      0.008456     -7.454433     -7.445977      0.003965
    284      0.005683      0.008525     -7.454501     -7.445977      0.003611
    285      0.005729      0.008593     -7.454570     -7.445977      0.003263
    286      0.005772      0.008658     -7.454635     -7.445977      0.002929
    287      0.005813      0.008719     -7.454696     -7.445977      0.002620
    288      0.005850      0.008775     -7.454752     -7.445977      0.002342
    289      0.005882      0.008823     -7.454800     -7.445977      0.002103
    290      0.005909      0.008863     -7.454840     -7.445977      0.001908
    291      0.005930      0.008894     -7.454872     -7.445977      0.001760
    292      0.005944      0.008916     -7.454894     -7.445977      0.001661
    293      0.005953      0.008929     -7.454906     -7.445977      0.001612
    294      0.005955      0.008932     -7.454909     -7.445977      0.001612
    295      0.005951      0.008927     -7.454904     -7.445977      0.001657
    296      0.005942      0.008913     -7.454890     -7.445977      0.001743
    297      0.005928      0.008892     -7.454869     -7.445977      0.001865
    298      0.005911      0.008866     -7.454843     -7.445977      0.002017
    299      0.005890      0.008835     -7.454812     -7.445977      0.002190
    300      0.005868      0.008801     -7.454778     -7.445977      0.002377
    301      0.005844      0.008766     -7.454743     -7.445977      0.002570
    302      0.005821      0.008731     -7.454707     -7.445976      0.002760
    303      0.005798      0.008697     -7.454674     -7.445976      0.002940
    304      0.005778      0.008666     -7.454643     -7.445976      0.003101
    305      0.005760      0.008640     -7.454616     -7.445976      0.003238
    306      0.005746      0.008619     -7.454595     -7.445976      0.003344
    307      0.005736      0.008605     -7.454581     -7.445976      0.003415
    308      0.005731      0.008597     -7.454573     -7.445976      0.003447
    309      0.005731      0.008596     -7.454573     -7.445976      0.003439
    310      0.005736      0.008603     -7.454580     -7.445976      0.003390
    311      0.005745      0.008618     -7.454594     -7.445976      0.003301
    312      0.005759      0.008639     -7.454615     -7.445976      0.003176
    313      0.005777      0.008666     -7.454642     -7.445976      0.003017
    314      0.005799      0.008698     -7.454675     -7.445976      0.002830
    315      0.005823      0.008735     -7.454711     -7.445976      0.002623
    316      0.005849      0.008774     -7.454750     -7.445977      0.002401
    317      0.005876      0.008814     -7.454790     -7.445977      0.002174
    318      0.005902      0.008853     -7.454830     -7.445977      0.001950
    319      0.005927      0.008890     -7.454867     -7.445977      0.001739
    320      0.005949      0.008924     -7.454901     -7.445977      0.001548
    321      0.005968      0.008951     -7.454928     -7.445977      0.001388
    322      0.005982      0.008972     -7.454949     -7.445977      0.001265
    323      0.005990      0.008985     -7.454962     -7.445977      0.001187
    324      0.005992      0.008988     -7.454965     -7.445977      0.001160
    325      0.005987      0.008981     -7.454958     -7.445977      0.001189
    326      0.005975      0.008962     -7.454940     -7.445977      0.001277
    327      0.005955      0.008933     -7.454910     -7.445977      0.001426
    328      0.005928      0.008891     -7.454869     -7.445977      0.001636
    329      0.005893      0.008839     -7.454817     -7.445977      0.001905
    330      0.005851      0.008777     -7.454754     -7.445977      0.002230
    331      0.005803      0.008705     -7.454682     -7.445977      0.002604
    332      0.005750      0.008625     -7.454602     -7.445977      0.003023
    333      0.005692      0.008538     -7.454515     -7.445977      0.003476
    334      0.005631      0.008447     -7.454423     -7.445977      0.003954
    335      0.005568      0.008353     -7.454329     -7.445977      0.004447
    336      0.005505      0.008258     -7.454234     -7.445976      0.004944
    337      0.005443      0.008165     -7.454141     -7.445976      0.005431
    338      0.005384      0.008076     -7.454052     -7.445976      0.005898
    339      0.005328      0.007993     -7.453969     -7.445976      0.006332
    340      0.005279      0.007918     -7.453894     -7.445976      0.006721
    341      0.005236      0.007854     -7.453830     -7.445976      0.007054
    342      0.005202      0.007803     -7.453779     -7.445976      0.007322
    343      0.005177      0.007766     -7.453741     -7.445976      0.007516
    344      0.005162      0.007744     -7.453719     -7.445976      0.007630
    345      0.005159      0.007738     -7.453714     -7.445976      0.007657
    346      0.005166      0.007749     -7.453725     -7.445976      0.007595
    347      0.005186      0.007778     -7.453754     -7.445976      0.007442
    348      0.005216      0.007824     -7.453800     -7.445976      0.007199
    349      0.005258      0.007887     -7.453863     -7.445976      0.006869
    350      0.005311      0.007966     -7.453941     -7.445976      0.006457
    351      0.005373      0.008059     -7.454035     -7.445976      0.005969
    352      0.005443      0.008165     -7.454141     -7.445976      0.005415
    353      0.005521      0.008282     -7.454258     -7.445976      0.004805
    354      0.005605      0.008408     -7.454384     -7.445976      0.004150
    355      0.005693      0.008540     -7.454516     -7.445976      0.003465
    356      0.005784      0.008676     -7.454652     -7.445977      0.002761
    357      0.005875      0.008812     -7.454789     -7.445977      0.002055
    358      0.005965      0.008947     -7.454924     -7.445977      0.001360
    359      0.006052      0.009078     -7.455055     -7.445977      0.000692
    360      0.006134      0.009200     -7.455178     -7.445977      0.000063
    361      0.006209      0.009313     -7.455291     -7.445977     -0.000511
    362      0.006276      0.009414     -7.455392     -7.445977     -0.001018
    363      0.006334      0.009500     -7.455478     -7.445978     -0.001449
    364      0.006380      0.009570     -7.455548     -7.445978     -0.001793
    365      0.006415      0.009623     -7.455600     -7.445978     -0.002042
    366      0.006437      0.009656     -7.455634     -7.445978     -0.002191
    367      0.006446      0.009670     -7.455647     -7.445978     -0.002236
    368      0.006442      0.009663     -7.455641     -7.445978     -0.002177
    369      0.006425      0.009637     -7.455615     -7.445978     -0.002014
    370      0.006394      0.009592     -7.455569     -7.445978     -0.001751
    371      0.006352      0.009528     -7.455505     -7.445978     -0.001392
    372      0.006298      0.009447     -7.455425     -7.445978     -0.000948
    373      0.006234      0.009352     -7.455329     -7.445977     -0.000425
    374      0.006162      0.009243     -7.455220     -7.445977      0.000162
    375      0.006082      0.009124     -7.455101     -7.445977      0.000802
    376      0.005998      0.008997     -7.454974     -7.445977      0.001481
    377      0.005910      0.008865     -7.454841     -7.445977      0.002183
    378      0.005820      0.008731     -7.454707     -7.445977      0.002891
    379      0.005732      0.008597     -7.454574     -7.445976      0.003591
    380      0.005646      0.008468     -7.454445     -7.445976      0.004267
    381      0.005564      0.008346     -7.454322     -7.445976      0.004902
    382      0.005489      0.008234     -7.454209     -7.445976      0.005483
    383      0.005422      0.008133     -7.454109     -7.445976      0.005997
    384      0.005365      0.008047     -7.454023     -7.445976      0.006432
    385      0.005318      0.007978     -7.453953     -7.445975      0.006778
    386      0.005284      0.007926     -7.453901     -7.445975      0.007028
    387      0.005262      0.007893     -7.453868     -7.445975      0.007176
    388      0.005253      0.007880     -7.453855     -7.445975      0.007219
    389      0.005257      0.007886     -7.453861     -7.445975      0.007158
    390      0.005274      0.007911     -7.453887     -7.445975      0.006995
    391      0.005303      0.007955     -7.453931     -7.445976      0.006734
    392      0.005344      0.008016     -7.453992     -7.445976      0.006383
    393      0.005395      0.008092     -7.454068     -7.445976      0.005952
    394      0.005454      0.008182     -7.454158     -7.445976      0.005451
    395      0.005521      0.008282     -7.454258     -7.445976      0.004894
    396      0.005594      0.008390     -7.454367     -7.445976      0.004295
    397      0.005669      0.008504     -7.454480     -7.445976      0.003672
    398      0.005746      0.008619     -7.454596     -7.445977      0.003040
    399      0.005822      0.008733     -7.454710     -7.445977      0.002416
    400      0.005895      0.008843     -7.454820     -7.445977      0.001817
    401      0.005964      0.008945     -7.454923     -7.445977      0.001259
    402      0.006025      0.009037     -7.455015     -7.445977      0.000757
    403      0.006078      0.009117     -7.455094     -7.445978      0.000326
    404      0.006120      0.009181     -7.455158     -7.445978     -0.000023
    405      0.006152      0.009227     -7.455205     -7.445978     -0.000278
    406      0.006170      0.009255     -7.455233     -7.445978     -0.000433
    407      0.006176      0.009264     -7.455242     -7.445978     -0.000481
    408      0.006168      0.009252     -7.455229     -7.445978     -0.000419
    409      0.006146      0.009219     -7.455197     -7.445978     -0.000248
    410      0.006111      0.009167     -7.455144     -7.445978      0.000030
    411      0.006063      0.009095     -7.455073     -7.445978      0.000410
    412      0.006004      0.009006     -7.454984     -7.445978      0.000884
    413      0.005935      0.008902     -7.454880     -7.445977      0.001441
    414      0.005857      0.008785     -7.454762     -7.445977      0.002068
    415      0.005772      0.008658     -7.454635     -7.445977      0.002751
    416      0.005682      0.008523     -7.454500     -7.445977      0.003472
    417      0.005590      0.008384     -7.454361     -7.445977      0.004216
    418      0.005497      0.008246     -7.454222     -7.445976      0.004962
    419      0.005407      0.008110     -7.454086     -7.445976      0.005692
    420      0.005321      0.007981     -7.453957     -7.445976      0.006388
    421      0.005242      0.007863     -7.453839     -7.445976      0.007029
    422      0.005172      0.007758     -7.453734     -7.445976      0.007601
    423      0.005113      0.007670     -7.453645     -7.445975      0.008084
    424      0.005067      0.007601     -7.453576     -7.445975      0.008467
    425      0.005036      0.007554     -7.453529     -7.445975      0.008736
    426      0.005020      0.007531     -7.453506     -7.445975      0.008881
    427      0.005021      0.007532     -7.453507     -7.445975      0.008896
    428      0.005039      0.007559     -7.453534     -7.445975      0.008776
    429      0.005074      0.007611     -7.453586     -7.445975      0.008520
    430      0.005126      0.007689     -7.453664     -7.445975      0.008130
    431      0.005194      0.007792     -7.453767     -7.445975      0.007611
    432      0.005278      0.007917     -7.453892     -7.445975      0.006971
    433      0.005375      0.008063     -7.454038     -7.445975      0.006222
    434      0.005485      0.008227     -7.454203     -7.445976      0.005376
    435      0.005604      0.008406     -7.454382     -7.445976      0.004450
    436      0.005731      0.008597     -7.454573     -7.445976      0.003461
    437      0.005864      0.008796     -7.454772     -7.445976      0.002429
    438      0.005999      0.008998     -7.454975     -7.445977      0.001376
    439      0.006133      0.009200     -7.455177     -7.445977      0.000322
    440      0.006265      0.009398     -7.455375     -7.445977     -0.000710
    441      0.006391      0.009587     -7.455565     -7.445977     -0.001698
    442      0.006509      0.009764     -7.455741     -7.445978     -0.002621
    443      0.006616      0.009923     -7.455901     -7.445978     -0.003459
    444      0.006709      0.010063     -7.456041     -7.445978     -0.004193
    445      0.006786      0.010180     -7.456158     -7.445978     -0.004806
    446      0.006847      0.010270     -7.456248     -7.445978     -0.005284
    447      0.006888      0.010332     -7.456311     -7.445978     -0.005614
    448      0.006909      0.010364     -7.456342     -7.445979     -0.005788
    449      0.006910      0.010365     -7.456343     -7.445979     -0.005799
    450      0.006889      0.010333     -7.456312     -7.445979     -0.005644
    451      0.006847      0.010270     -7.456249     -7.445979     -0.005324
    452      0.006784      0.010177     -7.456155     -7.445978     -0.004842
    453      0.006702      0.010053     -7.456031     -7.445978     -0.004206
    454      0.006601      0.009902     -7.455880     -7.445978     -0.003426
    455      0.006484      0.009725     -7.455703     -7.445978     -0.002515
    456      0.006351      0.009527     -7.455505     -7.445978     -0.001488
    457      0.006207      0.009310     -7.455287     -7.445977     -0.000365
    458      0.006052      0.009078     -7.455056     -7.445977      0.000833
    459      0.005891      0.008836     -7.454813     -7.445977      0.002086
    460      0.005726      0.008588     -7.454565     -7.445977      0.003369
    461      0.005560      0.008339     -7.454316     -7.445976      0.004659
    462      0.005396      0.008094     -7.454070     -7.445976      0.005929
    463      0.005237      0.007856     -7.453832     -7.445976      0.007157
    464      0.005087      0.007631     -7.453607     -7.445976      0.008318
    465      0.004949      0.007423     -7.453399     -7.445975      0.009391
    466      0.004824      0.007236     -7.453211     -7.445975      0.010353
    467      0.004716      0.007074     -7.453049     -7.445975      0.011187
    468      0.004626      0.006939     -7.452914     -7.445975      0.011877
    469      0.004557      0.006835     -7.452810     -7.445975      0.012408
    470      0.004509      0.006763     -7.452737     -7.445974      0.012772
    471      0.004483      0.006724     -7.452698     -7.445974      0.012960
    472      0.004480      0.006720     -7.452694     -7.445974      0.012970
    473      0.004499      0.006749     -7.452724     -7.445974      0.012802
    474      0.004542      0.006812     -7.452787     -7.445975      0.012461
    475      0.004605      0.006907     -7.452882     -7.445975      0.011952
    476      0.004688      0.007033     -7.453008     -7.445975      0.011287
    477      0.004790      0.007185     -7.453160     -7.445975      0.010481
    478      0.004908      0.007362     -7.453337     -7.445975      0.009548
    479      0.005040      0.007560     -7.453535     -7.445976      0.008510
    480      0.005182      0.007774     -7.453749     -7.445976      0.007387
    481      0.005333      0.008000     -7.453976     -7.445976      0.006201
    482      0.005489      0.008234     -7.454210     -7.445976      0.004977
    483      0.005647      0.008470     -7.454447     -7.445977      0.003740
    484      0.005804      0.008705     -7.454682     -7.445977      0.002515
    485      0.005956      0.008934     -7.454911     -7.445977      0.001324
    486      0.006101      0.009152     -7.455129     -7.445978      0.000193
    487      0.006236      0.009354     -7.455332     -7.445978     -0.000857
    488      0.006359      0.009538     -7.455516     -7.445978     -0.001807
    489      0.006466      0.009699     -7.455677     -7.445978     -0.002637
    490      0.006557      0.009835     -7.455813     -7.445978     -0.003334
    491      0.006629      0.009943     -7.455922     -7.445978     -0.003885
    492      0.006682      0.010022     -7.456001     -7.445978     -0.004280
    493      0.006714      0.010071     -7.456049     -7.445979     -0.004515
    494      0.006726      0.010088     -7.456067     -7.445978     -0.004587
    495      0.006717      0.010075     -7.456054     -7.445978     -0.004498
    496      0.006688      0.010033     -7.456011     -7.445978     -0.004252
    497      0.006641      0.009961     -7.455940     -7.445978     -0.003858
    498      0.006576      0.009864     -7.455842     -7.445978     -0.003327
    499      0.006495      0.009743     -7.455721     -7.445978     -0.002673
    500      0.006401      0.009602     -7.455579     -7.445978     -0.001913
    501      0.006296      0.009443     -7.455421     -7.445977     -0.001064
    502      0.006181      0.009272     -7.455249     -7.445977     -0.000149
    503      0.006061      0.009092     -7.455068     -7.445977      0.000812
    504      0.005938      0.008906     -7.454883     -7.445977      0.001796
    505      0.005814      0.008721     -7.454697     -7.445976      0.002780
    506      0.005693      0.008539     -7.454515     -7.445976      0.003743
    507      0.005577      0.008365     -7.454341     -7.445976      0.004663
    508      0.005468      0.008203     -7.454178     -7.445976      0.005520
    509      0.005370      0.008055     -7.454031     -7.445975      0.006294
    510      0.005284      0.007926     -7.453902     -7.445975      0.006970
    511      0.005212      0.007818     -7.453794     -7.445975      0.007534
    512      0.005156      0.007734     -7.453709     -7.445975      0.007974
    513      0.005115      0.007673     -7.453648     -7.445975      0.008284
    514      0.005092      0.007638     -7.453613     -7.445975      0.008456
    515      0.005086      0.007630     -7.453605     -7.445975      0.008491
    516      0.005098      0.007646     -7.453621     -7.445975      0.008390
    517      0.005125      0.007688     -7.453663     -7.445975      0.008157
    518      0.005169      0.007753     -7.453728     -7.445975      0.007800
    519      0.005226      0.007839     -7.453814     -7.445975      0.007330
    520      0.005296      0.007944     -7.453920     -7.445976      0.006760
    521      0.005377      0.008065     -7.454041     -7.445976      0.006106
    522      0.005466      0.008199     -7.454175     -7.445976      0.005386
    523      0.005561      0.008342     -7.454318     -7.445976      0.004617
    524      0.005660      0.008490     -7.454466     -7.445976      0.003819
    525      0.005760      0.008640     -7.454617     -7.445977      0.003013
    526      0.005859      0.008788     -7.454765     -7.445977      0.002218
    527      0.005954      0.008931     -7.454908     -7.445977      0.001454
    528      0.006043      0.009064     -7.455041     -7.445977      0.000741
    529      0.006123      0.009185     -7.455162     -7.445978      0.000094
    530      0.006194      0.009291     -7.455268     -7.445978     -0.000471
    531      0.006252      0.009378     -7.455356     -7.445978     -0.000940
    532      0.006298      0.009446     -7.455424     -7.445978     -0.001303
    533      0.006329      0.009493     -7.455471     -7.445978     -0.001553
    534      0.006345      0.009518     -7.455496     -7.445978     -0.001683
    535      0.006347      0.009520     -7.455498     -7.445978     -0.001692
    536      0.006333      0.009500     -7.455478     -7.445978     -0.001581
    537      0.006305      0.009458     -7.455436     -7.445978     -0.001355
    538      0.006264      0.009395     -7.455373     -7.445978     -0.001019
    539      0.006210      0.009314     -7.455292     -7.445978     -0.000584
    540      0.006145      0.009217     -7.455195     -7.445977     -0.000062
    541      0.006071      0.009106     -7.455084     -7.445977      0.000534
    542      0.005990      0.008985     -7.454962     -7.445977      0.001186
    543      0.005904      0.008856     -7.454833     -7.445977      0.001879
    544      0.005815      0.008723     -7.454699     -7.445977      0.002593
    545      0.005726      0.008589     -7.454565     -7.445976      0.003310
    546      0.005639      0.008458     -7.454434     -7.445976      0.004012
    547      0.005556      0.008334     -7.454310     -7.445976      0.004680
    548      0.005479      0.008219     -7.454195     -7.445976      0.005298
    549      0.005411      0.008116     -7.454092     -7.445976      0.005849
    550      0.005352      0.008029     -7.454004     -7.445975      0.006320
    551      0.005306      0.007958     -7.453934     -7.445975      0.006699
    552      0.005271      0.007907     -7.453882     -7.445975      0.006976
    553      0.005250      0.007875     -7.453851     -7.445975      0.007146
    554      0.005243      0.007865     -7.453840     -7.445975      0.007203
    555      0.005250      0.007875     -7.453850     -7.445975      0.007149
    556      0.005271      0.007906     -7.453881     -7.445975      0.006984
    557      0.005304      0.007956     -7.453932     -7.445975      0.006713
    558      0.005350      0.008025     -7.454000     -7.445976      0.006345
    559      0.005406      0.008110     -7.454085     -7.445976      0.005890
    560      0.005472      0.008208     -7.454184     -7.445976      0.005360
    561      0.005545      0.008318     -7.454294     -7.445976      0.004771
    562      0.005623      0.008435     -7.454411     -7.445976      0.004137
    563      0.005705      0.008557     -7.454534     -7.445976      0.003478
    564      0.005787      0.008681     -7.454658     -7.445977      0.002809
    565      0.005868      0.008803     -7.454779     -7.445977      0.002151
    566      0.005946      0.008919     -7.454896     -7.445977      0.001521
    567      0.006018      0.009027     -7.455004     -7.445977      0.000936
    568      0.006082      0.009123     -7.455100     -7.445977      0.000413
    569      0.006136      0.009205     -7.455182     -7.445978     -0.000034
    570      0.006180      0.009270     -7.455247     -7.445978     -0.000392
    571      0.006211      0.009316     -7.455294     -7.445978     -0.000652
    572      0.006229      0.009343     -7.455321     -7.445978     -0.000804
    573      0.006233      0.009349     -7.455327     -7.445978     -0.000844
    574      0.006223      0.009334     -7.455312     -7.445978     -0.000770
    575      0.006199      0.009298     -7.455276     -7.445978     -0.000584
    576      0.006161      0.009242     -7.455220     -7.445978     -0.000288
    577      0.006111      0.009167     -7.455144     -7.445978      0.000110
    578      0.006050      0.009075     -7.455052     -7.445977      0.000601
    579      0.005979      0.008968     -7.454945     -7.445977      0.001172
    580      0.005899      0.008849     -7.454826     -7.445977      0.001810
    581      0.005814      0.008721     -7.454698     -7.445977      0.002497
    582      0.005725      0.008588     -7.454565     -7.445977      0.003216
    583      0.005635      0.008453     -7.454429     -7.445976      0.003949
    584      0.005546      0.008319     -7.454295     -7.445976      0.004676
    585      0.005460      0.008190     -7.454166     -7.445976      0.005377
    586      0.005380      0.008070     -7.454046     -7.445976      0.006034
    587      0.005308      0.007962     -7.453938     -7.445976      0.006627
    588      0.005246      0.007869     -7.453845     -7.445975      0.007142
    589      0.005196      0.007795     -7.453770     -7.445975      0.007562
    590      0.005160      0.007740     -7.453715     -7.445975      0.007875
    591      0.005138      0.007707     -7.453682     -7.445975      0.008070
    592      0.005132      0.007698     -7.453673     -7.445975      0.008141
    593      0.005142      0.007713     -7.453688     -7.445975      0.008084
    594      0.005168      0.007752     -7.453727     -7.445975      0.007896
    595      0.005210      0.007815     -7.453790     -7.445975      0.007580
    596      0.005267      0.007900     -7.453876     -7.445975      0.007143
    597      0.005338      0.008007     -7.453982     -7.445975      0.006592
    598      0.005421      0.008132     -7.454107     -7.445976      0.005939
    599      0.005515      0.008273     -7.454249     -7.445976      0.005198
    600      0.005618      0.008427     -7.454403     -7.445976      0.004386
    601      0.005726      0.008589     -7.454566     -7.445976      0.003523
    602      0.005838      0.008758     -7.454734     -7.445976      0.002627
    603      0.005952      0.008927     -7.454904     -7.445977      0.001720
    604      0.006063      0.009094     -7.455071     -7.445977      0.000825
    605      0.006169      0.009254     -7.455231     -7.445977     -0.000037
    606      0.006269      0.009403     -7.455381     -7.445977     -0.000844
    607      0.006358      0.009537     -7.455515     -7.445978     -0.001576
    608      0.006436      0.009654     -7.455631     -7.445978     -0.002215
    609      0.006499      0.009748     -7.455726     -7.445978     -0.002742
    610      0.006546      0.009819     -7.455797     -7.445978     -0.003145
    611      0.006576      0.009864     -7.455842     -7.445978     -0.003410
    612      0.006587      0.009881     -7.455860     -7.445978     -0.003530
    613      0.006580      0.009870     -7.455848     -7.445978     -0.003499
    614      0.006553      0.009830     -7.455808     -7.445978     -0.003316
    615      0.006508      0.009761     -7.455740     -7.445978     -0.002982
    616      0.006444      0.009666     -7.455644     -7.445978     -0.002503
    617      0.006363      0.009545     -7.455523     -7.445978     -0.001888
    618      0.006267      0.009401     -7.455379     -7.445978     -0.001148
    619      0.006158      0.009237     -7.455215     -7.445978     -0.000299
    620      0.006037      0.009056     -7.455034     -7.445977      0.000640
    621      0.005908      0.008863     -7.454840     -7.445977      0.001651
    622      0.005774      0.008660     -7.454637     -7.445977      0.002710
    623      0.005636      0.008454     -7.454431     -7.445977      0.003795
    624      0.005499      0.008248     -7.454225     -7.445976      0.004881
    625      0.005365      0.008048     -7.454024     -7.445976      0.005944
    626      0.005238      0.007857     -7.453832     -7.445976      0.006959
    627      0.005120      0.007680     -7.453655     -7.445975      0.007902
    628      0.005014      0.007521     -7.453496     -7.445975      0.008752
    629      0.004923      0.007384     -7.453359     -7.445975      0.009489
    630      0.004849      0.007273     -7.453248     -7.445975      0.010095
    631      0.004793      0.007190     -7.453164     -7.445975      0.010554
    632      0.004758      0.007137     -7.453111     -7.445975      0.010855
    633      0.004744      0.007115     -7.453090     -7.445975      0.010990
    634      0.004751      0.007127     -7.453101     -7.445975      0.010954
    635      0.004780      0.007171     -7.453145     -7.445975      0.010745
    636      0.004831      0.007247     -7.453221     -7.445975      0.010368
    637      0.004902      0.007353     -7.453328     -7.445975      0.009829
    638      0.004992      0.007489     -7.453464     -7.445975      0.009138
    639      0.005100      0.007650     -7.453625     -7.445975      0.008309
    640      0.005222      0.007833     -7.453809     -7.445975      0.007360
    641      0.005357      0.008036     -7.454011     -7.445976      0.006310
    642      0.005502      0.008253     -7.454229     -7.445976      0.005182
    643      0.005653      0.008479     -7.454456     -7.445976      0.004000
    644      0.005807      0.008711     -7.454688     -7.445977      0.002790
    645      0.005962      0.008943     -7.454920     -7.445977      0.001577
    646      0.006113      0.009169     -7.455146     -7.445977      0.000389
    647      0.006257      0.009386     -7.455363     -7.445977     -0.000749
    648      0.006392      0.009588     -7.455565     -7.445978     -0.001811
    649      0.006513      0.009770     -7.455748     -7.445978     -0.002775
    650      0.006620      0.009930     -7.455908     -7.445978     -0.003618
    651      0.006708      0.010062     -7.456041     -7.445978     -0.004323
    652      0.006777      0.010165     -7.456144     -7.445979     -0.004872
    653      0.006824      0.010236     -7.456215     -7.445979     -0.005255
    654      0.006849      0.010274     -7.456253     -7.445979     -0.005462
    655      0.006851      0.010277     -7.456256     -7.445979     -0.005489
    656      0.006830      0.010245     -7.456224     -7.445979     -0.005334
    657      0.006787      0.010180     -7.456158     -7.445979     -0.005001
    658      0.006721      0.010082     -7.456060     -7.445978     -0.004497
    659      0.006636      0.009953     -7.455932     -7.445978     -0.003833
    660      0.006531      0.009797     -7.455775     -7.445978     -0.003023
    661      0.006411      0.009616     -7.455594     -7.445978     -0.002084
    662      0.006277      0.009415     -7.455393     -7.445978     -0.001037
    663      0.006132      0.009198     -7.455176     -7.445977      0.000095
    664      0.005980      0.008970     -7.454947     -7.445977      0.001288
    665      0.005823      0.008734     -7.454711     -7.445977      0.002517
    666      0.005665      0.008498     -7.454474     -7.445976      0.003754
    667      0.005510      0.008264     -7.454240     -7.445976      0.004973
    668      0.005360      0.008040     -7.454015     -7.445976      0.006148
    669      0.005219      0.007828     -7.453804     -7.445975      0.007254
    670      0.005090      0.007634     -7.453609     -7.445975      0.008268
    671      0.004975      0.007462     -7.453437     -7.445975      0.009168
    672      0.004877      0.007315     -7.453290     -7.445975      0.009937
    673      0.004798      0.007197     -7.453171     -7.445975      0.010557
    674      0.004739      0.007109     -7.453083     -7.445975      0.011018
    675      0.004702      0.007053     -7.453027     -7.445974      0.011310
    676      0.004686      0.007030     -7.453004     -7.445974      0.011429
    677      0.004693      0.007040     -7.453014     -7.445975      0.011374
    678      0.004722      0.007083     -7.453057     -7.445975      0.011148
    679      0.004771      0.007157     -7.453132     -7.445975      0.010758
    680      0.004840      0.007261     -7.453236     -7.445975      0.010213
    681      0.004927      0.007391     -7.453366     -7.445975      0.009529
    682      0.005030      0.007545     -7.453521     -7.445975      0.008721
    683      0.005146      0.007719     -7.453695     -7.445976      0.007809
    684      0.005273      0.007909     -7.453885     -7.445976      0.006814
    685      0.005407      0.008111     -7.454087     -7.445976      0.005759
    686      0.005546      0.008319     -7.454296     -7.445976      0.004667
    687      0.005687      0.008530     -7.454507     -7.445977      0.003564
    688      0.005826      0.008739     -7.454716     -7.445977      0.002474
    689      0.005961      0.008941     -7.454918     -7.445977      0.001420
    690      0.006088      0.009132     -7.455109     -7.445977      0.000424
    691      0.006205      0.009308     -7.455285     -7.445978     -0.000492
    692      0.006310      0.009465     -7.455443     -7.445978     -0.001310
    693      0.006401      0.009601     -7.455579     -7.445978     -0.002014
    694      0.006475      0.009713     -7.455691     -7.445978     -0.002591
    695      0.006532      0.009799     -7.455777     -7.445978     -0.003031
    696      0.006572      0.009857     -7.455836     -7.445978     -0.003327
    697      0.006592      0.009888     -7.455866     -7.445978     -0.003476
    698      0.006594      0.009891     -7.455869     -7.445978     -0.003479
    699      0.006578      0.009867     -7.455845     -7.445978     -0.003339
    700      0.006544      0.009816     -7.455795     -7.445978     -0.003063
    701      0.006495      0.009742     -7.455720     -7.445978     -0.002661
    702      0.006431      0.009646     -7.455624     -7.445978     -0.002146
    703      0.006354      0.009531     -7.455509     -7.445978     -0.001532
    704      0.006267      0.009401     -7.455378     -7.445977     -0.000836
    705      0.006172      0.009258     -7.455235     -7.445977     -0.000078
    706      0.006071      0.009107     -7.455084     -7.445977      0.000723
    707      0.005967      0.008951     -7.454928     -7.445977      0.001547
    708      0.005863      0.008795     -7.454771     -7.445976      0.002373
    709      0.005761      0.008641     -7.454617     -7.445976      0.003182
    710      0.005663      0.008494     -7.454470     -7.445976      0.003954
    711      0.005571      0.008357     -7.454333     -7.445976      0.004671
    712      0.005489      0.008233     -7.454208     -7.445976      0.005318
    713      0.005416      0.008125     -7.454100     -7.445975      0.005879
    714      0.005356      0.008035     -7.454010     -7.445975      0.006343
    715      0.005309      0.007964     -7.453939     -7.445975      0.006702
    716      0.005277      0.007915     -7.453890     -7.445975      0.006948
    717      0.005258      0.007887     -7.453862     -7.445975      0.007079
    718      0.005254      0.007881     -7.453857     -7.445975      0.007094
    719      0.005265      0.007897     -7.453872     -7.445975      0.006996
    720      0.005288      0.007933     -7.453908     -7.445975      0.006789
    721      0.005325      0.007988     -7.453963     -7.445975      0.006482
    722      0.005373      0.008059     -7.454035     -7.445976      0.006086
    723      0.005431      0.008146     -7.454122     -7.445976      0.005613
    724      0.005496      0.008244     -7.454220     -7.445976      0.005077
    725      0.005568      0.008352     -7.454328     -7.445976      0.004495
    726      0.005643      0.008465     -7.454441     -7.445976      0.003883
    727      0.005721      0.008581     -7.454558     -7.445977      0.003259
    728      0.005797      0.008696     -7.454673     -7.445977      0.002641
    729      0.005871      0.008807     -7.454784     -7.445977      0.002045
    730      0.005941      0.008911     -7.454888     -7.445977      0.001488
    731      0.006003      0.009005     -7.454983     -7.445977      0.000986
    732      0.006058      0.009087     -7.455064     -7.445977      0.000552
    733      0.006102      0.009153     -7.455131     -7.445978      0.000197
    734      0.006136      0.009203     -7.455181     -7.445978     -0.000067
    735      0.006157      0.009236     -7.455213     -7.445978     -0.000236
    736      0.006166      0.009249     -7.455227     -7.445978     -0.000303
    737      0.006162      0.009243     -7.455221     -7.445978     -0.000267
    738      0.006145      0.009218     -7.455195     -7.445978     -0.000130
    739      0.006116      0.009174     -7.455152     -7.445978      0.000106
    740      0.006076      0.009114     -7.455092     -7.445978      0.000432
    741      0.006025      0.009038     -7.455015     -7.445977      0.000841
    742      0.005966      0.008949     -7.454926     -7.445977      0.001322
    743      0.005899      0.008849     -7.454826     -7.445977      0.001860
    744      0.005827      0.008740     -7.454717     -7.445977      0.002442
    745      0.005751      0.008626     -7.454603     -7.445977      0.003051
    746      0.005674      0.008511     -7.454487     -7.445976      0.003671
    747      0.005597      0.008396     -7.454372     -7.445976      0.004285
    748      0.005524      0.008286     -7.454262     -7.445976      0.004877
    749      0.005455      0.008183     -7.454159     -7.445976      0.005429
    750      0.005393      0.008090     -7.454066     -7.445976      0.005927
    751      0.005340      0.008010     -7.453986     -7.445976      0.006357
    752      0.005297      0.007945     -7.453920     -7.445976      0.006706
    753      0.005265      0.007897     -7.453872     -7.445975      0.006967
    754      0.005245      0.007867     -7.453842     -7.445975      0.007130
    755      0.005237      0.007856     -7.453832     -7.445975      0.007191
    756      0.005243      0.007865     -7.453840     -7.445975      0.007148
    757      0.005262      0.007893     -7.453868     -7.445975      0.007002
    758      0.005293      0.007940     -7.453915     -7.445975      0.006757
    759      0.005336      0.008004     -7.453980     -7.445976      0.006419
    760      0.005390      0.008084     -7.454060     -7.445976      0.005996
    761      0.005452      0.008178     -7.454154     -7.445976      0.005500
    762      0.005522      0.008283     -7.454259     -7.445976      0.004944
    763      0.005598      0.008397     -7.454373     -7.445976      0.004341
    764      0.005678      0.008516     -7.454493     -7.445976      0.003709
    765      0.005759      0.008638     -7.454614     -7.445977      0.003064
    766      0.005839      0.008759     -7.454735     -7.445977      0.002422
    767      0.005917      0.008875     -7.454852     -7.445977      0.001801
    768      0.005990      0.008985     -7.454962     -7.445977      0.001217
    769      0.006056      0.009085     -7.455062     -7.445977      0.000684
    770      0.006114      0.009172     -7.455149     -7.445977      0.000218
    771      0.006163      0.009244     -7.455222     -7.445978     -0.000170
    772      0.006200      0.009299     -7.455277     -7.445978     -0.000470
    773      0.006225      0.009337     -7.455315     -7.445978     -0.000674
    774      0.006237      0.009355     -7.455333     -7.445978     -0.000777
    775      0.006236      0.009354     -7.455332     -7.445978     -0.000777
    776      0.006222      0.009334     -7.455311     -7.445978     -0.000675
    777      0.006196      0.009294     -7.455272     -7.445978     -0.000472
    778      0.006158      0.009237     -7.455215     -7.445978     -0.000175
    779      0.006109      0.009164     -7.455141     -7.445977      0.000208
    780      0.006051      0.009077     -7.455054     -7.445977      0.000667
    781      0.005985      0.008977     -7.454954     -7.445977      0.001189
    782      0.005913      0.008869     -7.454846     -7.445977      0.001762
    783      0.005836      0.008754     -7.454731     -7.445977      0.002369
    784      0.005757      0.008636     -7.454613     -7.445977      0.002994
    785      0.005678      0.008518     -7.454494     -7.445976      0.003623
    786      0.005601      0.008402     -7.454378     -7.445976      0.004237
    787      0.005528      0.008293     -7.454269     -7.445976      0.004821
    788      0.005461      0.008192     -7.454168     -7.445976      0.005360
    789      0.005402      0.008103     -7.454078     -7.445976      0.005840
    790      0.005351      0.008027     -7.454002     -7.445976      0.006248
    791      0.005311      0.007967     -7.453942     -7.445975      0.006574
    792      0.005283      0.007924     -7.453900     -7.445975      0.006810
    793      0.005267      0.007900     -7.453875     -7.445975      0.006950
    794      0.005263      0.007895     -7.453870     -7.445975      0.006989
    795      0.005272      0.007909     -7.453884     -7.445975      0.006926
    796      0.005294      0.007941     -7.453917     -7.445975      0.006763
    797      0.005328      0.007993     -7.453968     -7.445975      0.006504
    798      0.005374      0.008061     -7.454036     -7.445976      0.006154
    799      0.005430      0.008144     -7.454120     -7.445976      0.005723
    800      0.005494      0.008242     -7.454217     -7.445976      0.005219
    801      0.005566      0.008350     -7.454326     -7.445976      0.004656
    802      0.005644      0.008467     -7.454443     -7.445976      0.004046
    803      0.005726      0.008589     -7.454566     -7.445976      0.003404
    804      0.005810      0.008715     -7.454691     -7.445977      0.002745
    805      0.005894      0.008841     -7.454817     -7.445977      0.002085
    806      0.005976      0.008963     -7.454940     -7.445977      0.001438
    807      0.006054      0.009080     -7.455057     -7.445977      0.000821
    808      0.006126      0.009189     -7.455166     -7.445977      0.000247
    809      0.006191      0.009286     -7.455264     -7.445977     -0.000271
    810      0.006247      0.009371     -7.455348     -7.445978     -0.000720
    811      0.006293      0.009440     -7.455417     -7.445978     -0.001090
    812      0.006328      0.009492     -7.455470     -7.445978     -0.001373
    813      0.006351      0.009526     -7.455504     -7.445978     -0.001563
    814      0.006361      0.009542     -7.455519     -7.445978     -0.001654
    815      0.006358      0.009538     -7.455515     -7.445978     -0.001645
    816      0.006343      0.009515     -7.455493     -7.445978     -0.001537
    817      0.006315      0.009473     -7.455451     -7.445978     -0.001331
    818      0.006276      0.009414     -7.455392     -7.445978     -0.001033
    819      0.006226      0.009338     -7.455316     -7.445977     -0.000650
    820      0.006165      0.009248     -7.455225     -7.445977     -0.000189
    821      0.006096      0.009145     -7.455122     -7.445977      0.000339
    822      0.006021      0.009031     -7.455008     -7.445977      0.000922
    823      0.005939      0.008909     -7.454886     -7.445977      0.001546
    824      0.005855      0.008782     -7.454759     -7.445977      0.002199
    825      0.005768      0.008652     -7.454629     -7.445977      0.002865
    826      0.005682      0.008523     -7.454499     -7.445976      0.003531
    827      0.005598      0.008397     -7.454373     -7.445976      0.004181
    828      0.005517      0.008276     -7.454252     -7.445976      0.004801
    829      0.005443      0.008164     -7.454140     -7.445976      0.005378
    830      0.005375      0.008062     -7.454038     -7.445976      0.005900
    831      0.005316      0.007974     -7.453949     -7.445976      0.006356
    832      0.005267      0.007900     -7.453875     -7.445976      0.006736
    833      0.005228      0.007842     -7.453818     -7.445975      0.007033
    834      0.005201      0.007802     -7.453777     -7.445975      0.007241
    835      0.005186      0.007779     -7.453754     -7.445975      0.007357
    836      0.005183      0.007775     -7.453750     -7.445975      0.007380
    837      0.005192      0.007789     -7.453764     -7.445975      0.007311
    838      0.005213      0.007820     -7.453795     -7.445976      0.007151
    839      0.005245      0.007868     -7.453843     -7.445976      0.006908
    840      0.005287      0.007931     -7.453907     -7.445976      0.006587
    841      0.005338      0.008007     -7.453983     -7.445976      0.006199
    842      0.005397      0.008095     -7.454071     -7.445976      0.005752
    843      0.005462      0.008193     -7.454169     -7.445976      0.005259
    844      0.005531      0.008297     -7.454273     -7.445976      0.004733
    845      0.005604      0.008405     -7.454382     -7.445976      0.004186
    846      0.005677      0.008516     -7.454492     -7.445977      0.003632
    847      0.005750      0.008625     -7.454601     -7.445977      0.003085
    848      0.005820      0.008730     -7.454707     -7.445977      0.002558
    849      0.005886      0.008829     -7.454806     -7.445977      0.002063
    850      0.005947      0.008921     -7.454898     -7.445977      0.001612
    851      0.006001      0.009001     -7.454979     -7.445977      0.001214
    852      0.006047      0.009070     -7.455048     -7.445977      0.000877
    853      0.006084      0.009126     -7.455104     -7.445977      0.000609
    854      0.006112      0.009167     -7.455145     -7.445977      0.000414
    855      0.006129      0.009194     -7.455172     -7.445978      0.000295
    856      0.006137      0.009206     -7.455183     -7.445977      0.000253
    857      0.006135      0.009202     -7.455180     -7.445977      0.000285
    858      0.006123      0.009185     -7.455162     -7.445977      0.000388
    859      0.006103      0.009154     -7.455131     -7.445977      0.000558
    860      0.006074      0.009111     -7.455088     -7.445977      0.000786
    861      0.006039      0.009058     -7.455035     -7.445977      0.001066
    862      0.005997      0.008996     -7.454973     -7.445977      0.001386
    863      0.005952      0.008928     -7.454905     -7.445977      0.001737
    864      0.005903      0.008855     -7.454832     -7.445977      0.002108
    865      0.005854      0.008780     -7.454757     -7.445977      0.002486
    866      0.005804      0.008705     -7.454682     -7.445976      0.002861
    867      0.005755      0.008632     -7.454609     -7.445976      0.003223
    868      0.005709      0.008564     -7.454540     -7.445976      0.003559
    869      0.005667      0.008501     -7.454477     -7.445976      0.003863
    870      0.005630      0.008446     -7.454422     -7.445976      0.004125
    871      0.005599      0.008399     -7.454375     -7.445976      0.004339
    872      0.005575      0.008362     -7.454338     -7.445976      0.004500
    873      0.005558      0.008336     -7.454312     -7.445976      0.004606
    874      0.005547      0.008321     -7.454297     -7.445976      0.004655
    875      0.005544      0.008317     -7.454293     -7.445976      0.004647
    876      0.005549      0.008323     -7.454299     -7.445976      0.004585
    877      0.005559      0.008339     -7.454315     -7.445976      0.004473
    878      0.005576      0.008364     -7.454340     -7.445976      0.004316
    879      0.005597      0.008396     -7.454372     -7.445976      0.004121
    880      0.005623      0.008435     -7.454411     -7.445976      0.003897
    881      0.005652      0.008478     -7.454455     -7.445976      0.003651
    882      0.005683      0.008524     -7.454501     -7.445976      0.003393
    883      0.005715      0.008572     -7.454548     -7.445977      0.003132
    884      0.005746      0.008619     -7.454595     -7.445977      0.002879
    885      0.005775      0.008663     -7.454640     -7.445977      0.002641
    886      0.005802      0.008703     -7.454680     -7.445977      0.002429
    887      0.005825      0.008738     -7.454715     -7.445977      0.002248
    888      0.005844      0.008766     -7.454743     -7.445977      0.002107
    889      0.005858      0.008787     -7.454764     -7.445977      0.002010
    890      0.005866      0.008799     -7.454776     -7.445977      0.001960
    891      0.005868      0.008802     -7.454779     -7.445977      0.001960
    892      0.005864      0.008796     -7.454773     -7.445977      0.002011
    893      0.005854      0.008781     -7.454758     -7.445977      0.002111
    894      0.005838      0.008757     -7.454734     -7.445977      0.002257
    895      0.005817      0.008726     -7.454703     -7.445977      0.002446
    896      0.005792      0.008688     -7.454665     -7.445977      0.002671
    897      0.005763      0.008645     -7.454622     -7.445977      0.002926
    898      0.005732      0.008598     -7.454575     -7.445977      0.003202
    899      0.005699      0.008549     -7.454525     -7.445977      0.003491
    900      0.005666      0.008499     -7.454475     -7.445976      0.003783
    901      0.005633      0.008450     -7.454426     -7.445976      0.004069
    902      0.005602      0.008403     -7.454380     -7.445976      0.004338
    903      0.005575      0.008362     -7.454338     -7.445976      0.004583
    904      0.005551      0.008327     -7.454303     -7.445976      0.004792
    905      0.005533      0.008299     -7.454275     -7.445976      0.004960
    906      0.005521      0.008281     -7.454257     -7.445976      0.005077
    907      0.005515      0.008273     -7.454249     -7.445976      0.005140
    908      0.005517      0.008275     -7.454251     -7.445976      0.005142
    909      0.005526      0.008290     -7.454265     -7.445976      0.005082
    910      0.005544      0.008315     -7.454291     -7.445976      0.004958
    911      0.005568      0.008353     -7.454329     -7.445976      0.004771
    912      0.005601      0.008401     -7.454377     -7.445976      0.004522
    913      0.005640      0.008460     -7.454436     -7.445976      0.004215
    914      0.005686      0.008529     -7.454505     -7.445976      0.003856
    915      0.005737      0.008605     -7.454582     -7.445976      0.003452
    916      0.005792      0.008689     -7.454665     -7.445976      0.003011
    917      0.005851      0.008777     -7.454753     -7.445976      0.002543
    918      0.005912      0.008868     -7.454844     -7.445977      0.002057
    919      0.005973      0.008959     -7.454936     -7.445977      0.001565
    920      0.006033      0.009050     -7.455027     -7.445977      0.001077
    921      0.006091      0.009137     -7.455114     -7.445977      0.000607
    922      0.006146      0.009219     -7.455196     -7.445977      0.000165
    923      0.006195      0.009292     -7.455270     -7.445977     -0.000237
    924      0.006238      0.009357     -7.455334     -7.445977     -0.000590
    925      0.006273      0.009409     -7.455387     -7.445977     -0.000883
    926      0.006299      0.009449     -7.455426     -7.445977     -0.001108
    927      0.006316      0.009474     -7.455452     -7.445978     -0.001258
    928      0.006323      0.009484     -7.455462     -7.445978     -0.001326
    929      0.006318      0.009478     -7.455455     -7.445978     -0.001311
    930      0.006303      0.009455     -7.455432     -7.445978     -0.001208
    931      0.006277      0.009415     -7.455393     -7.445978     -0.001018
    932      0.006240      0.009360     -7.455337     -7.445978     -0.000743
    933      0.006192      0.009288     -7.455266     -7.445977     -0.000385
    934      0.006135      0.009202     -7.455179     -7.445977      0.000049
    935      0.006068      0.009103     -7.455080     -7.445977      0.000553
    936      0.005994      0.008992     -7.454969     -7.445977      0.001118
    937      0.005914      0.008871     -7.454848     -7.445977      0.001734
    938      0.005828      0.008743     -7.454720     -7.445977      0.002390
    939      0.005739      0.008609     -7.454586     -7.445977      0.003074
    940      0.005649      0.008473     -7.454449     -7.445977      0.003772
    941      0.005558      0.008336     -7.454313     -7.445976      0.004471
    942      0.005468      0.008202     -7.454179     -7.445976      0.005157
    943      0.005382      0.008073     -7.454049     -7.445976      0.005817
    944      0.005301      0.007952     -7.453928     -7.445976      0.006438
    945      0.005227      0.007841     -7.453816     -7.445976      0.007007
    946      0.005161      0.007741     -7.453717     -7.445976      0.007513
    947      0.005104      0.007656     -7.453632     -7.445976      0.007946
    948      0.005058      0.007587     -7.453563     -7.445975      0.008296
    949      0.005023      0.007535     -7.453510     -7.445975      0.008558
    950      0.005001      0.007501     -7.453477     -7.445975      0.008726
    951      0.004991      0.007487     -7.453462     -7.445975      0.008796
    952      0.004994      0.007491     -7.453466     -7.445975      0.008768
    953      0.005010      0.007515     -7.453490     -7.445975      0.008643
    954      0.005038      0.007557     -7.453532     -7.445975      0.008422
    955      0.005078      0.007616     -7.453592     -7.445976      0.008112
    956      0.005128      0.007693     -7.453668     -7.445976      0.007718
    957      0.005189      0.007784     -7.453760     -7.445976      0.007249
    958      0.005259      0.007888     -7.453864     -7.445976      0.006715
    959      0.005336      0.008003     -7.453979     -7.445976      0.006126
    960      0.005418      0.008127     -7.454103     -7.445976      0.005495
    961      0.005505      0.008257     -7.454234     -7.445976      0.004834
    962      0.005594      0.008391     -7.454368     -7.445976      0.004157
    963      0.005684      0.008526     -7.454503     -7.445977      0.003476
    964      0.005773      0.008660     -7.454636     -7.445977      0.002804
    965      0.005860      0.008790     -7.454766     -7.445977      0.002153
    966      0.005942      0.008913     -7.454890     -7.445977      0.001537
    967      0.006019      0.009029     -7.455006     -7.445977      0.000964
    968      0.006090      0.009135     -7.455112     -7.445977      0.000444
    969      0.006153      0.009229     -7.455206     -7.445977     -0.000014
    970      0.006207      0.009310     -7.455287     -7.445977     -0.000404
    971      0.006251      0.009377     -7.455355     -7.445977     -0.000722
    972      0.006287      0.009430     -7.455407     -7.445977     -0.000965
    973      0.006312      0.009467     -7.455445     -7.445977     -0.001130
    974      0.006327      0.009490     -7.455468     -7.445977     -0.001218
    975      0.006332      0.009498     -7.455476     -7.445977     -0.001232
    976      0.006328      0.009492     -7.455470     -7.445977     -0.001175
    977      0.006316      0.009473     -7.455451     -7.445977     -0.001052
    978      0.006295      0.009442     -7.455419     -7.445977     -0.000868
    979      0.006267      0.009400     -7.455377     -7.445977     -0.000632
    980      0.006233      0.009349     -7.455326     -7.445977     -0.000350
    981      0.006194      0.009290     -7.455267     -7.445977     -0.000032
    982      0.006150      0.009226     -7.455202     -7.445977      0.000313
    983      0.006104      0.009157     -7.455133     -7.445977      0.000677
    984      0.006057      0.009085     -7.455061     -7.445977      0.001051
    985      0.006008      0.009012     -7.454989     -7.445977      0.001425
    986      0.005960      0.008940     -7.454917     -7.445976      0.001793
    987      0.005914      0.008871     -7.454847     -7.445976      0.002146
    988      0.005870      0.008804     -7.454781     -7.445976      0.002477
    989      0.005828      0.008742     -7.454719     -7.445976      0.002782
    990      0.005791      0.008686     -7.454662     -7.445976      0.003055
    991      0.005757      0.008635     -7.454612     -7.445976      0.003294
    992      0.005728      0.008592     -7.454568     -7.445976      0.003497
    993      0.005703      0.008555     -7.454531     -7.445976      0.003661
    994      0.005683      0.008525     -7.454501     -7.445976      0.003788
    995      0.005667      0.008501     -7.454477     -7.445976      0.003878
    996      0.005656      0.008484     -7.454460     -7.445976      0.003935
    997      0.005649      0.008473     -7.454449     -7.445976      0.003961
    998      0.005644      0.008467     -7.454443     -7.445976      0.003960
    999      0.005643      0.008465     -7.454441     -7.445976      0.003936
   1000      0.005644      0.008466     -7.454443     -7.445976      0.003896
#
# Means      0.005757      0.008636     -7.454612     -7.445977      0.003076
