#
# MD1: a minimal molecular dynamics program
#
# Problema 2
#  Input sample: a7.cry
#                                (only positions read from file)
# Output sample: a7.md1
# Number of steps:    1000, time step: 0.0032, total time:      3.2000
# Number of atoms:  1372
# Box size:   10.850000   10.850000   10.850000, Volume:       1277.289
# Density:    1.074150 (unchanged)
# Free evolution run.
#
#  Step   Temperature     Kinetic      Potential   Total Energy    Pressure
# -----  ------------  ------------  ------------  ------------  ------------
      1      0.000013      0.000020     -7.446214     -7.446194      0.045837
      2      0.000117      0.000175     -7.446370     -7.446195      0.045031
      3      0.000322      0.000483     -7.446678     -7.446195      0.043436
      4      0.000624      0.000936     -7.447131     -7.446196      0.041088
      5      0.001016      0.001525     -7.447721     -7.446196      0.038036
      6      0.001491      0.002237     -7.448434     -7.446197      0.034346
      7      0.002038      0.003057     -7.449255     -7.446198      0.030096
      8      0.002645      0.003968     -7.450168     -7.446200      0.025378
      9      0.003301      0.004951     -7.451152     -7.446201      0.020290
     10      0.003990      0.005985     -7.452188     -7.446202      0.014939
     11      0.004700      0.007050     -7.453253     -7.446204      0.009436
     12      0.005415      0.008122     -7.454327     -7.446205      0.003895
     13      0.006121      0.009182     -7.455388     -7.446206     -0.001574
     14      0.006805      0.010208     -7.456416     -7.446208     -0.006860
     15      0.007453      0.011180     -7.457389     -7.446209     -0.011861
     16      0.008053      0.012080     -7.458290     -7.446210     -0.016479
     17      0.008594      0.012891     -7.459102     -7.446211     -0.020630
     18      0.009066      0.013599     -7.459810     -7.446211     -0.024239
     19      0.009461      0.014192     -7.460404     -7.446212     -0.027243
     20      0.009774      0.014661     -7.460873     -7.446212     -0.029596
     21      0.010000      0.015000     -7.461212     -7.446213     -0.031264
     22      0.010136      0.015204     -7.461417     -7.446213     -0.032231
     23      0.010183      0.015274     -7.461486     -7.446212     -0.032494
     24      0.010141      0.015212     -7.461424     -7.446212     -0.032067
     25      0.010015      0.015023     -7.461234     -7.446212     -0.030979
     26      0.009809      0.014714     -7.460925     -7.446211     -0.029271
     27      0.009531      0.014297     -7.460507     -7.446210     -0.026997
     28      0.009188      0.013782     -7.459992     -7.446209     -0.024223
     29      0.008790      0.013185     -7.459394     -7.446208     -0.021025
     30      0.008348      0.012521     -7.458729     -7.446207     -0.017485
     31      0.007871      0.011807     -7.458013     -7.446206     -0.013691
     32      0.007373      0.011059     -7.457264     -7.446205     -0.009735
     33      0.006864      0.010296     -7.456500     -7.446204     -0.005711
     34      0.006357      0.009535     -7.455738     -7.446203     -0.001709
     35      0.005862      0.008793     -7.454994     -7.446202      0.002181
     36      0.005390      0.008085     -7.454286     -7.446201      0.005874
     37      0.004951      0.007427     -7.453627     -7.446200      0.009295
     38      0.004554      0.006831     -7.453031     -7.446199      0.012375
     39      0.004206      0.006310     -7.452509     -7.446199      0.015055
     40      0.003914      0.005871     -7.452069     -7.446198      0.017289
     41      0.003681      0.005521     -7.451720     -7.446198      0.019042
     42      0.003511      0.005266     -7.451464     -7.446198      0.020293
     43      0.003404      0.005106     -7.451305     -7.446198      0.021031
     44      0.003362      0.005042     -7.451241     -7.446198      0.021262
     45      0.003381      0.005071     -7.451269     -7.446199      0.021001
     46      0.003458      0.005187     -7.451386     -7.446199      0.020277
     47      0.003589      0.005383     -7.451583     -7.446200      0.019128
     48      0.003767      0.005651     -7.451851     -7.446200      0.017604
     49      0.003986      0.005980     -7.452181     -7.446201      0.015759
     50      0.004239      0.006358     -7.452560     -7.446202      0.013657
     51      0.004515      0.006773     -7.452976     -7.446203      0.011365
     52      0.004808      0.007212     -7.453415     -7.446203      0.008953
     53      0.005108      0.007662     -7.453866     -7.446204      0.006492
     54      0.005406      0.008109     -7.454314     -7.446205      0.004052
     55      0.005694      0.008541     -7.454747     -7.446206      0.001700
     56      0.005965      0.008947     -7.455153     -7.446206     -0.000502
     57      0.006210      0.009315     -7.455522     -7.446207     -0.002495
     58      0.006424      0.009637     -7.455844     -7.446208     -0.004232
     59      0.006603      0.009904     -7.456112     -7.446208     -0.005670
     60      0.006740      0.010110     -7.456319     -7.446208     -0.006777
     61      0.006835      0.010252     -7.456460     -7.446208     -0.007531
     62      0.006885      0.010327     -7.456535     -7.446208     -0.007921
     63      0.006890      0.010334     -7.456543     -7.446208     -0.007944
     64      0.006851      0.010276     -7.456484     -7.446208     -0.007610
     65      0.006770      0.010155     -7.456363     -7.446208     -0.006936
     66      0.006651      0.009976     -7.456183     -7.446207     -0.005949
     67      0.006498      0.009746     -7.455953     -7.446207     -0.004686
     68      0.006316      0.009474     -7.455680     -7.446206     -0.003189
     69      0.006111      0.009166     -7.455372     -7.446206     -0.001506
     70      0.005890      0.008835     -7.455040     -7.446205      0.000310
     71      0.005659      0.008489     -7.454694     -7.446204      0.002204
     72      0.005427      0.008140     -7.454344     -7.446204      0.004117
     73      0.005199      0.007798     -7.454001     -7.446203      0.005993
     74      0.004982      0.007474     -7.453676     -7.446202      0.007777
     75      0.004784      0.007176     -7.453378     -7.446202      0.009415
     76      0.004610      0.006915     -7.453116     -7.446201      0.010862
     77      0.004464      0.006697     -7.452898     -7.446201      0.012074
     78      0.004353      0.006529     -7.452730     -7.446201      0.013016
     79      0.004278      0.006417     -7.452617     -7.446200      0.013663
     80      0.004242      0.006363     -7.452563     -7.446200      0.013994
     81      0.004246      0.006369     -7.452570     -7.446200      0.014000
     82      0.004291      0.006437     -7.452637     -7.446200      0.013681
     83      0.004375      0.006563     -7.452763     -7.446201      0.013044
     84      0.004496      0.006744     -7.452945     -7.446201      0.012107
     85      0.004651      0.006977     -7.453178     -7.446201      0.010895
     86      0.004836      0.007254     -7.453456     -7.446202      0.009440
     87      0.005046      0.007569     -7.453771     -7.446202      0.007782
     88      0.005275      0.007913     -7.454116     -7.446203      0.005965
     89      0.005518      0.008276     -7.454480     -7.446203      0.004039
     90      0.005767      0.008650     -7.454854     -7.446204      0.002054
     91      0.006016      0.009024     -7.455229     -7.446205      0.000063
     92      0.006259      0.009389     -7.455594     -7.446205     -0.001880
     93      0.006489      0.009734     -7.455939     -7.446206     -0.003724
     94      0.006700      0.010050     -7.456257     -7.446206     -0.005420
     95      0.006887      0.010330     -7.456537     -7.446207     -0.006925
     96      0.007044      0.010566     -7.456773     -7.446207     -0.008197
     97      0.007168      0.010752     -7.456959     -7.446208     -0.009205
     98      0.007255      0.010882     -7.457090     -7.446208     -0.009922
     99      0.007303      0.010954     -7.457162     -7.446208     -0.010330
    100      0.007311      0.010966     -7.457174     -7.446208     -0.010418
    101      0.007278      0.010917     -7.457125     -7.446208     -0.010184
    102      0.007206      0.010809     -7.457016     -7.446208     -0.009636
    103      0.007096      0.010644     -7.456851     -7.446207     -0.008787
    104      0.006951      0.010427     -7.456634     -7.446207     -0.007660
    105      0.006776      0.010164     -7.456370     -7.446207     -0.006284
    106      0.006573      0.009860     -7.456066     -7.446206     -0.004696
    107      0.006350      0.009525     -7.455730     -7.446206     -0.002936
    108      0.006111      0.009166     -7.455371     -7.446205     -0.001050
    109      0.005862      0.008793     -7.454997     -7.446204      0.000913
    110      0.005610      0.008415     -7.454619     -7.446204      0.002904
    111      0.005361      0.008042     -7.454245     -7.446203      0.004871
    112      0.005122      0.007683     -7.453886     -7.446203      0.006764
    113      0.004899      0.007348     -7.453550     -7.446202      0.008536
    114      0.004696      0.007044     -7.453246     -7.446202      0.010142
    115      0.004520      0.006780     -7.452981     -7.446201      0.011542
    116      0.004375      0.006562     -7.452763     -7.446201      0.012701
    117      0.004263      0.006394     -7.452595     -7.446201      0.013591
    118      0.004188      0.006282     -7.452483     -7.446201      0.014192
    119      0.004152      0.006228     -7.452428     -7.446200      0.014490
    120      0.004154      0.006231     -7.452432     -7.446200      0.014479
    121      0.004196      0.006294     -7.452494     -7.446201      0.014162
    122      0.004274      0.006412     -7.452612     -7.446201      0.013548
    123      0.004388      0.006582     -7.452784     -7.446201      0.012657
    124      0.004534      0.006801     -7.453003     -7.446201      0.011512
    125      0.004708      0.007062     -7.453264     -7.446202      0.010145
    126      0.004905      0.007358     -7.453561     -7.446202      0.008593
    127      0.005121      0.007681     -7.453884     -7.446203      0.006896
    128      0.005349      0.008023     -7.454227     -7.446203      0.005099
    129      0.005584      0.008376     -7.454580     -7.446204      0.003248
    130      0.005819      0.008729     -7.454933     -7.446205      0.001392
    131      0.006049      0.009074     -7.455279     -7.446205     -0.000423
    132      0.006268      0.009402     -7.455608     -7.446206     -0.002151
    133      0.006470      0.009706     -7.455912     -7.446206     -0.003749
    134      0.006651      0.009977     -7.456183     -7.446207     -0.005177
    135      0.006806      0.010209     -7.456416     -7.446207     -0.006402
    136      0.006932      0.010397     -7.456605     -7.446207     -0.007393
    137      0.007024      0.010537     -7.456744     -7.446207     -0.008128
    138      0.007083      0.010624     -7.456832     -7.446207     -0.008590
    139      0.007106      0.010658     -7.456866     -7.446207     -0.008772
    140      0.007092      0.010639     -7.456846     -7.446207     -0.008671
    141      0.007044      0.010566     -7.456773     -7.446207     -0.008293
    142      0.006962      0.010443     -7.456650     -7.446207     -0.007650
    143      0.006849      0.010274     -7.456481     -7.446207     -0.006761
    144      0.006708      0.010062     -7.456269     -7.446206     -0.005652
    145      0.006543      0.009815     -7.456021     -7.446206     -0.004353
    146      0.006358      0.009537     -7.455743     -7.446205     -0.002900
    147      0.006159      0.009238     -7.455443     -7.446205     -0.001330
    148      0.005950      0.008924     -7.455129     -7.446205      0.000315
    149      0.005736      0.008604     -7.454808     -7.446204      0.001993
    150      0.005524      0.008286     -7.454490     -7.446203      0.003661
    151      0.005318      0.007978     -7.454181     -7.446203      0.005276
    152      0.005125      0.007687     -7.453889     -7.446203      0.006799
    153      0.004947      0.007420     -7.453623     -7.446202      0.008192
    154      0.004790      0.007185     -7.453387     -7.446202      0.009422
    155      0.004657      0.006986     -7.453187     -7.446202      0.010461
    156      0.004552      0.006827     -7.453029     -7.446201      0.011285
    157      0.004476      0.006713     -7.452914     -7.446201      0.011877
    158      0.004430      0.006645     -7.452847     -7.446201      0.012225
    159      0.004416      0.006625     -7.452826     -7.446201      0.012326
    160      0.004434      0.006651     -7.452852     -7.446201      0.012180
    161      0.004481      0.006722     -7.452924     -7.446201      0.011796
    162      0.004558      0.006836     -7.453038     -7.446202      0.011188
    163      0.004659      0.006989     -7.453191     -7.446202      0.010377
    164      0.004784      0.007176     -7.453379     -7.446202      0.009386
    165      0.004928      0.007392     -7.453595     -7.446203      0.008245
    166      0.005087      0.007631     -7.453834     -7.446203      0.006987
    167      0.005257      0.007885     -7.454089     -7.446204      0.005646
    168      0.005432      0.008149     -7.454353     -7.446204      0.004258
    169      0.005609      0.008414     -7.454619     -7.446204      0.002861
    170      0.005783      0.008675     -7.454880     -7.446205      0.001490
    171      0.005950      0.008924     -7.455129     -7.446205      0.000181
    172      0.006104      0.009156     -7.455362     -7.446206     -0.001034
    173      0.006243      0.009365     -7.455570     -7.446206     -0.002125
    174      0.006363      0.009545     -7.455751     -7.446206     -0.003066
    175      0.006462      0.009693     -7.455900     -7.446206     -0.003838
    176      0.006538      0.009806     -7.456013     -7.446206     -0.004422
    177      0.006588      0.009882     -7.456089     -7.446207     -0.004808
    178      0.006613      0.009919     -7.456126     -7.446207     -0.004991
    179      0.006612      0.009918     -7.456125     -7.446206     -0.004971
    180      0.006587      0.009880     -7.456086     -7.446206     -0.004753
    181      0.006537      0.009806     -7.456012     -7.446206     -0.004347
    182      0.006466      0.009699     -7.455905     -7.446206     -0.003769
    183      0.006376      0.009564     -7.455769     -7.446206     -0.003039
    184      0.006269      0.009404     -7.455609     -7.446205     -0.002179
    185      0.006149      0.009224     -7.455429     -7.446205     -0.001217
    186      0.006020      0.009030     -7.455235     -7.446205     -0.000180
    187      0.005885      0.008828     -7.455032     -7.446204      0.000901
    188      0.005748      0.008623     -7.454827     -7.446204      0.001995
    189      0.005614      0.008421     -7.454624     -7.446204      0.003073
    190      0.005485      0.008227     -7.454430     -7.446203      0.004104
    191      0.005365      0.008047     -7.454250     -7.446203      0.005060
    192      0.005257      0.007886     -7.454088     -7.446203      0.005918
    193      0.005165      0.007747     -7.453950     -7.446202      0.006654
    194      0.005090      0.007635     -7.453837     -7.446202      0.007251
    195      0.005034      0.007551     -7.453753     -7.446202      0.007693
    196      0.004999      0.007498     -7.453700     -7.446202      0.007971
    197      0.004985      0.007477     -7.453679     -7.446202      0.008081
    198      0.004992      0.007488     -7.453690     -7.446202      0.008021
    199      0.005020      0.007529     -7.453732     -7.446202      0.007796
    200      0.005067      0.007600     -7.453803     -7.446202      0.007415
    201      0.005132      0.007698     -7.453901     -7.446203      0.006890
    202      0.005213      0.007820     -7.454023     -7.446203      0.006238
    203      0.005308      0.007962     -7.454165     -7.446203      0.005479
    204      0.005413      0.008119     -7.454323     -7.446203      0.004636
    205      0.005525      0.008288     -7.454491     -7.446204      0.003733
    206      0.005642      0.008463     -7.454667     -7.446204      0.002797
    207      0.005759      0.008639     -7.454843     -7.446204      0.001854
    208      0.005874      0.008811     -7.455016     -7.446205      0.000930
    209      0.005983      0.008975     -7.455180     -7.446205      0.000052
    210      0.006083      0.009125     -7.455330     -7.446205     -0.000756
    211      0.006172      0.009258     -7.455463     -7.446205     -0.001473
    212      0.006247      0.009370     -7.455575     -7.446206     -0.002077
    213      0.006305      0.009458     -7.455663     -7.446206     -0.002553
    214      0.006346      0.009519     -7.455724     -7.446206     -0.002889
    215      0.006368      0.009551     -7.455757     -7.446206     -0.003074
    216      0.006370      0.009555     -7.455761     -7.446206     -0.003105
    217      0.006353      0.009530     -7.455735     -7.446206     -0.002981
    218      0.006317      0.009475     -7.455681     -7.446206     -0.002705
    219      0.006263      0.009394     -7.455600     -7.446206     -0.002284
    220      0.006192      0.009288     -7.455493     -7.446205     -0.001731
    221      0.006106      0.009159     -7.455365     -7.446205     -0.001059
    222      0.006008      0.009012     -7.455217     -7.446205     -0.000287
    223      0.005900      0.008850     -7.455055     -7.446205      0.000564
    224      0.005785      0.008677     -7.454882     -7.446204      0.001473
    225      0.005666      0.008499     -7.454703     -7.446204      0.002415
    226      0.005546      0.008319     -7.454523     -7.446204      0.003365
    227      0.005428      0.008142     -7.454346     -7.446204      0.004298
    228      0.005316      0.007973     -7.454177     -7.446203      0.005191
    229      0.005211      0.007817     -7.454020     -7.446203      0.006019
    230      0.005118      0.007677     -7.453880     -7.446203      0.006761
    231      0.005038      0.007558     -7.453760     -7.446203      0.007398
    232      0.004974      0.007461     -7.453664     -7.446202      0.007913
    233      0.004927      0.007391     -7.453593     -7.446202      0.008293
    234      0.004899      0.007348     -7.453551     -7.446202      0.008527
    235      0.004890      0.007334     -7.453537     -7.446202      0.008610
    236      0.004900      0.007350     -7.453552     -7.446202      0.008540
    237      0.004930      0.007394     -7.453597     -7.446202      0.008317
    238      0.004978      0.007467     -7.453669     -7.446202      0.007948
    239      0.005044      0.007565     -7.453768     -7.446203      0.007440
    240      0.005125      0.007688     -7.453891     -7.446203      0.006808
    241      0.005221      0.007831     -7.454034     -7.446203      0.006066
    242      0.005328      0.007992     -7.454195     -7.446203      0.005232
    243      0.005444      0.008166     -7.454369     -7.446204      0.004327
    244      0.005566      0.008349     -7.454553     -7.446204      0.003373
    245      0.005692      0.008538     -7.454742     -7.446204      0.002393
    246      0.005818      0.008726     -7.454931     -7.446204      0.001411
    247      0.005941      0.008911     -7.455115     -7.446205      0.000449
    248      0.006058      0.009087     -7.455292     -7.446205     -0.000468
    249      0.006167      0.009250     -7.455455     -7.446205     -0.001320
    250      0.006265      0.009397     -7.455602     -7.446205     -0.002086
    251      0.006349      0.009524     -7.455730     -7.446206     -0.002750
    252      0.006419      0.009628     -7.455834     -7.446206     -0.003295
    253      0.006472      0.009708     -7.455913     -7.446206     -0.003710
    254      0.006507      0.009760     -7.455966     -7.446206     -0.003986
    255      0.006523      0.009785     -7.455991     -7.446206     -0.004117
    256      0.006521      0.009782     -7.455988     -7.446206     -0.004102
    257      0.006500      0.009751     -7.455956     -7.446206     -0.003943
    258      0.006462      0.009692     -7.455898     -7.446206     -0.003643
    259      0.006406      0.009609     -7.455815     -7.446206     -0.003211
    260      0.006335      0.009502     -7.455708     -7.446205     -0.002659
    261      0.006250      0.009375     -7.455580     -7.446205     -0.002001
    262      0.006153      0.009230     -7.455435     -7.446205     -0.001251
    263      0.006047      0.009071     -7.455276     -7.446205     -0.000429
    264      0.005935      0.008902     -7.455107     -7.446204      0.000446
    265      0.005818      0.008726     -7.454931     -7.446204      0.001354
    266      0.005699      0.008548     -7.454752     -7.446204      0.002274
    267      0.005581      0.008372     -7.454576     -7.446204      0.003186
    268      0.005467      0.008201     -7.454404     -7.446204      0.004068
    269      0.005359      0.008039     -7.454242     -7.446203      0.004903
    270      0.005260      0.007889     -7.454093     -7.446203      0.005672
    271      0.005170      0.007756     -7.453958     -7.446203      0.006361
    272      0.005093      0.007640     -7.453843     -7.446203      0.006955
    273      0.005029      0.007544     -7.453747     -7.446203      0.007443
    274      0.004980      0.007471     -7.453673     -7.446203      0.007817
    275      0.004947      0.007420     -7.453623     -7.446203      0.008072
    276      0.004929      0.007393     -7.453596     -7.446203      0.008205
    277      0.004926      0.007389     -7.453592     -7.446203      0.008215
    278      0.004939      0.007409     -7.453612     -7.446203      0.008107
    279      0.004967      0.007450     -7.453653     -7.446203      0.007885
    280      0.005008      0.007512     -7.453715     -7.446203      0.007557
    281      0.005062      0.007593     -7.453796     -7.446203      0.007135
    282      0.005126      0.007690     -7.453893     -7.446203      0.006628
    283      0.005200      0.007800     -7.454003     -7.446203      0.006052
    284      0.005281      0.007921     -7.454125     -7.446204      0.005420
    285      0.005367      0.008051     -7.454254     -7.446204      0.004748
    286      0.005457      0.008185     -7.454389     -7.446204      0.004052
    287      0.005547      0.008321     -7.454525     -7.446204      0.003347
    288      0.005637      0.008456     -7.454660     -7.446204      0.002649
    289      0.005725      0.008587     -7.454791     -7.446205      0.001973
    290      0.005808      0.008712     -7.454916     -7.446205      0.001332
    291      0.005885      0.008827     -7.455032     -7.446205      0.000738
    292      0.005954      0.008932     -7.455137     -7.446205      0.000202
    293      0.006016      0.009024     -7.455229     -7.446205     -0.000267
    294      0.006067      0.009101     -7.455306     -7.446205     -0.000662
    295      0.006109      0.009164     -7.455369     -7.446205     -0.000977
    296      0.006140      0.009210     -7.455416     -7.446205     -0.001210
    297      0.006161      0.009241     -7.455446     -7.446205     -0.001360
    298      0.006171      0.009256     -7.455461     -7.446205     -0.001427
    299      0.006170      0.009255     -7.455460     -7.446205     -0.001415
    300      0.006160      0.009240     -7.455445     -7.446205     -0.001327
    301      0.006141      0.009211     -7.455416     -7.446205     -0.001170
    302      0.006113      0.009170     -7.455375     -7.446205     -0.000950
    303      0.006079      0.009118     -7.455323     -7.446205     -0.000676
    304      0.006039      0.009058     -7.455262     -7.446205     -0.000358
    305      0.005994      0.008990     -7.455195     -7.446204     -0.000004
    306      0.005945      0.008918     -7.455122     -7.446204      0.000376
    307      0.005895      0.008842     -7.455046     -7.446204      0.000771
    308      0.005843      0.008765     -7.454969     -7.446204      0.001172
    309      0.005792      0.008688     -7.454892     -7.446204      0.001569
    310      0.005742      0.008613     -7.454817     -7.446204      0.001955
    311      0.005695      0.008542     -7.454746     -7.446204      0.002321
    312      0.005651      0.008476     -7.454680     -7.446204      0.002660
    313      0.005611      0.008416     -7.454620     -7.446204      0.002968
    314      0.005575      0.008363     -7.454566     -7.446204      0.003240
    315      0.005545      0.008317     -7.454520     -7.446204      0.003472
    316      0.005519      0.008279     -7.454483     -7.446204      0.003663
    317      0.005499      0.008249     -7.454453     -7.446204      0.003812
    318      0.005485      0.008227     -7.454431     -7.446204      0.003920
    319      0.005475      0.008213     -7.454417     -7.446204      0.003988
    320      0.005471      0.008206     -7.454410     -7.446204      0.004018
    321      0.005471      0.008206     -7.454410     -7.446204      0.004015
    322      0.005474      0.008212     -7.454416     -7.446204      0.003981
    323      0.005482      0.008222     -7.454426     -7.446204      0.003923
    324      0.005491      0.008237     -7.454441     -7.446204      0.003844
    325      0.005503      0.008255     -7.454459     -7.446204      0.003749
    326      0.005517      0.008275     -7.454479     -7.446204      0.003645
    327      0.005531      0.008296     -7.454500     -7.446204      0.003535
    328      0.005545      0.008318     -7.454522     -7.446204      0.003424
    329      0.005559      0.008339     -7.454543     -7.446204      0.003316
    330      0.005573      0.008359     -7.454563     -7.446204      0.003216
    331      0.005585      0.008377     -7.454581     -7.446204      0.003125
    332      0.005595      0.008393     -7.454597     -7.446204      0.003046
    333      0.005604      0.008407     -7.454611     -7.446204      0.002980
    334      0.005612      0.008418     -7.454622     -7.446204      0.002928
    335      0.005617      0.008426     -7.454630     -7.446204      0.002889
    336      0.005621      0.008432     -7.454636     -7.446204      0.002863
    337      0.005624      0.008436     -7.454640     -7.446204      0.002848
    338      0.005625      0.008438     -7.454642     -7.446204      0.002842
    339      0.005626      0.008439     -7.454643     -7.446204      0.002841
    340      0.005627      0.008440     -7.454644     -7.446204      0.002843
    341      0.005627      0.008441     -7.454645     -7.446204      0.002844
    342      0.005628      0.008442     -7.454646     -7.446204      0.002841
    343      0.005630      0.008445     -7.454649     -7.446204      0.002829
    344      0.005633      0.008450     -7.454654     -7.446204      0.002806
    345      0.005639      0.008458     -7.454662     -7.446204      0.002769
    346      0.005646      0.008469     -7.454673     -7.446204      0.002714
    347      0.005656      0.008484     -7.454688     -7.446204      0.002639
    348      0.005668      0.008503     -7.454707     -7.446204      0.002544
    349      0.005684      0.008526     -7.454730     -7.446204      0.002426
    350      0.005702      0.008553     -7.454757     -7.446204      0.002286
    351      0.005723      0.008584     -7.454788     -7.446204      0.002126
    352      0.005746      0.008619     -7.454823     -7.446204      0.001945
    353      0.005772      0.008658     -7.454861     -7.446204      0.001748
    354      0.005799      0.008699     -7.454903     -7.446204      0.001537
    355      0.005828      0.008741     -7.454945     -7.446204      0.001316
    356      0.005857      0.008785     -7.454989     -7.446204      0.001089
    357      0.005886      0.008829     -7.455034     -7.446204      0.000862
    358      0.005915      0.008872     -7.455077     -7.446204      0.000640
    359      0.005942      0.008913     -7.455118     -7.446204      0.000429
    360      0.005967      0.008951     -7.455155     -7.446204      0.000235
    361      0.005989      0.008984     -7.455188     -7.446204      0.000063
    362      0.006008      0.009012     -7.455216     -7.446205     -0.000081
    363      0.006022      0.009033     -7.455238     -7.446205     -0.000192
    364      0.006031      0.009047     -7.455252     -7.446205     -0.000265
    365      0.006035      0.009053     -7.455257     -7.446205     -0.000296
    366      0.006033      0.009050     -7.455254     -7.446205     -0.000283
    367      0.006025      0.009037     -7.455242     -7.446205     -0.000222
    368      0.006010      0.009015     -7.455220     -7.446205     -0.000113
    369      0.005989      0.008984     -7.455188     -7.446205      0.000045
    370      0.005962      0.008942     -7.455147     -7.446205      0.000252
    371      0.005928      0.008892     -7.455097     -7.446205      0.000504
    372      0.005889      0.008833     -7.455038     -7.446205      0.000801
    373      0.005844      0.008766     -7.454971     -7.446205      0.001137
    374      0.005795      0.008692     -7.454897     -7.446204      0.001509
    375      0.005742      0.008612     -7.454817     -7.446204      0.001911
    376      0.005685      0.008528     -7.454732     -7.446204      0.002336
    377      0.005626      0.008440     -7.454644     -7.446204      0.002779
    378      0.005566      0.008350     -7.454554     -7.446204      0.003231
    379      0.005506      0.008259     -7.454463     -7.446204      0.003685
    380      0.005446      0.008169     -7.454373     -7.446204      0.004134
    381      0.005388      0.008082     -7.454286     -7.446204      0.004570
    382      0.005333      0.007999     -7.454203     -7.446204      0.004985
    383      0.005281      0.007921     -7.454125     -7.446204      0.005372
    384      0.005234      0.007851     -7.454054     -7.446204      0.005724
    385      0.005192      0.007788     -7.453991     -7.446204      0.006036
    386      0.005156      0.007734     -7.453938     -7.446203      0.006301
    387      0.005127      0.007691     -7.453894     -7.446203      0.006514
    388      0.005106      0.007659     -7.453862     -7.446203      0.006672
    389      0.005092      0.007638     -7.453841     -7.446203      0.006771
    390      0.005086      0.007629     -7.453833     -7.446203      0.006810
    391      0.005089      0.007633     -7.453836     -7.446203      0.006787
    392      0.005099      0.007649     -7.453852     -7.446203      0.006702
    393      0.005118      0.007677     -7.453881     -7.446203      0.006555
    394      0.005145      0.007717     -7.453921     -7.446203      0.006350
    395      0.005179      0.007769     -7.453972     -7.446203      0.006089
    396      0.005221      0.007831     -7.454035     -7.446203      0.005774
    397      0.005269      0.007903     -7.454107     -7.446204      0.005411
    398      0.005323      0.007984     -7.454187     -7.446204      0.005006
    399      0.005381      0.008072     -7.454276     -7.446204      0.004563
    400      0.005445      0.008167     -7.454371     -7.446204      0.004089
    401      0.005511      0.008267     -7.454471     -7.446204      0.003592
    402      0.005580      0.008370     -7.454574     -7.446204      0.003077
    403      0.005650      0.008475     -7.454679     -7.446204      0.002554
    404      0.005721      0.008581     -7.454785     -7.446204      0.002029
    405      0.005791      0.008686     -7.454891     -7.446204      0.001509
    406      0.005859      0.008789     -7.454993     -7.446204      0.001003
    407      0.005925      0.008888     -7.455092     -7.446204      0.000518
    408      0.005987      0.008981     -7.455186     -7.446204      0.000060
    409      0.006045      0.009068     -7.455273     -7.446205     -0.000365
    410      0.006098      0.009147     -7.455352     -7.446205     -0.000749
    411      0.006145      0.009217     -7.455422     -7.446205     -0.001088
    412      0.006185      0.009278     -7.455483     -7.446205     -0.001378
    413      0.006219      0.009328     -7.455533     -7.446205     -0.001614
    414      0.006244      0.009366     -7.455571     -7.446205     -0.001793
    415      0.006262      0.009393     -7.455598     -7.446205     -0.001914
    416      0.006272      0.009408     -7.455613     -7.446205     -0.001975
    417      0.006274      0.009411     -7.455616     -7.446205     -0.001976
    418      0.006268      0.009402     -7.455607     -7.446205     -0.001917
    419      0.006254      0.009381     -7.455586     -7.446205     -0.001801
    420      0.006233      0.009349     -7.455554     -7.446205     -0.001630
    421      0.006205      0.009307     -7.455512     -7.446205     -0.001407
    422      0.006170      0.009255     -7.455460     -7.446205     -0.001136
    423      0.006130      0.009194     -7.455399     -7.446205     -0.000824
    424      0.006084      0.009126     -7.455330     -7.446204     -0.000475
    425      0.006034      0.009051     -7.455256     -7.446204     -0.000095
    426      0.005981      0.008971     -7.455176     -7.446204      0.000308
    427      0.005925      0.008888     -7.455092     -7.446204      0.000727
    428      0.005868      0.008802     -7.455006     -7.446204      0.001156
    429      0.005811      0.008716     -7.454920     -7.446204      0.001586
    430      0.005754      0.008630     -7.454834     -7.446204      0.002011
    431      0.005698      0.008547     -7.454751     -7.446204      0.002423
    432      0.005645      0.008467     -7.454671     -7.446204      0.002816
    433      0.005595      0.008392     -7.454596     -7.446204      0.003182
    434      0.005548      0.008323     -7.454526     -7.446204      0.003517
    435      0.005507      0.008260     -7.454464     -7.446204      0.003816
    436      0.005471      0.008206     -7.454410     -7.446204      0.004073
    437      0.005440      0.008160     -7.454364     -7.446204      0.004287
    438      0.005415      0.008123     -7.454327     -7.446204      0.004454
    439      0.005397      0.008095     -7.454299     -7.446203      0.004574
    440      0.005385      0.008077     -7.454281     -7.446204      0.004646
    441      0.005379      0.008068     -7.454271     -7.446204      0.004671
    442      0.005378      0.008068     -7.454271     -7.446204      0.004651
    443      0.005384      0.008076     -7.454279     -7.446204      0.004589
    444      0.005394      0.008092     -7.454295     -7.446204      0.004489
    445      0.005409      0.008114     -7.454318     -7.446204      0.004355
    446      0.005428      0.008142     -7.454346     -7.446204      0.004193
    447      0.005450      0.008175     -7.454379     -7.446204      0.004009
    448      0.005474      0.008212     -7.454416     -7.446204      0.003810
    449      0.005500      0.008250     -7.454454     -7.446204      0.003601
    450      0.005526      0.008289     -7.454493     -7.446204      0.003390
    451      0.005552      0.008328     -7.454532     -7.446204      0.003184
    452      0.005577      0.008365     -7.454569     -7.446204      0.002989
    453      0.005599      0.008399     -7.454603     -7.446204      0.002812
    454      0.005619      0.008429     -7.454633     -7.446204      0.002658
    455      0.005636      0.008453     -7.454658     -7.446204      0.002532
    456      0.005648      0.008472     -7.454677     -7.446204      0.002438
    457      0.005657      0.008485     -7.454689     -7.446205      0.002379
    458      0.005660      0.008490     -7.454695     -7.446205      0.002358
    459      0.005659      0.008489     -7.454693     -7.446205      0.002375
    460      0.005654      0.008480     -7.454685     -7.446205      0.002431
    461      0.005643      0.008465     -7.454669     -7.446204      0.002523
    462      0.005629      0.008443     -7.454647     -7.446204      0.002651
    463      0.005610      0.008415     -7.454620     -7.446204      0.002809
    464      0.005588      0.008383     -7.454587     -7.446204      0.002994
    465      0.005564      0.008346     -7.454550     -7.446204      0.003200
    466      0.005538      0.008307     -7.454511     -7.446204      0.003420
    467      0.005511      0.008266     -7.454470     -7.446204      0.003649
    468      0.005484      0.008226     -7.454430     -7.446204      0.003877
    469      0.005458      0.008186     -7.454390     -7.446204      0.004099
    470      0.005433      0.008150     -7.454354     -7.446204      0.004305
    471      0.005412      0.008118     -7.454322     -7.446204      0.004489
    472      0.005394      0.008091     -7.454295     -7.446204      0.004642
    473      0.005381      0.008072     -7.454276     -7.446204      0.004758
    474      0.005374      0.008061     -7.454265     -7.446204      0.004830
    475      0.005373      0.008059     -7.454263     -7.446203      0.004853
    476      0.005378      0.008068     -7.454271     -7.446203      0.004823
    477      0.005391      0.008087     -7.454290     -7.446203      0.004735
    478      0.005411      0.008117     -7.454320     -7.446203      0.004589
    479      0.005439      0.008158     -7.454361     -7.446203      0.004383
    480      0.005474      0.008210     -7.454414     -7.446203      0.004118
    481      0.005516      0.008273     -7.454477     -7.446203      0.003796
    482      0.005564      0.008346     -7.454550     -7.446204      0.003421
    483      0.005619      0.008428     -7.454632     -7.446204      0.002998
    484      0.005678      0.008518     -7.454721     -7.446204      0.002533
    485      0.005742      0.008614     -7.454817     -7.446204      0.002033
    486      0.005810      0.008714     -7.454918     -7.446204      0.001508
    487      0.005879      0.008818     -7.455022     -7.446204      0.000966
    488      0.005948      0.008923     -7.455127     -7.446204      0.000418
    489      0.006018      0.009026     -7.455231     -7.446204     -0.000126
    490      0.006085      0.009127     -7.455331     -7.446204     -0.000654
    491      0.006148      0.009222     -7.455427     -7.446205     -0.001155
    492      0.006207      0.009310     -7.455515     -7.446205     -0.001619
    493      0.006259      0.009389     -7.455594     -7.446205     -0.002035
    494      0.006304      0.009457     -7.455662     -7.446205     -0.002394
    495      0.006341      0.009512     -7.455717     -7.446205     -0.002685
    496      0.006368      0.009552     -7.455758     -7.446205     -0.002903
    497      0.006385      0.009578     -7.455783     -7.446205     -0.003039
    498      0.006391      0.009587     -7.455792     -7.446205     -0.003089
    499      0.006386      0.009579     -7.455784     -7.446205     -0.003050
    500      0.006369      0.009553     -7.455758     -7.446205     -0.002919
    501      0.006340      0.009510     -7.455715     -7.446205     -0.002697
    502      0.006300      0.009450     -7.455655     -7.446205     -0.002385
    503      0.006249      0.009373     -7.455578     -7.446205     -0.001987
    504      0.006188      0.009282     -7.455487     -7.446205     -0.001509
    505      0.006117      0.009176     -7.455381     -7.446205     -0.000957
    506      0.006038      0.009057     -7.455262     -7.446205     -0.000340
    507      0.005952      0.008929     -7.455133     -7.446205      0.000332
    508      0.005861      0.008791     -7.454996     -7.446204      0.001047
    509      0.005766      0.008648     -7.454853     -7.446204      0.001794
    510      0.005668      0.008502     -7.454706     -7.446204      0.002558
    511      0.005569      0.008354     -7.454558     -7.446204      0.003326
    512      0.005472      0.008208     -7.454412     -7.446204      0.004084
    513      0.005378      0.008067     -7.454270     -7.446204      0.004818
    514      0.005288      0.007932     -7.454136     -7.446203      0.005514
    515      0.005205      0.007807     -7.454010     -7.446203      0.006160
    516      0.005129      0.007694     -7.453897     -7.446203      0.006743
    517      0.005063      0.007594     -7.453798     -7.446203      0.007251
    518      0.005007      0.007511     -7.453714     -7.446203      0.007676
    519      0.004963      0.007445     -7.453648     -7.446203      0.008008
    520      0.004931      0.007397     -7.453600     -7.446203      0.008242
    521      0.004913      0.007369     -7.453572     -7.446203      0.008374
    522      0.004907      0.007361     -7.453564     -7.446203      0.008399
    523      0.004915      0.007373     -7.453576     -7.446203      0.008320
    524      0.004936      0.007405     -7.453607     -7.446203      0.008137
    525      0.004970      0.007455     -7.453658     -7.446203      0.007854
    526      0.005016      0.007524     -7.453727     -7.446203      0.007477
    527      0.005073      0.007609     -7.453812     -7.446203      0.007015
    528      0.005139      0.007709     -7.453912     -7.446203      0.006476
    529      0.005214      0.007821     -7.454025     -7.446203      0.005872
    530      0.005296      0.007944     -7.454148     -7.446204      0.005216
    531      0.005383      0.008075     -7.454279     -7.446204      0.004521
    532      0.005474      0.008210     -7.454414     -7.446204      0.003801
    533      0.005566      0.008348     -7.454553     -7.446204      0.003071
    534      0.005657      0.008486     -7.454690     -7.446204      0.002347
    535      0.005747      0.008620     -7.454825     -7.446204      0.001642
    536      0.005832      0.008749     -7.454953     -7.446205      0.000972
    537      0.005912      0.008868     -7.455073     -7.446205      0.000348
    538      0.005985      0.008977     -7.455182     -7.446205     -0.000216
    539      0.006049      0.009074     -7.455279     -7.446205     -0.000709
    540      0.006103      0.009155     -7.455360     -7.446205     -0.001122
    541      0.006147      0.009220     -7.455426     -7.446205     -0.001449
    542      0.006179      0.009269     -7.455474     -7.446205     -0.001682
    543      0.006199      0.009299     -7.455504     -7.446205     -0.001820
    544      0.006207      0.009311     -7.455516     -7.446205     -0.001861
    545      0.006203      0.009305     -7.455510     -7.446205     -0.001805
    546      0.006188      0.009282     -7.455487     -7.446205     -0.001656
    547      0.006161      0.009242     -7.455447     -7.446205     -0.001420
    548      0.006124      0.009186     -7.455391     -7.446205     -0.001102
    549      0.006078      0.009117     -7.455322     -7.446205     -0.000713
    550      0.006024      0.009036     -7.455241     -7.446205     -0.000261
    551      0.005964      0.008946     -7.455150     -7.446205      0.000240
    552      0.005898      0.008848     -7.455052     -7.446204      0.000778
    553      0.005830      0.008745     -7.454949     -7.446204      0.001340
    554      0.005760      0.008640     -7.454844     -7.446204      0.001911
    555      0.005690      0.008535     -7.454739     -7.446204      0.002479
    556      0.005622      0.008433     -7.454636     -7.446204      0.003029
    557      0.005557      0.008336     -7.454539     -7.446204      0.003548
    558      0.005498      0.008247     -7.454450     -7.446203      0.004025
    559      0.005445      0.008167     -7.454370     -7.446203      0.004447
    560      0.005399      0.008099     -7.454302     -7.446203      0.004805
    561      0.005363      0.008044     -7.454247     -7.446203      0.005092
    562      0.005335      0.008003     -7.454206     -7.446203      0.005301
    563      0.005318      0.007977     -7.454180     -7.446203      0.005428
    564      0.005311      0.007967     -7.454170     -7.446203      0.005471
    565      0.005314      0.007972     -7.454175     -7.446203      0.005430
    566      0.005328      0.007992     -7.454195     -7.446203      0.005307
    567      0.005351      0.008027     -7.454230     -7.446203      0.005105
    568      0.005383      0.008075     -7.454278     -7.446203      0.004831
    569      0.005424      0.008135     -7.454339     -7.446203      0.004492
    570      0.005471      0.008206     -7.454410     -7.446204      0.004097
    571      0.005524      0.008286     -7.454489     -7.446204      0.003657
    572      0.005581      0.008372     -7.454575     -7.446204      0.003182
    573      0.005641      0.008462     -7.454666     -7.446204      0.002686
    574      0.005703      0.008554     -7.454758     -7.446204      0.002180
    575      0.005764      0.008646     -7.454850     -7.446204      0.001677
    576      0.005824      0.008735     -7.454940     -7.446204      0.001190
    577      0.005880      0.008820     -7.455024     -7.446205      0.000730
    578      0.005932      0.008897     -7.455102     -7.446205      0.000308
    579      0.005978      0.008966     -7.455171     -7.446205     -0.000065
    580      0.006017      0.009025     -7.455230     -7.446205     -0.000380
    581      0.006048      0.009072     -7.455277     -7.446205     -0.000631
    582      0.006070      0.009106     -7.455311     -7.446205     -0.000811
    583      0.006084      0.009126     -7.455331     -7.446205     -0.000918
    584      0.006088      0.009133     -7.455338     -7.446205     -0.000947
    585      0.006084      0.009125     -7.455330     -7.446205     -0.000901
    586      0.006069      0.009104     -7.455309     -7.446205     -0.000780
    587      0.006046      0.009070     -7.455275     -7.446205     -0.000587
    588      0.006015      0.009023     -7.455228     -7.446205     -0.000327
    589      0.005977      0.008966     -7.455170     -7.446205     -0.000008
    590      0.005932      0.008898     -7.455103     -7.446205      0.000362
    591      0.005882      0.008823     -7.455028     -7.446204      0.000776
    592      0.005828      0.008742     -7.454946     -7.446204      0.001222
    593      0.005771      0.008656     -7.454861     -7.446204      0.001690
    594      0.005712      0.008569     -7.454773     -7.446204      0.002169
    595      0.005654      0.008481     -7.454685     -7.446204      0.002647
    596      0.005596      0.008395     -7.454599     -7.446204      0.003114
    597      0.005542      0.008313     -7.454516     -7.446204      0.003560
    598      0.005491      0.008236     -7.454440     -7.446204      0.003973
    599      0.005444      0.008167     -7.454370     -7.446204      0.004346
    600      0.005404      0.008106     -7.454309     -7.446203      0.004669
    601      0.005370      0.008055     -7.454259     -7.446203      0.004937
    602      0.005344      0.008016     -7.454219     -7.446203      0.005144
    603      0.005325      0.007987     -7.454191     -7.446203      0.005287
    604      0.005314      0.007971     -7.454175     -7.446203      0.005363
    605      0.005311      0.007967     -7.454170     -7.446203      0.005372
    606      0.005317      0.007975     -7.454178     -7.446203      0.005316
    607      0.005329      0.007994     -7.454197     -7.446203      0.005197
    608      0.005349      0.008024     -7.454227     -7.446203      0.005019
    609      0.005375      0.008063     -7.454267     -7.446204      0.004789
    610      0.005407      0.008111     -7.454314     -7.446204      0.004513
    611      0.005443      0.008165     -7.454369     -7.446204      0.004199
    612      0.005483      0.008225     -7.454429     -7.446204      0.003857
    613      0.005526      0.008288     -7.454492     -7.446204      0.003495
    614      0.005569      0.008354     -7.454558     -7.446204      0.003125
    615      0.005612      0.008419     -7.454623     -7.446204      0.002755
    616      0.005655      0.008482     -7.454686     -7.446204      0.002395
    617      0.005695      0.008542     -7.454747     -7.446204      0.002055
    618      0.005731      0.008597     -7.454802     -7.446204      0.001745
    619      0.005764      0.008645     -7.454850     -7.446205      0.001471
    620      0.005791      0.008686     -7.454891     -7.446205      0.001241
    621      0.005812      0.008718     -7.454923     -7.446205      0.001060
    622      0.005827      0.008741     -7.454945     -7.446205      0.000933
    623      0.005836      0.008753     -7.454958     -7.446205      0.000862
    624      0.005837      0.008756     -7.454960     -7.446205      0.000849
    625      0.005832      0.008748     -7.454953     -7.446205      0.000893
    626      0.005820      0.008731     -7.454935     -7.446205      0.000992
    627      0.005803      0.008704     -7.454909     -7.446205      0.001143
    628      0.005780      0.008670     -7.454874     -7.446205      0.001340
    629      0.005752      0.008628     -7.454833     -7.446204      0.001577
    630      0.005721      0.008582     -7.454786     -7.446204      0.001847
    631      0.005687      0.008531     -7.454735     -7.446204      0.002140
    632      0.005652      0.008478     -7.454682     -7.446204      0.002448
    633      0.005616      0.008424     -7.454628     -7.446204      0.002761
    634      0.005582      0.008372     -7.454576     -7.446204      0.003069
    635      0.005549      0.008323     -7.454527     -7.446204      0.003361
    636      0.005520      0.008279     -7.454483     -7.446204      0.003627
    637      0.005495      0.008242     -7.454446     -7.446204      0.003860
    638      0.005475      0.008213     -7.454416     -7.446203      0.004049
    639      0.005462      0.008193     -7.454397     -7.446203      0.004188
    640      0.005456      0.008184     -7.454387     -7.446203      0.004271
    641      0.005457      0.008186     -7.454389     -7.446203      0.004292
    642      0.005466      0.008200     -7.454403     -7.446203      0.004250
    643      0.005484      0.008226     -7.454429     -7.446203      0.004141
    644      0.005509      0.008263     -7.454467     -7.446203      0.003967
    645      0.005542      0.008313     -7.454516     -7.446203      0.003730
    646      0.005582      0.008373     -7.454576     -7.446203      0.003433
    647      0.005628      0.008443     -7.454646     -7.446204      0.003080
    648      0.005681      0.008521     -7.454724     -7.446204      0.002681
    649      0.005737      0.008606     -7.454810     -7.446204      0.002241
    650      0.005797      0.008696     -7.454900     -7.446204      0.001772
    651      0.005859      0.008789     -7.454993     -7.446204      0.001283
    652      0.005922      0.008883     -7.455087     -7.446204      0.000785
    653      0.005984      0.008976     -7.455180     -7.446204      0.000290
    654      0.006044      0.009065     -7.455270     -7.446204     -0.000190
    655      0.006100      0.009149     -7.455354     -7.446205     -0.000644
    656      0.006151      0.009226     -7.455430     -7.446205     -0.001060
    657      0.006195      0.009293     -7.455497     -7.446205     -0.001428
    658      0.006232      0.009348     -7.455553     -7.446205     -0.001738
    659      0.006260      0.009390     -7.455595     -7.446205     -0.001981
    660      0.006279      0.009418     -7.455623     -7.446205     -0.002151
    661      0.006287      0.009431     -7.455636     -7.446205     -0.002240
    662      0.006285      0.009428     -7.455633     -7.446205     -0.002246
    663      0.006272      0.009408     -7.455613     -7.446205     -0.002166
    664      0.006248      0.009372     -7.455577     -7.446205     -0.001999
    665      0.006213      0.009319     -7.455524     -7.446205     -0.001747
    666      0.006168      0.009252     -7.455457     -7.446205     -0.001414
    667      0.006113      0.009169     -7.455374     -7.446205     -0.001003
    668      0.006049      0.009074     -7.455279     -7.446205     -0.000523
    669      0.005978      0.008967     -7.455172     -7.446205      0.000019
    670      0.005900      0.008850     -7.455055     -7.446205      0.000613
    671      0.005817      0.008726     -7.454931     -7.446204      0.001248
    672      0.005731      0.008596     -7.454801     -7.446204      0.001912
    673      0.005643      0.008464     -7.454668     -7.446204      0.002593
    674      0.005554      0.008330     -7.454534     -7.446204      0.003279
    675      0.005466      0.008199     -7.454403     -7.446204      0.003956
    676      0.005381      0.008072     -7.454275     -7.446204      0.004612
    677      0.005301      0.007951     -7.454154     -7.446204      0.005234
    678      0.005226      0.007839     -7.454042     -7.446203      0.005811
    679      0.005158      0.007738     -7.453941     -7.446203      0.006332
    680      0.005099      0.007649     -7.453852     -7.446203      0.006788
    681      0.005050      0.007574     -7.453777     -7.446203      0.007170
    682      0.005010      0.007515     -7.453718     -7.446203      0.007472
    683      0.004981      0.007472     -7.453675     -7.446203      0.007689
    684      0.004964      0.007446     -7.453649     -7.446203      0.007817
    685      0.004958      0.007437     -7.453640     -7.446203      0.007855
    686      0.004964      0.007446     -7.453649     -7.446203      0.007804
    687      0.004980      0.007471     -7.453674     -7.446203      0.007666
    688      0.005008      0.007512     -7.453715     -7.446203      0.007443
    689      0.005045      0.007568     -7.453771     -7.446203      0.007142
    690      0.005092      0.007638     -7.453842     -7.446203      0.006770
    691      0.005147      0.007721     -7.453924     -7.446203      0.006334
    692      0.005209      0.007814     -7.454017     -7.446204      0.005844
    693      0.005277      0.007916     -7.454119     -7.446204      0.005310
    694      0.005349      0.008024     -7.454228     -7.446204      0.004743
    695      0.005425      0.008137     -7.454341     -7.446204      0.004154
    696      0.005502      0.008253     -7.454457     -7.446204      0.003554
    697      0.005579      0.008368     -7.454572     -7.446204      0.002956
    698      0.005655      0.008482     -7.454686     -7.446204      0.002370
    699      0.005728      0.008592     -7.454796     -7.446204      0.001808
    700      0.005797      0.008696     -7.454900     -7.446205      0.001278
    701      0.005861      0.008792     -7.454997     -7.446205      0.000791
    702      0.005920      0.008879     -7.455084     -7.446205      0.000353
    703      0.005971      0.008956     -7.455161     -7.446205     -0.000027
    704      0.006015      0.009022     -7.455227     -7.446205     -0.000346
    705      0.006050      0.009075     -7.455280     -7.446205     -0.000598
    706      0.006077      0.009116     -7.455321     -7.446205     -0.000783
    707      0.006096      0.009143     -7.455348     -7.446205     -0.000898
    708      0.006105      0.009158     -7.455363     -7.446205     -0.000944
    709      0.006107      0.009160     -7.455365     -7.446205     -0.000924
    710      0.006100      0.009150     -7.455355     -7.446205     -0.000841
    711      0.006086      0.009129     -7.455334     -7.446205     -0.000701
    712      0.006066      0.009098     -7.455303     -7.446205     -0.000508
    713      0.006039      0.009058     -7.455263     -7.446205     -0.000271
    714      0.006007      0.009011     -7.455216     -7.446204      0.000003
    715      0.005972      0.008958     -7.455162     -7.446204      0.000307
    716      0.005934      0.008900     -7.455105     -7.446204      0.000630
    717      0.005893      0.008840     -7.455044     -7.446204      0.000963
    718      0.005853      0.008779     -7.454983     -7.446204      0.001299
    719      0.005812      0.008718     -7.454922     -7.446204      0.001629
    720      0.005773      0.008660     -7.454863     -7.446204      0.001943
    721      0.005736      0.008604     -7.454808     -7.446204      0.002235
    722      0.005703      0.008554     -7.454758     -7.446204      0.002497
    723      0.005673      0.008510     -7.454714     -7.446204      0.002725
    724      0.005648      0.008472     -7.454676     -7.446204      0.002913
    725      0.005628      0.008442     -7.454646     -7.446204      0.003058
    726      0.005613      0.008420     -7.454624     -7.446204      0.003158
    727      0.005604      0.008406     -7.454610     -7.446204      0.003212
    728      0.005600      0.008400     -7.454604     -7.446204      0.003220
    729      0.005601      0.008402     -7.454606     -7.446204      0.003185
    730      0.005608      0.008411     -7.454615     -7.446204      0.003110
    731      0.005618      0.008427     -7.454631     -7.446204      0.002998
    732      0.005633      0.008449     -7.454653     -7.446204      0.002855
    733      0.005651      0.008476     -7.454680     -7.446204      0.002686
    734      0.005671      0.008506     -7.454710     -7.446204      0.002499
    735      0.005692      0.008538     -7.454742     -7.446204      0.002300
    736      0.005715      0.008572     -7.454776     -7.446204      0.002097
    737      0.005737      0.008605     -7.454809     -7.446204      0.001898
    738      0.005758      0.008636     -7.454841     -7.446204      0.001709
    739      0.005777      0.008665     -7.454869     -7.446204      0.001538
    740      0.005793      0.008689     -7.454894     -7.446204      0.001390
    741      0.005806      0.008709     -7.454913     -7.446204      0.001273
    742      0.005815      0.008722     -7.454927     -7.446204      0.001190
    743      0.005819      0.008729     -7.454933     -7.446205      0.001146
    744      0.005819      0.008728     -7.454933     -7.446205      0.001142
    745      0.005813      0.008720     -7.454925     -7.446205      0.001181
    746      0.005803      0.008705     -7.454909     -7.446205      0.001263
    747      0.005788      0.008682     -7.454886     -7.446205      0.001386
    748      0.005768      0.008652     -7.454856     -7.446204      0.001549
    749      0.005744      0.008616     -7.454820     -7.446204      0.001747
    750      0.005716      0.008574     -7.454778     -7.446204      0.001977
    751      0.005685      0.008527     -7.454732     -7.446204      0.002232
    752      0.005652      0.008477     -7.454682     -7.446204      0.002507
    753      0.005617      0.008425     -7.454629     -7.446204      0.002795
    754      0.005581      0.008372     -7.454576     -7.446204      0.003088
    755      0.005546      0.008319     -7.454523     -7.446204      0.003379
    756      0.005512      0.008268     -7.454472     -7.446204      0.003661
    757      0.005480      0.008220     -7.454424     -7.446204      0.003925
    758      0.005451      0.008177     -7.454381     -7.446204      0.004165
    759      0.005426      0.008139     -7.454343     -7.446204      0.004374
    760      0.005405      0.008107     -7.454311     -7.446204      0.004547
    761      0.005389      0.008083     -7.454287     -7.446204      0.004679
    762      0.005378      0.008067     -7.454271     -7.446204      0.004766
    763      0.005373      0.008060     -7.454263     -7.446204      0.004806
    764      0.005374      0.008061     -7.454265     -7.446204      0.004797
    765      0.005381      0.008071     -7.454275     -7.446204      0.004739
    766      0.005394      0.008090     -7.454294     -7.446204      0.004633
    767      0.005412      0.008117     -7.454321     -7.446204      0.004481
    768      0.005435      0.008152     -7.454356     -7.446204      0.004287
    769      0.005462      0.008193     -7.454397     -7.446204      0.004056
    770      0.005494      0.008240     -7.454444     -7.446204      0.003793
    771      0.005528      0.008292     -7.454496     -7.446204      0.003504
    772      0.005565      0.008348     -7.454551     -7.446204      0.003197
    773      0.005603      0.008405     -7.454609     -7.446204      0.002878
    774      0.005642      0.008463     -7.454667     -7.446204      0.002556
    775      0.005680      0.008520     -7.454724     -7.446204      0.002237
    776      0.005717      0.008575     -7.454780     -7.446204      0.001931
    777      0.005752      0.008627     -7.454832     -7.446204      0.001643
    778      0.005783      0.008675     -7.454879     -7.446204      0.001381
    779      0.005811      0.008717     -7.454921     -7.446204      0.001150
    780      0.005835      0.008753     -7.454957     -7.446205      0.000956
    781      0.005854      0.008781     -7.454985     -7.446205      0.000803
    782      0.005868      0.008802     -7.455006     -7.446205      0.000694
    783      0.005876      0.008814     -7.455019     -7.446205      0.000631
    784      0.005879      0.008819     -7.455023     -7.446205      0.000614
    785      0.005877      0.008815     -7.455020     -7.446205      0.000643
    786      0.005869      0.008804     -7.455008     -7.446205      0.000716
    787      0.005857      0.008785     -7.454990     -7.446204      0.000831
    788      0.005840      0.008760     -7.454965     -7.446204      0.000983
    789      0.005820      0.008730     -7.454934     -7.446204      0.001169
    790      0.005796      0.008694     -7.454899     -7.446204      0.001381
    791      0.005770      0.008656     -7.454860     -7.446204      0.001615
    792      0.005743      0.008614     -7.454819     -7.446204      0.001862
    793      0.005715      0.008572     -7.454776     -7.446204      0.002117
    794      0.005687      0.008530     -7.454734     -7.446204      0.002372
    795      0.005660      0.008489     -7.454693     -7.446204      0.002620
    796      0.005634      0.008451     -7.454655     -7.446204      0.002853
    797      0.005611      0.008417     -7.454621     -7.446204      0.003067
    798      0.005592      0.008387     -7.454591     -7.446204      0.003253
    799      0.005576      0.008363     -7.454567     -7.446204      0.003409
    800      0.005564      0.008345     -7.454549     -7.446204      0.003529
    801      0.005556      0.008335     -7.454538     -7.446204      0.003609
    802      0.005554      0.008331     -7.454534     -7.446204      0.003648
    803      0.005556      0.008334     -7.454538     -7.446204      0.003645
    804      0.005564      0.008345     -7.454549     -7.446204      0.003598
    805      0.005576      0.008363     -7.454567     -7.446204      0.003510
    806      0.005592      0.008388     -7.454592     -7.446204      0.003381
    807      0.005613      0.008419     -7.454623     -7.446204      0.003216
    808      0.005637      0.008456     -7.454659     -7.446204      0.003017
    809      0.005664      0.008496     -7.454700     -7.446204      0.002790
    810      0.005694      0.008541     -7.454745     -7.446204      0.002540
    811      0.005725      0.008588     -7.454792     -7.446204      0.002273
    812      0.005758      0.008636     -7.454840     -7.446204      0.001995
    813      0.005790      0.008685     -7.454889     -7.446204      0.001713
    814      0.005822      0.008733     -7.454937     -7.446204      0.001433
    815      0.005852      0.008778     -7.454982     -7.446204      0.001162
    816      0.005880      0.008820     -7.455025     -7.446204      0.000906
    817      0.005906      0.008858     -7.455063     -7.446204      0.000672
    818      0.005928      0.008891     -7.455096     -7.446204      0.000464
    819      0.005946      0.008918     -7.455123     -7.446204      0.000288
    820      0.005959      0.008939     -7.455143     -7.446205      0.000147
    821      0.005968      0.008952     -7.455157     -7.446205      0.000044
    822      0.005972      0.008958     -7.455163     -7.446205     -0.000018
    823      0.005971      0.008956     -7.455161     -7.446205     -0.000038
    824      0.005965      0.008947     -7.455152     -7.446205     -0.000015
    825      0.005954      0.008931     -7.455135     -7.446205      0.000049
    826      0.005938      0.008907     -7.455111     -7.446204      0.000154
    827      0.005918      0.008877     -7.455081     -7.446204      0.000297
    828      0.005894      0.008840     -7.455045     -7.446204      0.000476
    829      0.005866      0.008799     -7.455003     -7.446204      0.000686
    830      0.005835      0.008752     -7.454957     -7.446204      0.000924
    831      0.005802      0.008702     -7.454907     -7.446204      0.001185
    832      0.005767      0.008650     -7.454854     -7.446204      0.001464
    833      0.005730      0.008595     -7.454799     -7.446204      0.001755
    834      0.005693      0.008540     -7.454744     -7.446204      0.002054
    835      0.005656      0.008484     -7.454688     -7.446204      0.002356
    836      0.005620      0.008430     -7.454634     -7.446204      0.002655
    837      0.005585      0.008377     -7.454581     -7.446204      0.002947
    838      0.005551      0.008327     -7.454530     -7.446204      0.003228
    839      0.005519      0.008279     -7.454483     -7.446204      0.003493
    840      0.005490      0.008235     -7.454439     -7.446204      0.003740
    841      0.005464      0.008196     -7.454400     -7.446204      0.003965
    842      0.005440      0.008161     -7.454364     -7.446204      0.004167
    843      0.005420      0.008130     -7.454334     -7.446204      0.004343
    844      0.005403      0.008105     -7.454308     -7.446204      0.004493
    845      0.005389      0.008084     -7.454288     -7.446204      0.004616
    846      0.005379      0.008068     -7.454272     -7.446204      0.004712
    847      0.005371      0.008057     -7.454261     -7.446204      0.004781
    848      0.005367      0.008050     -7.454254     -7.446204      0.004825
    849      0.005365      0.008048     -7.454252     -7.446204      0.004844
    850      0.005366      0.008049     -7.454253     -7.446204      0.004841
    851      0.005370      0.008055     -7.454258     -7.446204      0.004816
    852      0.005375      0.008063     -7.454267     -7.446204      0.004773
    853      0.005383      0.008075     -7.454279     -7.446204      0.004711
    854      0.005393      0.008089     -7.454293     -7.446204      0.004634
    855      0.005404      0.008105     -7.454309     -7.446204      0.004543
    856      0.005416      0.008124     -7.454328     -7.446204      0.004440
    857      0.005430      0.008145     -7.454349     -7.446204      0.004325
    858      0.005445      0.008167     -7.454371     -7.446204      0.004201
    859      0.005461      0.008191     -7.454395     -7.446204      0.004066
    860      0.005478      0.008217     -7.454421     -7.446204      0.003923
    861      0.005496      0.008244     -7.454448     -7.446204      0.003772
    862      0.005516      0.008274     -7.454478     -7.446204      0.003611
    863      0.005536      0.008305     -7.454509     -7.446204      0.003442
    864      0.005558      0.008338     -7.454541     -7.446204      0.003263
    865      0.005582      0.008373     -7.454576     -7.446204      0.003075
    866      0.005607      0.008410     -7.454614     -7.446204      0.002876
    867      0.005633      0.008449     -7.454653     -7.446204      0.002667
    868      0.005661      0.008491     -7.454695     -7.446204      0.002447
    869      0.005690      0.008536     -7.454739     -7.446204      0.002216
    870      0.005721      0.008582     -7.454786     -7.446204      0.001975
    871      0.005754      0.008631     -7.454835     -7.446204      0.001725
    872      0.005788      0.008682     -7.454886     -7.446204      0.001466
    873      0.005823      0.008734     -7.454938     -7.446204      0.001201
    874      0.005858      0.008788     -7.454992     -7.446204      0.000931
    875      0.005894      0.008842     -7.455046     -7.446204      0.000661
    876      0.005930      0.008896     -7.455100     -7.446204      0.000392
    877      0.005966      0.008948     -7.455153     -7.446204      0.000130
    878      0.006000      0.009000     -7.455204     -7.446204     -0.000122
    879      0.006032      0.009048     -7.455252     -7.446204     -0.000358
    880      0.006062      0.009092     -7.455297     -7.446204     -0.000573
    881      0.006088      0.009132     -7.455336     -7.446204     -0.000763
    882      0.006110      0.009166     -7.455370     -7.446204     -0.000922
    883      0.006128      0.009192     -7.455397     -7.446205     -0.001044
    884      0.006141      0.009211     -7.455415     -7.446205     -0.001125
    885      0.006147      0.009220     -7.455425     -7.446205     -0.001161
    886      0.006147      0.009220     -7.455425     -7.446205     -0.001146
    887      0.006140      0.009210     -7.455415     -7.446205     -0.001080
    888      0.006126      0.009189     -7.455393     -7.446205     -0.000959
    889      0.006104      0.009156     -7.455361     -7.446205     -0.000781
    890      0.006075      0.009113     -7.455317     -7.446205     -0.000548
    891      0.006039      0.009058     -7.455263     -7.446205     -0.000260
    892      0.005995      0.008993     -7.455198     -7.446205      0.000080
    893      0.005946      0.008918     -7.455123     -7.446205      0.000469
    894      0.005890      0.008835     -7.455039     -7.446205      0.000902
    895      0.005829      0.008743     -7.454948     -7.446204      0.001372
    896      0.005764      0.008645     -7.454850     -7.446204      0.001873
    897      0.005695      0.008543     -7.454747     -7.446204      0.002395
    898      0.005625      0.008438     -7.454642     -7.446204      0.002930
    899      0.005554      0.008331     -7.454535     -7.446204      0.003468
    900      0.005484      0.008226     -7.454430     -7.446204      0.003999
    901      0.005416      0.008123     -7.454327     -7.446204      0.004512
    902      0.005351      0.008026     -7.454230     -7.446204      0.004997
    903      0.005290      0.007936     -7.454139     -7.446204      0.005445
    904      0.005236      0.007854     -7.454058     -7.446203      0.005844
    905      0.005189      0.007784     -7.453987     -7.446203      0.006188
    906      0.005150      0.007725     -7.453928     -7.446203      0.006467
    907      0.005120      0.007680     -7.453883     -7.446203      0.006676
    908      0.005100      0.007650     -7.453853     -7.446203      0.006809
    909      0.005090      0.007635     -7.453838     -7.446203      0.006862
    910      0.005090      0.007635     -7.453838     -7.446203      0.006835
    911      0.005101      0.007652     -7.453855     -7.446203      0.006726
    912      0.005122      0.007684     -7.453887     -7.446203      0.006538
    913      0.005154      0.007731     -7.453934     -7.446203      0.006274
    914      0.005194      0.007791     -7.453995     -7.446203      0.005940
    915      0.005243      0.007865     -7.454068     -7.446203      0.005541
    916      0.005300      0.007950     -7.454153     -7.446203      0.005087
    917      0.005363      0.008044     -7.454248     -7.446204      0.004586
    918      0.005431      0.008146     -7.454350     -7.446204      0.004050
    919      0.005502      0.008253     -7.454457     -7.446204      0.003490
    920      0.005575      0.008362     -7.454566     -7.446204      0.002919
    921      0.005648      0.008473     -7.454677     -7.446204      0.002347
    922      0.005721      0.008581     -7.454786     -7.446204      0.001788
    923      0.005791      0.008686     -7.454890     -7.446204      0.001253
    924      0.005856      0.008784     -7.454989     -7.446205      0.000754
    925      0.005916      0.008875     -7.455079     -7.446205      0.000301
    926      0.005970      0.008955     -7.455160     -7.446205     -0.000097
    927      0.006016      0.009023     -7.455228     -7.446205     -0.000432
    928      0.006053      0.009079     -7.455284     -7.446205     -0.000697
    929      0.006081      0.009122     -7.455326     -7.446205     -0.000890
    930      0.006100      0.009149     -7.455354     -7.446205     -0.001006
    931      0.006109      0.009163     -7.455368     -7.446205     -0.001045
    932      0.006108      0.009162     -7.455367     -7.446205     -0.001008
    933      0.006098      0.009147     -7.455352     -7.446205     -0.000898
    934      0.006080      0.009120     -7.455324     -7.446205     -0.000720
    935      0.006053      0.009080     -7.455285     -7.446205     -0.000481
    936      0.006020      0.009030     -7.455234     -7.446205     -0.000188
    937      0.005981      0.008971     -7.455175     -7.446204      0.000149
    938      0.005937      0.008905     -7.455110     -7.446204      0.000520
    939      0.005890      0.008835     -7.455039     -7.446204      0.000914
    940      0.005841      0.008761     -7.454965     -7.446204      0.001320
    941      0.005791      0.008687     -7.454891     -7.446204      0.001726
    942      0.005743      0.008614     -7.454818     -7.446204      0.002121
    943      0.005697      0.008545     -7.454749     -7.446204      0.002493
    944      0.005654      0.008482     -7.454685     -7.446204      0.002833
    945      0.005617      0.008425     -7.454629     -7.446204      0.003131
    946      0.005585      0.008377     -7.454581     -7.446203      0.003379
    947      0.005559      0.008339     -7.454542     -7.446203      0.003571
    948      0.005541      0.008312     -7.454515     -7.446203      0.003703
    949      0.005531      0.008296     -7.454499     -7.446203      0.003772
    950      0.005528      0.008291     -7.454495     -7.446203      0.003776
    951      0.005532      0.008298     -7.454502     -7.446203      0.003716
    952      0.005544      0.008316     -7.454520     -7.446203      0.003597
    953      0.005563      0.008344     -7.454548     -7.446204      0.003422
    954      0.005587      0.008381     -7.454585     -7.446204      0.003197
    955      0.005617      0.008426     -7.454629     -7.446204      0.002932
    956      0.005651      0.008476     -7.454680     -7.446204      0.002634
    957      0.005687      0.008530     -7.454734     -7.446204      0.002316
    958      0.005724      0.008586     -7.454790     -7.446204      0.001987
    959      0.005762      0.008643     -7.454847     -7.446204      0.001659
    960      0.005798      0.008696     -7.454901     -7.446204      0.001345
    961      0.005831      0.008746     -7.454951     -7.446204      0.001055
    962      0.005860      0.008789     -7.454994     -7.446205      0.000801
    963      0.005883      0.008824     -7.455029     -7.446205      0.000593
    964      0.005900      0.008850     -7.455055     -7.446205      0.000440
    965      0.005909      0.008864     -7.455069     -7.446205      0.000348
    966      0.005911      0.008866     -7.455071     -7.446205      0.000325
    967      0.005904      0.008855     -7.455060     -7.446205      0.000374
    968      0.005887      0.008831     -7.455036     -7.446205      0.000497
    969      0.005863      0.008794     -7.454999     -7.446205      0.000694
    970      0.005829      0.008744     -7.454949     -7.446205      0.000962
    971      0.005788      0.008682     -7.454887     -7.446205      0.001297
    972      0.005740      0.008610     -7.454814     -7.446205      0.001691
    973      0.005686      0.008528     -7.454733     -7.446205      0.002137
    974      0.005626      0.008440     -7.454644     -7.446204      0.002624
    975      0.005564      0.008346     -7.454550     -7.446204      0.003139
    976      0.005500      0.008250     -7.454454     -7.446204      0.003670
    977      0.005436      0.008154     -7.454358     -7.446204      0.004203
    978      0.005374      0.008061     -7.454264     -7.446204      0.004723
    979      0.005315      0.007973     -7.454176     -7.446204      0.005214
    980      0.005262      0.007893     -7.454096     -7.446203      0.005664
    981      0.005216      0.007824     -7.454027     -7.446203      0.006057
    982      0.005178      0.007768     -7.453971     -7.446203      0.006380
    983      0.005151      0.007726     -7.453929     -7.446203      0.006623
    984      0.005135      0.007702     -7.453905     -7.446203      0.006775
    985      0.005130      0.007695     -7.453898     -7.446203      0.006829
    986      0.005139      0.007708     -7.453911     -7.446203      0.006779
    987      0.005160      0.007740     -7.453943     -7.446203      0.006624
    988      0.005195      0.007792     -7.453995     -7.446203      0.006361
    989      0.005242      0.007863     -7.454066     -7.446203      0.005996
    990      0.005301      0.007951     -7.454154     -7.446203      0.005532
    991      0.005371      0.008056     -7.454259     -7.446203      0.004978
    992      0.005450      0.008175     -7.454379     -7.446203      0.004345
    993      0.005538      0.008307     -7.454510     -7.446203      0.003646
    994      0.005631      0.008447     -7.454650     -7.446204      0.002896
    995      0.005728      0.008592     -7.454796     -7.446204      0.002111
    996      0.005827      0.008741     -7.454945     -7.446204      0.001311
    997      0.005925      0.008888     -7.455092     -7.446204      0.000514
    998      0.006020      0.009031     -7.455235     -7.446205     -0.000260
    999      0.006110      0.009165     -7.455370     -7.446205     -0.000992
   1000      0.006192      0.009288     -7.455493     -7.446205     -0.001663
#
# Means      0.005676      0.008514     -7.454718     -7.446204      0.002424
